{"data": {"attributes": {"type_description": "Win32 EXE", "tlsh": "T1FE549433D383298BD621D537DAEAC233F2337204D7744A89AA81937639DEE517A18F15", "vhash": "0250265d|z", "type_tags": ["executable", "windows", "win32", "pe", "peexe"], "crowdsourced_yara_results": [{"source": "https://github.com/elastic/protections-artifacts", "author": "Elastic Security", "ruleset_name": "Windows_Trojan_BruteRatel", "rule_name": "Windows_Trojan_BruteRatel_9b267f96", "ruleset_id": "0152d1a1de", "match_in_subfile": true}, {"rule_name": "HKTL_BruteRatel_Badger_Indicators_Oct22_4", "description": "Detects Brute Ratel C4 badger indicators", "author": "Matthew @embee_research, Florian Roth", "ruleset_id": "000fadc20e", "ruleset_name": "hktl_bruteratel_c4_badger", "match_in_subfile": true, "source": "https://github.com/Neo23x0/signature-base"}, {"source": "https://github.com/elastic/protections-artifacts", "author": "Elastic Security", "ruleset_name": "Windows_Trojan_BruteRatel", "rule_name": "Windows_Trojan_BruteRatel_1916686d", "ruleset_id": "0152d1a1de", "match_in_subfile": true}, {"description": "Detects Brute Ratel C4 badger indicators", "source": "https://github.com/Neo23x0/signature-base", "author": "Matthew @embee_research, Florian Roth", "ruleset_name": "hktl_bruteratel_c4_badger", "rule_name": "HKTL_BruteRatel_Badger_Indicators_Oct22_4", "ruleset_id": "000fadc20e"}, {"rule_name": "brc4_core", "description": "Hunts for known strings used in Badger till release v1.2.9 when not in an encrypted state", "author": "@ninjaparanoid", "ruleset_id": "00018322c9", "ruleset_name": "hktl_bruteratel_c4", "match_in_subfile": true, "source": "https://github.com/Neo23x0/signature-base"}, {"rule_name": "Windows_Trojan_BruteRatel_ade6c9d5", "description": "Targets API hashes used by BruteRatel", "author": "Elastic Security", "ruleset_id": "0152d1a1de", "ruleset_name": "Windows_Trojan_BruteRatel", "match_in_subfile": true, "source": "https://github.com/elastic/protections-artifacts"}, {"ruleset_id": "0152d1a1de", "rule_name": "Windows_Trojan_BruteRatel_9b267f96", "ruleset_name": "Windows_Trojan_BruteRatel", "source": "https://github.com/elastic/protections-artifacts", "author": "Elastic Security"}, {"source": "https://github.com/elastic/protections-artifacts", "author": "Elastic Security", "ruleset_name": "Windows_Trojan_BruteRatel", "rule_name": "Windows_Trojan_BruteRatel_684a39f2", "ruleset_id": "0152d1a1de", "match_in_subfile": true}], "creation_date": 1655320311, "names": ["http_badger_x64.exe"], "last_modification_date": 1693507582, "type_tag": "peexe", "times_submitted": 1, "total_votes": {"harmless": 0, "malicious": 1}, "size": 294698, "popular_threat_classification": {"suggested_threat_label": "trojan.brutel/marte", "popular_threat_category": [{"count": 22, "value": "trojan"}, {"count": 2, "value": "pua"}], "popular_threat_name": [{"count": 15, "value": "brutel"}, {"count": 7, "value": "marte"}, {"count": 3, "value": "bruteratel"}]}, "authentihash": "74caf2bc685cc1a59cd2c62a02e34d235ae57677aaa651275f80704536b10370", "detectiteasy": {"filetype": "PE64", "values": [{"info": "Console64,console", "version": "2.34", "type": "Linker", "name": "GNU linker ld (GNU Binutils)"}]}, "last_submission_date": 1655321114, "sigma_analysis_results": [{"rule_title": "Python Initiated Connection", "rule_source": "Sigma Integrated Rule Set (GitHub)", "match_context": [{"values": {"EventID": "3", "ProcessId": "1804", "DestinationPortName": "-", "Protocol": "udp", "Initiated": "true", "DestinationIp": "255.255.255.255", "SourcePortName": "-", "Image": "C:\\Users\\admin\\AppData\\Local\\Programs\\Python\\Python37\\pythonw.exe", "RuleName": "Usermode", "DestinationHostname": "-", "UtcTime": "2022-06-15 16:28:19.297", "User": "work\\admin", "DestinationPort": "12345", "ProcessGuid": "5240FBE6-089A-62AA-3B00-000000002400", "SourcePort": "51409", "SourceIsIpv6": "false", "SourceHostname": "-", "SourceIp": "192.168.122.101", "DestinationIsIpv6": "false"}}, {"values": {"EventID": "3", "ProcessId": "1804", "DestinationPortName": "-", "Protocol": "tcp", "DestinationIp": "172.253.115.153", "Initiated": "true", "SourcePortName": "-", "Image": "C:\\Users\\admin\\AppData\\Local\\Programs\\Python\\Python37\\pythonw.exe", "RuleName": "Usermode", "DestinationHostname": "-", "UtcTime": "2022-06-15 16:28:34.481", "User": "work\\admin", "DestinationPort": "443", "ProcessGuid": "5240FBE6-089A-62AA-3B00-000000002400", "SourcePort": "49168", "SourceIsIpv6": "false", "SourceHostname": "-", "SourceIp": "192.168.122.101", "DestinationIsIpv6": "false"}}, {"values": {"EventID": "3", "ProcessId": "1804", "DestinationPortName": "-", "Protocol": "tcp", "DestinationIp": "172.253.115.153", "Initiated": "true", "SourcePortName": "-", "Image": "C:\\Users\\admin\\AppData\\Local\\Programs\\Python\\Python37\\pythonw.exe", "RuleName": "Usermode", "DestinationHostname": "-", "UtcTime": "2022-06-15 16:28:40.003", "User": "work\\admin", "DestinationPort": "443", "ProcessGuid": "5240FBE6-089A-62AA-3B00-000000002400", "SourcePort": "49169", "SourceIsIpv6": "false", "SourceHostname": "-", "SourceIp": "192.168.122.101", "DestinationIsIpv6": "false"}}, {"values": {"EventID": "3", "ProcessId": "1804", "DestinationPortName": "-", "Protocol": "tcp", "DestinationIp": "172.253.115.153", "Initiated": "true", "SourcePortName": "-", "Image": "C:\\Users\\admin\\AppData\\Local\\Programs\\Python\\Python37\\pythonw.exe", "RuleName": "Usermode", "DestinationHostname": "-", "UtcTime": "2022-06-15 16:28:40.208", "User": "work\\admin", "DestinationPort": "443", "ProcessGuid": "5240FBE6-089A-62AA-3B00-000000002400", "SourcePort": "49170", "SourceIsIpv6": "false", "SourceHostname": "-", "SourceIp": "192.168.122.101", "DestinationIsIpv6": "false"}}, {"values": {"EventID": "3", "ProcessId": "1804", "DestinationPortName": "-", "Protocol": "tcp", "DestinationIp": "172.253.115.153", "Initiated": "true", "SourcePortName": "-", "Image": "C:\\Users\\admin\\AppData\\Local\\Programs\\Python\\Python37\\pythonw.exe", "RuleName": "Usermode", "DestinationHostname": "-", "UtcTime": "2022-06-15 16:28:45.443", "User": "work\\admin", "DestinationPort": "443", "ProcessGuid": "5240FBE6-089A-62AA-3B00-000000002400", "SourcePort": "49171", "SourceIsIpv6": "false", "SourceHostname": "-", "SourceIp": "192.168.122.101", "DestinationIsIpv6": "false"}}, {"values": {"EventID": "3", "ProcessId": "1804", "DestinationPortName": "-", "Protocol": "tcp", "DestinationIp": "172.253.115.153", "Initiated": "true", "SourcePortName": "-", "Image": "C:\\Users\\admin\\AppData\\Local\\Programs\\Python\\Python37\\pythonw.exe", "RuleName": "Usermode", "DestinationHostname": "-", "UtcTime": "2022-06-15 16:28:50.891", "User": "work\\admin", "DestinationPort": "443", "ProcessGuid": "5240FBE6-089A-62AA-3B00-000000002400", "SourcePort": "49174", "SourceIsIpv6": "false", "SourceHostname": "-", "SourceIp": "192.168.122.101", "DestinationIsIpv6": "false"}}, {"values": {"EventID": "3", "ProcessId": "1804", "DestinationPortName": "-", "Protocol": "tcp", "DestinationIp": "172.253.115.153", "Initiated": "true", "SourcePortName": "-", "Image": "C:\\Users\\admin\\AppData\\Local\\Programs\\Python\\Python37\\pythonw.exe", "RuleName": "Usermode", "DestinationHostname": "-", "UtcTime": "2022-06-15 16:28:51.119", "User": "work\\admin", "DestinationPort": "443", "ProcessGuid": "5240FBE6-089A-62AA-3B00-000000002400", "SourcePort": "49175", "SourceIsIpv6": "false", "SourceHostname": "-", "SourceIp": "192.168.122.101", "DestinationIsIpv6": "false"}}, {"values": {"EventID": "3", "ProcessId": "1804", "DestinationPortName": "-", "Protocol": "tcp", "Initiated": "true", "DestinationIp": "172.253.115.153", "SourcePortName": "-", "Image": "C:\\Users\\admin\\AppData\\Local\\Programs\\Python\\Python37\\pythonw.exe", "RuleName": "Usermode", "DestinationHostname": "-", "UtcTime": "2022-06-15 16:28:56.278", "User": "work\\admin", "DestinationPort": "443", "ProcessGuid": "5240FBE6-089A-62AA-3B00-000000002400", "SourcePort": "49176", "SourceIsIpv6": "false", "SourceHostname": "-", "SourceIp": "192.168.122.101", "DestinationIsIpv6": "false"}}, {"values": {"EventID": "3", "ProcessId": "1804", "DestinationPortName": "-", "SourceIsIpv6": "false", "Initiated": "true", "DestinationIp": "172.253.115.153", "SourcePortName": "-", "Image": "C:\\Users\\admin\\AppData\\Local\\Programs\\Python\\Python37\\pythonw.exe", "RuleName": "Usermode", "DestinationHostname": "-", "UtcTime": "2022-06-15 16:29:01.647", "User": "work\\admin", "DestinationPort": "443", "ProcessGuid": "5240FBE6-089A-62AA-3B00-000000002400", "SourcePort": "49178", "Protocol": "tcp", "SourceHostname": "-", "SourceIp": "192.168.122.101", "DestinationIsIpv6": "false"}}, {"values": {"EventID": "3", "ProcessId": "1804", "DestinationPortName": "-", "Protocol": "tcp", "Initiated": "true", "DestinationIp": "172.253.115.153", "SourcePortName": "-", "Image": "C:\\Users\\admin\\AppData\\Local\\Programs\\Python\\Python37\\pythonw.exe", "RuleName": "Usermode", "DestinationHostname": "-", "UtcTime": "2022-06-15 16:29:01.894", "User": "work\\admin", "DestinationPort": "443", "ProcessGuid": "5240FBE6-089A-62AA-3B00-000000002400", "SourcePort": "49179", "SourceIsIpv6": "false", "SourceHostname": "-", "SourceIp": "192.168.122.101", "DestinationIsIpv6": "false"}}, {"values": {"EventID": "3", "ProcessId": "1804", "DestinationPortName": "-", "Protocol": "tcp", "DestinationIp": "172.253.115.153", "Initiated": "true", "SourcePortName": "-", "Image": "C:\\Users\\admin\\AppData\\Local\\Programs\\Python\\Python37\\pythonw.exe", "RuleName": "Usermode", "DestinationHostname": "-", "UtcTime": "2022-06-15 16:29:07.103", "User": "work\\admin", "DestinationPort": "443", "ProcessGuid": "5240FBE6-089A-62AA-3B00-000000002400", "SourcePort": "49180", "SourceIsIpv6": "false", "SourceHostname": "-", "SourceIp": "192.168.122.101", "DestinationIsIpv6": "false"}}, {"values": {"EventID": "3", "ProcessId": "1804", "DestinationPortName": "-", "Protocol": "tcp", "DestinationIp": "172.253.115.153", "Initiated": "true", "SourcePortName": "-", "Image": "C:\\Users\\admin\\AppData\\Local\\Programs\\Python\\Python37\\pythonw.exe", "RuleName": "Usermode", "DestinationHostname": "-", "UtcTime": "2022-06-15 16:29:12.381", "User": "work\\admin", "DestinationPort": "443", "ProcessGuid": "5240FBE6-089A-62AA-3B00-000000002400", "SourcePort": "49181", "SourceIsIpv6": "false", "SourceHostname": "-", "SourceIp": "192.168.122.101", "DestinationIsIpv6": "false"}}, {"values": {"EventID": "3", "ProcessId": "1804", "DestinationPortName": "-", "Protocol": "tcp", "Initiated": "true", "DestinationIp": "172.253.115.153", "SourcePortName": "-", "Image": "C:\\Users\\admin\\AppData\\Local\\Programs\\Python\\Python37\\pythonw.exe", "RuleName": "Usermode", "DestinationHostname": "-", "UtcTime": "2022-06-15 16:29:12.568", "User": "work\\admin", "DestinationPort": "443", "ProcessGuid": "5240FBE6-089A-62AA-3B00-000000002400", "SourcePort": "49182", "SourceIsIpv6": "false", "SourceHostname": "-", "SourceIp": "192.168.122.101", "DestinationIsIpv6": "false"}}, {"values": {"EventID": "3", "ProcessId": "1804", "DestinationPortName": "-", "Protocol": "tcp", "Initiated": "true", "DestinationIp": "172.253.115.153", "SourcePortName": "-", "Image": "C:\\Users\\admin\\AppData\\Local\\Programs\\Python\\Python37\\pythonw.exe", "RuleName": "Usermode", "DestinationHostname": "-", "UtcTime": "2022-06-15 16:29:17.757", "User": "work\\admin", "DestinationPort": "443", "ProcessGuid": "5240FBE6-089A-62AA-3B00-000000002400", "SourcePort": "49183", "SourceIsIpv6": "false", "SourceHostname": "-", "SourceIp": "192.168.122.101", "DestinationIsIpv6": "false"}}, {"values": {"EventID": "3", "ProcessId": "1804", "DestinationPortName": "-", "SourceIsIpv6": "false", "DestinationIp": "172.253.115.153", "Initiated": "true", "SourcePortName": "-", "Image": "C:\\Users\\admin\\AppData\\Local\\Programs\\Python\\Python37\\pythonw.exe", "RuleName": "Usermode", "DestinationHostname": "-", "UtcTime": "2022-06-15 16:29:23.155", "User": "work\\admin", "DestinationPort": "443", "ProcessGuid": "5240FBE6-089A-62AA-3B00-000000002400", "SourcePort": "49184", "Protocol": "tcp", "SourceHostname": "-", "SourceIp": "192.168.122.101", "DestinationIsIpv6": "false"}}, {"values": {"EventID": "3", "ProcessId": "1804", "DestinationPortName": "-", "Protocol": "tcp", "DestinationIp": "172.253.115.153", "Initiated": "true", "SourcePortName": "-", "Image": "C:\\Users\\admin\\AppData\\Local\\Programs\\Python\\Python37\\pythonw.exe", "RuleName": "Usermode", "DestinationHostname": "-", "UtcTime": "2022-06-15 16:29:23.330", "User": "work\\admin", "DestinationPort": "443", "ProcessGuid": "5240FBE6-089A-62AA-3B00-000000002400", "SourcePort": "49185", "SourceIsIpv6": "false", "SourceHostname": "-", "SourceIp": "192.168.122.101", "DestinationIsIpv6": "false"}}, {"values": {"EventID": "3", "ProcessId": "1804", "DestinationPortName": "-", "Protocol": "tcp", "DestinationIp": "172.217.15.84", "Initiated": "true", "SourcePortName": "-", "Image": "C:\\Users\\admin\\AppData\\Local\\Programs\\Python\\Python37\\pythonw.exe", "RuleName": "Usermode", "DestinationHostname": "-", "UtcTime": "2022-06-15 16:29:28.505", "User": "work\\admin", "DestinationPort": "443", "ProcessGuid": "5240FBE6-089A-62AA-3B00-000000002400", "SourcePort": "49186", "SourceIsIpv6": "false", "SourceHostname": "-", "SourceIp": "192.168.122.101", "DestinationIsIpv6": "false"}}, {"values": {"EventID": "3", "ProcessId": "1804", "DestinationPortName": "-", "SourceIsIpv6": "false", "Initiated": "true", "DestinationIp": "172.217.15.84", "SourcePortName": "-", "Image": "C:\\Users\\admin\\AppData\\Local\\Programs\\Python\\Python37\\pythonw.exe", "RuleName": "Usermode", "DestinationHostname": "-", "UtcTime": "2022-06-15 16:29:33.756", "User": "work\\admin", "DestinationPort": "443", "ProcessGuid": "5240FBE6-089A-62AA-3B00-000000002400", "SourcePort": "49187", "Protocol": "tcp", "SourceHostname": "-", "SourceIp": "192.168.122.101", "DestinationIsIpv6": "false"}}, {"values": {"EventID": "3", "ProcessId": "1804", "DestinationPortName": "-", "SourceIsIpv6": "false", "Initiated": "true", "DestinationIp": "172.217.15.84", "SourcePortName": "-", "Image": "C:\\Users\\admin\\AppData\\Local\\Programs\\Python\\Python37\\pythonw.exe", "RuleName": "Usermode", "DestinationHostname": "-", "UtcTime": "2022-06-15 16:29:33.958", "User": "work\\admin", "DestinationPort": "443", "ProcessGuid": "5240FBE6-089A-62AA-3B00-000000002400", "SourcePort": "49188", "Protocol": "tcp", "SourceHostname": "-", "SourceIp": "192.168.122.101", "DestinationIsIpv6": "false"}}, {"values": {"EventID": "3", "ProcessId": "1804", "DestinationPortName": "-", "SourceIsIpv6": "false", "DestinationIp": "172.217.15.84", "Initiated": "true", "SourcePortName": "-", "Image": "C:\\Users\\admin\\AppData\\Local\\Programs\\Python\\Python37\\pythonw.exe", "RuleName": "Usermode", "DestinationHostname": "-", "UtcTime": "2022-06-15 16:29:39.131", "User": "work\\admin", "DestinationPort": "443", "ProcessGuid": "5240FBE6-089A-62AA-3B00-000000002400", "SourcePort": "49191", "Protocol": "tcp", "SourceHostname": "-", "SourceIp": "192.168.122.101", "DestinationIsIpv6": "false"}}, {"values": {"EventID": "3", "ProcessId": "1804", "DestinationPortName": "-", "SourceIsIpv6": "false", "Initiated": "true", "DestinationIp": "172.217.15.84", "SourcePortName": "-", "Image": "C:\\Users\\admin\\AppData\\Local\\Programs\\Python\\Python37\\pythonw.exe", "RuleName": "Usermode", "DestinationHostname": "-", "UtcTime": "2022-06-15 16:29:44.390", "User": "work\\admin", "DestinationPort": "443", "ProcessGuid": "5240FBE6-089A-62AA-3B00-000000002400", "SourcePort": "49192", "Protocol": "tcp", "SourceHostname": "-", "SourceIp": "192.168.122.101", "DestinationIsIpv6": "false"}}, {"values": {"EventID": "3", "ProcessId": "1804", "DestinationPortName": "-", "Protocol": "tcp", "DestinationIp": "172.217.15.84", "Initiated": "true", "SourcePortName": "-", "Image": "C:\\Users\\admin\\AppData\\Local\\Programs\\Python\\Python37\\pythonw.exe", "RuleName": "Usermode", "DestinationHostname": "-", "UtcTime": "2022-06-15 16:29:44.567", "User": "work\\admin", "DestinationPort": "443", "ProcessGuid": "5240FBE6-089A-62AA-3B00-000000002400", "SourcePort": "49193", "SourceIsIpv6": "false", "SourceHostname": "-", "SourceIp": "192.168.122.101", "DestinationIsIpv6": "false"}}, {"values": {"EventID": "3", "ProcessId": "1804", "DestinationPortName": "-", "SourceIsIpv6": "false", "Initiated": "true", "DestinationIp": "172.217.15.84", "SourcePortName": "-", "Image": "C:\\Users\\admin\\AppData\\Local\\Programs\\Python\\Python37\\pythonw.exe", "RuleName": "Usermode", "DestinationHostname": "-", "UtcTime": "2022-06-15 16:29:49.744", "User": "work\\admin", "DestinationPort": "443", "ProcessGuid": "5240FBE6-089A-62AA-3B00-000000002400", "SourcePort": "49194", "Protocol": "tcp", "SourceHostname": "-", "SourceIp": "192.168.122.101", "DestinationIsIpv6": "false"}}, {"values": {"EventID": "3", "ProcessId": "1804", "DestinationPortName": "-", "Protocol": "tcp", "DestinationIp": "172.217.15.84", "Initiated": "true", "SourcePortName": "-", "Image": "C:\\Users\\admin\\AppData\\Local\\Programs\\Python\\Python37\\pythonw.exe", "RuleName": "Usermode", "DestinationHostname": "-", "UtcTime": "2022-06-15 16:29:55.051", "User": "work\\admin", "DestinationPort": "443", "ProcessGuid": "5240FBE6-089A-62AA-3B00-000000002400", "SourcePort": "49195", "SourceIsIpv6": "false", "SourceHostname": "-", "SourceIp": "192.168.122.101", "DestinationIsIpv6": "false"}}, {"values": {"EventID": "3", "ProcessId": "1804", "DestinationPortName": "-", "Protocol": "tcp", "DestinationIp": "172.217.15.84", "Initiated": "true", "SourcePortName": "-", "Image": "C:\\Users\\admin\\AppData\\Local\\Programs\\Python\\Python37\\pythonw.exe", "RuleName": "Usermode", "DestinationHostname": "-", "UtcTime": "2022-06-15 16:29:55.278", "User": "work\\admin", "DestinationPort": "443", "ProcessGuid": "5240FBE6-089A-62AA-3B00-000000002400", "SourcePort": "49196", "SourceIsIpv6": "false", "SourceHostname": "-", "SourceIp": "192.168.122.101", "DestinationIsIpv6": "false"}}, {"values": {"EventID": "3", "ProcessId": "1804", "DestinationPortName": "-", "SourceIsIpv6": "false", "Initiated": "true", "DestinationIp": "172.217.15.84", "SourcePortName": "-", "Image": "C:\\Users\\admin\\AppData\\Local\\Programs\\Python\\Python37\\pythonw.exe", "RuleName": "Usermode", "DestinationHostname": "-", "UtcTime": "2022-06-15 16:30:00.467", "User": "work\\admin", "DestinationPort": "443", "ProcessGuid": "5240FBE6-089A-62AA-3B00-000000002400", "SourcePort": "49197", "Protocol": "tcp", "SourceHostname": "-", "SourceIp": "192.168.122.101", "DestinationIsIpv6": "false"}}, {"values": {"EventID": "3", "ProcessId": "1804", "DestinationPortName": "-", "Protocol": "tcp", "DestinationIp": "172.217.15.84", "Initiated": "true", "SourcePortName": "-", "Image": "C:\\Users\\admin\\AppData\\Local\\Programs\\Python\\Python37\\pythonw.exe", "RuleName": "Usermode", "DestinationHostname": "-", "UtcTime": "2022-06-15 16:30:05.798", "User": "work\\admin", "DestinationPort": "443", "ProcessGuid": "5240FBE6-089A-62AA-3B00-000000002400", "SourcePort": "49200", "SourceIsIpv6": "false", "SourceHostname": "-", "SourceIp": "192.168.122.101", "DestinationIsIpv6": "false"}}, {"values": {"EventID": "3", "ProcessId": "1804", "DestinationPortName": "-", "Protocol": "tcp", "DestinationIp": "172.217.15.84", "Initiated": "true", "SourcePortName": "-", "Image": "C:\\Users\\admin\\AppData\\Local\\Programs\\Python\\Python37\\pythonw.exe", "RuleName": "Usermode", "DestinationHostname": "-", "UtcTime": "2022-06-15 16:30:05.970", "User": "work\\admin", "DestinationPort": "443", "ProcessGuid": "5240FBE6-089A-62AA-3B00-000000002400", "SourcePort": "49201", "SourceIsIpv6": "false", "SourceHostname": "-", "SourceIp": "192.168.122.101", "DestinationIsIpv6": "false"}}, {"values": {"EventID": "3", "ProcessId": "1804", "DestinationPortName": "-", "Protocol": "udp", "DestinationIp": "255.255.255.255", "Initiated": "true", "SourcePortName": "-", "Image": "C:\\Users\\admin\\AppData\\Local\\Programs\\Python\\Python37\\pythonw.exe", "RuleName": "Usermode", "DestinationHostname": "-", "UtcTime": "2022-06-15 16:28:19.297", "User": "work\\admin", "DestinationPort": "12345", "ProcessGuid": "5240FBE6-089A-62AA-3B00-000000002400", "SourcePort": "51409", "SourceIsIpv6": "false", "SourceHostname": "-", "SourceIp": "192.168.122.101", "DestinationIsIpv6": "false"}}, {"values": {"EventID": "3", "ProcessId": "1804", "DestinationPortName": "-", "SourceIsIpv6": "false", "DestinationIp": "172.253.115.153", "Initiated": "true", "SourcePortName": "-", "Image": "C:\\Users\\admin\\AppData\\Local\\Programs\\Python\\Python37\\pythonw.exe", "RuleName": "Usermode", "DestinationHostname": "-", "UtcTime": "2022-06-15 16:28:40.003", "User": "work\\admin", "DestinationPort": "443", "ProcessGuid": "5240FBE6-089A-62AA-3B00-000000002400", "SourcePort": "49169", "Protocol": "tcp", "SourceHostname": "-", "SourceIp": "192.168.122.101", "DestinationIsIpv6": "false"}}, {"values": {"EventID": "3", "ProcessId": "1804", "DestinationPortName": "-", "Protocol": "tcp", "Initiated": "true", "DestinationIp": "172.253.115.153", "SourcePortName": "-", "Image": "C:\\Users\\admin\\AppData\\Local\\Programs\\Python\\Python37\\pythonw.exe", "RuleName": "Usermode", "DestinationHostname": "-", "UtcTime": "2022-06-15 16:28:40.208", "User": "work\\admin", "DestinationPort": "443", "ProcessGuid": "5240FBE6-089A-62AA-3B00-000000002400", "SourcePort": "49170", "SourceIsIpv6": "false", "SourceHostname": "-", "SourceIp": "192.168.122.101", "DestinationIsIpv6": "false"}}, {"values": {"EventID": "3", "ProcessId": "1804", "DestinationPortName": "-", "Protocol": "tcp", "Initiated": "true", "DestinationIp": "172.253.115.153", "SourcePortName": "-", "Image": "C:\\Users\\admin\\AppData\\Local\\Programs\\Python\\Python37\\pythonw.exe", "RuleName": "Usermode", "DestinationHostname": "-", "UtcTime": "2022-06-15 16:28:45.443", "User": "work\\admin", "DestinationPort": "443", "ProcessGuid": "5240FBE6-089A-62AA-3B00-000000002400", "SourcePort": "49171", "SourceIsIpv6": "false", "SourceHostname": "-", "SourceIp": "192.168.122.101", "DestinationIsIpv6": "false"}}, {"values": {"EventID": "3", "ProcessId": "1804", "DestinationPortName": "-", "SourceIsIpv6": "false", "DestinationIp": "172.253.115.153", "Initiated": "true", "SourcePortName": "-", "Image": "C:\\Users\\admin\\AppData\\Local\\Programs\\Python\\Python37\\pythonw.exe", "RuleName": "Usermode", "DestinationHostname": "-", "UtcTime": "2022-06-15 16:28:50.891", "User": "work\\admin", "DestinationPort": "443", "ProcessGuid": "5240FBE6-089A-62AA-3B00-000000002400", "SourcePort": "49174", "Protocol": "tcp", "SourceHostname": "-", "SourceIp": "192.168.122.101", "DestinationIsIpv6": "false"}}, {"values": {"EventID": "3", "ProcessId": "1804", "DestinationPortName": "-", "Protocol": "tcp", "Initiated": "true", "DestinationIp": "172.253.115.153", "SourcePortName": "-", "Image": "C:\\Users\\admin\\AppData\\Local\\Programs\\Python\\Python37\\pythonw.exe", "RuleName": "Usermode", "DestinationHostname": "-", "UtcTime": "2022-06-15 16:28:51.119", "User": "work\\admin", "DestinationPort": "443", "ProcessGuid": "5240FBE6-089A-62AA-3B00-000000002400", "SourcePort": "49175", "SourceIsIpv6": "false", "SourceHostname": "-", "SourceIp": "192.168.122.101", "DestinationIsIpv6": "false"}}, {"values": {"EventID": "3", "ProcessId": "1804", "DestinationPortName": "-", "Protocol": "tcp", "DestinationIp": "172.253.115.153", "Initiated": "true", "SourcePortName": "-", "Image": "C:\\Users\\admin\\AppData\\Local\\Programs\\Python\\Python37\\pythonw.exe", "RuleName": "Usermode", "DestinationHostname": "-", "UtcTime": "2022-06-15 16:28:56.278", "User": "work\\admin", "DestinationPort": "443", "ProcessGuid": "5240FBE6-089A-62AA-3B00-000000002400", "SourcePort": "49176", "SourceIsIpv6": "false", "SourceHostname": "-", "SourceIp": "192.168.122.101", "DestinationIsIpv6": "false"}}, {"values": {"EventID": "3", "ProcessId": "1804", "DestinationPortName": "-", "SourceIsIpv6": "false", "Initiated": "true", "DestinationIp": "172.253.115.153", "SourcePortName": "-", "Image": "C:\\Users\\admin\\AppData\\Local\\Programs\\Python\\Python37\\pythonw.exe", "RuleName": "Usermode", "DestinationHostname": "-", "UtcTime": "2022-06-15 16:29:01.894", "User": "work\\admin", "DestinationPort": "443", "ProcessGuid": "5240FBE6-089A-62AA-3B00-000000002400", "SourcePort": "49179", "Protocol": "tcp", "SourceHostname": "-", "SourceIp": "192.168.122.101", "DestinationIsIpv6": "false"}}, {"values": {"EventID": "3", "ProcessId": "1804", "DestinationPortName": "-", "SourceIsIpv6": "false", "Initiated": "true", "DestinationIp": "172.253.115.153", "SourcePortName": "-", "Image": "C:\\Users\\admin\\AppData\\Local\\Programs\\Python\\Python37\\pythonw.exe", "RuleName": "Usermode", "DestinationHostname": "-", "UtcTime": "2022-06-15 16:29:07.103", "User": "work\\admin", "DestinationPort": "443", "ProcessGuid": "5240FBE6-089A-62AA-3B00-000000002400", "SourcePort": "49180", "Protocol": "tcp", "SourceHostname": "-", "SourceIp": "192.168.122.101", "DestinationIsIpv6": "false"}}, {"values": {"EventID": "3", "ProcessId": "1804", "DestinationPortName": "-", "Protocol": "tcp", "DestinationIp": "172.253.115.153", "Initiated": "true", "SourcePortName": "-", "Image": "C:\\Users\\admin\\AppData\\Local\\Programs\\Python\\Python37\\pythonw.exe", "RuleName": "Usermode", "DestinationHostname": "-", "UtcTime": "2022-06-15 16:29:17.757", "User": "work\\admin", "DestinationPort": "443", "ProcessGuid": "5240FBE6-089A-62AA-3B00-000000002400", "SourcePort": "49183", "SourceIsIpv6": "false", "SourceHostname": "-", "SourceIp": "192.168.122.101", "DestinationIsIpv6": "false"}}, {"values": {"EventID": "3", "ProcessId": "1804", "DestinationPortName": "-", "Protocol": "tcp", "Initiated": "true", "DestinationIp": "172.253.115.153", "SourcePortName": "-", "Image": "C:\\Users\\admin\\AppData\\Local\\Programs\\Python\\Python37\\pythonw.exe", "RuleName": "Usermode", "DestinationHostname": "-", "UtcTime": "2022-06-15 16:29:23.155", "User": "work\\admin", "DestinationPort": "443", "ProcessGuid": "5240FBE6-089A-62AA-3B00-000000002400", "SourcePort": "49184", "SourceIsIpv6": "false", "SourceHostname": "-", "SourceIp": "192.168.122.101", "DestinationIsIpv6": "false"}}, {"values": {"EventID": "3", "ProcessId": "1804", "DestinationPortName": "-", "SourceIsIpv6": "false", "Initiated": "true", "DestinationIp": "172.217.15.84", "SourcePortName": "-", "Image": "C:\\Users\\admin\\AppData\\Local\\Programs\\Python\\Python37\\pythonw.exe", "RuleName": "Usermode", "DestinationHostname": "-", "UtcTime": "2022-06-15 16:29:28.505", "User": "work\\admin", "DestinationPort": "443", "ProcessGuid": "5240FBE6-089A-62AA-3B00-000000002400", "SourcePort": "49186", "Protocol": "tcp", "SourceHostname": "-", "SourceIp": "192.168.122.101", "DestinationIsIpv6": "false"}}, {"values": {"EventID": "3", "ProcessId": "1804", "DestinationPortName": "-", "SourceIsIpv6": "false", "DestinationIp": "172.217.15.84", "Initiated": "true", "SourcePortName": "-", "Image": "C:\\Users\\admin\\AppData\\Local\\Programs\\Python\\Python37\\pythonw.exe", "RuleName": "Usermode", "DestinationHostname": "-", "UtcTime": "2022-06-15 16:29:33.756", "User": "work\\admin", "DestinationPort": "443", "ProcessGuid": "5240FBE6-089A-62AA-3B00-000000002400", "SourcePort": "49187", "Protocol": "tcp", "SourceHostname": "-", "SourceIp": "192.168.122.101", "DestinationIsIpv6": "false"}}, {"values": {"EventID": "3", "ProcessId": "1804", "DestinationPortName": "-", "Protocol": "tcp", "Initiated": "true", "DestinationIp": "172.217.15.84", "SourcePortName": "-", "Image": "C:\\Users\\admin\\AppData\\Local\\Programs\\Python\\Python37\\pythonw.exe", "RuleName": "Usermode", "DestinationHostname": "-", "UtcTime": "2022-06-15 16:29:39.131", "User": "work\\admin", "DestinationPort": "443", "ProcessGuid": "5240FBE6-089A-62AA-3B00-000000002400", "SourcePort": "49191", "SourceIsIpv6": "false", "SourceHostname": "-", "SourceIp": "192.168.122.101", "DestinationIsIpv6": "false"}}, {"values": {"EventID": "3", "ProcessId": "1804", "DestinationPortName": "-", "Protocol": "tcp", "Initiated": "true", "DestinationIp": "172.217.15.84", "SourcePortName": "-", "Image": "C:\\Users\\admin\\AppData\\Local\\Programs\\Python\\Python37\\pythonw.exe", "RuleName": "Usermode", "DestinationHostname": "-", "UtcTime": "2022-06-15 16:29:44.567", "User": "work\\admin", "DestinationPort": "443", "ProcessGuid": "5240FBE6-089A-62AA-3B00-000000002400", "SourcePort": "49193", "SourceIsIpv6": "false", "SourceHostname": "-", "SourceIp": "192.168.122.101", "DestinationIsIpv6": "false"}}, {"values": {"EventID": "3", "ProcessId": "1804", "DestinationPortName": "-", "Protocol": "tcp", "Initiated": "true", "DestinationIp": "172.217.15.84", "SourcePortName": "-", "Image": "C:\\Users\\admin\\AppData\\Local\\Programs\\Python\\Python37\\pythonw.exe", "RuleName": "Usermode", "DestinationHostname": "-", "UtcTime": "2022-06-15 16:29:55.051", "User": "work\\admin", "DestinationPort": "443", "ProcessGuid": "5240FBE6-089A-62AA-3B00-000000002400", "SourcePort": "49195", "SourceIsIpv6": "false", "SourceHostname": "-", "SourceIp": "192.168.122.101", "DestinationIsIpv6": "false"}}, {"values": {"EventID": "3", "ProcessId": "1804", "DestinationPortName": "-", "Protocol": "tcp", "Initiated": "true", "DestinationIp": "172.217.15.84", "SourcePortName": "-", "Image": "C:\\Users\\admin\\AppData\\Local\\Programs\\Python\\Python37\\pythonw.exe", "RuleName": "Usermode", "DestinationHostname": "-", "UtcTime": "2022-06-15 16:29:55.278", "User": "work\\admin", "DestinationPort": "443", "ProcessGuid": "5240FBE6-089A-62AA-3B00-000000002400", "SourcePort": "49196", "SourceIsIpv6": "false", "SourceHostname": "-", "SourceIp": "192.168.122.101", "DestinationIsIpv6": "false"}}, {"values": {"EventID": "3", "ProcessId": "1804", "DestinationPortName": "-", "Protocol": "tcp", "Initiated": "true", "DestinationIp": "172.217.15.84", "SourcePortName": "-", "Image": "C:\\Users\\admin\\AppData\\Local\\Programs\\Python\\Python37\\pythonw.exe", "RuleName": "Usermode", "DestinationHostname": "-", "UtcTime": "2022-06-15 16:30:00.467", "User": "work\\admin", "DestinationPort": "443", "ProcessGuid": "5240FBE6-089A-62AA-3B00-000000002400", "SourcePort": "49197", "SourceIsIpv6": "false", "SourceHostname": "-", "SourceIp": "192.168.122.101", "DestinationIsIpv6": "false"}}, {"values": {"EventID": "3", "ProcessId": "1804", "DestinationPortName": "-", "SourceIsIpv6": "false", "DestinationIp": "172.217.15.84", "Initiated": "true", "SourcePortName": "-", "Image": "C:\\Users\\admin\\AppData\\Local\\Programs\\Python\\Python37\\pythonw.exe", "RuleName": "Usermode", "DestinationHostname": "-", "UtcTime": "2022-06-15 16:30:05.798", "User": "work\\admin", "DestinationPort": "443", "ProcessGuid": "5240FBE6-089A-62AA-3B00-000000002400", "SourcePort": "49200", "Protocol": "tcp", "SourceHostname": "-", "SourceIp": "192.168.122.101", "DestinationIsIpv6": "false"}}, {"values": {"EventID": "3", "ProcessId": "1804", "DestinationPortName": "-", "SourceIsIpv6": "false", "DestinationIp": "172.217.15.84", "Initiated": "true", "SourcePortName": "-", "Image": "C:\\Users\\admin\\AppData\\Local\\Programs\\Python\\Python37\\pythonw.exe", "RuleName": "Usermode", "DestinationHostname": "-", "UtcTime": "2022-06-15 16:30:05.970", "User": "work\\admin", "DestinationPort": "443", "ProcessGuid": "5240FBE6-089A-62AA-3B00-000000002400", "SourcePort": "49201", "Protocol": "tcp", "SourceHostname": "-", "SourceIp": "192.168.122.101", "DestinationIsIpv6": "false"}}], "rule_level": "high", "rule_description": "Adversaries may attempt to get a listing of services running on remote hosts, including those that may be vulnerable to remote software exploitation", "rule_author": "frack113", "rule_id": "e4d5f1be0673fa786cc8379c15338af08cdd11eed433bead9e801d6204d42a2d"}, {"rule_title": "Failed Code Integrity Checks", "rule_source": "Sigma Integrated Rule Set (GitHub)", "match_context": [{"values": {"EventID": "5038", "param1": "\\Device\\HarddiskVolume4\\Program Files (x86)\\sandbox\\driver\\sandbox-driver.sys"}}], "rule_level": "low", "rule_description": "Code integrity failures may indicate tampered executables.", "rule_author": "Thomas Patzke", "rule_id": "134564d292d785dff102940b8a1ee06dba2d462c5fb852124b3771a49d7885f1"}, {"rule_title": "Process Start From Suspicious Folder", "rule_source": "Sigma Integrated Rule Set (GitHub)", "match_context": [{"values": {"TerminalSessionId": "1", "ProcessGuid": "C784477D-94BB-62AA-4706-000000004100", "ProcessId": "7768", "Product": "-", "Description": "-", "Company": "-", "ParentProcessGuid": "C784477D-C21F-629D-2C06-000000004100", "User": "DESKTOP-B0T93D6\\george", "Hashes": "MD5=6C044BDDD01118D311681A9B2D1DD627,SHA256=3ED21A4BFCF9838E06AD3058D13D5C28026C17DC996953A22A00F0609B0DF3B9,IMPHASH=00000000000000000000000000000000", "OriginalFileName": "-", "ParentImage": "C:\\Program Files (x86)\\Joebox\\control\\joeboxcontrol.exe", "FileVersion": "-", "ParentProcessId": "7624", "CurrentDirectory": "C:\\Users\\george\\Desktop\\", "CommandLine": "\"C:\\Users\\george\\Desktop\\http_badger_x64.exe\" ", "EventID": "1", "LogonGuid": "C784477D-C0D8-629D-16A7-030000000000", "LogonId": "239382", "Image": "C:\\Users\\george\\Desktop\\http_badger_x64.exe", "IntegrityLevel": "High", "ParentCommandLine": "\"C:\\Program Files (x86)\\Joebox\\control\\joeboxcontrol.exe\"", "UtcTime": "2022-06-16 02:26:03.877", "RuleName": "-"}}], "rule_level": "low", "rule_description": "Detects process start from rare or uncommon folders like temporary folder or folders that usually don't contain executable files", "rule_author": "frack113", "rule_id": "539d657ea3dfb52773cd8616d93fd64ba9112091984d1c3eb044c6e5dadd2c5c"}, {"rule_title": "Creation of an Executable by an Executable", "rule_source": "Sigma Integrated Rule Set (GitHub)", "match_context": [{"values": {"EventID": "11", "ProcessId": "1804", "Image": "C:\\Users\\admin\\AppData\\Local\\Programs\\Python\\Python37\\pythonw.exe", "ProcessGuid": "5240FBE6-089A-62AA-3B00-000000002400", "CreationUtcTime": "2022-06-15 16:28:26.250", "UtcTime": "2022-06-15 16:28:26.250", "RuleName": "EXE", "TargetFilename": "C:\\Users\\admin\\AppData\\Local\\Temp\\frida-a74e6d501e9ca634abf91496ae5796e2\\frida-winjector-helper-32.exe"}}, {"values": {"EventID": "11", "ProcessId": "1804", "Image": "C:\\Users\\admin\\AppData\\Local\\Programs\\Python\\Python37\\pythonw.exe", "RuleName": "EXE", "CreationUtcTime": "2022-06-15 16:28:27.406", "UtcTime": "2022-06-15 16:28:27.406", "ProcessGuid": "5240FBE6-089A-62AA-3B00-000000002400", "TargetFilename": "C:\\Users\\admin\\AppData\\Local\\Temp\\frida-a74e6d501e9ca634abf91496ae5796e2\\frida-winjector-helper-64.exe"}}, {"values": {"EventID": "11", "ProcessId": "1804", "Image": "C:\\Users\\admin\\AppData\\Local\\Programs\\Python\\Python37\\pythonw.exe", "RuleName": "EXE", "CreationUtcTime": "2022-06-15 16:28:26.250", "UtcTime": "2022-06-15 16:28:26.250", "ProcessGuid": "5240FBE6-089A-62AA-3B00-000000002400", "TargetFilename": "C:\\Users\\admin\\AppData\\Local\\Temp\\frida-a74e6d501e9ca634abf91496ae5796e2\\frida-winjector-helper-32.exe"}}, {"values": {"EventID": "11", "ProcessId": "1804", "TargetFilename": "C:\\Users\\admin\\AppData\\Local\\Temp\\frida-a74e6d501e9ca634abf91496ae5796e2\\frida-winjector-helper-64.exe", "RuleName": "EXE", "CreationUtcTime": "2022-06-15 16:28:27.406", "UtcTime": "2022-06-15 16:28:27.406", "ProcessGuid": "5240FBE6-089A-62AA-3B00-000000002400", "Image": "C:\\Users\\admin\\AppData\\Local\\Programs\\Python\\Python37\\pythonw.exe"}}], "rule_level": "low", "rule_description": "Detects the creation of an executable by another executable", "rule_author": "frack113", "rule_id": "b5386a23355681c43cfbd2f2ccfe4b16ed45324d0d7b5583487a9f302ee1e427"}, {"rule_title": "Use Remove-Item to Delete File", "rule_source": "Sigma Integrated Rule Set (GitHub)", "match_context": [{"values": {"EventID": "4104", "ScriptBlockText": ")\r\n\t\t{\r\n\t\t\t$args.add($pr.Name, 4)\r\n\t\t} else\r\n\t\t{\r\n\t\t\t$args.add($pr.Name, $pr.Value)\r\n\t\t}\r\n\t}\r\n\tSet-WmiInstance -Path \\\\.\\root\\cimv2:Win32_Processor -Arguments $args\r\n}\r\n\r\n#Joebox\r\n\r\n#Creating Win32_ComputerSystem fake class\r\n$newClass = New-Object System.Management.ManagementClass(\"root\\cimv2\", [String]::Empty, $null); \r\n$newClass[\"__CLASS\"] = \"Win32_ComputerSystem\";\r\n$newClass.Qualifiers.Add(\"Static\", $true)\r\n\r\n$objWMi = get-wmiobject -computername localhost -Namespace root\\CIMV2 -Query \"Select * from Win32_ComputerSystem\"\r\n\r\nforeach ($obj in $objWmi)\r\n{\r\n\tforeach ($pr in $obj.Properties)\r\n\t{\r\n\t\tif($pr.Name -eq \"Manufacturer\")\r\n\t\t{\r\n\t\t\t$value = Get-RandomCharacters -length 15 -characters 'ABCDEFGHKLMNOPRSTUVWXYZabcdefghklmnoprstuvwxyz123456789 '\r\n\r\n\t\t\t$newClass.Properties.Add($pr.Name, $value, $pr.Type)\r\n\t\t\t$newClass.Properties[$pr.Name].Qualifiers.Add(\"Key\", $true)\r\n\t\t} elseif($pr.Name -eq \"Model\")\r\n\t\t{\r\n\t\t\t$value = Get-RandomCharacters -length 8 -characters 'ABCDEFGHKLMNOPRSTUVWXYZabcdefghklmnoprstuvwxyz123456789 '\r\n\t\t\t$newClass.Properties.Add($pr.Name, $value, $pr.Type)\r\n\t\t} elseif($pr.Name -eq \"Domain\")\r\n\t\t{\r\n\t\t\t$value = Get-RandomCharacters -length 5 -characters 'ABCDEFGHKLMNOPRSTUVWXYZabcdefghklmnoprstuvwxyz123456789'\r\n\t\t\t$newClass.Properties.Add($pr.Name, $value, $pr.Type)\r\n\t\t} elseif($pr.Name -eq \"OEMStringArray\")\r\n\t\t{\r\n\t\t\t$value = Get-RandomCharacters -length 10 -characters 'ABCDEFGHKLMNOPRSTUVWXYZabcdefghklmnoprstuvwxyz123456789'\r\n\t\t\t$newClass.Properties.Add($pr.Name, @($value), $pr.Type)\r\n\t\t} else\r\n\t\t{\r\n\t\t\t$newClass.Properties.Add($pr.Name, $pr.Value, $pr.Type)\r\n\t\t}\r\n\t}\r\n}\r\n\r\n$newClass.Put()\r\nSet-WmiInstance -Path \\\\.\\root\\cimv2:Win32_ComputerSystem \r\n\r\n#Joebox\r\n\r\n#Creating Win32_PnPEntity fake class\r\n$newClass = New-Object System.Management.ManagementClass(\"root\\cimv2\", [String]::Empty, $null); \r\n$newClass[\"__CLASS\"] = \"Win32_PnPEntity\";\r\n$newClass.Qualifiers.Add(\"Static\", $true);\r\n\r\n$objWMi = get-wmiobject -computername localhost -Namespace root\\CIMV2 -Query \"Select * from Win32_PnPEntity\"\r\n\r\nforeach ($pr in $objWmi[0].Properties)\r\n{\r\n\t$newClass.Properties.Add($pr.Name, $pr.Type, $false)\t\r\n\tif($pr.Name -eq \"DeviceID\")\r\n\t{\r\n\t\t$newClass.Properties[$pr.Name].Qualifiers.Add(\"Key\", $true)\r\n\t}\r\n\t$newClass.Properties[$pr.Name].Qualifiers.Add(\"read\", $true)\r\n}\r\n\r\n$newClass.Put()\r\n\r\nforeach ($obj in $objWmi)\r\n{\t\r\n\t$args = @{}\r\n\tforeach ($pr in $obj.Properties)\r\n\t{\t\r\n\t\tif(($pr.Name -eq \"DeviceId\" -or $pr.Name -eq \"Caption\" -or $pr.Name -eq \"Name\" -or $pr.Name -eq \"PNPDeviceID\"  -or $pr.Name -eq \"Service\") -and ($pr.Value -match 'VEN_80EE' -or $pr.Value -match 'VEN_15AD' -or $pr.Value -match 'VBOX' -or $pr.Value -match 'VBox' -or $pr.Value -match 'VMWARE' -or $pr.Value -match '82801FB' -or $pr.Value -match '82441FX' -or $pr.Value -match '82371SB' -or $pr.Value -match 'OpenHCD'))\r\n\t\t{\r\n\t\t\t$value = Get-RandomCharacters -length 8 -characters 'ABCDEFGHKLMNOPRSTUVWXYZ123456789_'\r\n\t\t\t$value = $pr.Value.replace(\"VEN_80EE\", $value).replace(\"VEN_15AD\", $value).replace(\"VBOX\", $value).replace(\"VBox\", $value).replace(\"VMWARE\", $value).replace(\"82801FB\", $value).replace(\"82441FX\", $value).replace(\"82371SB\", $value).replace(\"OpenHCD\", $value)\r\n\t\t\t\r\n\t\t\t# 82801FB 82441FX 82371SB OpenHCD\r\n\t\t\t\t\r\n\t\t\t$args.add($pr.Name, $value)\r\n\t\t\t\r\n\t\t} else\r\n\t\t{\r\n\t\t\t$args.add($pr.Name, $pr.Value)\r\n\t\t}\r\n\t}\r\n\t\r\n\tSet-WmiInstance -Path \\\\.\\root\\cimv2:Win32_PnPEntity -Arguments $args\r\n}\r\n\r\n#Joebox\r\n\r\n#Creating Win32_DiskDrive fake class\r\n$newClass = New-Object System.Management.ManagementClass(\"root\\cimv2\", [String]::Empty, $null); \r\n$newClass[\"__CLASS\"] = \"Win32_DiskDrive\";\r\n$newClass.Qualifiers.Add(\"Static\", $true);\r\n\r\n$objWMi = get-wmiobject -computername localhost -Namespace root\\CIMV2 -Query \"Select * from Win32_DiskDrive\"\r\n\r\nif(-Not ($objWMi -is [array]))\r\n{\r\n\t$objWMi = @($objWMi)\r\n}\r\n\r\nforeach ($pr in $objWmi[0].Properties)\r\n{\r\n\t$newClass.Properties.Add($pr.Name, $pr.Type, $false)\t\r\n\tif($pr.Name -eq \"DeviceID\")\r\n\t{\r\n\t\t$newClass.Properties[$pr.Name].Qualifiers.Add(\"Key\", $true)\r\n\t}\r\n\t$newClass.Properties[$pr.Name].Qualifiers.Add(\"read\", $true)\r\n}\r\n\r\n$newClass.Put()\r\n\r\nforeach ($obj in $objWmi)\r\n{\t\r\n\t$args = @{}\r\n\tforeach ($pr in $obj.Properties)\r\n\t{\t\r\n\t\tif(($pr.Name -eq \"DeviceId\" -or $pr.Name -eq \"Caption\" -or $pr.Name -eq \"Model\" -or $pr.Name -eq \"PNPDeviceID\") -and ($pr.Value -match 'VBOX' -or $pr.Value -match 'VBox' -or $pr.Value -match 'VMWARE' -or $pr.Value -match 'VMware'))\r\n\t\t{\r\n\t\t\t$value = Get-RandomCharacters -length 8 -characters 'ABCDEFGHKLMNOPRSTUVWXYZ123456789_'\r\n\t\t\t$value = $pr.Value.replace(\"VBOX\", $value).replace(\"VBox\", $value).replace(\"VMWARE\", $value).replace(\"VMware Virtual disk\", $value).replace(\"VMware\", $value).replace(\"HARDDISK\", \"WDC\").replace(\"VIRTUAL_DISK\", $value)\r\n\t\t\t\t\r\n\t\t\t$args.add($pr.Name, $value)\r\n\t\t\r\n\t\t# Change disk size\r\n\t\t} elseif($pr.Name -eq \"Size\" -and $pr.Value -lt 200000000000)\r\n\t\t{\r\n\t\t\t$args.add($pr.Name, 412300001200)\r\n\t\t} elseif(-Not($pr.Name -eq \"Capabilities\"))\r\n\t\t{\r\n\t\t\t$args.add($pr.Name, $pr.Value)\r\n\t\t}\r\n\t}\r\n\t\r\n\tSet-WmiInstance -Path \\\\.\\root\\cimv2:Win32_DiskDrive -Arguments $args\r\n}\r\n\r\n#Joebox\r\n\r\n#Creating Win32_VideoController fake class\r\n$newClass = New-Object System.Management.ManagementClass(\"root\\cimv2\", [String]::Empty, $null); \r\n$newClass[\"__CLASS\"] = \"Win32_VideoController\";\r\n$newClass.Qualifiers.Add(\"Static\", $true);\r\n\r\n$objWMi = get-wmiobject -computername localhost -Namespace root\\CIMV2 -Query \"Select * from Win32_VideoController\"\r\n\r\nif(-Not ($objWMi -is [array]))\r\n{\r\n\t$objWMi = @($objWMi)\r\n}\r\n\r\nforeach ($pr in $objWmi[0].Properties)\r\n{\r\n\t$newClass.Properties.Add($pr.Name, $pr.Type, $false)\t\r\n\tif($pr.Name -eq \"DeviceID\")\r\n\t{\r\n\t\t$newClass.Properties[$pr.Name].Qualifiers.Add(\"Key\", $true)\r\n\t}\r\n\t$newClass.Properties[$pr.Name].Qualifiers.Add(\"read\", $true)\r\n}\r\n\r\n$newClass.Put()\r\n\r\nforeach ($obj in $objWmi)\r\n{\t\r\n\t$args = @{}\r\n\tforeach ($pr in $obj.Properties)\r\n\t{\t\r\n\t\tif(($pr.Name -eq \"Caption\" -or $pr.Name -eq \"Name\" -or $pr.Name -eq \"PNPDeviceID\" -or $pr.Name -eq \"AdapterCompatibility\" -or $pr.Name -eq \"Description\" -or $pr.Name -eq \"InfSection\" -or $pr.Name -eq \"VideoProcessor\") -and ($pr.Value -match 'VBOX' -or $pr.Value -match 'VBox' -or $pr.Value -match 'VMWARE' -or $pr.Value -match 'VirtualBox' -or $pr.Value -match 'VMware' -or $pr.Value -match 'Oracle Corporation' -or $pr.Value -match 'Microsoft Basic Display Adapter'))\r\n\t\t{\r\n\t\t\t$value = Get-RandomCharacters -length 8 -characters 'ABCDEFGHKLMNOPRSTUVWXYZ123456789_'\r\n\t\t\t$value = $pr.Value.replace(\"VBOX\", $value).replace(\"VBox\", $value).replace(\"VMWARE\", $value).replace(\"VMware\", $value).replace(\"VirtualBox\", $value).replace(\"Oracle Corporation\", $value).replace(\"Microsoft Basic Display Adapter\", $value)\r\n\t\t\t\t\r\n\t\t\t$args.add($pr.Name, $value)\r\n\t\t\r\n\r\n\t\t} elseif($pr.Name -eq \"DriverVersion\")\r\n\t\t{\r\n\t\t\t$value = Get-RandomCharacters -length 8 -characters '1234567890.'\r\n\t\t\t$args.add($pr.Name, $value)\r\n\t\t} elseif($pr.Name -eq \"AdapterRAM\" -and $pr.Value -lt 1000000000)\r\n\t\t{\r\n\t\t\t$args.add($pr.Name, 1073741824)\r\n\t\t} else\r\n\t\t{\r\n\t\t\t$args.add($pr.Name, $pr.Value)\r\n\t\t}\r\n\t}\r\n\t\r\n\tSet-WmiInstance -Path \\\\.\\root\\cimv2:Win32_VideoController -Arguments $args\r\n}\r\n\r\n#Joebox\r\n\r\n#Creating Win32_BaseBoard fake class\r\n$newClass = New-Object System.Management.ManagementClass(\"root\\cimv2\", [String]::Empty, $null); \r\n$newClass[\"__CLASS\"] = \"Win32_BaseBoard\";\r\n$newClass.Qualifiers.Add(\"Static\", $true)\r\n\r\n$objWMi = get-wmiobject -computername localhost -Namespace root\\CIMV2 -Query \"Select * from Win32_BaseBoard\"\r\n\r\nforeach ($obj in $objWmi)\r\n{\r\n\tforeach ($pr in $obj.Properties)\r\n\t{\r\n\t\tif($pr.Name -eq \"Name\")\r\n\t\t{\t$value = Get-RandomCharacters -length 10 -characters 'ABCDEFGHKLMNOPRSTUVWXYZ123456789'\r\n\r\n\t\t\t$newClass.Properties.Add($pr.Name, $value, $pr.Type)\r\n\t\t\t$newClass.Properties[$pr.Name].Qualifiers.Add(\"Key\", $true)\r\n\t\t} elseif($pr.Name -eq \"Product\" -or $pr.Name -eq \"Manufacturer\")\r\n\t\t{\r\n\t\t\t$value = Get-RandomCharacters -length 10 -characters 'ABCDEFGHKLMNOPRSTUVWXYZ123456789'\r\n\t\t\t$newClass.Properties.Add($pr.Name, $value, $pr.Type)\r\n\t\t} else\r\n\t\t{\r\n\t\t\t$newClass.Properties.Add($pr.Name, $pr.Value, $pr.Type)\r\n\t\t}\r\n\t}\r\n}\r\n\r\n$newClass.Put()\r\nSet-WmiInstance -Path \\\\.\\root\\cimv2:Win32_BaseBoard\r\n\r\n\r\n#Creating Win32_ComputerSystemProduct fake class\r\n$newClass = New-Object System.Management.ManagementClass(\"root\\cimv2\", [String]::Empty, $null); \r\n$newClass[\"__CLASS\"] = \"Win32_ComputerSystemProduct\";\r\n$newClass.Qualifiers.Add(\"Static\", $true)\r\n\r\n$objWMi = get-wmiobject -computername localhost -Namespace root\\CIMV2 -Query \"Select * from Win32_ComputerSystemProduct\"\r\n\r\nforeach ($obj in $objWmi)\r\n{\r\n\tforeach ($pr in $obj.Properties)\r\n\t{\r\n\t\tif($pr.Name -eq \"Name\")\r\n\t\t{\t\r\n\t\t\t$newClass.Properties.Add($pr.Name, $pr.$value, $pr.Type)\r\n\t\t\t$newClass.Properties[$pr.Name].Qualifiers.Add(\"Key\", $true)\r\n\t\t} elseif($pr.Name -eq \"IdentifyingNumber\")\r\n\t\t{\r\n\t\t\t$value = Get-RandomCharacters -length 6 -characters 'ABCDEFGHKLMNOPRSTUVWXYZ123456789'\r\n\t\t\t$newClass.Properties.Add($pr.Name, $value, $pr.Type)\r\n\t\t} else\r\n\t\t{\r\n\t\t\t$newClass.Properties.Add($pr.Name, $pr.Value, $pr.Type)\r\n\t\t}\r\n\t}\r\n}\r\n\r\n$newClass.Put()\r\nSet-WmiInstance -Path \\\\.\\root\\cimv2:Win32_ComputerSystemProduct\r\n\r\n\r\n\r\n#Creating Win32_LogicalDisk fake class\r\n$newClass = New-Object System.Management.ManagementClass(\"root\\cimv2\", [String]::Empty, $null); \r\n$newClass[\"__CLASS\"] = \"Win32_LogicalDisk\";\r\n$newClass.Qualifiers.Add(\"Static\", $true);\r\n\r\n$objWMi = get-wmiobject -computername localhost -Namespace root\\CIMV2 -Query \"Select * from Win32_LogicalDisk WHERE DriveType = 3\"\r\n\r\nif(-Not ($objWMi -is [array]))\r\n{\r\n\t$objWMi = @($objWMi)\r\n}\r\n\r\nforeach ($pr in $objWmi[0].Properties)\r\n{\r\n\t$newClass.Properties.Add($pr.Name, $pr.Type, $false)\t\r\n\tif($pr.Name -eq \"DeviceID\")\r\n\t{\r\n\t\t$newClass.Properties[$pr.Name].Qualifiers.Add(\"Key\", $true)\r\n\t}\r\n\t$newClass.Properties[$pr.Name].Qualifiers.Add(\"read\", $true)\r\n}\r\n\r\n$newClass.Put()\r\n\r\nforeach ($obj in $objWmi)\r\n{\t\r\n\t$args = @{}\r\n\tforeach ($pr in $obj.Properties)\r\n\t{\t\r\n\t\tif($pr.Name -eq \"Size\")\r\n\t\t{\r\n\t\t\t$args.add($pr.Name, \"223496729601\")\r\n\t\t} else\r\n\t\t{\r\n\t\t\t$args.add($pr.Name, $pr.Value)\r\n\t\t}\r\n\t}\r\n\t\r\n\tSet-WmiInstance -Path \\\\.\\root\\cimv2:Win32_LogicalDisk -Arguments $args\r\n}\r\n\r\n\r\n#Creating Win32_ComputerSystemProduct fake class\r\n$newClass = New-Object System.Management.ManagementClass(\"root\\cimv2\", [String]::Empty, $null); \r\n$newClass[\"__CLASS\"] = \"Win32_OperatingSystem\";\r\n$newClass.Qualifiers.Add(\"Static\", $true)\r\n\r\n$objWMi = get-wmiobject -computername localhost -Namespace root\\CIMV2 -Query \"Select * from Win32_OperatingSystem\"\r\n\r\n\r\nforeach ($obj in $objWmi)\r\n{\r\n\tforeach ($pr in $obj.Properties)\r\n\t{\r\n\t\tif($pr.Name -eq \"CreationClassName\")\r\n\t\t{\t\r\n\t\t\t$newClass.Properties.Add($pr.Name, $pr.$value, $pr.Type)\r\n\t\t\t$newClass.Properties[$pr.Name].Qualifiers.Add(\"Key\", $true)\r\n\t\t} elseif($pr.Name -eq \"LastBootUpTime\")\r\n\t\t{\r\n\t\t\t$d = [System.Management.ManagementDateTimeConverter]::ToDateTime($pr.Value)\r\n\t\t\t$d = $d.addDays(-10)\r\n\t\t\t$d = [System.Management.ManagementDateTimeConverter]::ToDmtfDateTime($d)\r\n\t\t\t\r\n\t\t\t$newClass.Properties.Add($pr.Name, $d, $pr.Type)\r\n\t\t\t\r\n\t\t} else\r\n\t\t{\r\n\t\t\t$newClass.Properties.Add($pr.Name, $pr.Value, $pr.Type)\r\n\t\t}\r\n\t}\r\n}\r\n\r\n$newClass.Put()\r\nSet-WmiInstance -Path \\\\.\\root\\cimv2:Win32_OperatingSystem\r\n\r\n\r\nfunction Delete() {\r\n    $Invocation = (Get-Variable MyInvocation -Scope 1).Value\r\n    $Path =  $Invocation.MyCommand.Path \r\n    Write-Host $Path\r\n    Remove-Item $Path -force\r\n} \r\n     \r\nDelete \r\n", "ScriptBlockId": "66b40767-985c-49c1-85ea-6139918d50f3", "MessageNumber": "\u0002", "Path": "C:\\Program Files (x86)\\Joebox\\unpack\\wmievasions.ps1", "MessageTotal": "\u0002"}}], "rule_level": "low", "rule_description": "Powershell Remove-Item  with -Path to delete a file or a folder with \"-Recurse\"", "rule_author": "frack113", "rule_id": "d9b2eb00753c3049fbb4ed4f7d88f29b65a0c50bec45ff4723b95bb637f8f83d"}], "meaningful_name": "http_badger_x64.exe", "trid": [{"file_type": "Win64 Executable (generic)", "probability": 44.4}, 