{"data": {"attributes": {"type_description": "Powershell", "tlsh": "T18534238109C9EDFE7D34C709DA4F28988D906F84D60CF6ED729D08E3C2953526B8A776", "vhash": "60a4253af65233ae7913b56d8df0c325", "type_tags": ["source", "powershell", "ps", "ps1"], "crowdsourced_yara_results": [{"description": "Detects suspicious base64 encoded PowerShell expressions", "source": "https://github.com/Neo23x0/signature-base", "author": "Florian Roth (Nextron Systems)", "ruleset_name": "gen_powershell_susp", "rule_name": "SUSP_PS1_FromBase64String_Content_Indicator", "ruleset_id": "0001fae807"}, {"description": "Cobalt Strike's resources/command.ps1 for versions 2.5 to v3.7 and resources/compress.ps1 from v3.8 to v4.x", "source": "https://github.com/chronicle/GCTI", "author": "gssincla@google.com", "ruleset_name": "CobaltStrike__Resources_Command_Ps1_v2_5_to_v3_7_and_Resources_Compress_Ps1_v3_8_to_v4_x", "rule_name": "CobaltStrike_Resources_Command_Ps1_v2_5_to_v3_7_and_Resources_Compress_Ps1_v3_8_to_v4_x", "ruleset_id": "0161dfa939"}], "names": ["67f83398e4b96573dd999384827d0441f8b3face1e8395f5533c1d95e9c3cacd.ps1", "forceupdate", "2023-03-24-PowerShell-script-for-Cobalt-Strike.txt", "1.bin", "67f83398e4b96573dd999384827d0441f8b3face1e8395f5533c1d95e9c3cacd.unknown"], "last_modification_date": 1690821626, "type_tag": "powershell", "times_submitted": 7, "total_votes": {"harmless": 0, "malicious": 0}, "size": 231476, "popular_threat_classification": {"suggested_threat_label": "trojan.rozena/pwshell", "popular_threat_category": [{"count": 14, "value": "trojan"}, {"count": 2, "value": "downloader"}], "popular_threat_name": [{"count": 8, "value": "rozena"}, {"count": 8, "value": "pwshell"}, {"count": 6, "value": "cobalt"}]}, "last_submission_date": 1690814406, "sigma_analysis_results": [{"rule_title": "Potential WinAPI Calls Via PowerShell Scripts", "rule_source": "Sigma Integrated Rule Set (GitHub)", "match_context": [{"values": {"EventID": "4104", "ScriptBlockText": "526424d0a218ccdf304a0c86b1a4b7474ee2e59233bbd55eb2f2cc833f8c5d5f", "ScriptBlockId": "09148968-926e-4194-8944-e86c2dbc1209", "MessageNumber": "1", "Path": "", "MessageTotal": "23"}}, {"values": {"EventID": "4104", "ScriptBlockId": "09148968-926e-4194-8944-e86c2dbc1209", "ScriptBlockText": "247f4422d508085607cca93bce45e710673a35aae1034f94142e115bbaa645fb", "MessageNumber": "23", "MessageTotal": "23", "Path": ""}}], "rule_level": "high", "rule_id": "6c44b18934e9ddd288d035d35a258c41fce2d5f5ebafc55ff866a95fb78db9c2", "rule_author": "Nikita Nazarov, oscd.community, Tim Shelton", "rule_description": "Detects use of WinAPI Functions in PowerShell scripts"}, {"rule_title": "Change PowerShell Policies to an Insecure Level", "rule_source": "Sigma Integrated Rule Set (GitHub)", "match_context": [{"values": {"TerminalSessionId": "1", "ProcessGuid": "{C784477D-2D7B-64C8-4306-000000001F00}", "ProcessId": "3556", "Product": "Microsoft\\xae Windows\\xae Operating System", "Description": "Windows PowerShell", "Company": "Microsoft Corporation", "ParentProcessGuid": "{C784477D-8CD7-6442-6D00-000000001F00}", "User": "DESKTOP-B0T93D6\\george", "Hashes": "MD5=95000560239032BC68B4C2FDFCDEF913,SHA256=D3F8FADE829D2B7BD596C4504A6DAE5C034E789B6A3DEFBE013BDA7D14466677,IMPHASH=741776AACCFC5B71FF59832DCDCACE0F", "OriginalFileName": "PowerShell.EXE", "ParentImage": "C:\\Windows\\explorer.exe", "FileVersion": "10.0.17134.1 (WinBuild.160101.0800)", "ParentProcessId": "5036", "CurrentDirectory": "C:\\Users\\george\\Desktop\\", "CommandLine": "\"C:\\Windows\\System32\\WindowsPowerShell\\v1.0\\powershell.exe\" -noLogo -ExecutionPolicy unrestricted -file \"C:\\Users\\george\\Desktop\\e4b96573dd999384827d0441f8b3face1e8395f5533c1d95e9c3cacd.ps1\"", "EventID": "1", "LogonGuid": "C784477D-8CD6-6442-56AD-030000000000", "LogonId": "240982", "Image": "C:\\Windows\\System32\\WindowsPowerShell\\v1.0\\powershell.exe", "IntegrityLevel": "High", "ParentCommandLine": "C:\\Windows\\Explorer.EXE", "UtcTime": "1690840443", "RuleName": "-"}}], "rule_level": "medium", "rule_id": "06b48fa7870d38bdf92b4d4a9b9c4a4df779bd405fdc5ba0e70911df20027ce1", "rule_author": "frack113", "rule_description": "Detects use of executionpolicy option to set insecure policies"}, {"rule_title": "Suspicious FromBase64String Usage On Gzip Archive - Ps Script", "rule_source": "Sigma Integrated Rule Set (GitHub)", "match_context": [{"values": {"EventID": "4104", "ScriptBlockId": "b99aebdb-60ed-4508-82b8-3e0ba8559ec0", "ScriptBlockText": "3b3d9b2defd3de628bed350f8d396e4a534a48b2f0374adbcb1915d14958e92d", "MessageNumber": "1", "MessageTotal": "14", "Path": "C:\\Users\\azure\\Downloads\\67f83398e4b96573dd999384827d0441f8b3face1e8395f5533c1d95e9c3cacd.ps1"}}], "rule_level": "medium", "rule_id": "4c7e768ac31ad9f19aa32c2c10eb81eb9b6ae9d00129f474125bbfa6e8cf42ae", "rule_author": "frack113", "rule_description": "Detects attempts of decoding a base64 Gzip archive in a PowerShell script. This technique is often used as a method to load malicious content into memory afterward."}, {"rule_title": "Change PowerShell Policies to an Insecure Level - PowerShell", "rule_source": "Sigma Integrated Rule Set (GitHub)", "match_context": [{"values": {"EventID": "4104", "ScriptBlockText": "f9c50298c31c4f832377cbc3805f78dcf568835d7138c21088e56a2c5768f935", "ScriptBlockId": "275a0f39-641c-4bc4-89c7-728a4943d501", "MessageNumber": "1", "MessageTotal": "1", "Path": ""}}], "rule_level": "medium", "rule_id": "5572c8188426269a10ccb41fc8e9c8445391ac38a0917621b0a1ee05ec99aac9", "rule_author": "frack113", "rule_description": "Detects use of Set-ExecutionPolicy to set insecure policies"}, {"rule_title": "Suspicious Get-WmiObject", "rule_source": "Sigma Integrated Rule Set (GitHub)", "match_context": [{"values": {"EventID": "4104", "ScriptBlockText": "10050407a4d401ef56d5a9ece4ccb6f08bba5c1ff6dfd318e419c04a972ba748", "ScriptBlockId": "8fe3efbd-853a-44c8-a79e-7fae9a574596", "MessageNumber": "1", "Path": "", "MessageTotal": "1"}}, {"values": {"EventID": "4104", "ScriptBlockText": "10050407a4d401ef56d5a9ece4ccb6f08bba5c1ff6dfd318e419c04a972ba748", "ScriptBlockId": "667efede-0083-4509-b112-8287a2f25803", "MessageNumber": "1", "Path": "", "MessageTotal": "1"}}, {"values": {"EventID": "4104", "ScriptBlockText": "10050407a4d401ef56d5a9ece4ccb6f08bba5c1ff6dfd318e419c04a972ba748", "ScriptBlockId": "4a0b66fa-b2f1-4fb5-9a0e-a402ec92b474", "MessageNumber": "1", "MessageTotal": "1", "Path": ""}}, {"values": {"EventID": "4104", "ScriptBlockText": "10050407a4d401ef56d5a9ece4ccb6f08bba5c1ff6dfd318e419c04a972ba748", "ScriptBlockId": "106909cd-7ba6-4266-85cf-6f682fe08179", "MessageNumber": "1", "Path": "", "MessageTotal": "1"}}, {"values": {"EventID": "4104", "ScriptBlockId": "49d61fbc-9f5c-4ece-8831-2f632c0a0698", "ScriptBlockText": "10050407a4d401ef56d5a9ece4ccb6f08bba5c1ff6dfd318e419c04a972ba748", "MessageNumber": "1", "MessageTotal": "1", "Path": ""}}, {"values": {"EventID": "4104", "ScriptBlockText": "10050407a4d401ef56d5a9ece4ccb6f08bba5c1ff6dfd318e419c04a972ba748", "ScriptBlockId": "317a781c-c234-4dee-bec1-dcc9c8bbd240", "MessageNumber": "1", "Path": "", "MessageTotal": "1"}}], "rule_level": "low", "rule_id": "1f7f8b1e9005dd4d64cb9d30ed53ee94f68fb96262fbd72f7a0266881149c79f", "rule_author": "frack113", "rule_description": "The infrastructure for management data and operations that enables local and remote management of Windows personal computers and servers"}, {"rule_title": "PowerShell Network Connections", "rule_source": "Sigma Integrated Rule Set (GitHub)", "match_context": [{"values": {"EventID": "3", "ProcessId": "2128", "DestinationPortName": "-", "SourceIsIpv6": "false", "DestinationIp": "8.8.8.8", "Initiated": "true", "SourcePortName": "-", "Image": "C:\\Windows\\System32\\WindowsPowerShell\\v1.0\\powershell.exe", "ProcessGuid": "{574CBD14-F146-64C6-B100-000000003000}", "DestinationHostname": "-", "UtcTime": "1690759509", "User": "azure-PC\\azure", "DestinationPort": "53", "RuleName": "-", "SourcePort": "63988", "Protocol": "udp", "SourceHostname": "-", "SourceIp": "192.168.122.222", "DestinationIsIpv6": "false"}}, {"values": {"EventID": "3", "ProcessId": "2128", "DestinationPortName": "-", "Protocol": "tcp", "DestinationIp": "20.69.178.82", "Initiated": "true", "SourcePortName": "-", "Image": "C:\\Windows\\System32\\WindowsPowerShell\\v1.0\\powershell.exe", "ProcessGuid": "{574CBD14-F146-64C6-B100-000000003000}", "DestinationHostname": "-", "UtcTime": "1690759510", "User": "azure-PC\\azure", "DestinationPort": "80", "RuleName": "-", "SourcePort": "49166", "SourceIsIpv6": "false", "SourceHostname": "-", "SourceIp": "192.168.122.222", "DestinationIsIpv6": "false"}}, {"values": {"EventID": "3", "ProcessId": "2128", "DestinationPortName": "-", "SourceIsIpv6": "false", "DestinationIp": "20.69.178.82", "Initiated": "true", "SourcePortName": "-", "Image": "C:\\Windows\\System32\\WindowsPowerShell\\v1.0\\powershell.exe", "ProcessGuid": "{574CBD14-F146-64C6-B100-000000003000}", "DestinationHostname": "-", "UtcTime": "1690759548", "User": "azure-PC\\azure", "DestinationPort": "80", "RuleName": "-", "SourcePort": "49167", "Protocol": "tcp", "SourceHostname": "-", "SourceIp": "192.168.122.222", "DestinationIsIpv6": "false"}}, {"values": {"EventID": "3", "ProcessId": "2128", "DestinationPortName": "-", "SourceIsIpv6": "false", "DestinationIp": "20.69.178.82", "Initiated": "true", "SourcePortName": "-", "Image": "C:\\Windows\\System32\\WindowsPowerShell\\v1.0\\powershell.exe", "ProcessGuid": "{574CBD14-F146-64C6-B100-000000003000}", "DestinationHostname": "-", "UtcTime": "1690759587", "User": "azure-PC\\azure", "DestinationPort": "80", "RuleName": "-", "SourcePort": "49168", "Protocol": "tcp", "SourceHostname": "-", "SourceIp": "192.168.122.222", "DestinationIsIpv6": "false"}}, {"values": {"EventID": "3", "ProcessId": "3556", "DestinationPortName": "http", "Protocol": "tcp", "DestinationIp": "20.69.178.82", "Initiated": "true", "SourcePortName": "-", "Image": "C:\\Windows\\System32\\WindowsPowerShell\\v1.0\\powershell.exe", "RuleName": "-", "DestinationHostname": "-", "UtcTime": "1682083383", "User": "DESKTOP-B0T93D6\\george", "DestinationPort": "80", "ProcessGuid": "{C784477D-2D7B-64C8-4306-000000001F00}", "SourcePort": "49719", "SourceIsIpv6": "false", "SourceHostname": "DESKTOP-B0T93D6.local", "SourceIp": "192.168.2.9", "DestinationIsIpv6": "false"}}, {"values": {"EventID": "3", "ProcessId": "3556", "DestinationPortName": "http", "Protocol": "tcp", "DestinationIp": "20.69.178.82", "Initiated": "true", "SourcePortName": "-", "Image": "C:\\Windows\\System32\\WindowsPowerShell\\v1.0\\powershell.exe", "RuleName": "-", "DestinationHostname": "-", "UtcTime": "1682083383", "User": "DESKTOP-B0T93D6\\george", "DestinationPort": "80", "ProcessGuid": "{C784477D-2D7B-64C8-4306-000000001F00}", "SourcePort": "49720", "SourceIsIpv6": "false", "DestinationIsIpv6": "false", "SourceIp": "192.168.2.9", "SourceHostname": "DESKTOP-B0T93D6.local"}}, {"values": {"EventID": "3", "ProcessId": "3556", "DestinationPortName": "http", "SourceIsIpv6": "false", "Initiated": "true", "DestinationIp": "20.69.178.82", "SourcePortName": "-", "Image": "C:\\Windows\\System32\\WindowsPowerShell\\v1.0\\powershell.exe", "ProcessGuid": "{C784477D-2D7B-64C8-4306-000000001F00}", "DestinationHostname": "-", "UtcTime": "1682083384", "User": "DESKTOP-B0T93D6\\george", "DestinationPort": "80", "RuleName": "-", "SourcePort": "49721", "Protocol": "tcp", "SourceHostname": "DESKTOP-B0T93D6.local", "SourceIp": "192.168.2.9", "DestinationIsIpv6": "false"}}, {"values": {"EventID": "3", "ProcessId": "3556", "DestinationPortName": "http", "SourceIsIpv6": "false", "Initiated": "true", "DestinationIp": "20.69.178.82", "SourcePortName": "-", "Image": "C:\\Windows\\System32\\WindowsPowerShell\\v1.0\\powershell.exe", "RuleName": "-", "DestinationHostname": "-", "UtcTime": "1682083384", "User": "DESKTOP-B0T93D6\\george", "DestinationPort": "80", "ProcessGuid": "{C784477D-2D7B-64C8-4306-000000001F00}", "SourcePort": "49722", "Protocol": "tcp", "DestinationIsIpv6": "false", "SourceIp": "192.168.2.9", "SourceHostname": "DESKTOP-B0T93D6.local"}}, {"values": {"EventID": "3", "ProcessId": "3556", "DestinationPortName": "http", "SourceIsIpv6": "false", "Initiated": "true", "DestinationIp": "20.69.178.82", "SourcePortName": "-", "Image": "C:\\Windows\\System32\\WindowsPowerShell\\v1.0\\powershell.exe", "ProcessGuid": "{C784477D-2D7B-64C8-4306-000000001F00}", "DestinationHostname": "-", "UtcTime": "1682083384", "User": "DESKTOP-B0T93D6\\george", "DestinationPort": "80", "RuleName": "-", "SourcePort": "49723", "Protocol": "tcp", "DestinationIsIpv6": "false", "SourceIp": "192.168.2.9", "SourceHostname": "DESKTOP-B0T93D6.local"}}, {"values": {"EventID": "3", "ProcessId": "3556", "DestinationPortName": "http", "Protocol": "tcp", "DestinationIp": "20.69.178.82", "Initiated": "true", "SourcePortName": "-", "Image": "C:\\Windows\\System32\\WindowsPowerShell\\v1.0\\powershell.exe", "RuleName": "-", "DestinationHostname": "-", "UtcTime": "1682083384", "User": "DESKTOP-B0T93D6\\george", "DestinationPort": "80", "ProcessGuid": "{C784477D-2D7B-64C8-4306-000000001F00}", "SourcePort": "49724", "SourceIsIpv6": "false", "DestinationIsIpv6": "false", "SourceIp": "192.168.2.9", "SourceHostname": "DESKTOP-B0T93D6.local"}}, {"values": {"EventID": "3", "ProcessId": "3556", "DestinationPortName": "http", "SourceIsIpv6": "false", "Initiated": "true", "DestinationIp": "20.69.178.82", "SourcePortName": "-", "Image": "C:\\Windows\\System32\\WindowsPowerShell\\v1.0\\powershell.exe", "RuleName": "-", "DestinationHostname": "-", "UtcTime": "1682083384", "User": "DESKTOP-B0T93D6\\george", "DestinationPort": "80", "ProcessGuid": "{C784477D-2D7B-64C8-4306-000000001F00}", "SourcePort": "49725", "Protocol": "tcp", "DestinationIsIpv6": "false", "SourceIp": "192.168.2.9", "SourceHostname": "DESKTOP-B0T93D6.local"}}, {"values": {"EventID": "3", "ProcessId": "3556", "DestinationPortName": "http", "SourceIsIpv6": "false", "DestinationIp": "20.69.178.82", "Initiated": "true", "SourcePortName": "-", "Image": "C:\\Windows\\System32\\WindowsPowerShell\\v1.0\\powershell.exe", "RuleName": "-", "DestinationHostname": "-", "UtcTime": "1682083385", "User": "DESKTOP-B0T93D6\\george", "DestinationPort": "80", "ProcessGuid": "{C784477D-2D7B-64C8-4306-000000001F00}", "SourcePort": "49727", "Protocol": "tcp", "DestinationIsIpv6": "false", "SourceIp": "192.168.2.9", "SourceHostname": "DESKTOP-B0T93D6.local"}}, {"values": {"EventID": "3", "ProcessId": "3556", "DestinationPortName": "http", "Protocol": "tcp", "DestinationIp": "20.69.178.82", "Initiated": "true", "SourcePortName": "-", "Image": "C:\\Windows\\System32\\WindowsPowerShell\\v1.0\\powershell.exe", "RuleName": "-", "DestinationHostname": "-", "UtcTime": "1682083385", "User": "DESKTOP-B0T93D6\\george", "DestinationPort": "80", "ProcessGuid": "{C784477D-2D7B-64C8-4306-000000001F00}", "SourcePort": "49729", "SourceIsIpv6": "false", "DestinationIsIpv6": "false", "SourceIp": "192.168.2.9", "SourceHostname": "DESKTOP-B0T93D6.local"}}, {"values": {"EventID": "3", "ProcessId": "3556", "DestinationPortName": "http", "SourceIsIpv6": "false", "Initiated": "true", "DestinationIp": "20.69.178.82", "SourcePortName": "-", "Image": "C:\\Windows\\System32\\WindowsPowerShell\\v1.0\\powershell.exe", "RuleName": "-", "DestinationHostname": "-", "UtcTime": "1682083385", "User": "DESKTOP-B0T93D6\\george", "DestinationPort": "80", "ProcessGuid": "{C784477D-2D7B-64C8-4306-000000001F00}", "SourcePort": "49731", "Protocol": "tcp", "SourceHostname": "DESKTOP-B0T93D6.local", "SourceIp": "192.168.2.9", "DestinationIsIpv6": "false"}}, {"values": {"EventID": "3", "ProcessId": "3556", "DestinationPortName": "http", "SourceIsIpv6": "false", "Initiated": "true", "DestinationIp": "20.69.178.82", "SourcePortName": "-", "Image": "C:\\Windows\\System32\\WindowsPowerShell\\v1.0\\powershell.exe", "RuleName": "-", "DestinationHostname": "-", "UtcTime": "1682083386", "User": "DESKTOP-B0T93D6\\george", "DestinationPort": "80", "ProcessGuid": "{C784477D-2D7B-64C8-4306-000000001F00}", "SourcePort": "49732", "Protocol": "tcp", "DestinationIsIpv6": "false", "SourceIp": "192.168.2.9", "SourceHostname": "DESKTOP-B0T93D6.local"}}, {"values": {"EventID": "3", "ProcessId": "3556", "DestinationPortName": "http", "Protocol": "tcp", "Initiated": "true", "DestinationIp": "20.69.178.82", "SourcePortName": "-", "Image": "C:\\Windows\\System32\\WindowsPowerShell\\v1.0\\powershell.exe", "ProcessGuid": "{C784477D-2D7B-64C8-4306-000000001F00}", "DestinationHostname": "-", "UtcTime": "1682083386", "User": "DESKTOP-B0T93D6\\george", "DestinationPort": "80", "RuleName": "-", "SourcePort": "49734", "SourceIsIpv6": "false", "SourceHostname": "DESKTOP-B0T93D6.local", "SourceIp": "192.168.2.9", "DestinationIsIpv6": "false"}}, {"values": {"EventID": "3", "ProcessId": "3556", "DestinationPortName": "http", "SourceIsIpv6": "false", "Initiated": "true", "DestinationIp": "20.69.178.82", "SourcePortName": "-", "Image": "C:\\Windows\\System32\\WindowsPowerShell\\v1.0\\powershell.exe", "ProcessGuid": "{C784477D-2D7B-64C8-4306-000000001F00}", "DestinationHostname": "-", "UtcTime": "1682083385", "User": "DESKTOP-B0T93D6\\george", "DestinationPort": "80", "RuleName": "-", "SourcePort": "49730", "Protocol": "tcp", "DestinationIsIpv6": "false", "SourceIp": "192.168.2.9", "SourceHostname": "DESKTOP-B0T93D6.local"}}, {"values": {"EventID": "3", "ProcessId": "3556", "DestinationPortName": "http", "SourceIsIpv6": "false", "Initiated": "true", "DestinationIp": "20.69.178.82", "SourcePortName": "-", "Image": "C:\\Windows\\System32\\WindowsPowerShell\\v1.0\\powershell.exe", "RuleName": "-", "DestinationHostname": "-", "UtcTime": "1682083386", "User": "DESKTOP-B0T93D6\\george", "DestinationPort": "80", "ProcessGuid": "{C784477D-2D7B-64C8-4306-000000001F00}", "SourcePort": "49733", "Protocol": "tcp", "SourceHostname": "DESKTOP-B0T93D6.local", "SourceIp": "192.168.2.9", "DestinationIsIpv6": "false"}}, {"values": {"EventID": "3", "ProcessId": "3556", "DestinationPortName": "http", "Protocol": "tcp", "DestinationIp": "20.69.178.82", "Initiated": "true", "SourcePortName": "-", "Image": "C:\\Windows\\System32\\WindowsPowerShell\\v1.0\\powershell.exe", "RuleName": "-", "DestinationHostname": "-", "UtcTime": "1682083386", "User": "DESKTOP-B0T93D6\\george", "DestinationPort": "80", "ProcessGuid": "{C784477D-2D7B-64C8-4306-000000001F00}", "SourcePort": "49735", "SourceIsIpv6": "false", "SourceHostname": "DESKTOP-B0T93D6.local", "SourceIp": "192.168.2.9", "DestinationIsIpv6": "false"}}, {"values": {"EventID": "3", "ProcessId": "3556", "DestinationPortName": "http", "Protocol": "tcp", "DestinationIp": "20.69.178.82", "Initiated": "true", "SourcePortName": "-", "Image": "C:\\Windows\\System32\\WindowsPowerShell\\v1.0\\powershell.exe", "RuleName": "-", "DestinationHostname": "-", "UtcTime": "1682083386", "User": "DESKTOP-B0T93D6\\george", "DestinationPort": "80", "ProcessGuid": "{C784477D-2D7B-64C8-4306-000000001F00}", "SourcePort": "49736", "SourceIsIpv6": "false", "DestinationIsIpv6": "false", "SourceIp": "192.168.2.9", "SourceHostname": "DESKTOP-B0T93D6.local"}}, {"values": {"EventID": "3", "ProcessId": "3556", "DestinationPortName": "http", "Protocol": "tcp", "Initiated": "true", "DestinationIp": "20.69.178.82", "SourcePortName": "-", "Image": "C:\\Windows\\System32\\WindowsPowerShell\\v1.0\\powershell.exe", "ProcessGuid": "{C784477D-2D7B-64C8-4306-000000001F00}", "DestinationHostname": "-", "UtcTime": "1682083387", "User": "DESKTOP-B0T93D6\\george", "DestinationPort": "80", "RuleName": "-", "SourcePort": "49737", "SourceIsIpv6": "false", "DestinationIsIpv6": "false", "SourceIp": "192.168.2.9", "SourceHostname": "DESKTOP-B0T93D6.local"}}, {"values": {"EventID": "3", "ProcessId": "3556", "DestinationPortName": "http", "SourceIsIpv6": "false", "Initiated": "true", "DestinationIp": "20.69.178.82", "SourcePortName": "-", "Image": "C:\\Windows\\System32\\WindowsPowerShell\\v1.0\\powershell.exe", "ProcessGuid": "{C784477D-2D7B-64C8-4306-000000001F00}", "DestinationHostname": "-", "UtcTime": "1682083387", "User": "DESKTOP-B0T93D6\\george", "DestinationPort": "80", "RuleName": "-", "SourcePort": "49738", "Protocol": "tcp", "SourceHostname": "DESKTOP-B0T93D6.local", "SourceIp": "192.168.2.9", "DestinationIsIpv6": "false"}}, {"values": {"EventID": "3", "ProcessId": "3556", "DestinationPortName": "http", "SourceIsIpv6": "false", "DestinationIp": "20.69.178.82", "Initiated": "true", "SourcePortName": "-", "Image": "C:\\Windows\\System32\\WindowsPowerShell\\v1.0\\powershell.exe", "RuleName": "-", "DestinationHostname": "-", "UtcTime": "1682083387", "User": "DESKTOP-B0T93D6\\george", "DestinationPort": "80", "ProcessGuid": "{C784477D-2D7B-64C8-4306-000000001F00}", "SourcePort": "49739", "Protocol": "tcp", "DestinationIsIpv6": "false", "SourceIp": "192.168.2.9", "SourceHostname": "DESKTOP-B0T93D6.local"}}, {"values": {"EventID": "3", "ProcessId": "3556", "DestinationPortName": "http", "Protocol": "tcp", "DestinationIp": "20.69.178.82", "Initiated": "true", "SourcePortName": "-", "Image": "C:\\Windows\\System32\\WindowsPowerShell\\v1.0\\powershell.exe", "ProcessGuid": "{C784477D-2D7B-64C8-4306-000000001F00}", "DestinationHostname": "-", "UtcTime": "1682083387", "User": "DESKTOP-B0T93D6\\george", "DestinationPort": "80", "RuleName": "-", "SourcePort": "49740", "SourceIsIpv6": "false", "DestinationIsIpv6": "false", "SourceIp": "192.168.2.9", "SourceHostname": "DESKTOP-B0T93D6.local"}}, {"values": {"EventID": "3", "ProcessId": "3556", "DestinationPortName": "http", "Protocol": "tcp", "DestinationIp": "20.69.178.82", "Initiated": "true", "SourcePortName": "-", "Image": "C:\\Windows\\System32\\WindowsPowerShell\\v1.0\\powershell.exe", "ProcessGuid": "{C784477D-2D7B-64C8-4306-000000001F00}", "DestinationHostname": "-", "UtcTime": "1682083388", "User": "DESKTOP-B0T93D6\\george", "DestinationPort": "80", "RuleName": "-", "SourcePort": "49741", "SourceIsIpv6": "false", "DestinationIsIpv6": "false", "SourceIp": "192.168.2.9", "SourceHostname": "DESKTOP-B0T93D6.local"}}, {"values": {"EventID": "3", "ProcessId": "3556", "DestinationPortName": "http", "SourceIsIpv6": "false", "DestinationIp": "20.69.178.82", "Initiated": "true", "SourcePortName": "-", "Image": "C:\\Windows\\System32\\WindowsPowerShell\\v1.0\\powershell.exe", "RuleName": "-", "DestinationHostname": "-", "UtcTime": "1682083388", "User": "DESKTOP-B0T93D6\\george", "DestinationPort": "80", "ProcessGuid": "{C784477D-2D7B-64C8-4306-000000001F00}", "SourcePort": "49742", "Protocol": "tcp", "SourceHostname": "DESKTOP-B0T93D6.local", "SourceIp": "192.168.2.9", "DestinationIsIpv6": "false"}}, {"values": {"EventID": "3", "ProcessId": "3556", "DestinationPortName": "http", "SourceIsIpv6": "false", "Initiated": "true", "DestinationIp": "20.69.178.82", "SourcePortName": "-", "Image": "C:\\Windows\\System32\\WindowsPowerShell\\v1.0\\powershell.exe", "ProcessGuid": "{C784477D-2D7B-64C8-4306-000000001F00}", "DestinationHostname": "-", "UtcTime": "1682083388", "User": "DESKTOP-B0T93D6\\george", "DestinationPort": "80", "RuleName": "-", "SourcePort": "49743", "Protocol": "tcp", "SourceHostname": "DESKTOP-B0T93D6.local", "SourceIp": "192.168.2.9", "DestinationIsIpv6": "false"}}, {"values": {"EventID": "3", "ProcessId": "3556", "DestinationPortName": "http", "SourceIsIpv6": "false", "DestinationIp": "20.69.178.82", "Initiated": "true", "SourcePortName": "-", "Image": "C:\\Windows\\System32\\WindowsPowerShell\\v1.0\\powershell.exe", "ProcessGuid": "{C784477D-2D7B-64C8-4306-000000001F00}", "DestinationHostname": "-", "UtcTime": "1682083388", "User": "DESKTOP-B0T93D6\\george", "DestinationPort": "80", "RuleName": "-", "SourcePort": "49744", "Protocol": "tcp", "SourceHostname": "DESKTOP-B0T93D6.local", "SourceIp": "192.168.2.9", "DestinationIsIpv6": "false"}}, {"values": {"EventID": "3", "ProcessId": "3556", "DestinationPortName": "http", "SourceIsIpv6": "false", "Initiated": "true", "DestinationIp": "20.69.178.82", "SourcePortName": "-", "Image": "C:\\Windows\\System32\\WindowsPowerShell\\v1.0\\powershell.exe", "ProcessGuid": "{C784477D-2D7B-64C8-4306-000000001F00}", "DestinationHostname": "-", "UtcTime": "1682083389", "User": "DESKTOP-B0T93D6\\george", "DestinationPort": "80", "RuleName": "-", "SourcePort": "49746", "Protocol": "tcp", "DestinationIsIpv6": "false", "SourceIp": "192.168.2.9", "SourceHostname": "DESKTOP-B0T93D6.local"}}, {"values": {"EventID": "3", "ProcessId": "3556", "DestinationPortName": "http", "SourceIsIpv6": "false", "DestinationIp": "20.69.178.82", "Initiated": "true", "SourcePortName": "-", "Image": "C:\\Windows\\System32\\WindowsPowerShell\\v1.0\\powershell.exe", "RuleName": "-", "DestinationHostname": "-", "UtcTime": "1682083389", "User": "DESKTOP-B0T93D6\\george", "DestinationPort": "80", "ProcessGuid": "{C784477D-2D7B-64C8-4306-000000001F00}", "SourcePort": "49747", "Protocol": "tcp", "DestinationIsIpv6": "false", "SourceIp": "192.168.2.9", "SourceHostname": "DESKTOP-B0T93D6.local"}}, {"values": {"EventID": "3", "ProcessId": "3556", "DestinationPortName": "http", "Protocol": "tcp", "DestinationIp": "20.69.178.82", "Initiated": "true", "SourcePortName": "-", "Image": "C:\\Windows\\System32\\WindowsPowerShell\\v1.0\\powershell.exe", "ProcessGuid": "{C784477D-2D7B-64C8-4306-000000001F00}", "DestinationHostname": "-", "UtcTime": "1682083389", "User": "DESKTOP-B0T93D6\\george", "DestinationPort": "80", "RuleName": "-", "SourcePort": "49748", "SourceIsIpv6": "false", "DestinationIsIpv6": "false", "SourceIp": "192.168.2.9", "SourceHostname": "DESKTOP-B0T93D6.local"}}, {"values": {"EventID": "3", "ProcessId": "3556", "DestinationPortName": "http", "SourceIsIpv6": "false", "DestinationIp": "20.69.178.82", "Initiated": "true", "SourcePortName": "-", "Image": "C:\\Windows\\System32\\WindowsPowerShell\\v1.0\\powershell.exe", "RuleName": "-", "DestinationHostname": "-", "UtcTime": "1682083389", "User": "DESKTOP-B0T93D6\\george", "DestinationPort": "80", "ProcessGuid": "{C784477D-2D7B-64C8-4306-000000001F00}", "SourcePort": "49745", "Protocol": "tcp", "DestinationIsIpv6": "false", "SourceIp": "192.168.2.9", "SourceHostname": "DESKTOP-B0T93D6.local"}}, {"values": {"EventID": "3", "ProcessId": "3556", "DestinationPortName": "http", "SourceIsIpv6": "false", "DestinationIp": "20.69.178.82", "Initiated": "true", "SourcePortName": "-", "Image": "C:\\Windows\\System32\\WindowsPowerShell\\v1.0\\powershell.exe", "ProcessGuid": "{C784477D-2D7B-64C8-4306-000000001F00}", "DestinationHostname": "-", "UtcTime": "1682083389", "User": "DESKTOP-B0T93D6\\george", "DestinationPort": "80", "RuleName": "-", "SourcePort": "49749", "Protocol": "tcp", "DestinationIsIpv6": "false", "SourceIp": "192.168.2.9", "SourceHostname": "DESKTOP-B0T93D6.local"}}, {"values": {"EventID": "3", "ProcessId": "3556", "DestinationPortName": "http", "SourceIsIpv6": "false", "Initiated": "true", "DestinationIp": "20.69.178.82", "SourcePortName": "-", "Image": "C:\\Windows\\System32\\WindowsPowerShell\\v1.0\\powershell.exe", "ProcessGuid": "{C784477D-2D7B-64C8-4306-000000001F00}", "DestinationHostname": "-", "UtcTime": "1682083390", "User": "DESKTOP-B0T93D6\\george", "DestinationPort": "80", "RuleName": "-", "SourcePort": "49750", "Protocol": "tcp", "SourceHostname": "DESKTOP-B0T93D6.local", "SourceIp": "192.168.2.9", "DestinationIsIpv6": "false"}}, {"values": {"EventID": "3", "ProcessId": "3556", "DestinationPortName": "http", "Protocol": "tcp", "DestinationIp": "20.69.178.82", "Initiated": "true", "SourcePortName": "-", "Image": "C:\\Windows\\System32\\WindowsPowerShell\\v1.0\\powershell.exe", "RuleName": "-", "DestinationHostname": "-", "UtcTime": "1682083390", "User": "DESKTOP-B0T93D6\\george", "DestinationPort": "80", "ProcessGuid": "{C784477D-2D7B-64C8-4306-000000001F00}", "SourcePort": "49751", "SourceIsIpv6": "false", "SourceHostname": "DESKTOP-B0T93D6.local", "SourceIp": "192.168.2.9", "DestinationIsIpv6": "false"}}, {"values": {"EventID": "3", "ProcessId": "3556", "DestinationPortName": "http", "SourceIsIpv6": "false", "DestinationIp": "20.69.178.82", "Initiated": "true", "SourcePortName": "-", "Image": "C:\\Windows\\System32\\WindowsPowerShell\\v1.0\\powershell.exe", "ProcessGuid": "{C784477D-2D7B-64C8-4306-000000001F00}", "DestinationHostname": "-", "UtcTime": "1682083390", "User": "DESKTOP-B0T93D6\\george", "DestinationPort": "80", "RuleName": "-", "SourcePort": "49752", "Protocol": "tcp", "SourceHostname": "DESKTOP-B0T93D6.local", "SourceIp": "192.168.2.9", "DestinationIsIpv6": "false"}}, {"values": {"EventID": "3", "ProcessId": "3556", "DestinationPortName": "http", "Protocol": "tcp", "DestinationIp": "20.69.178.82", "Initiated": "true", "SourcePortName": "-", "Image": "C:\\Windows\\System32\\WindowsPowerShell\\v1.0\\powershell.exe", "RuleName": "-", "DestinationHostname": "-", "UtcTime": "1682083390", "User": "DESKTOP-B0T93D6\\george", "DestinationPort": "80", "ProcessGuid": "{C784477D-2D7B-64C8-4306-000000001F00}", "SourcePort": "49753", "SourceIsIpv6": "false", "DestinationIsIpv6": "false", "SourceIp": "192.168.2.9", "SourceHostname": "DESKTOP-B0T93D6.local"}}, {"values": {"EventID": "3", "ProcessId": "3556", "DestinationPortName": "http", "SourceIsIpv6": "false", "DestinationIp": "20.69.178.82", "Initiated": "true", "SourcePortName": "-", "Image": "C:\\Windows\\System32\\WindowsPowerShell\\v1.0\\powershell.exe", "RuleName": "-", "DestinationHostname": "-", "UtcTime": "1682083391", "User": "DESKTOP-B0T93D6\\george", "DestinationPort": "80", "ProcessGuid": "{C784477D-2D7B-64C8-4306-000000001F00}", "SourcePort": "49754", "Protocol": "tcp", "SourceHostname": "DESKTOP-B0T93D6.local", "SourceIp": "192.168.2.9", "DestinationIsIpv6": "false"}}, {"values": {"EventID": "3", "ProcessId": "3556", "DestinationPortName": "http", "Protocol": "tcp", "Initiated": "true", "DestinationIp": "20.69.178.82", "SourcePortName": "-", "Image": "C:\\Windows\\System32\\WindowsPowerShell\\v1.0\\powershell.exe", "ProcessGuid": "{C784477D-2D7B-64C8-4306-000000001F00}", "DestinationHostname": "-", "UtcTime": "1682083391", "User": "DESKTOP-B0T93D6\\george", "DestinationPort": "80", "RuleName": "-", "SourcePort": "49755", "SourceIsIpv6": "false", "SourceHostname": "DESKTOP-B0T93D6.local", "SourceIp": "192.168.2.9", "DestinationIsIpv6": "false"}}, {"values": {"EventID": "3", "ProcessId": "3556", "DestinationPortName": "http", "SourceIsIpv6": "false", "DestinationIp": "20.69.178.82", "Initiated": "true", "SourcePortName": "-", "Image": "C:\\Windows\\System32\\WindowsPowerShell\\v1.0\\powershell.exe", "RuleName": "-", "DestinationHostname": "-", "UtcTime": "1682083391", "User": "DESKTOP-B0T93D6\\george", "DestinationPort": "80", "ProcessGuid": "{C784477D-2D7B-64C8-4306-000000001F00}", "SourcePort": "49756", "Protocol": "tcp", "SourceHostname": "DESKTOP-B0T93D6.local", "SourceIp": "192.168.2.9", "DestinationIsIpv6": "false"}}, {"values": {"EventID": "3", "ProcessId": "3556", "DestinationPortName": "http", "SourceIsIpv6": "false", "Initiated": "true", "DestinationIp": "20.69.178.82", "SourcePortName": "-", "Image": "C:\\Windows\\System32\\WindowsPowerShell\\v1.0\\powershell.exe", "RuleName": "-", "DestinationHostname": "-", "UtcTime": "1682083391", "User": "DESKTOP-B0T93D6\\george", "DestinationPort": "80", "ProcessGuid": "{C784477D-2D7B-64C8-4306-000000001F00}", "SourcePort": "49757", "Protocol": "tcp", "SourceHostname": "DESKTOP-B0T93D6.local", "SourceIp": "192.168.2.9", "DestinationIsIpv6": "false"}}, {"values": {"EventID": "3", "ProcessId": "3556", "DestinationPortName": "http", "Protocol": "tcp", "Initiated": "true", "DestinationIp": "20.69.178.82", "SourcePortName": "-", "Image": "C:\\Windows\\System32\\WindowsPowerShell\\v1.0\\powershell.exe", "RuleName": "-", "DestinationHostname": "-", "UtcTime": "1682083391", "User": "DESKTOP-B0T93D6\\george", "DestinationPort": "80", "ProcessGuid": "{C784477D-2D7B-64C8-4306-000000001F00}", "SourcePort": "49758", "SourceIsIpv6": "false", "SourceHostname": "DESKTOP-B0T93D6.local", "SourceIp": "192.168.2.9", "DestinationIsIpv6": "false"}}, {"values": {"EventID": "3", "ProcessId": "3556", "DestinationPortName": "http", "Protocol": "tcp", "DestinationIp": "20.69.178.82", "Initiated": "true", "SourcePortName": "-", "Image": "C:\\Windows\\System32\\WindowsPowerShell\\v1.0\\powershell.exe", "ProcessGuid": "{C784477D-2D7B-64C8-4306-000000001F00}", "DestinationHostname": "-", "UtcTime": "1682083392", "User": "DESKTOP-B0T93D6\\george", "DestinationPort": "80", "RuleName": "-", "SourcePort": "49759", "SourceIsIpv6": "false", "SourceHostname": "DESKTOP-B0T93D6.local", "SourceIp": "192.168.2.9", "DestinationIsIpv6": "false"}}, {"values": {"EventID": "3", "ProcessId": "3556", "DestinationPortName": "http", "Protocol": "tcp", "Initiated": "true", "DestinationIp": "20.69.178.82", "SourcePortName": "-", "Image": "C:\\Windows\\System32\\WindowsPowerShell\\v1.0\\powershell.exe", "ProcessGuid": "{C784477D-2D7B-64C8-4306-000000001F00}", "DestinationHostname": "-", "UtcTime": "1682083392", "User": "DESKTOP-B0T93D6\\george", "DestinationPort": "80", "RuleName": "-", "SourcePort": "49760", "SourceIsIpv6": "false", "SourceHostname": "DESKTOP-B0T93D6.local", "SourceIp": "192.168.2.9", "DestinationIsIpv6": "false"}}, {"values": {"EventID": "3", "ProcessId": "3556", "DestinationPortName": "http", "Protocol": "tcp", "DestinationIp": "20.69.178.82", "Initiated": "true", "SourcePortName": "-", "Image": "C:\\Windows\\System32\\WindowsPowerShell\\v1.0\\powershell.exe", "ProcessGuid": "{C784477D-2D7B-64C8-4306-000000001F00}", "DestinationHostname": "-", "UtcTime": "1682083392", "User": "DESKTOP-B0T93D6\\george", "DestinationPort": "80", "RuleName": "-", "SourcePort": "49762", "SourceIsIpv6": "false", "DestinationIsIpv6": "false", "SourceIp": "192.168.2.9", "SourceHostname": "DESKTOP-B0T93D6.local"}}, {"values": {"EventID": "3", "ProcessId": "3556", "DestinationPortName": "http", "Protocol": "tcp", "DestinationIp": "20.69.178.82", "Initiated": "true", "SourcePortName": "-", "Image": "C:\\Windows\\System32\\WindowsPowerShell\\v1.0\\powershell.exe", "ProcessGuid": "{C784477D-2D7B-64C8-4306-000000001F00}", "DestinationHostname": "-", "UtcTime": "1682083392", "User": "DESKTOP-B0T93D6\\george", "DestinationPort": "80", "RuleName": "-", "SourcePort": "49761", "SourceIsIpv6": "false", "SourceHostname": "DESKTOP-B0T93D6.local", "SourceIp": "192.168.2.9", "DestinationIsIpv6": "false"}}, {"values": {"EventID": "3", "ProcessId": "3556", "DestinationPortName": "http", "SourceIsIpv6": "false", "DestinationIp": "20.69.178.82", "Initiated": "true", "SourcePortName": "-", "Image": "C:\\Windows\\System32\\WindowsPowerShell\\v1.0\\powershell.exe", "RuleName": "-", "DestinationHostname": "-", "UtcTime": "1682083393", "User": "DESKTOP-B0T93D6\\george", "DestinationPort": "80", "ProcessGuid": "{C784477D-2D7B-64C8-4306-000000001F00}", "SourcePort": "49763", "Protocol": "tcp", "DestinationIsIpv6": "false", "SourceIp": "192.168.2.9", "SourceHostname": "DESKTOP-B0T93D6.local"}}, {"values": {"EventID": "3", "ProcessId": "3556", "DestinationPortName": "http", "Protocol": "tcp", "Initiated": "true", "DestinationIp": "20.69.178.82", "SourcePortName": "-", "Image": "C:\\Windows\\System32\\WindowsPowerShell\\v1.0\\powershell.exe", "RuleName": "-", "DestinationHostname": "-", "UtcTime": "1682083393", "User": "DESKTOP-B0T93D6\\george", "DestinationPort": "80", "ProcessGuid": "{C784477D-2D7B-64C8-4306-000000001F00}", "SourcePort": "49764", "SourceIsIpv6": "false", "SourceHostname": "DESKTOP-B0T93D6.local", "SourceIp": "192.168.2.9", "DestinationIsIpv6": "false"}}, {"values": {"EventID": "3", "ProcessId": "3556", "DestinationPortName": "http", "SourceIsIpv6": "false", "Initiated": "true", "DestinationIp": "20.69.178.82", "SourcePortName": "-", "Image": "C:\\Windows\\System32\\WindowsPowerShell\\v1.0\\powershell.exe", "ProcessGuid": "{C784477D-2D7B-64C8-4306-000000001F00}", "DestinationHostname": "-", "UtcTime": "1682083393", "User": "DESKTOP-B0T93D6\\george", "DestinationPort": "80", "RuleName": "-", "SourcePort": "49765", "Protocol": "tcp", "DestinationIsIpv6": "false", "SourceIp": "192.168.2.9", "SourceHostname": "DESKTOP-B0T93D6.local"}}, {"values": {"EventID": "3", "ProcessId": "3556", "DestinationPortName": "http", "SourceIsIpv6": "false", "Initiated": "true", "DestinationIp": "20.69.178.82", "SourcePortName": "-", "Image": "C:\\Windows\\System32\\WindowsPowerShell\\v1.0\\powershell.exe", "ProcessGuid": "{C784477D-2D7B-64C8-4306-000000001F00}", "DestinationHostname": "-", "UtcTime": "1682083393", "User": "DESKTOP-B0T93D6\\george", "DestinationPort": "80", "RuleName": "-", "SourcePort": "49766", "Protocol": "tcp", "SourceHostname": "DESKTOP-B0T93D6.local", "SourceIp": "192.168.2.9", "DestinationIsIpv6": "false"}}, {"values": {"EventID": "3", "ProcessId": "3556", "DestinationPortName": "http", "SourceIsIpv6": "false", "DestinationIp": "20.69.178.82", "Initiated": "true", "SourcePortName": "-", "Image": "C:\\Windows\\System32\\WindowsPowerShell\\v1.0\\powershell.exe", "RuleName": "-", "DestinationHostname": "-", "UtcTime": "1682083393", "User": "DESKTOP-B0T93D6\\george", "DestinationPort": "80", "ProcessGuid": "{C784477D-2D7B-64C8-4306-000000001F00}", "SourcePort": "49767", "Protocol": "tcp", "DestinationIsIpv6": "false", "SourceIp": "192.168.2.9", "SourceHostname": "DESKTOP-B0T93D6.local"}}, {"values": {"EventID": "3", "ProcessId": "3556", "DestinationPortName": "http", "SourceIsIpv6": "false", "DestinationIp": "20.69.178.82", "Initiated": "true", "SourcePortName": "-", "Image": "C:\\Windows\\System32\\WindowsPowerShell\\v1.0\\powershell.exe", "ProcessGuid": "{C784477D-2D7B-64C8-4306-000000001F00}", "DestinationHostname": "-", "UtcTime": "1682083394", "User": "DESKTOP-B0T93D6\\george", "DestinationPort": "80", "RuleName": "-", "SourcePort": "49768", "Protocol": "tcp", "SourceHostname": "DESKTOP-B0T93D6.local", "SourceIp": "192.168.2.9", "DestinationIsIpv6": "false"}}, {"values": {"EventID": "3", "ProcessId": "3556", "DestinationPortName": "http", "Protocol": "tcp", "Initiated": "true", "DestinationIp": "20.69.178.82", "SourcePortName": "-", "Image": "C:\\Windows\\System32\\WindowsPowerShell\\v1.0\\powershell.exe", "RuleName": "-", "DestinationHostname": "-", "UtcTime": "1682083394", "User": "DESKTOP-B0T93D6\\george", "DestinationPort": "80", "ProcessGuid": "{C784477D-2D7B-64C8-4306-000000001F00}", "SourcePort": "49769", "SourceIsIpv6": "false", "SourceHostname": "DESKTOP-B0T93D6.local", "SourceIp": "192.168.2.9", "DestinationIsIpv6": "false"}}, {"values": {"EventID": "3", "ProcessId": "3556", "DestinationPortName": "http", "SourceIsIpv6": "false", "Initiated": "true", "DestinationIp": "20.69.178.82", "SourcePortName": "-", "Image": "C:\\Windows\\System32\\WindowsPowerShell\\v1.0\\powershell.exe", "ProcessGuid": "{C784477D-2D7B-64C8-4306-000000001F00}", "DestinationHostname": "-", "UtcTime": "1682083394", "User": "DESKTOP-B0T93D6\\george", "DestinationPort": "80", "RuleName": "-", "SourcePort": "49770", "Protocol": "tcp", "DestinationIsIpv6": "false", "SourceIp": "192.168.2.9", "SourceHostname": "DESKTOP-B0T93D6.local"}}, {"values": {"EventID": "3", "ProcessId": "3556", "DestinationPortName": "http", "Protocol": "tcp", "Initiated": "true", "DestinationIp": "20.69.178.82", "SourcePortName": "-", "Image": "C:\\Windows\\System32\\WindowsPowerShell\\v1.0\\powershell.exe", "ProcessGuid": "{C784477D-2D7B-64C8-4306-000000001F00}", "DestinationHostname": "-", "UtcTime": "1682083394", "User": "DESKTOP-B0T93D6\\george", "DestinationPort": "80", "RuleName": "-", "SourcePort": "49771", "SourceIsIpv6": "false", "SourceHostname": "DESKTOP-B0T93D6.local", "SourceIp": "192.168.2.9", "DestinationIsIpv6": "false"}}, {"values": {"EventID": "3", "ProcessId": "3556", "DestinationPortName": "http", "Protocol": "tcp", "DestinationIp": "20.69.178.82", "Initiated": "true", "SourcePortName": "-", "Image": "C:\\Windows\\System32\\WindowsPowerShell\\v1.0\\powershell.exe", "RuleName": "-", "DestinationHostname": "-", "UtcTime": "1682083395", "User": "DESKTOP-B0T93D6\\george", "DestinationPort": "80", "ProcessGuid": "{C784477D-2D7B-64C8-4306-000000001F00}", "SourcePort": "49772", "SourceIsIpv6": "false", "SourceHostname": "DESKTOP-B0T93D6.local", "SourceIp": "192.168.2.9", "DestinationIsIpv6": "false"}}, {"values": {"EventID": "3", "ProcessId": "3556", "DestinationPortName": "http", "Protocol": "tcp", "DestinationIp": "20.69.178.82", "Initiated": "true", "SourcePortName": "-", "Image": "C:\\Windows\\System32\\WindowsPowerShell\\v1.0\\powershell.exe", "RuleName": "-", "DestinationHostname": "-", "UtcTime": "1682083395", "User": "DESKTOP-B0T93D6\\george", "DestinationPort": "80", "ProcessGuid": "{C784477D-2D7B-64C8-4306-000000001F00}", "SourcePort": "49773", "SourceIsIpv6": "false", "SourceHostname": "DESKTOP-B0T93D6.local", "SourceIp": "192.168.2.9", "DestinationIsIpv6": "false"}}, {"values": {"EventID": "3", "ProcessId": "3556", "DestinationPortName": "http", "SourceIsIpv6": "false", "Initiated": "true", "DestinationIp": "20.69.178.82", "SourcePortName": "-", "Image": "C:\\Windows\\System32\\WindowsPowerShell\\v1.0\\powershell.exe", "ProcessGuid": "{C784477D-2D7B-64C8-4306-000000001F00}", "DestinationHostname": "-", "UtcTime": "1682083395", "User": "DESKTOP-B0T93D6\\george", "DestinationPort": "80", "RuleName": "-", "SourcePort": "49774", "Protocol": "tcp", "DestinationIsIpv6": "false", "SourceIp": "192.168.2.9", "SourceHostname": "DESKTOP-B0T93D6.local"}}, {"values": {"EventID": "3", "ProcessId": "3556", "DestinationPortName": "http", "Protocol": "tcp", "Initiated": "true", "DestinationIp": "20.69.178.82", "SourcePortName": "-", "Image": "C:\\Windows\\System32\\WindowsPowerShell\\v1.0\\powershell.exe", "RuleName": "-", "DestinationHostname": "-", "UtcTime": "1682083395", "User": "DESKTOP-B0T93D6\\george", "DestinationPort": "80", "ProcessGuid": "{C784477D-2D7B-64C8-4306-000000001F00}", "SourcePort": "49775", "SourceIsIpv6": "false", "SourceHostname": "DESKTOP-B0T93D6.local", "SourceIp": "192.168.2.9", "DestinationIsIpv6": "false"}}, {"values": {"EventID": "3", "ProcessId": "3556", "DestinationPortName": "http", "Protocol": "tcp", "Initiated": "true", "DestinationIp": "20.69.178.82", "SourcePortName": "-", "Image": "C:\\Windows\\System32\\WindowsPowerShell\\v1.0\\powershell.exe", "RuleName": "-", "DestinationHostname": "-", "UtcTime": "1682083395", "User": "DESKTOP-B0T93D6\\george", "DestinationPort": "80", "ProcessGuid": "{C784477D-2D7B-64C8-4306-000000001F00}", "SourcePort": "49776", "SourceIsIpv6": "false", "DestinationIsIpv6": "false", "SourceIp": "192.168.2.9", "SourceHostname": "DESKTOP-B0T93D6.local"}}, {"values": {"EventID": "3", "ProcessId": "3556", "DestinationPortName": "http", "SourceIsIpv6": "false", "DestinationIp": "20.69.178.82", "Initiated": "true", "SourcePortName": "-", "Image": "C:\\Windows\\System32\\WindowsPowerShell\\v1.0\\powershell.exe", "RuleName": "-", "DestinationHostname": "-", "UtcTime": "1682083396", "User": "DESKTOP-B0T93D6\\george", "DestinationPort": "80", "ProcessGuid": "{C784477D-2D7B-64C8-4306-000000001F00}", "SourcePort": "49777", "Protocol": "tcp", "SourceHostname": "DESKTOP-B0T93D6.local", "SourceIp": "192.168.2.9", "DestinationIsIpv6": "false"}}, {"values": {"EventID": "3", "ProcessId": "3556", "DestinationPortName": "http", "SourceIsIpv6": "false", "DestinationIp": "20.69.178.82", "Initiated": "true", "SourcePortName": "-", "Image": "C:\\Windows\\System32\\WindowsPowerShell\\v1.0\\powershell.exe", "RuleName": "-", "DestinationHostname": "-", "UtcTime": "1682083396", "User": "DESKTOP-B0T93D6\\george", "DestinationPort": "80", "ProcessGuid": "{C784477D-2D7B-64C8-4306-000000001F00}", "SourcePort": "49778", "Protocol": "tcp", "SourceHostname": "DESKTOP-B0T93D6.local", "SourceIp": "192.168.2.9", "DestinationIsIpv6": "false"}}, {"values": {"EventID": "3", "ProcessId": "3556", "DestinationPortName": "http", "SourceIsIpv6": "false", "DestinationIp": "20.69.178.82", "Initiated": "true", "SourcePortName": "-", "Image": "C:\\Windows\\System32\\WindowsPowerShell\\v1.0\\powershell.exe", "ProcessGuid": "{C784477D-2D7B-64C8-4306-000000001F00}", "DestinationHostname": "-", "UtcTime": "1682083396", "User": "DESKTOP-B0T93D6\\george", "DestinationPort": "80", "RuleName": "-", "SourcePort": "49779", "Protocol": "tcp", "DestinationIsIpv6": "false", "SourceIp": "192.168.2.9", "SourceHostname": "DESKTOP-B0T93D6.local"}}, {"values": {"EventID": "3", "ProcessId": "3556", "DestinationPortName": "http", "Protocol": "tcp", "DestinationIp": "20.69.178.82", "Initiated": "true", "SourcePortName": "-", "Image": "C:\\Windows\\System32\\WindowsPowerShell\\v1.0\\powershell.exe", "RuleName": "-", "DestinationHostname": "-", "UtcTime": "1682083396", "User": "DESKTOP-B0T93D6\\george", "DestinationPort": "80", "ProcessGuid": "{C784477D-2D7B-64C8-4306-000000001F00}", "SourcePort": "49780", "SourceIsIpv6": "false", "DestinationIsIpv6": "false", "SourceIp": "192.168.2.9", "SourceHostname": "DESKTOP-B0T93D6.local"}}, {"values": {"EventID": "3", "ProcessId": "3556", "DestinationPortName": "http", "Protocol": "tcp", "DestinationIp": "20.69.178.82", "Initiated": "true", "SourcePortName": "-", "Image": "C:\\Windows\\System32\\WindowsPowerShell\\v1.0\\powershell.exe", "RuleName": "-", "DestinationHostname": "-", "UtcTime": "1682083397", "User": "DESKTOP-B0T93D6\\george", "DestinationPort": "80", "ProcessGuid": "{C784477D-2D7B-64C8-4306-000000001F00}", "SourcePort": "49781", "SourceIsIpv6": "false", "SourceHostname": "DESKTOP-B0T93D6.local", "SourceIp": "192.168.2.9", "DestinationIsIpv6": "false"}}, {"values": {"EventID": "3", "ProcessId": "3556", "DestinationPortName": "http", "SourceIsIpv6": "false", "DestinationIp": "20.69.178.82", "Initiated": "true", "SourcePortName": "-", "Image": "C:\\Windows\\System32\\WindowsPowerShell\\v1.0\\powershell.exe", "RuleName": "-", "DestinationHostname": "-", "UtcTime": "1682083397", "User": "DESKTOP-B0T93D6\\george", "DestinationPort": "80", "ProcessGuid": "{C784477D-2D7B-64C8-4306-000000001F00}", "SourcePort": "49782", "Protocol": "tcp", "SourceHostname": "DESKTOP-B0T93D6.local", "SourceIp": "192.168.2.9", "DestinationIsIpv6": "false"}}, {"values": {"EventID": "3", "ProcessId": "3556", "DestinationPortName": "http", "Protocol": "tcp", "Initiated": "true", "DestinationIp": "20.69.178.82", "SourcePortName": "-", "Image": "C:\\Windows\\System32\\WindowsPowerShell\\v1.0\\powershell.exe", "ProcessGuid": "{C784477D-2D7B-64C8-4306-000000001F00}", "DestinationHostname": "-", "UtcTime": "1682083397", "User": "DESKTOP-B0T93D6\\george", "DestinationPort": "80", "RuleName": "-", "SourcePort": "49783", "SourceIsIpv6": "false", "DestinationIsIpv6": "false", "SourceIp": "192.168.2.9", "SourceHostname": "DESKTOP-B0T93D6.local"}}, {"values": {"EventID": "3", "ProcessId": "3556", "DestinationPortName": "http", "SourceIsIpv6": "false", "Initiated": "true", "DestinationIp": "20.69.178.82", "SourcePortName": "-", "Image": "C:\\Windows\\System32\\WindowsPowerShell\\v1.0\\powershell.exe", "RuleName": "-", "DestinationHostname": "-", "UtcTime": "1682083397", "User": "DESKTOP-B0T93D6\\george", "DestinationPort": "80", "ProcessGuid": "{C784477D-2D7B-64C8-4306-000000001F00}", "SourcePort": "49784", "Protocol": "tcp", "SourceHostname": "DESKTOP-B0T93D6.local", "SourceIp": "192.168.2.9", "DestinationIsIpv6": "false"}}, {"values": {"EventID": "3", "ProcessId": "3556", "DestinationPortName": "http", "SourceIsIpv6": "false", "DestinationIp": "20.69.178.82", "Initiated": "true", "SourcePortName": "-", "Image": "C:\\Windows\\System32\\WindowsPowerShell\\v1.0\\powershell.exe", "RuleName": "-", "DestinationHostname": "-", "UtcTime": "1682083397", "User": "DESKTOP-B0T93D6\\george", "DestinationPort": "80", "ProcessGuid": "{C784477D-2D7B-64C8-4306-000000001F00}", "SourcePort": "49785", "Protocol": "tcp", "SourceHostname": "DESKTOP-B0T93D6.local", "SourceIp": "192.168.2.9", "DestinationIsIpv6": "false"}}, {"values": {"EventID": "3", "ProcessId": "3556", "DestinationPortName": "http", "Protocol": "tcp", "DestinationIp": "20.69.178.82", "Initiated": "true", "SourcePortName": "-", "Image": "C:\\Windows\\System32\\WindowsPowerShell\\v1.0\\powershell.exe", "RuleName": "-", "DestinationHostname": "-", "UtcTime": "1682083398", "User": "DESKTOP-B0T93D6\\george", "DestinationPort": "80", "ProcessGuid": "{C784477D-2D7B-64C8-4306-000000001F00}", "SourcePort": "49786", "SourceIsIpv6": "false", "SourceHostname": "DESKTOP-B0T93D6.local", "SourceIp": "192.168.2.9", "DestinationIsIpv6": "false"}}, {"values": {"EventID": "3", "ProcessId": "3556", "DestinationPortName": "http", "Protocol": "tcp", "Initiated": "true", "DestinationIp": "20.69.178.82", "SourcePortName": "-", "Image": "C:\\Windows\\System32\\WindowsPowerShell\\v1.0\\powershell.exe", "ProcessGuid": "{C784477D-2D7B-64C8-4306-000000001F00}", "DestinationHostname": "-", "UtcTime": "1682083398", "User": "DESKTOP-B0T93D6\\george", "DestinationPort": "80", "RuleName": "-", "SourcePort": "49787", "SourceIsIpv6": "false", "DestinationIsIpv6": "false", "SourceIp": "192.168.2.9", "SourceHostname": "DESKTOP-B0T93D6.local"}}, {"values": {"EventID": "3", "ProcessId": "3556", "DestinationPortName": "http", "SourceIsIpv6": "false", "DestinationIp": "20.69.178.82", "Initiated": "true", "SourcePortName": "-", "Image": "C:\\Windows\\System32\\WindowsPowerShell\\v1.0\\powershell.exe", "RuleName": "-", "DestinationHostname": "-", "UtcTime": "1682083398", "User": "DESKTOP-B0T93D6\\george", "DestinationPort": "80", "ProcessGuid": "{C784477D-2D7B-64C8-4306-000000001F00}", "SourcePort": "49788", "Protocol": "tcp", "DestinationIsIpv6": "false", "SourceIp": "192.168.2.9", "SourceHostname": "DESKTOP-B0T93D6.local"}}, 