{"data": {"attributes": {"type_description": "Powershell", "tlsh": "T18CA49E72024B7DCABB760C84E70539086CA97CCF9738C144FD881597B9FA99CBE486B5", "vhash": "4a9b1fb2230549c442675a98c11f21b7", "type_tags": ["source", "powershell", "ps", "ps1"], "crowdsourced_yara_results": [{"description": "This signature detects the presence of a number of Windows API functionality often seen within embedded executables. When this signature alerts on an executable, it is not an indication of malicious behavior. However, if seen firing in other file types, deeper investigation may be warranted.", "source": "https://github.com/InQuest/yara-rules-vt", "author": "InQuest Labs", "ruleset_name": "Windows_API_Function", "rule_name": "Windows_API_Function", "ruleset_id": "0122a7f913"}], "names": ["mal.ps1", "mal.txt", "malware.ps1", "ASkaIL"], "last_modification_date": 1689090476, "type_tag": "powershell", "times_submitted": 3, "total_votes": {"harmless": 0, "malicious": 0}, "size": 478891, "type_extension": "ps1", "last_submission_date": 1689050699, "sigma_analysis_results": [{"rule_title": "Potential WinAPI Calls Via PowerShell Scripts", "rule_source": "Sigma Integrated Rule Set (GitHub)", "match_context": [{"values": {"EventID": "4104", "ScriptBlockText": "f8709baff8f50473f8e1a98206dd020162bbdd3f7cdd5cb4e24ba0248e680677", "ScriptBlockId": "eddec932-6815-4c59-abf6-29fc546cf33d", "MessageNumber": "1", "Path": "C:\\Users\\azure\\Downloads\\74ccc28b9513edaae34c5b54fca3ffcff50f3f4dd5b2bd62e88236760ae53100.ps1", "MessageTotal": "26"}}, {"values": {"EventID": "4104", "ScriptBlockText": "59b347de48183d479437d273966ea710f196e550c3e42af9474e62ac972b17a8", "ScriptBlockId": "eddec932-6815-4c59-abf6-29fc546cf33d", "MessageNumber": "26", "Path": "C:\\Users\\azure\\Downloads\\74ccc28b9513edaae34c5b54fca3ffcff50f3f4dd5b2bd62e88236760ae53100.ps1", "MessageTotal": "26"}}], "rule_level": "high", "rule_description": "Detects use of WinAPI Functions in PowerShell scripts", "rule_author": "Nikita Nazarov, oscd.community, Tim Shelton", "rule_id": "6c44b18934e9ddd288d035d35a258c41fce2d5f5ebafc55ff866a95fb78db9c2"}, {"rule_title": "Change PowerShell Policies to an Insecure Level", "rule_source": "Sigma Integrated Rule Set (GitHub)", "match_context": [{"values": {"TerminalSessionId": "1", "ProcessGuid": "{C784477D-9892-64AB-4306-000000004400}", "ProcessId": "1648", "Product": "Microsoft\\xae Windows\\xae Operating System", "Description": "Windows PowerShell", "Company": "Microsoft Corporation", "ParentProcessGuid": "{C784477D-37F0-647F-6700-000000004400}", "User": "DESKTOP-B0T93D6\\george", "Hashes": "MD5=95000560239032BC68B4C2FDFCDEF913,SHA256=D3F8FADE829D2B7BD596C4504A6DAE5C034E789B6A3DEFBE013BDA7D14466677,IMPHASH=741776AACCFC5B71FF59832DCDCACE0F", "OriginalFileName": "PowerShell.EXE", "ParentImage": "C:\\Windows\\explorer.exe", "FileVersion": "10.0.17134.1 (WinBuild.160101.0800)", "ParentProcessId": "4836", "CurrentDirectory": "C:\\Users\\george\\Desktop\\", "CommandLine": "\"C:\\Windows\\System32\\WindowsPowerShell\\v1.0\\powershell.exe\" -noLogo -ExecutionPolicy unrestricted -file \"C:\\Users\\george\\Desktop\\malware.ps1\"", "EventID": "1", "LogonGuid": "C784477D-37EF-647F-C2E1-030000000000", "LogonId": "254402", "Image": "C:\\Windows\\System32\\WindowsPowerShell\\v1.0\\powershell.exe", "IntegrityLevel": "High", "ParentCommandLine": "C:\\Windows\\Explorer.EXE", "UtcTime": "1688967314", "RuleName": "-"}}], "rule_level": "medium", "rule_description": "Detects use of executionpolicy option to set insecure policies", "rule_author": "frack113", "rule_id": "06b48fa7870d38bdf92b4d4a9b9c4a4df779bd405fdc5ba0e70911df20027ce1"}, {"rule_title": "PowerShell Network Connections", "rule_source": "Sigma Integrated Rule Set (GitHub)", "match_context": [{"values": {"EventID": "3", "ProcessId": "1648", "DestinationPortName": "http", "Protocol": "tcp", "DestinationIp": "152.89.198.29", "Initiated": "true", "SourcePortName": "-", "Image": "C:\\Windows\\System32\\WindowsPowerShell\\v1.0\\powershell.exe", "RuleName": "-", "DestinationHostname": "-", "UtcTime": "1686059355", "User": "DESKTOP-B0T93D6\\george", "DestinationPort": "80", "ProcessGuid": "{C784477D-9892-64AB-4306-000000004400}", "SourcePort": "49726", "SourceIsIpv6": "false", "SourceHostname": "DESKTOP-B0T93D6.local", "SourceIp": "192.168.2.11", "DestinationIsIpv6": "false"}}, {"values": {"EventID": "3", "ProcessId": "1648", "DestinationPortName": "http", "SourceIsIpv6": "false", "DestinationIp": "152.89.198.29", "Initiated": "true", "SourcePortName": "-", "Image": "C:\\Windows\\System32\\WindowsPowerShell\\v1.0\\powershell.exe", "RuleName": "-", "DestinationHostname": "-", "UtcTime": "1686059354", "User": "DESKTOP-B0T93D6\\george", "DestinationPort": "80", "ProcessGuid": "{C784477D-9892-64AB-4306-000000004400}", "SourcePort": "49723", "Protocol": "tcp", "SourceHostname": "DESKTOP-B0T93D6.local", "SourceIp": "192.168.2.11", "DestinationIsIpv6": "false"}}, {"values": {"EventID": "3", "ProcessId": "1648", "DestinationPortName": "http", "Protocol": "tcp", "DestinationIp": "152.89.198.29", "Initiated": "true", "SourcePortName": "-", "Image": "C:\\Windows\\System32\\WindowsPowerShell\\v1.0\\powershell.exe", "RuleName": "-", "DestinationHostname": "-", "UtcTime": "1686059354", "User": "DESKTOP-B0T93D6\\george", "DestinationPort": "80", "ProcessGuid": "{C784477D-9892-64AB-4306-000000004400}", "SourcePort": "49724", "SourceIsIpv6": "false", "SourceHostname": "DESKTOP-B0T93D6.local", "SourceIp": "192.168.2.11", "DestinationIsIpv6": "false"}}, {"values": {"EventID": "3", "ProcessId": "1648", "DestinationPortName": "http", "Protocol": "tcp", "Initiated": "true", "DestinationIp": "152.89.198.29", "SourcePortName": "-", "Image": "C:\\Windows\\System32\\WindowsPowerShell\\v1.0\\powershell.exe", "RuleName": "-", "DestinationHostname": "-", "UtcTime": "1686059354", "User": "DESKTOP-B0T93D6\\george", "DestinationPort": "80", "ProcessGuid": "{C784477D-9892-64AB-4306-000000004400}", "SourcePort": "49725", "SourceIsIpv6": "false", "SourceHostname": "DESKTOP-B0T93D6.local", "SourceIp": "192.168.2.11", "DestinationIsIpv6": "false"}}, {"values": {"EventID": "3", "ProcessId": "1648", "DestinationPortName": "http", "SourceIsIpv6": "false", "DestinationIp": "152.89.198.29", "Initiated": "true", "SourcePortName": "-", "Image": "C:\\Windows\\System32\\WindowsPowerShell\\v1.0\\powershell.exe", "RuleName": "-", "DestinationHostname": "-", "UtcTime": "1686059355", "User": "DESKTOP-B0T93D6\\george", "DestinationPort": "80", "ProcessGuid": "{C784477D-9892-64AB-4306-000000004400}", "SourcePort": "49727", "Protocol": "tcp", "SourceHostname": "DESKTOP-B0T93D6.local", "SourceIp": "192.168.2.11", "DestinationIsIpv6": "false"}}, {"values": {"EventID": "3", "ProcessId": "1648", "DestinationPortName": "http", "SourceIsIpv6": "false", "Initiated": "true", "DestinationIp": "152.89.198.29", "SourcePortName": "-", "Image": "C:\\Windows\\System32\\WindowsPowerShell\\v1.0\\powershell.exe", "RuleName": "-", "DestinationHostname": "-", "UtcTime": "1686059355", "User": "DESKTOP-B0T93D6\\george", "DestinationPort": "80", "ProcessGuid": "{C784477D-9892-64AB-4306-000000004400}", "SourcePort": "49728", "Protocol": "tcp", "SourceHostname": "DESKTOP-B0T93D6.local", "SourceIp": "192.168.2.11", "DestinationIsIpv6": "false"}}, {"values": {"EventID": "3", "ProcessId": "1648", "DestinationPortName": "http", "Protocol": "tcp", "DestinationIp": "152.89.198.29", "Initiated": "true", "SourcePortName": "-", "Image": "C:\\Windows\\System32\\WindowsPowerShell\\v1.0\\powershell.exe", "RuleName": "-", "DestinationHostname": "-", "UtcTime": "1686059355", "User": "DESKTOP-B0T93D6\\george", "DestinationPort": "80", "ProcessGuid": "{C784477D-9892-64AB-4306-000000004400}", "SourcePort": "49729", "SourceIsIpv6": "false", "SourceHostname": "DESKTOP-B0T93D6.local", "SourceIp": "192.168.2.11", "DestinationIsIpv6": "false"}}, {"values": {"EventID": "3", "ProcessId": "1648", "DestinationPortName": "http", "Protocol": "tcp", "DestinationIp": "152.89.198.29", "Initiated": "true", "SourcePortName": "-", "Image": "C:\\Windows\\System32\\WindowsPowerShell\\v1.0\\powershell.exe", "RuleName": "-", "DestinationHostname": "-", "UtcTime": "1686059355", "User": "DESKTOP-B0T93D6\\george", "DestinationPort": "80", "ProcessGuid": "{C784477D-9892-64AB-4306-000000004400}", "SourcePort": "49730", "SourceIsIpv6": "false", "SourceHostname": "DESKTOP-B0T93D6.local", "SourceIp": "192.168.2.11", "DestinationIsIpv6": "false"}}, {"values": {"EventID": "3", "ProcessId": "1648", "DestinationPortName": "http", "Protocol": "tcp", "Initiated": "true", "DestinationIp": "152.89.198.29", "SourcePortName": "-", "Image": "C:\\Windows\\System32\\WindowsPowerShell\\v1.0\\powershell.exe", "RuleName": "-", "DestinationHostname": "-", "UtcTime": "1686059356", "User": "DESKTOP-B0T93D6\\george", "DestinationPort": "80", "ProcessGuid": "{C784477D-9892-64AB-4306-000000004400}", "SourcePort": "49731", "SourceIsIpv6": "false", "SourceHostname": "DESKTOP-B0T93D6.local", "SourceIp": "192.168.2.11", "DestinationIsIpv6": "false"}}, {"values": {"EventID": "3", "ProcessId": "1648", "DestinationPortName": "http", "SourceIsIpv6": "false", "DestinationIp": "152.89.198.29", "Initiated": "true", "SourcePortName": "-", "Image": "C:\\Windows\\System32\\WindowsPowerShell\\v1.0\\powershell.exe", "RuleName": "-", "DestinationHostname": "-", "UtcTime": "1686059356", "User": "DESKTOP-B0T93D6\\george", "DestinationPort": "80", "ProcessGuid": "{C784477D-9892-64AB-4306-000000004400}", "SourcePort": "49732", "Protocol": "tcp", "SourceHostname": "DESKTOP-B0T93D6.local", "SourceIp": "192.168.2.11", "DestinationIsIpv6": "false"}}, {"values": {"EventID": "3", "ProcessId": "1648", "DestinationPortName": "http", "Protocol": "tcp", "DestinationIp": "152.89.198.29", "Initiated": "true", "SourcePortName": "-", "Image": "C:\\Windows\\System32\\WindowsPowerShell\\v1.0\\powershell.exe", "RuleName": "-", "DestinationHostname": "-", "UtcTime": "1686059356", "User": "DESKTOP-B0T93D6\\george", "DestinationPort": "80", "ProcessGuid": "{C784477D-9892-64AB-4306-000000004400}", "SourcePort": "49735", "SourceIsIpv6": "false", "SourceHostname": "DESKTOP-B0T93D6.local", "SourceIp": "192.168.2.11", "DestinationIsIpv6": "false"}}, {"values": {"EventID": "3", "ProcessId": "1648", "DestinationPortName": "http", "SourceIsIpv6": "false", "Initiated": "true", "DestinationIp": "152.89.198.29", "SourcePortName": "-", "Image": "C:\\Windows\\System32\\WindowsPowerShell\\v1.0\\powershell.exe", "RuleName": "-", "DestinationHostname": "-", "UtcTime": "1686059357", "User": "DESKTOP-B0T93D6\\george", "DestinationPort": "80", "ProcessGuid": "{C784477D-9892-64AB-4306-000000004400}", "SourcePort": "49736", "Protocol": "tcp", "SourceHostname": "DESKTOP-B0T93D6.local", "SourceIp": "192.168.2.11", "DestinationIsIpv6": "false"}}, {"values": {"EventID": "3", "ProcessId": "1648", "DestinationPortName": "http", "SourceIsIpv6": "false", "Initiated": "true", "DestinationIp": "152.89.198.29", "SourcePortName": "-", "Image": "C:\\Windows\\System32\\WindowsPowerShell\\v1.0\\powershell.exe", "RuleName": "-", "DestinationHostname": "-", "UtcTime": "1686059356", "User": "DESKTOP-B0T93D6\\george", "DestinationPort": "80", "ProcessGuid": "{C784477D-9892-64AB-4306-000000004400}", "SourcePort": "49733", "Protocol": "tcp", "SourceHostname": "DESKTOP-B0T93D6.local", "SourceIp": "192.168.2.11", "DestinationIsIpv6": "false"}}, {"values": {"EventID": "3", "ProcessId": "1648", "DestinationPortName": "http", "SourceIsIpv6": "false", "DestinationIp": "152.89.198.29", "Initiated": "true", "SourcePortName": "-", "Image": "C:\\Windows\\System32\\WindowsPowerShell\\v1.0\\powershell.exe", "RuleName": "-", "DestinationHostname": "-", "UtcTime": "1686059356", "User": "DESKTOP-B0T93D6\\george", "DestinationPort": "80", "ProcessGuid": "{C784477D-9892-64AB-4306-000000004400}", "SourcePort": "49734", "Protocol": "tcp", "SourceHostname": "DESKTOP-B0T93D6.local", "SourceIp": "192.168.2.11", "DestinationIsIpv6": "false"}}, {"values": {"EventID": "3", "ProcessId": "1648", "DestinationPortName": "http", "SourceIsIpv6": "false", "Initiated": "true", "DestinationIp": "152.89.198.29", "SourcePortName": "-", "Image": "C:\\Windows\\System32\\WindowsPowerShell\\v1.0\\powershell.exe", "RuleName": "-", "DestinationHostname": "-", "UtcTime": "1686059357", "User": "DESKTOP-B0T93D6\\george", "DestinationPort": "80", "ProcessGuid": "{C784477D-9892-64AB-4306-000000004400}", "SourcePort": "49737", "Protocol": "tcp", "SourceHostname": "DESKTOP-B0T93D6.local", "SourceIp": "192.168.2.11", "DestinationIsIpv6": "false"}}, {"values": {"EventID": "3", "ProcessId": "1648", "DestinationPortName": "http", "SourceIsIpv6": "false", "Initiated": "true", "DestinationIp": "152.89.198.29", "SourcePortName": "-", "Image": "C:\\Windows\\System32\\WindowsPowerShell\\v1.0\\powershell.exe", "RuleName": "-", "DestinationHostname": "-", "UtcTime": "1686059357", "User": "DESKTOP-B0T93D6\\george", "DestinationPort": "80", "ProcessGuid": "{C784477D-9892-64AB-4306-000000004400}", "SourcePort": "49739", "Protocol": "tcp", "SourceHostname": "DESKTOP-B0T93D6.local", "SourceIp": "192.168.2.11", "DestinationIsIpv6": "false"}}, {"values": {"EventID": "3", "ProcessId": "1648", "DestinationPortName": "http", "SourceIsIpv6": "false", "DestinationIp": "152.89.198.29", "Initiated": "true", "SourcePortName": "-", "Image": "C:\\Windows\\System32\\WindowsPowerShell\\v1.0\\powershell.exe", "RuleName": "-", "DestinationHostname": "-", "UtcTime": "1686059358", "User": "DESKTOP-B0T93D6\\george", "DestinationPort": "80", "ProcessGuid": "{C784477D-9892-64AB-4306-000000004400}", "SourcePort": "49740", "Protocol": "tcp", "SourceHostname": "DESKTOP-B0T93D6.local", "SourceIp": "192.168.2.11", "DestinationIsIpv6": "false"}}, {"values": {"EventID": "3", "ProcessId": "1648", "DestinationPortName": "http", "Protocol": "tcp", "DestinationIp": "152.89.198.29", "Initiated": "true", "SourcePortName": "-", "Image": "C:\\Windows\\System32\\WindowsPowerShell\\v1.0\\powershell.exe", "RuleName": "-", "DestinationHostname": "-", "UtcTime": "1686059358", "User": "DESKTOP-B0T93D6\\george", "DestinationPort": "80", "ProcessGuid": "{C784477D-9892-64AB-4306-000000004400}", "SourcePort": "49741", "SourceIsIpv6": "false", "SourceHostname": "DESKTOP-B0T93D6.local", "SourceIp": "192.168.2.11", "DestinationIsIpv6": "false"}}, {"values": {"EventID": "3", "ProcessId": "1648", "DestinationPortName": "http", "SourceIsIpv6": "false", "Initiated": "true", "DestinationIp": "152.89.198.29", "SourcePortName": "-", "Image": "C:\\Windows\\System32\\WindowsPowerShell\\v1.0\\powershell.exe", "RuleName": "-", "DestinationHostname": "-", "UtcTime": "1686059357", "User": "DESKTOP-B0T93D6\\george", "DestinationPort": "80", "ProcessGuid": "{C784477D-9892-64AB-4306-000000004400}", "SourcePort": "49738", "Protocol": "tcp", "SourceHostname": "DESKTOP-B0T93D6.local", "SourceIp": "192.168.2.11", "DestinationIsIpv6": "false"}}, {"values": {"EventID": "3", "ProcessId": "1648", "DestinationPortName": "http", "SourceIsIpv6": "false", "Initiated": "true", "DestinationIp": "152.89.198.29", "SourcePortName": "-", "Image": "C:\\Windows\\System32\\WindowsPowerShell\\v1.0\\powershell.exe", "RuleName": "-", "DestinationHostname": "-", "UtcTime": "1686059358", "User": "DESKTOP-B0T93D6\\george", "DestinationPort": "80", "ProcessGuid": "{C784477D-9892-64AB-4306-000000004400}", "SourcePort": "49742", "Protocol": "tcp", "SourceHostname": "DESKTOP-B0T93D6.local", "SourceIp": "192.168.2.11", "DestinationIsIpv6": "false"}}, {"values": {"EventID": "3", "ProcessId": "1648", "DestinationPortName": "http", "SourceIsIpv6": "false", "Initiated": "true", "DestinationIp": "152.89.198.29", "SourcePortName": "-", "Image": "C:\\Windows\\System32\\WindowsPowerShell\\v1.0\\powershell.exe", "RuleName": "-", "DestinationHostname": "-", "UtcTime": "1686059358", "User": "DESKTOP-B0T93D6\\george", "DestinationPort": "80", "ProcessGuid": "{C784477D-9892-64AB-4306-000000004400}", "SourcePort": "49743", "Protocol": "tcp", "SourceHostname": "DESKTOP-B0T93D6.local", "SourceIp": "192.168.2.11", "DestinationIsIpv6": "false"}}, {"values": {"EventID": "3", "ProcessId": "1648", "DestinationPortName": "http", "Protocol": "tcp", "Initiated": "true", "DestinationIp": "152.89.198.29", "SourcePortName": "-", "Image": "C:\\Windows\\System32\\WindowsPowerShell\\v1.0\\powershell.exe", "RuleName": "-", "DestinationHostname": "-", "UtcTime": "1686059358", "User": "DESKTOP-B0T93D6\\george", "DestinationPort": "80", "ProcessGuid": "{C784477D-9892-64AB-4306-000000004400}", "SourcePort": "49744", "SourceIsIpv6": "false", "SourceHostname": "DESKTOP-B0T93D6.local", "SourceIp": "192.168.2.11", "DestinationIsIpv6": "false"}}, {"values": {"EventID": "3", "ProcessId": "1648", "DestinationPortName": "http", "Protocol": "tcp", "DestinationIp": "152.89.198.29", "Initiated": "true", "SourcePortName": "-", "Image": "C:\\Windows\\System32\\WindowsPowerShell\\v1.0\\powershell.exe", "RuleName": "-", "DestinationHostname": "-", "UtcTime": "1686059359", "User": "DESKTOP-B0T93D6\\george", "DestinationPort": "80", "ProcessGuid": "{C784477D-9892-64AB-4306-000000004400}", "SourcePort": "49745", "SourceIsIpv6": "false", "SourceHostname": "DESKTOP-B0T93D6.local", "SourceIp": "192.168.2.11", "DestinationIsIpv6": "false"}}, {"values": {"EventID": "3", "ProcessId": "1648", "DestinationPortName": "http", "SourceIsIpv6": "false", "Initiated": "true", "DestinationIp": "152.89.198.29", "SourcePortName": "-", "Image": "C:\\Windows\\System32\\WindowsPowerShell\\v1.0\\powershell.exe", "RuleName": "-", "DestinationHostname": "-", "UtcTime": "1686059359", "User": "DESKTOP-B0T93D6\\george", "DestinationPort": "80", "ProcessGuid": "{C784477D-9892-64AB-4306-000000004400}", "SourcePort": "49746", "Protocol": "tcp", "SourceHostname": "DESKTOP-B0T93D6.local", "SourceIp": "192.168.2.11", "DestinationIsIpv6": "false"}}, {"values": {"EventID": "3", "ProcessId": "1648", "DestinationPortName": "http", "Protocol": "tcp", "Initiated": "true", "DestinationIp": "152.89.198.29", "SourcePortName": "-", "Image": "C:\\Windows\\System32\\WindowsPowerShell\\v1.0\\powershell.exe", "RuleName": "-", "DestinationHostname": "-", "UtcTime": "1686059359", "User": "DESKTOP-B0T93D6\\george", "DestinationPort": "80", "ProcessGuid": "{C784477D-9892-64AB-4306-000000004400}", "SourcePort": "49747", "SourceIsIpv6": "false", "SourceHostname": "DESKTOP-B0T93D6.local", "SourceIp": "192.168.2.11", "DestinationIsIpv6": "false"}}, {"values": {"EventID": "3", "ProcessId": "1648", "DestinationPortName": "http", "SourceIsIpv6": "false", "DestinationIp": "152.89.198.29", "Initiated": "true", "SourcePortName": "-", "Image": "C:\\Windows\\System32\\WindowsPowerShell\\v1.0\\powershell.exe", "RuleName": "-", "DestinationHostname": "-", "UtcTime": "1686059360", "User": "DESKTOP-B0T93D6\\george", "DestinationPort": "80", "ProcessGuid": "{C784477D-9892-64AB-4306-000000004400}", "SourcePort": "49749", "Protocol": "tcp", "SourceHostname": "DESKTOP-B0T93D6.local", "SourceIp": "192.168.2.11", "DestinationIsIpv6": "false"}}, {"values": {"EventID": "3", "ProcessId": "1648", "DestinationPortName": "http", "SourceIsIpv6": "false", "DestinationIp": "152.89.198.29", "Initiated": "true", "SourcePortName": "-", "Image": "C:\\Windows\\System32\\WindowsPowerShell\\v1.0\\powershell.exe", "RuleName": "-", "DestinationHostname": "-", "UtcTime": "1686059359", "User": "DESKTOP-B0T93D6\\george", "DestinationPort": "80", "ProcessGuid": "{C784477D-9892-64AB-4306-000000004400}", "SourcePort": "49748", "Protocol": "tcp", "SourceHostname": "DESKTOP-B0T93D6.local", "SourceIp": "192.168.2.11", "DestinationIsIpv6": "false"}}, {"values": {"EventID": "3", "ProcessId": "1648", "DestinationPortName": "http", "SourceIsIpv6": "false", "DestinationIp": "152.89.198.29", "Initiated": "true", "SourcePortName": "-", "Image": "C:\\Windows\\System32\\WindowsPowerShell\\v1.0\\powershell.exe", "RuleName": "-", "DestinationHostname": "-", "UtcTime": "1686059360", "User": "DESKTOP-B0T93D6\\george", "DestinationPort": "80", "ProcessGuid": "{C784477D-9892-64AB-4306-000000004400}", "SourcePort": "49750", "Protocol": "tcp", "SourceHostname": "DESKTOP-B0T93D6.local", "SourceIp": "192.168.2.11", "DestinationIsIpv6": "false"}}, {"values": {"EventID": "3", "ProcessId": "1648", "DestinationPortName": "http", "SourceIsIpv6": "false", "Initiated": "true", "DestinationIp": "152.89.198.29", "SourcePortName": "-", "Image": "C:\\Windows\\System32\\WindowsPowerShell\\v1.0\\powershell.exe", "RuleName": "-", "DestinationHostname": "-", "UtcTime": "1686059360", "User": "DESKTOP-B0T93D6\\george", "DestinationPort": "80", "ProcessGuid": "{C784477D-9892-64AB-4306-000000004400}", "SourcePort": "49751", "Protocol": "tcp", "SourceHostname": "DESKTOP-B0T93D6.local", "SourceIp": "192.168.2.11", "DestinationIsIpv6": "false"}}, {"values": {"EventID": "3", "ProcessId": "1648", "DestinationPortName": "http", "Protocol": "tcp", "DestinationIp": "152.89.198.29", "Initiated": "true", "SourcePortName": "-", "Image": "C:\\Windows\\System32\\WindowsPowerShell\\v1.0\\powershell.exe", "RuleName": "-", "DestinationHostname": "-", "UtcTime": "1686059360", "User": "DESKTOP-B0T93D6\\george", "DestinationPort": "80", "ProcessGuid": "{C784477D-9892-64AB-4306-000000004400}", "SourcePort": "49752", "SourceIsIpv6": "false", "SourceHostname": "DESKTOP-B0T93D6.local", "SourceIp": "192.168.2.11", "DestinationIsIpv6": "false"}}, {"values": {"EventID": "3", "ProcessId": "1648", "DestinationPortName": "http", "Protocol": "tcp", "Initiated": "true", "DestinationIp": "152.89.198.29", "SourcePortName": "-", "Image": "C:\\Windows\\System32\\WindowsPowerShell\\v1.0\\powershell.exe", "RuleName": "-", "DestinationHostname": "-", "UtcTime": "1686059360", "User": "DESKTOP-B0T93D6\\george", "DestinationPort": "80", "ProcessGuid": "{C784477D-9892-64AB-4306-000000004400}", "SourcePort": "49753", "SourceIsIpv6": "false", "SourceHostname": "DESKTOP-B0T93D6.local", "SourceIp": "192.168.2.11", "DestinationIsIpv6": "false"}}, {"values": {"EventID": "3", "ProcessId": "1648", "DestinationPortName": "http", "SourceIsIpv6": "false", "Initiated": "true", "DestinationIp": "152.89.198.29", "SourcePortName": "-", "Image": "C:\\Windows\\System32\\WindowsPowerShell\\v1.0\\powershell.exe", "RuleName": "-", "DestinationHostname": "-", "UtcTime": "1686059361", "User": "DESKTOP-B0T93D6\\george", "DestinationPort": "80", "ProcessGuid": "{C784477D-9892-64AB-4306-000000004400}", "SourcePort": "49754", "Protocol": "tcp", "SourceHostname": "DESKTOP-B0T93D6.local", "SourceIp": "192.168.2.11", "DestinationIsIpv6": "false"}}, {"values": {"EventID": "3", "ProcessId": "1648", "DestinationPortName": "http", "Protocol": "tcp", "DestinationIp": "152.89.198.29", "Initiated": "true", "SourcePortName": "-", "Image": "C:\\Windows\\System32\\WindowsPowerShell\\v1.0\\powershell.exe", "RuleName": "-", "DestinationHostname": "-", "UtcTime": "1686059361", "User": "DESKTOP-B0T93D6\\george", "DestinationPort": "80", "ProcessGuid": "{C784477D-9892-64AB-4306-000000004400}", "SourcePort": "49755", "SourceIsIpv6": "false", "SourceHostname": "DESKTOP-B0T93D6.local", "SourceIp": "192.168.2.11", "DestinationIsIpv6": "false"}}, {"values": {"EventID": "3", "ProcessId": "1648", "DestinationPortName": "http", "SourceIsIpv6": "false", "Initiated": "true", "DestinationIp": "152.89.198.29", "SourcePortName": "-", "Image": "C:\\Windows\\System32\\WindowsPowerShell\\v1.0\\powershell.exe", "RuleName": "-", "DestinationHostname": "-", "UtcTime": "1686059361", "User": "DESKTOP-B0T93D6\\george", "DestinationPort": "80", "ProcessGuid": "{C784477D-9892-64AB-4306-000000004400}", "SourcePort": "49757", "Protocol": "tcp", "SourceHostname": "DESKTOP-B0T93D6.local", "SourceIp": "192.168.2.11", "DestinationIsIpv6": "false"}}, {"values": {"EventID": "3", "ProcessId": "1648", "DestinationPortName": "http", "Protocol": "tcp", "DestinationIp": "152.89.198.29", "Initiated": "true", "SourcePortName": "-", "Image": "C:\\Windows\\System32\\WindowsPowerShell\\v1.0\\powershell.exe", "RuleName": "-", "DestinationHostname": "-", "UtcTime": "1686059361", "User": "DESKTOP-B0T93D6\\george", "DestinationPort": "80", "ProcessGuid": "{C784477D-9892-64AB-4306-000000004400}", "SourcePort": "49758", "SourceIsIpv6": "false", "SourceHostname": "DESKTOP-B0T93D6.local", "SourceIp": "192.168.2.11", "DestinationIsIpv6": "false"}}, {"values": {"EventID": "3", "ProcessId": "1648", "DestinationPortName": "http", "SourceIsIpv6": "false", "DestinationIp": "152.89.198.29", "Initiated": "true", "SourcePortName": "-", "Image": "C:\\Windows\\System32\\WindowsPowerShell\\v1.0\\powershell.exe", "RuleName": "-", "DestinationHostname": "-", "UtcTime": "1686059362", "User": "DESKTOP-B0T93D6\\george", "DestinationPort": "80", "ProcessGuid": "{C784477D-9892-64AB-4306-000000004400}", "SourcePort": "49759", "Protocol": "tcp", "SourceHostname": "DESKTOP-B0T93D6.local", "SourceIp": "192.168.2.11", "DestinationIsIpv6": "false"}}, {"values": {"EventID": "3", "ProcessId": "1648", "DestinationPortName": "http", "Protocol": "tcp", "Initiated": "true", "DestinationIp": "152.89.198.29", "SourcePortName": "-", "Image": "C:\\Windows\\System32\\WindowsPowerShell\\v1.0\\powershell.exe", "RuleName": "-", "DestinationHostname": "-", "UtcTime": "1686059361", "User": "DESKTOP-B0T93D6\\george", "DestinationPort": "80", "ProcessGuid": "{C784477D-9892-64AB-4306-000000004400}", "SourcePort": "49756", "SourceIsIpv6": "false", "SourceHostname": "DESKTOP-B0T93D6.local", "SourceIp": "192.168.2.11", "DestinationIsIpv6": "false"}}, {"values": {"EventID": "3", "ProcessId": "1648", "DestinationPortName": "http", "SourceIsIpv6": "false", "Initiated": "true", "DestinationIp": "152.89.198.29", "SourcePortName": "-", "Image": "C:\\Windows\\System32\\WindowsPowerShell\\v1.0\\powershell.exe", "RuleName": "-", "DestinationHostname": "-", "UtcTime": "1686059362", "User": "DESKTOP-B0T93D6\\george", "DestinationPort": "80", "ProcessGuid": "{C784477D-9892-64AB-4306-000000004400}", "SourcePort": "49760", "Protocol": "tcp", "SourceHostname": "DESKTOP-B0T93D6.local", "SourceIp": "192.168.2.11", "DestinationIsIpv6": "false"}}, {"values": {"EventID": "3", "ProcessId": "1648", "DestinationPortName": "http", "Protocol": "tcp", "Initiated": "true", "DestinationIp": "152.89.198.29", "SourcePortName": "-", "Image": "C:\\Windows\\System32\\WindowsPowerShell\\v1.0\\powershell.exe", "RuleName": "-", "DestinationHostname": "-", "UtcTime": "1686059362", "User": "DESKTOP-B0T93D6\\george", "DestinationPort": "80", "ProcessGuid": "{C784477D-9892-64AB-4306-000000004400}", "SourcePort": "49761", "SourceIsIpv6": "false", "SourceHostname": "DESKTOP-B0T93D6.local", "SourceIp": "192.168.2.11", "DestinationIsIpv6": "false"}}, {"values": {"EventID": "3", "ProcessId": "1648", "DestinationPortName": "http", "SourceIsIpv6": "false", "DestinationIp": "152.89.198.29", "Initiated": "true", "SourcePortName": "-", "Image": "C:\\Windows\\System32\\WindowsPowerShell\\v1.0\\powershell.exe", "RuleName": "-", "DestinationHostname": "-", "UtcTime": "1686059362", "User": "DESKTOP-B0T93D6\\george", "DestinationPort": "80", "ProcessGuid": "{C784477D-9892-64AB-4306-000000004400}", "SourcePort": "49762", "Protocol": "tcp", "SourceHostname": "DESKTOP-B0T93D6.local", "SourceIp": "192.168.2.11", "DestinationIsIpv6": "false"}}, {"values": {"EventID": "3", "ProcessId": "1648", "DestinationPortName": "http", "Protocol": "tcp", "Initiated": "true", "DestinationIp": "152.89.198.29", "SourcePortName": "-", "Image": "C:\\Windows\\System32\\WindowsPowerShell\\v1.0\\powershell.exe", "RuleName": "-", "DestinationHostname": "-", "UtcTime": "1686059362", "User": "DESKTOP-B0T93D6\\george", "DestinationPort": "80", "ProcessGuid": "{C784477D-9892-64AB-4306-000000004400}", "SourcePort": "49763", "SourceIsIpv6": "false", "SourceHostname": "DESKTOP-B0T93D6.local", "SourceIp": "192.168.2.11", "DestinationIsIpv6": "false"}}, {"values": {"EventID": "3", "ProcessId": "1648", "DestinationPortName": "http", "Protocol": "tcp", "Initiated": "true", "DestinationIp": "152.89.198.29", "SourcePortName": "-", "Image": "C:\\Windows\\System32\\WindowsPowerShell\\v1.0\\powershell.exe", "RuleName": "-", "DestinationHostname": "-", "UtcTime": "1686059363", "User": "DESKTOP-B0T93D6\\george", "DestinationPort": "80", "ProcessGuid": "{C784477D-9892-64AB-4306-000000004400}", "SourcePort": "49764", "SourceIsIpv6": "false", "SourceHostname": "DESKTOP-B0T93D6.local", "SourceIp": "192.168.2.11", "DestinationIsIpv6": "false"}}, {"values": {"EventID": "3", "ProcessId": "1648", "DestinationPortName": "http", "SourceIsIpv6": "false", "DestinationIp": "152.89.198.29", "Initiated": "true", "SourcePortName": "-", "Image": "C:\\Windows\\System32\\WindowsPowerShell\\v1.0\\powershell.exe", "RuleName": "-", "DestinationHostname": "-", "UtcTime": "1686059363", "User": "DESKTOP-B0T93D6\\george", "DestinationPort": "80", "ProcessGuid": "{C784477D-9892-64AB-4306-000000004400}", "SourcePort": "49765", "Protocol": "tcp", "SourceHostname": "DESKTOP-B0T93D6.local", "SourceIp": "192.168.2.11", "DestinationIsIpv6": "false"}}, {"values": {"EventID": "3", "ProcessId": "1648", "DestinationPortName": "http", "SourceIsIpv6": "false", "Initiated": "true", "DestinationIp": "152.89.198.29", "SourcePortName": "-", "Image": "C:\\Windows\\System32\\WindowsPowerShell\\v1.0\\powershell.exe", "RuleName": "-", "DestinationHostname": "-", "UtcTime": "1686059363", "User": "DESKTOP-B0T93D6\\george", "DestinationPort": "80", "ProcessGuid": "{C784477D-9892-64AB-4306-000000004400}", "SourcePort": "49766", "Protocol": "tcp", "SourceHostname": "DESKTOP-B0T93D6.local", "SourceIp": "192.168.2.11", "DestinationIsIpv6": "false"}}, {"values": {"EventID": "3", "ProcessId": "1648", "DestinationPortName": "http", "Protocol": "tcp", "Initiated": "true", "DestinationIp": "152.89.198.29", "SourcePortName": "-", "Image": "C:\\Windows\\System32\\WindowsPowerShell\\v1.0\\powershell.exe", "RuleName": "-", "DestinationHostname": "-", "UtcTime": "1686059363", "User": "DESKTOP-B0T93D6\\george", "DestinationPort": "80", "ProcessGuid": "{C784477D-9892-64AB-4306-000000004400}", "SourcePort": "49767", "SourceIsIpv6": "false", "SourceHostname": "DESKTOP-B0T93D6.local", "SourceIp": "192.168.2.11", "DestinationIsIpv6": "false"}}, {"values": {"EventID": "3", "ProcessId": "1648", "DestinationPortName": "http", "SourceIsIpv6": "false", "DestinationIp": "152.89.198.29", "Initiated": "true", "SourcePortName": "-", "Image": "C:\\Windows\\System32\\WindowsPowerShell\\v1.0\\powershell.exe", "RuleName": "-", "DestinationHostname": "-", "UtcTime": "1686059363", "User": "DESKTOP-B0T93D6\\george", "DestinationPort": "80", "ProcessGuid": "{C784477D-9892-64AB-4306-000000004400}", "SourcePort": "49768", "Protocol": "tcp", "SourceHostname": "DESKTOP-B0T93D6.local", "SourceIp": "192.168.2.11", "DestinationIsIpv6": "false"}}, {"values": {"EventID": "3", "ProcessId": "1648", "DestinationPortName": "http", "SourceIsIpv6": "false", "DestinationIp": "152.89.198.29", "Initiated": "true", "SourcePortName": "-", "Image": "C:\\Windows\\System32\\WindowsPowerShell\\v1.0\\powershell.exe", "RuleName": "-", "DestinationHostname": "-", "UtcTime": "1686059364", "User": "DESKTOP-B0T93D6\\george", "DestinationPort": "80", "ProcessGuid": "{C784477D-9892-64AB-4306-000000004400}", "SourcePort": "49769", "Protocol": "tcp", "SourceHostname": "DESKTOP-B0T93D6.local", "SourceIp": "192.168.2.11", "DestinationIsIpv6": "false"}}, {"values": {"EventID": "3", "ProcessId": "1648", "DestinationPortName": "http", "SourceIsIpv6": "false", "DestinationIp": "152.89.198.29", "Initiated": "true", "SourcePortName": "-", "Image": "C:\\Windows\\System32\\WindowsPowerShell\\v1.0\\powershell.exe", "RuleName": "-", "DestinationHostname": "-", "UtcTime": "1686059364", "User": "DESKTOP-B0T93D6\\george", "DestinationPort": "80", "ProcessGuid": "{C784477D-9892-64AB-4306-000000004400}", "SourcePort": "49770", "Protocol": "tcp", "SourceHostname": "DESKTOP-B0T93D6.local", "SourceIp": "192.168.2.11", "DestinationIsIpv6": "false"}}, {"values": {"EventID": "3", "ProcessId": "1648", "DestinationPortName": "http", "SourceIsIpv6": "false", "Initiated": "true", "DestinationIp": "152.89.198.29", "SourcePortName": "-", "Image": "C:\\Windows\\System32\\WindowsPowerShell\\v1.0\\powershell.exe", "RuleName": "-", "DestinationHostname": "-", "UtcTime": "1686059364", "User": "DESKTOP-B0T93D6\\george", "DestinationPort": "80", "ProcessGuid": "{C784477D-9892-64AB-4306-000000004400}", "SourcePort": "49771", "Protocol": "tcp", "SourceHostname": "DESKTOP-B0T93D6.local", "SourceIp": "192.168.2.11", "DestinationIsIpv6": "false"}}, {"values": {"EventID": "3", "ProcessId": "1648", "DestinationPortName": "http", "SourceIsIpv6": "false", "DestinationIp": "152.89.198.29", "Initiated": "true", "SourcePortName": "-", "Image": "C:\\Windows\\System32\\WindowsPowerShell\\v1.0\\powershell.exe", "RuleName": "-", "DestinationHostname": "-", "UtcTime": "1686059364", "User": "DESKTOP-B0T93D6\\george", "DestinationPort": "80", "ProcessGuid": "{C784477D-9892-64AB-4306-000000004400}", "SourcePort": "49772", "Protocol": "tcp", "SourceHostname": "DESKTOP-B0T93D6.local", "SourceIp": "192.168.2.11", "DestinationIsIpv6": "false"}}, {"values": {"EventID": "3", "ProcessId": "1648", "DestinationPortName": "http", "SourceIsIpv6": "false", "Initiated": "true", "DestinationIp": "152.89.198.29", "SourcePortName": "-", "Image": "C:\\Windows\\System32\\WindowsPowerShell\\v1.0\\powershell.exe", "RuleName": "-", "DestinationHostname": "-", "UtcTime": "1686059364", "User": "DESKTOP-B0T93D6\\george", "DestinationPort": "80", "ProcessGuid": "{C784477D-9892-64AB-4306-000000004400}", "SourcePort": "49773", "Protocol": "tcp", "SourceHostname": "DESKTOP-B0T93D6.local", "SourceIp": "192.168.2.11", "DestinationIsIpv6": "false"}}, {"values": {"EventID": "3", "ProcessId": "1648", "DestinationPortName": "http", "SourceIsIpv6": "false", "Initiated": "true", "DestinationIp": "152.89.198.29", "SourcePortName": "-", "Image": "C:\\Windows\\System32\\WindowsPowerShell\\v1.0\\powershell.exe", "RuleName": "-", "DestinationHostname": "-", "UtcTime": "1686059365", "User": "DESKTOP-B0T93D6\\george", "DestinationPort": "80", "ProcessGuid": "{C784477D-9892-64AB-4306-000000004400}", "SourcePort": "49774", "Protocol": "tcp", "SourceHostname": "DESKTOP-B0T93D6.local", "SourceIp": "192.168.2.11", "DestinationIsIpv6": "false"}}, {"values": {"EventID": "3", "ProcessId": "1648", "DestinationPortName": "http", "SourceIsIpv6": "false", "Initiated": "true", "DestinationIp": "152.89.198.29", "SourcePortName": "-", "Image": "C:\\Windows\\System32\\WindowsPowerShell\\v1.0\\powershell.exe", "RuleName": "-", "DestinationHostname": "-", "UtcTime": "1686059365", "User": "DESKTOP-B0T93D6\\george", "DestinationPort": "80", "ProcessGuid": "{C784477D-9892-64AB-4306-000000004400}", "SourcePort": "49775", "Protocol": "tcp", "SourceHostname": "DESKTOP-B0T93D6.local", "SourceIp": "192.168.2.11", "DestinationIsIpv6": "false"}}, {"values": {"EventID": "3", "ProcessId": "1648", "DestinationPortName": "http", "Protocol": "tcp", "Initiated": "true", "DestinationIp": "152.89.198.29", "SourcePortName": "-", "Image": "C:\\Windows\\System32\\WindowsPowerShell\\v1.0\\powershell.exe", "RuleName": "-", "DestinationHostname": "-", "UtcTime": "1686059365", "User": "DESKTOP-B0T93D6\\george", "DestinationPort": "80", "ProcessGuid": "{C784477D-9892-64AB-4306-000000004400}", "SourcePort": "49776", "SourceIsIpv6": "false", "SourceHostname": "DESKTOP-B0T93D6.local", "SourceIp": "192.168.2.11", "DestinationIsIpv6": "false"}}, {"values": {"EventID": "3", "ProcessId": "1648", "DestinationPortName": "http", "SourceIsIpv6": "false", "Initiated": "true", "DestinationIp": "152.89.198.29", "SourcePortName": "-", "Image": "C:\\Windows\\System32\\WindowsPowerShell\\v1.0\\powershell.exe", "RuleName": "-", "DestinationHostname": "-", "UtcTime": "1686059365", "User": "DESKTOP-B0T93D6\\george", "DestinationPort": "80", "ProcessGuid": "{C784477D-9892-64AB-4306-000000004400}", "SourcePort": "49777", "Protocol": "tcp", "SourceHostname": "DESKTOP-B0T93D6.local", "SourceIp": "192.168.2.11", "DestinationIsIpv6": "false"}}, {"values": {"EventID": "3", "ProcessId": "1648", "DestinationPortName": "http", "Protocol": "tcp", "DestinationIp": "152.89.198.29", "Initiated": "true", "SourcePortName": "-", "Image": "C:\\Windows\\System32\\WindowsPowerShell\\v1.0\\powershell.exe", "RuleName": "-", "DestinationHostname": "-", "UtcTime": "1686059365", "User": "DESKTOP-B0T93D6\\george", "DestinationPort": "80", "ProcessGuid": "{C784477D-9892-64AB-4306-000000004400}", "SourcePort": "49778", "SourceIsIpv6": "false", "SourceHostname": "DESKTOP-B0T93D6.local", "SourceIp": "192.168.2.11", "DestinationIsIpv6": "false"}}, {"values": {"EventID": "3", "ProcessId": "1648", "DestinationPortName": "http", "Protocol": "tcp", "Initiated": "true", "DestinationIp": "152.89.198.29", "SourcePortName": "-", "Image": "C:\\Windows\\System32\\WindowsPowerShell\\v1.0\\powershell.exe", "RuleName": "-", "DestinationHostname": "-", "UtcTime": "1686059366", "User": "DESKTOP-B0T93D6\\george", "DestinationPort": "80", "ProcessGuid": "{C784477D-9892-64AB-4306-000000004400}", "SourcePort": "49779", "SourceIsIpv6": "false", "SourceHostname": "DESKTOP-B0T93D6.local", "SourceIp": "192.168.2.11", "DestinationIsIpv6": "false"}}, {"values": {"EventID": "3", "ProcessId": "1648", "DestinationPortName": "http", "Protocol": "tcp", "DestinationIp": "152.89.198.29", "Initiated": "true", "SourcePortName": "-", "Image": "C:\\Windows\\System32\\WindowsPowerShell\\v1.0\\powershell.exe", "RuleName": "-", "DestinationHostname": "-", "UtcTime": "1686059366", "User": "DESKTOP-B0T93D6\\george", "DestinationPort": "80", "ProcessGuid": "{C784477D-9892-64AB-4306-000000004400}", "SourcePort": "49780", "SourceIsIpv6": "false", "SourceHostname": "DESKTOP-B0T93D6.local", "SourceIp": "192.168.2.11", "DestinationIsIpv6": "false"}}, {"values": {"EventID": "3", "ProcessId": "1648", "DestinationPortName": "http", "SourceIsIpv6": "false", "DestinationIp": "152.89.198.29", "Initiated": "true", "SourcePortName": "-", "Image": "C:\\Windows\\System32\\WindowsPowerShell\\v1.0\\powershell.exe", "RuleName": "-", "DestinationHostname": "-", "UtcTime": "1686059366", "User": "DESKTOP-B0T93D6\\george", "DestinationPort": "80", "ProcessGuid": "{C784477D-9892-64AB-4306-000000004400}", "SourcePort": "49781", "Protocol": "tcp", "SourceHostname": "DESKTOP-B0T93D6.local", "SourceIp": "192.168.2.11", "DestinationIsIpv6": "false"}}, {"values": {"EventID": "3", "ProcessId": "1648", "DestinationPortName": "http", "SourceIsIpv6": "false", "DestinationIp": "152.89.198.29", "Initiated": "true", "SourcePortName": "-", "Image": "C:\\Windows\\System32\\WindowsPowerShell\\v1.0\\powershell.exe", "RuleName": "-", "DestinationHostname": "-", "UtcTime": "1686059366", "User": "DESKTOP-B0T93D6\\george", "DestinationPort": "80", "ProcessGuid": "{C784477D-9892-64AB-4306-000000004400}", "SourcePort": "49782", "Protocol": "tcp", "SourceHostname": "DESKTOP-B0T93D6.local", "SourceIp": "192.168.2.11", "DestinationIsIpv6": "false"}}, {"values": {"EventID": "3", "ProcessId": "1648", "DestinationPortName": "http", "SourceIsIpv6": "false", "Initiated": "true", "DestinationIp": "152.89.198.29", "SourcePortName": "-", "Image": "C:\\Windows\\System32\\WindowsPowerShell\\v1.0\\powershell.exe", "RuleName": "-", "DestinationHostname": "-", "UtcTime": "1686059366", "User": "DESKTOP-B0T93D6\\george", "DestinationPort": "80", "ProcessGuid": "{C784477D-9892-64AB-4306-000000004400}", "SourcePort": "49783", "Protocol": "tcp", "SourceHostname": "DESKTOP-B0T93D6.local", "SourceIp": "192.168.2.11", "DestinationIsIpv6": "false"}}, {"values": {"EventID": "3", "ProcessId": "1648", "DestinationPortName": "http", "Protocol": "tcp", "Initiated": "true", "DestinationIp": "152.89.198.29", "SourcePortName": "-", "Image": "C:\\Windows\\System32\\WindowsPowerShell\\v1.0\\powershell.exe", "RuleName": "-", "DestinationHostname": "-", "UtcTime": "1686059367", "User": "DESKTOP-B0T93D6\\george", "DestinationPort": "80", "ProcessGuid": "{C784477D-9892-64AB-4306-000000004400}", "SourcePort": "49784", "SourceIsIpv6": "false", "SourceHostname": "DESKTOP-B0T93D6.local", "SourceIp": "192.168.2.11", "DestinationIsIpv6": "false"}}, {"values": {"EventID": "3", "ProcessId": "1648", "DestinationPortName": "http", "SourceIsIpv6": "false", "DestinationIp": "152.89.198.29", "Initiated": "true", "SourcePortName": "-", "Image": "C:\\Windows\\System32\\WindowsPowerShell\\v1.0\\powershell.exe", "RuleName": "-", "DestinationHostname": "-", "UtcTime": "1686059367", "User": "DESKTOP-B0T93D6\\george", "DestinationPort": "80", "ProcessGuid": "{C784477D-9892-64AB-4306-000000004400}", "SourcePort": "49785", "Protocol": "tcp", "SourceHostname": "DESKTOP-B0T93D6.local", "SourceIp": "192.168.2.11", "DestinationIsIpv6": "false"}}, {"values": {"EventID": "3", "ProcessId": "1648", "DestinationPortName": "http", "SourceIsIpv6": "false", "DestinationIp": "152.89.198.29", "Initiated": "true", "SourcePortName": "-", "Image": "C:\\Windows\\System32\\WindowsPowerShell\\v1.0\\powershell.exe", "RuleName": "-", "DestinationHostname": "-", "UtcTime": "1686059367", "User": "DESKTOP-B0T93D6\\george", "DestinationPort": "80", "ProcessGuid": "{C784477D-9892-64AB-4306-000000004400}", "SourcePort": "49786", "Protocol": "tcp", "SourceHostname": "DESKTOP-B0T93D6.local", "SourceIp": "192.168.2.11", "DestinationIsIpv6": "false"}}, {"values": {"EventID": "3", "ProcessId": "1648", "DestinationPortName": "http", "SourceIsIpv6": "false", "Initiated": "true", "DestinationIp": "152.89.198.29", "SourcePortName": "-", "Image": "C:\\Windows\\System32\\WindowsPowerShell\\v1.0\\powershell.exe", "RuleName": "-", "DestinationHostname": "-", "UtcTime": "1686059367", "User": "DESKTOP-B0T93D6\\george", "DestinationPort": "80", "ProcessGuid": "{C784477D-9892-64AB-4306-000000004400}", "SourcePort": "49787", "Protocol": "tcp", "SourceHostname": "DESKTOP-B0T93D6.local", "SourceIp": "192.168.2.11", "DestinationIsIpv6": "false"}}, {"values": {"EventID": "3", "ProcessId": "1648", "DestinationPortName": "http", "Protocol": "tcp", "Initiated": "true", "DestinationIp": "152.89.198.29", "SourcePortName": "-", "Image": "C:\\Windows\\System32\\WindowsPowerShell\\v1.0\\powershell.exe", "RuleName": "-", "DestinationHostname": "-", "UtcTime": "1686059367", "User": "DESKTOP-B0T93D6\\george", "DestinationPort": "80", "ProcessGuid": "{C784477D-9892-64AB-4306-000000004400}", "SourcePort": "49788", "SourceIsIpv6": "false", "SourceHostname": "DESKTOP-B0T93D6.local", "SourceIp": "192.168.2.11", "DestinationIsIpv6": "false"}}, {"values": {"EventID": "3", "ProcessId": "1648", "DestinationPortName": "http", "SourceIsIpv6": "false", "Initiated": "true", "DestinationIp": "152.89.198.29", "SourcePortName": "-", "Image": "C:\\Windows\\System32\\WindowsPowerShell\\v1.0\\powershell.exe", "RuleName": "-", "DestinationHostname": "-", "UtcTime": "1686059368", "User": "DESKTOP-B0T93D6\\george", "DestinationPort": "80", "ProcessGuid": "{C784477D-9892-64AB-4306-000000004400}", "SourcePort": "49789", "Protocol": "tcp", "SourceHostname": "DESKTOP-B0T93D6.local", "SourceIp": "192.168.2.11", "DestinationIsIpv6": "false"}}, {"values": {"EventID": "3", "ProcessId": "1648", "DestinationPortName": "http", "Protocol": "tcp", "DestinationIp": "152.89.198.29", "Initiated": "true", "SourcePortName": "-", "Image": "C:\\Windows\\System32\\WindowsPowerShell\\v1.0\\powershell.exe", "RuleName": "-", "DestinationHostname": "-", "UtcTime": "1686059368", "User": "DESKTOP-B0T93D6\\george", "DestinationPort": "80", "ProcessGuid": "{C784477D-9892-64AB-4306-000000004400}", "SourcePort": "49790", "SourceIsIpv6": "false", "SourceHostname": "DESKTOP-B0T93D6.local", "SourceIp": "192.168.2.11", "DestinationIsIpv6": "false"}}, {"values": {"EventID": "3", "ProcessId": "1648", "DestinationPortName": "http", "SourceIsIpv6": "false", "DestinationIp": "152.89.198.29", "Initiated": "true", "SourcePortName": "-", "Image": "C:\\Windows\\System32\\WindowsPowerShell\\v1.0\\powershell.exe", "RuleName": "-", "DestinationHostname": "-", "UtcTime": "1686059368", "User": "DESKTOP-B0T93D6\\george", "DestinationPort": "80", "ProcessGuid": "{C784477D-9892-64AB-4306-000000004400}", "SourcePort": "49791", "Protocol": "tcp", "SourceHostname": "DESKTOP-B0T93D6.local", "SourceIp": "192.168.2.11", "DestinationIsIpv6": "false"}}, {"values": {"EventID": "3", "ProcessId": "1648", "DestinationPortName": "http", "SourceIsIpv6": "false", "DestinationIp": "152.89.198.29", "Initiated": "true", "SourcePortName": "-", "Image": "C:\\Windows\\System32\\WindowsPowerShell\\v1.0\\powershell.exe", "RuleName": "-", "DestinationHostname": "-", "UtcTime": "1686059368", "User": "DESKTOP-B0T93D6\\george", "DestinationPort": "80", "ProcessGuid": "{C784477D-9892-64AB-4306-000000004400}", "SourcePort": "49792", "Protocol": "tcp", "SourceHostname": "DESKTOP-B0T93D6.local", "SourceIp": "192.168.2.11", "DestinationIsIpv6": "false"}}, {"values": {"EventID": "3", "ProcessId": "1648", "DestinationPortName": "http", "SourceIsIpv6": "false", "DestinationIp": "152.89.198.29", "Initiated": "true", "SourcePortName": "-", "Image": "C:\\Windows\\System32\\WindowsPowerShell\\v1.0\\powershell.exe", "RuleName": "-", "DestinationHostname": "-", "UtcTime": "1686059368", "User": "DESKTOP-B0T93D6\\george", "DestinationPort": "80", "ProcessGuid": "{C784477D-9892-64AB-4306-000000004400}", "SourcePort": "49793", "Protocol": "tcp", "SourceHostname": "DESKTOP-B0T93D6.local", "SourceIp": "192.168.2.11", "DestinationIsIpv6": "false"}}, {"values": {"EventID": "3", "ProcessId": "1648", "DestinationPortName": "http", "SourceIsIpv6": "false", "DestinationIp": "152.89.198.29", "Initiated": "true", "SourcePortName": "-", "Image": "C:\\Windows\\System32\\WindowsPowerShell\\v1.0\\powershell.exe", "RuleName": "-", "DestinationHostname": "-", "UtcTime": "1686059369", "User": "DESKTOP-B0T93D6\\george", "DestinationPort": "80", "ProcessGuid": "{C784477D-9892-64AB-4306-000000004400}", "SourcePort": "49794", "Protocol": "tcp", "SourceHostname": "DESKTOP-B0T93D6.local", "SourceIp": "192.168.2.11", "DestinationIsIpv6": "false"}}, {"values": {"EventID": "3", "ProcessId": "1648", "DestinationPortName": "http", "SourceIsIpv6": "false", "Initiated": "true", "DestinationIp": "152.89.198.29", "SourcePortName": "-", "Image": "C:\\Windows\\System32\\WindowsPowerShell\\v1.0\\powershell.exe", "RuleName": "-", "DestinationHostname": "-", "UtcTime": "1686059369", "User": "DESKTOP-B0T93D6\\george", "DestinationPort": "80", "ProcessGuid": "{C784477D-9892-64AB-4306-000000004400}", "SourcePort": "49795", "Protocol": "tcp", "SourceHostname": "DESKTOP-B0T93D6.local", "SourceIp": "192.168.2.11", "DestinationIsIpv6": "false"}}, {"values": {"EventID": "3", "ProcessId": "1648", "DestinationPortName": "http", "SourceIsIpv6": "false", "Initiated": "true", "DestinationIp": "152.89.198.29", "SourcePortName": "-", "Image": "C:\\Windows\\System32\\WindowsPowerShell\\v1.0\\powershell.exe", "RuleName": "-", "DestinationHostname": "-", "UtcTime": "1686059369", "User": "DESKTOP-B0T93D6\\george", "DestinationPort": "80", "ProcessGuid": "{C784477D-9892-64AB-4306-000000004400}", "SourcePort": "49796", "Protocol": "tcp", "SourceHostname": "DESKTOP-B0T93D6.local", "SourceIp": "192.168.2.11", "DestinationIsIpv6": "false"}}, {"values": {"EventID": "3", "ProcessId": "1648", "DestinationPortName": "http", "Protocol": "tcp", "Initiated": "true", "DestinationIp": "152.89.198.29", "SourcePortName": "-", "Image": "C:\\Windows\\System32\\WindowsPowerShell\\v1.0\\powershell.exe", "RuleName": "-", "DestinationHostname": "-", "UtcTime": "1686059369", "User": "DESKTOP-B0T93D6\\george", "DestinationPort": "80", "ProcessGuid": "{C784477D-9892-64AB-4306-000000004400}", "SourcePort": "49797", "SourceIsIpv6": "false", "SourceHostname": "DESKTOP-B0T93D6.local", "SourceIp": "192.168.2.11", "DestinationIsIpv6": "false"}}, {"values": {"EventID": "3", "ProcessId": "1648", "DestinationPortName": "http", "SourceIsIpv6": "false", "DestinationIp": "152.89.198.29", "Initiated": "true", "SourcePortName": "-", "Image": "C:\\Windows\\System32\\WindowsPowerShell\\v1.0\\powershell.exe", "RuleName": "-", "DestinationHostname": "-", "UtcTime": "1686059369", "User": "DESKTOP-B0T93D6\\george", "DestinationPort": "80", "ProcessGuid": "{C784477D-9892-64AB-4306-000000004400}", "SourcePort": "49798", "Protocol": "tcp", "SourceHostname": "DESKTOP-B0T93D6.local", "SourceIp": "192.168.2.11", "DestinationIsIpv6": "false"}}, {"values": {"EventID": "3", "ProcessId": "1648", "DestinationPortName": "http", "Protocol": "tcp", "DestinationIp": "152.89.198.29", "Initiated": "true", "SourcePortName": "-", "Image": "C:\\Windows\\System32\\WindowsPowerShell\\v1.0\\powershell.exe", "RuleName": "-", "DestinationHostname": "-", "UtcTime": "1686059370", "User": "DESKTOP-B0T93D6\\george", "DestinationPort": "80", "ProcessGuid": "{C784477D-9892-64AB-4306-000000004400}", "SourcePort": "49799", "SourceIsIpv6": "false", "SourceHostname": "DESKTOP-B0T93D6.local", "SourceIp": "192.168.2.11", "DestinationIsIpv6": "false"}}, {"values": {"EventID": "3", "ProcessId": "1648", "DestinationPortName": "http", "Protocol": "tcp", "DestinationIp": "152.89.198.29", "Initiated": "true", "SourcePortName": "-", "Image": "C:\\Windows\\System32\\WindowsPowerShell\\v1.0\\powershell.exe", "RuleName": "-", "DestinationHostname": "-", "UtcTime": "1686059370", "User": "DESKTOP-B0T93D6\\george", "DestinationPort": "80", "ProcessGuid": "{C784477D-9892-64AB-4306-000000004400}", "SourcePort": "49800", "SourceIsIpv6": "false", "SourceHostname": "DESKTOP-B0T93D6.local", "SourceIp": "192.168.2.11", "DestinationIsIpv6": "false"}}, 