{"data": {"attributes": {"type_description": "Win32 EXE", "tlsh": "T1B8057C01E501B03BE9E310FBCAFB917E96386B30131525DF12C86AAEEB25AE17D31557", "vhash": "085046655d1560c1z24z9b7z2055z6lz", "type_tags": ["executable", "windows", "win32", "pe", "peexe"], "creation_date": 1663681591, "names": ["f04a4dd4c448cc010e8dd8fa9a30ccca2b620f73cfae94639583cfd7baaeb1fc.exe", "f2ec1b19fc6b792ebd20d5d8e458f94c.exe.vir", "f2ec1b19fc6b792ebd20d5d8e458f94c.virus"], "last_modification_date": 1692948075, "type_tag": "peexe", "times_submitted": 9, "total_votes": {"harmless": 0, "malicious": 0}, "size": 811008, "popular_threat_classification": {"suggested_threat_label": "trojan.tedy/beacon", "popular_threat_category": [{"count": 17, "value": "trojan"}, {"count": 2, "value": "pua"}], "popular_threat_name": [{"count": 7, "value": "tedy"}, {"count": 4, "value": "beacon"}, {"count": 3, "value": "cobaltstrike"}]}, "authentihash": "f1036970a3f07082d5b3c8ecdfe525be26e7740cb2775f1e311a73620c07973b", "detectiteasy": {"filetype": "PE32", "values": [{"info": "EXE32", "version": "2017 v.15.5-6", "type": "Compiler", "name": "EP:Microsoft Visual C/C++"}, {"version": "2019 v.16.8 or 16.9", "type": "Compiler", "name": "Microsoft Visual C/C++"}, {"info": "C", "version": "19.28.29924", "type": "Compiler", "name": "Microsoft Visual C/C++"}, {"version": "14.28.29924", "type": "Linker", "name": "Microsoft Linker"}, {"version": "2019 version 16.9-16.10", "type": "Tool", "name": "Visual Studio"}]}, "last_submission_date": 1692940529, "sigma_analysis_results": [{"rule_title": "Suspicious Eventlog Clear or Configuration Using Wevtutil", "rule_source": "Sigma Integrated Rule Set (GitHub)", "match_context": [{"values": {"TerminalSessionId": "1", "ProcessGuid": "C784477D-FFE5-62FD-0408-000000004700", "ProcessId": "1908", "Product": "Microsoft\u00ae Windows\u00ae Operating System", "Description": "Eventing Command Line Utility", "Company": "Microsoft Corporation", "ParentProcessGuid": "C784477D-FFCB-62FD-7700-000000004700", "User": "DESKTOP-B0T93D6\\george", "Hashes": "MD5=0269064AA2DD91125F13635FB194F499,SHA256=AB86C6C090FA85C2920A637D2BE274335A86FBC0A7FB706E893493B50840DC0A,IMPHASH=89A3D9DE9FED48F734C9553D16342280", "OriginalFileName": "wevtutil.exe", "ParentImage": "C:\\Windows\\System32\\cmd.exe", "FileVersion": "10.0.17134.81 (WinBuild.160101.0800)", "ParentProcessId": "4232", "CurrentDirectory": "C:\\Windows\\system32\\", "CommandLine": "wevtutil  cl \"Microsoft-Windows-Windows\"", "EventID": "1", "LogonGuid": "C784477D-FFCB-62FD-AD47-040000000000", "LogonId": "280493", "Image": "C:\\Windows\\System32\\wevtutil.exe", "IntegrityLevel": "High", "ParentCommandLine": "C:\\Windows\\SYSTEM32\\cmd.exe /c \"C:\\startup.bat\"", "UtcTime": "2022-08-18 09:01:25.721", "RuleName": "-"}}, {"values": {"TerminalSessionId": "1", "ProcessGuid": "C784477D-FFE5-62FD-0508-000000004700", "ProcessId": "5648", "Product": "Microsoft\u00ae Windows\u00ae Operating System", "Description": "Eventing Command Line Utility", "Company": "Microsoft Corporation", "ParentProcessGuid": "C784477D-FFD8-62FD-B400-000000004700", "User": "DESKTOP-B0T93D6\\george", "Hashes": "MD5=0269064AA2DD91125F13635FB194F499,SHA256=AB86C6C090FA85C2920A637D2BE274335A86FBC0A7FB706E893493B50840DC0A,IMPHASH=89A3D9DE9FED48F734C9553D16342280", "OriginalFileName": "wevtutil.exe", "ParentImage": "C:\\Windows\\System32\\cmd.exe", "FileVersion": "10.0.17134.81 (WinBuild.160101.0800)", "ParentProcessId": "6076", "CurrentDirectory": "C:\\", "CommandLine": "wevtutil  cl \"Microsoft-Windows-StorageSpaces-Driver/Diagnostic\"", "EventID": "1", "LogonGuid": "C784477D-FFCB-62FD-AD47-040000000000", "LogonId": "280493", "Image": "C:\\Windows\\System32\\wevtutil.exe", "IntegrityLevel": "High", "ParentCommandLine": "\"C:\\Windows\\System32\\cmd.exe\" /C \"C:\\startup.bat\" ", "UtcTime": "2022-08-18 09:01:25.723", "RuleName": "-"}}, {"values": {"TerminalSessionId": "1", "ProcessGuid": "C784477D-FFE5-62FD-0608-000000004700", "ProcessId": "860", "Product": "Microsoft\u00ae Windows\u00ae Operating System", "Description": "Eventing Command Line Utility", "Company": "Microsoft Corporation", "ParentProcessGuid": "C784477D-FFCB-62FD-7700-000000004700", "User": "DESKTOP-B0T93D6\\george", "Hashes": "MD5=0269064AA2DD91125F13635FB194F499,SHA256=AB86C6C090FA85C2920A637D2BE274335A86FBC0A7FB706E893493B50840DC0A,IMPHASH=89A3D9DE9FED48F734C9553D16342280", "OriginalFileName": "wevtutil.exe", "ParentImage": "C:\\Windows\\System32\\cmd.exe", "FileVersion": "10.0.17134.81 (WinBuild.160101.0800)", "ParentProcessId": "4232", "CurrentDirectory": "C:\\Windows\\system32\\", "CommandLine": "wevtutil  cl \"Microsoft-Windows-Windows\"", "EventID": "1", "LogonGuid": "C784477D-FFCB-62FD-AD47-040000000000", "LogonId": "280493", "Image": "C:\\Windows\\System32\\wevtutil.exe", "IntegrityLevel": "High", "ParentCommandLine": "C:\\Windows\\SYSTEM32\\cmd.exe /c \"C:\\startup.bat\"", "UtcTime": "2022-08-18 09:01:25.733", "RuleName": "-"}}, {"values": {"TerminalSessionId": "1", "ProcessGuid": "C784477D-FFE5-62FD-0708-000000004700", "ProcessId": "5924", "Product": "Microsoft\u00ae Windows\u00ae Operating System", "Description": "Eventing Command Line Utility", "Company": "Microsoft Corporation", "ParentProcessGuid": "C784477D-FFD8-62FD-B400-000000004700", "User": "DESKTOP-B0T93D6\\george", "Hashes": "MD5=0269064AA2DD91125F13635FB194F499,SHA256=AB86C6C090FA85C2920A637D2BE274335A86FBC0A7FB706E893493B50840DC0A,IMPHASH=89A3D9DE9FED48F734C9553D16342280", "OriginalFileName": "wevtutil.exe", "ParentImage": "C:\\Windows\\System32\\cmd.exe", "FileVersion": "10.0.17134.81 (WinBuild.160101.0800)", "ParentProcessId": "6076", "CurrentDirectory": "C:\\", "CommandLine": "wevtutil  cl \"Microsoft-Windows-StorageSpaces-Driver/Operational\"", "EventID": "1", "LogonGuid": "C784477D-FFCB-62FD-AD47-040000000000", "LogonId": "280493", "Image": "C:\\Windows\\System32\\wevtutil.exe", "IntegrityLevel": "High", "ParentCommandLine": "\"C:\\Windows\\System32\\cmd.exe\" /C \"C:\\startup.bat\" ", "UtcTime": "2022-08-18 09:01:25.738", "RuleName": "-"}}, {"values": {"TerminalSessionId": "1", "ProcessGuid": "C784477D-FFE5-62FD-0808-000000004700", "ProcessId": "4508", "Product": "Microsoft\u00ae Windows\u00ae Operating System", "Description": "Eventing Command Line Utility", "Company": "Microsoft Corporation", "ParentProcessGuid": "C784477D-FFCB-62FD-7700-000000004700", "User": "DESKTOP-B0T93D6\\george", "Hashes": "MD5=0269064AA2DD91125F13635FB194F499,SHA256=AB86C6C090FA85C2920A637D2BE274335A86FBC0A7FB706E893493B50840DC0A,IMPHASH=89A3D9DE9FED48F734C9553D16342280", "OriginalFileName": "wevtutil.exe", "ParentImage": "C:\\Windows\\System32\\cmd.exe", "FileVersion": "10.0.17134.81 (WinBuild.160101.0800)", "ParentProcessId": "4232", "CurrentDirectory": "C:\\Windows\\system32\\", "CommandLine": "wevtutil  cl \"Microsoft-Windows-WindowsBackup/ActionCenter\"", "EventID": "1", "LogonGuid": "C784477D-FFCB-62FD-AD47-040000000000", "LogonId": "280493", "Image": "C:\\Windows\\System32\\wevtutil.exe", "IntegrityLevel": "High", "ParentCommandLine": "C:\\Windows\\SYSTEM32\\cmd.exe /c \"C:\\startup.bat\"", "UtcTime": "2022-08-18 09:01:25.745", "RuleName": "-"}}, {"values": {"TerminalSessionId": "1", "ProcessGuid": "C784477D-FFE5-62FD-0908-000000004700", "ProcessId": "4864", "Product": "Microsoft\u00ae Windows\u00ae Operating System", "Description": "Eventing Command Line Utility", "Company": "Microsoft Corporation", "ParentProcessGuid": "C784477D-FFD8-62FD-B400-000000004700", "User": "DESKTOP-B0T93D6\\george", "Hashes": "MD5=0269064AA2DD91125F13635FB194F499,SHA256=AB86C6C090FA85C2920A637D2BE274335A86FBC0A7FB706E893493B50840DC0A,IMPHASH=89A3D9DE9FED48F734C9553D16342280", "OriginalFileName": "wevtutil.exe", "ParentImage": "C:\\Windows\\System32\\cmd.exe", "FileVersion": "10.0.17134.81 (WinBuild.160101.0800)", "ParentProcessId": "6076", "CurrentDirectory": "C:\\", "CommandLine": "wevtutil  cl \"Microsoft-Windows-StorageSpaces-Driver/Performance\"", "EventID": "1", "LogonGuid": "C784477D-FFCB-62FD-AD47-040000000000", "LogonId": "280493", "Image": "C:\\Windows\\System32\\wevtutil.exe", "IntegrityLevel": "High", "ParentCommandLine": "\"C:\\Windows\\System32\\cmd.exe\" /C \"C:\\startup.bat\" ", "UtcTime": "2022-08-18 09:01:25.752", "RuleName": "-"}}, {"values": {"TerminalSessionId": "1", "ProcessGuid": "C784477D-FFE5-62FD-0A08-000000004700", "ProcessId": "5872", "Product": "Microsoft\u00ae Windows\u00ae Operating System", "Description": "Eventing Command Line Utility", "Company": "Microsoft Corporation", "ParentProcessGuid": "C784477D-FFCB-62FD-7700-000000004700", "User": "DESKTOP-B0T93D6\\george", "Hashes": "MD5=0269064AA2DD91125F13635FB194F499,SHA256=AB86C6C090FA85C2920A637D2BE274335A86FBC0A7FB706E893493B50840DC0A,IMPHASH=89A3D9DE9FED48F734C9553D16342280", "OriginalFileName": "wevtutil.exe", "ParentImage": "C:\\Windows\\System32\\cmd.exe", "FileVersion": "10.0.17134.81 (WinBuild.160101.0800)", "ParentProcessId": "4232", "CurrentDirectory": "C:\\Windows\\system32\\", "CommandLine": "wevtutil  cl \"Microsoft-Windows-WindowsColorSystem/Debug\"", "EventID": "1", "LogonGuid": "C784477D-FFCB-62FD-AD47-040000000000", "LogonId": "280493", "Image": "C:\\Windows\\System32\\wevtutil.exe", "IntegrityLevel": "High", "ParentCommandLine": "C:\\Windows\\SYSTEM32\\cmd.exe /c \"C:\\startup.bat\"", "UtcTime": "2022-08-18 09:01:25.761", "RuleName": "-"}}, {"values": {"TerminalSessionId": "1", "ProcessGuid": "C784477D-FFE5-62FD-0B08-000000004700", "ProcessId": "1996", "Product": "Microsoft\u00ae Windows\u00ae Operating System", "Description": "Eventing Command Line Utility", "Company": "Microsoft Corporation", "ParentProcessGuid": "C784477D-FFD8-62FD-B400-000000004700", "User": "DESKTOP-B0T93D6\\george", "Hashes": "MD5=0269064AA2DD91125F13635FB194F499,SHA256=AB86C6C090FA85C2920A637D2BE274335A86FBC0A7FB706E893493B50840DC0A,IMPHASH=89A3D9DE9FED48F734C9553D16342280", "OriginalFileName": "wevtutil.exe", "ParentImage": "C:\\Windows\\System32\\cmd.exe", "FileVersion": "10.0.17134.81 (WinBuild.160101.0800)", "ParentProcessId": "6076", "CurrentDirectory": "C:\\", "CommandLine": "wevtutil  cl \"Microsoft-Windows-StorageSpaces-ManagementAgent/WHC\"", "EventID": "1", "LogonGuid": "C784477D-FFCB-62FD-AD47-040000000000", "LogonId": "280493", "Image": "C:\\Windows\\System32\\wevtutil.exe", "IntegrityLevel": "High", "ParentCommandLine": "\"C:\\Windows\\System32\\cmd.exe\" /C \"C:\\startup.bat\" ", "UtcTime": "2022-08-18 09:01:25.763", "RuleName": "-"}}, {"values": {"TerminalSessionId": "1", "ProcessGuid": "C784477D-FFE5-62FD-0C08-000000004700", "ProcessId": "5848", "Product": "Microsoft\u00ae Windows\u00ae Operating System", "Description": "Eventing Command Line Utility", "Company": "Microsoft Corporation", "ParentProcessGuid": "C784477D-FFCB-62FD-7700-000000004700", "User": "DESKTOP-B0T93D6\\george", "Hashes": "MD5=0269064AA2DD91125F13635FB194F499,SHA256=AB86C6C090FA85C2920A637D2BE274335A86FBC0A7FB706E893493B50840DC0A,IMPHASH=89A3D9DE9FED48F734C9553D16342280", "OriginalFileName": "wevtutil.exe", "ParentImage": "C:\\Windows\\System32\\cmd.exe", "FileVersion": "10.0.17134.81 (WinBuild.160101.0800)", "ParentProcessId": "4232", "CurrentDirectory": "C:\\Windows\\system32\\", "CommandLine": "wevtutil  cl \"Microsoft-Windows-WindowsColorSystem/Operational\"", "EventID": "1", "LogonGuid": "C784477D-FFCB-62FD-AD47-040000000000", "LogonId": "280493", "Image": "C:\\Windows\\System32\\wevtutil.exe", "IntegrityLevel": "High", "ParentCommandLine": "C:\\Windows\\SYSTEM32\\cmd.exe /c \"C:\\startup.bat\"", "UtcTime": "2022-08-18 09:01:25.774", "RuleName": "-"}}, {"values": {"TerminalSessionId": "1", "ProcessGuid": "C784477D-FFE5-62FD-0D08-000000004700", "ProcessId": "464", "Product": "Microsoft\u00ae Windows\u00ae Operating System", "Description": "Eventing Command Line Utility", "Company": "Microsoft Corporation", "ParentProcessGuid": "C784477D-FFD8-62FD-B400-000000004700", "User": "DESKTOP-B0T93D6\\george", "Hashes": "MD5=0269064AA2DD91125F13635FB194F499,SHA256=AB86C6C090FA85C2920A637D2BE274335A86FBC0A7FB706E893493B50840DC0A,IMPHASH=89A3D9DE9FED48F734C9553D16342280", "OriginalFileName": "wevtutil.exe", "ParentImage": "C:\\Windows\\System32\\cmd.exe", "FileVersion": "10.0.17134.81 (WinBuild.160101.0800)", "ParentProcessId": "6076", "CurrentDirectory": "C:\\", "CommandLine": "wevtutil  cl \"Microsoft-Windows-StorageSpaces-SpaceManager/Diagnostic\"", "EventID": "1", "LogonGuid": "C784477D-FFCB-62FD-AD47-040000000000", "LogonId": "280493", "Image": "C:\\Windows\\System32\\wevtutil.exe", "IntegrityLevel": "High", "ParentCommandLine": "\"C:\\Windows\\System32\\cmd.exe\" /C \"C:\\startup.bat\" ", "UtcTime": "2022-08-18 09:01:25.776", "RuleName": "-"}}, {"values": {"TerminalSessionId": "1", "ProcessGuid": "C784477D-FFE5-62FD-0E08-000000004700", "ProcessId": "6024", "Product": "Microsoft\u00ae Windows\u00ae Operating System", "Description": "Eventing Command Line Utility", "Company": "Microsoft Corporation", "ParentProcessGuid": "C784477D-FFCB-62FD-7700-000000004700", "User": "DESKTOP-B0T93D6\\george", "Hashes": "MD5=0269064AA2DD91125F13635FB194F499,SHA256=AB86C6C090FA85C2920A637D2BE274335A86FBC0A7FB706E893493B50840DC0A,IMPHASH=89A3D9DE9FED48F734C9553D16342280", "OriginalFileName": "wevtutil.exe", "ParentImage": "C:\\Windows\\System32\\cmd.exe", "FileVersion": "10.0.17134.81 (WinBuild.160101.0800)", "ParentProcessId": "4232", "CurrentDirectory": "C:\\Windows\\system32\\", "CommandLine": "wevtutil  cl \"Microsoft-Windows-WindowsSystemAssessmentTool/Operational\"", "EventID": "1", "LogonGuid": "C784477D-FFCB-62FD-AD47-040000000000", "LogonId": "280493", "Image": "C:\\Windows\\System32\\wevtutil.exe", "IntegrityLevel": "High", "ParentCommandLine": "C:\\Windows\\SYSTEM32\\cmd.exe /c \"C:\\startup.bat\"", "UtcTime": "2022-08-18 09:01:25.785", "RuleName": "-"}}, {"values": {"TerminalSessionId": "1", "ProcessGuid": "C784477D-FFE5-62FD-0F08-000000004700", "ProcessId": "2168", "Product": "Microsoft\u00ae Windows\u00ae Operating System", "Description": "Eventing Command Line Utility", "Company": "Microsoft Corporation", "ParentProcessGuid": "C784477D-FFD8-62FD-B400-000000004700", "User": "DESKTOP-B0T93D6\\george", "Hashes": "MD5=0269064AA2DD91125F13635FB194F499,SHA256=AB86C6C090FA85C2920A637D2BE274335A86FBC0A7FB706E893493B50840DC0A,IMPHASH=89A3D9DE9FED48F734C9553D16342280", "OriginalFileName": "wevtutil.exe", "ParentImage": "C:\\Windows\\System32\\cmd.exe", "FileVersion": "10.0.17134.81 (WinBuild.160101.0800)", "ParentProcessId": "6076", "CurrentDirectory": "C:\\", "CommandLine": "wevtutil  cl \"Microsoft-Windows-StorageSpaces-SpaceManager/Operational\"", "EventID": "1", "LogonGuid": "C784477D-FFCB-62FD-AD47-040000000000", "LogonId": "280493", "Image": "C:\\Windows\\System32\\wevtutil.exe", "IntegrityLevel": "High", "ParentCommandLine": "\"C:\\Windows\\System32\\cmd.exe\" /C \"C:\\startup.bat\" ", "UtcTime": "2022-08-18 09:01:25.791", "RuleName": "-"}}, {"values": {"TerminalSessionId": "1", "ProcessGuid": "C784477D-FFE5-62FD-1008-000000004700", "ProcessId": "2180", "Product": "Microsoft\u00ae Windows\u00ae Operating System", "Description": "Eventing Command Line Utility", "Company": "Microsoft Corporation", "ParentProcessGuid": "C784477D-FFCB-62FD-7700-000000004700", "User": "DESKTOP-B0T93D6\\george", "Hashes": "MD5=0269064AA2DD91125F13635FB194F499,SHA256=AB86C6C090FA85C2920A637D2BE274335A86FBC0A7FB706E893493B50840DC0A,IMPHASH=89A3D9DE9FED48F734C9553D16342280", "OriginalFileName": "wevtutil.exe", "ParentImage": "C:\\Windows\\System32\\cmd.exe", "FileVersion": "10.0.17134.81 (WinBuild.160101.0800)", "ParentProcessId": "4232", "CurrentDirectory": "C:\\Windows\\system32\\", "CommandLine": "wevtutil  cl \"Microsoft-Windows-WindowsSystemAssessmentTool/Tracing\"", "EventID": "1", "LogonGuid": "C784477D-FFCB-62FD-AD47-040000000000", "LogonId": "280493", "Image": "C:\\Windows\\System32\\wevtutil.exe", "IntegrityLevel": "High", "ParentCommandLine": "C:\\Windows\\SYSTEM32\\cmd.exe /c \"C:\\startup.bat\"", "UtcTime": "2022-08-18 09:01:25.802", "RuleName": "-"}}, {"values": {"TerminalSessionId": "1", "ProcessGuid": "C784477D-FFE5-62FD-1108-000000004700", "ProcessId": "4064", "Product": "Microsoft\u00ae Windows\u00ae Operating System", "Description": "Eventing Command Line Utility", "Company": "Microsoft Corporation", "ParentProcessGuid": "C784477D-FFD8-62FD-B400-000000004700", "User": "DESKTOP-B0T93D6\\george", "Hashes": "MD5=0269064AA2DD91125F13635FB194F499,SHA256=AB86C6C090FA85C2920A637D2BE274335A86FBC0A7FB706E893493B50840DC0A,IMPHASH=89A3D9DE9FED48F734C9553D16342280", "OriginalFileName": "wevtutil.exe", "ParentImage": "C:\\Windows\\System32\\cmd.exe", "FileVersion": "10.0.17134.81 (WinBuild.160101.0800)", "ParentProcessId": "6076", "CurrentDirectory": "C:\\", "CommandLine": "wevtutil  cl \"Microsoft-Windows-Store/Operational\"", "EventID": "1", "LogonGuid": "C784477D-FFCB-62FD-AD47-040000000000", "LogonId": "280493", "Image": "C:\\Windows\\System32\\wevtutil.exe", "IntegrityLevel": "High", "ParentCommandLine": "\"C:\\Windows\\System32\\cmd.exe\" /C \"C:\\startup.bat\" ", "UtcTime": "2022-08-18 09:01:25.806", "RuleName": "-"}}, {"values": {"TerminalSessionId": "1", "ProcessGuid": "C784477D-FFE5-62FD-1208-000000004700", "ProcessId": "5452", "Product": "Microsoft\u00ae Windows\u00ae Operating System", "Description": "Eventing Command Line Utility", "Company": "Microsoft Corporation", "ParentProcessGuid": "C784477D-FFCB-62FD-7700-000000004700", "User": "DESKTOP-B0T93D6\\george", "Hashes": "MD5=0269064AA2DD91125F13635FB194F499,SHA256=AB86C6C090FA85C2920A637D2BE274335A86FBC0A7FB706E893493B50840DC0A,IMPHASH=89A3D9DE9FED48F734C9553D16342280", "OriginalFileName": "wevtutil.exe", "ParentImage": "C:\\Windows\\System32\\cmd.exe", "FileVersion": "10.0.17134.81 (WinBuild.160101.0800)", "ParentProcessId": "4232", "CurrentDirectory": "C:\\Windows\\system32\\", "CommandLine": "wevtutil  cl \"Microsoft-Windows-WindowsUIImmersive/Diagnostic\"", "EventID": "1", "LogonGuid": "C784477D-FFCB-62FD-AD47-040000000000", "LogonId": "280493", "Image": "C:\\Windows\\System32\\wevtutil.exe", "IntegrityLevel": "High", "ParentCommandLine": "C:\\Windows\\SYSTEM32\\cmd.exe /c \"C:\\startup.bat\"", "UtcTime": "2022-08-18 09:01:25.814", "RuleName": "-"}}, {"values": {"TerminalSessionId": "1", "ProcessGuid": "C784477D-FFE5-62FD-1308-000000004700", "ProcessId": "1324", "Product": "Microsoft\u00ae Windows\u00ae Operating System", "Description": "Eventing Command Line Utility", "Company": "Microsoft Corporation", "ParentProcessGuid": "C784477D-FFD8-62FD-B400-000000004700", "User": "DESKTOP-B0T93D6\\george", "Hashes": "MD5=0269064AA2DD91125F13635FB194F499,SHA256=AB86C6C090FA85C2920A637D2BE274335A86FBC0A7FB706E893493B50840DC0A,IMPHASH=89A3D9DE9FED48F734C9553D16342280", "OriginalFileName": "wevtutil.exe", "ParentImage": "C:\\Windows\\System32\\cmd.exe", "FileVersion": "10.0.17134.81 (WinBuild.160101.0800)", "ParentProcessId": "6076", "CurrentDirectory": "C:\\", "CommandLine": "wevtutil  cl \"Microsoft-Windows-Subsys-Csr/Operational\"", "EventID": "1", "LogonGuid": "C784477D-FFCB-62FD-AD47-040000000000", "LogonId": "280493", "Image": "C:\\Windows\\System32\\wevtutil.exe", "IntegrityLevel": "High", "ParentCommandLine": "\"C:\\Windows\\System32\\cmd.exe\" /C \"C:\\startup.bat\" ", "UtcTime": "2022-08-18 09:01:25.821", "RuleName": "-"}}, {"values": {"TerminalSessionId": "1", "ProcessGuid": "C784477D-FFE5-62FD-1408-000000004700", "ProcessId": "4604", "Product": "Microsoft\u00ae Windows\u00ae Operating System", "Description": "Eventing Command Line Utility", "Company": "Microsoft Corporation", "ParentProcessGuid": "C784477D-FFCB-62FD-7700-000000004700", "User": "DESKTOP-B0T93D6\\george", "Hashes": "MD5=0269064AA2DD91125F13635FB194F499,SHA256=AB86C6C090FA85C2920A637D2BE274335A86FBC0A7FB706E893493B50840DC0A,IMPHASH=89A3D9DE9FED48F734C9553D16342280", "OriginalFileName": "wevtutil.exe", "ParentImage": "C:\\Windows\\System32\\cmd.exe", "FileVersion": "10.0.17134.81 (WinBuild.160101.0800)", "ParentProcessId": "4232", "CurrentDirectory": "C:\\Windows\\system32\\", "CommandLine": "wevtutil  cl \"Microsoft-Windows-WindowsUIImmersive/Operational\"", "EventID": "1", "LogonGuid": "C784477D-FFCB-62FD-AD47-040000000000", "LogonId": "280493", "Image": "C:\\Windows\\System32\\wevtutil.exe", "IntegrityLevel": "High", "ParentCommandLine": "C:\\Windows\\SYSTEM32\\cmd.exe /c \"C:\\startup.bat\"", "UtcTime": "2022-08-18 09:01:25.826", "RuleName": "-"}}, {"values": {"TerminalSessionId": "1", "ProcessGuid": "C784477D-FFE5-62FD-1508-000000004700", "ProcessId": "1684", "Product": "Microsoft\u00ae Windows\u00ae Operating System", "Description": "Eventing Command Line Utility", "Company": "Microsoft Corporation", "ParentProcessGuid": "C784477D-FFD8-62FD-B400-000000004700", "User": "DESKTOP-B0T93D6\\george", "Hashes": "MD5=0269064AA2DD91125F13635FB194F499,SHA256=AB86C6C090FA85C2920A637D2BE274335A86FBC0A7FB706E893493B50840DC0A,IMPHASH=89A3D9DE9FED48F734C9553D16342280", "OriginalFileName": "wevtutil.exe", "ParentImage": "C:\\Windows\\System32\\cmd.exe", "FileVersion": "10.0.17134.81 (WinBuild.160101.0800)", "ParentProcessId": "6076", "CurrentDirectory": "C:\\", "CommandLine": "wevtutil  cl \"Microsoft-Windows-Subsys-SMSS/Operational\"", "EventID": "1", "LogonGuid": "C784477D-FFCB-62FD-AD47-040000000000", "LogonId": "280493", "Image": "C:\\Windows\\System32\\wevtutil.exe", "IntegrityLevel": "High", "ParentCommandLine": "\"C:\\Windows\\System32\\cmd.exe\" /C \"C:\\startup.bat\" ", "UtcTime": "2022-08-18 09:01:25.832", "RuleName": "-"}}, {"values": {"TerminalSessionId": "1", "ProcessGuid": "C784477D-FFE5-62FD-1608-000000004700", "ProcessId": "1088", "Product": "Microsoft\u00ae Windows\u00ae Operating System", "Description": "Eventing Command Line Utility", "Company": "Microsoft Corporation", "ParentProcessGuid": "C784477D-FFCB-62FD-7700-000000004700", "User": "DESKTOP-B0T93D6\\george", "Hashes": "MD5=0269064AA2DD91125F13635FB194F499,SHA256=AB86C6C090FA85C2920A637D2BE274335A86FBC0A7FB706E893493B50840DC0A,IMPHASH=89A3D9DE9FED48F734C9553D16342280", "OriginalFileName": "wevtutil.exe", "ParentImage": "C:\\Windows\\System32\\cmd.exe", "FileVersion": "10.0.17134.81 (WinBuild.160101.0800)", "ParentProcessId": "4232", "CurrentDirectory": "C:\\Windows\\system32\\", "CommandLine": "wevtutil  cl \"Microsoft-Windows-WindowsUpdateClient/Analytic\"", "EventID": "1", "LogonGuid": "C784477D-FFCB-62FD-AD47-040000000000", "LogonId": "280493", "Image": "C:\\Windows\\System32\\wevtutil.exe", "IntegrityLevel": "High", "ParentCommandLine": "C:\\Windows\\SYSTEM32\\cmd.exe /c \"C:\\startup.bat\"", "UtcTime": "2022-08-18 09:01:25.839", "RuleName": "-"}}, {"values": {"TerminalSessionId": "1", "ProcessGuid": "C784477D-FFE5-62FD-1708-000000004700", "ProcessId": "4324", "Product": "Microsoft\u00ae Windows\u00ae Operating System", "Description": "Eventing Command Line Utility", "Company": "Microsoft Corporation", "ParentProcessGuid": "C784477D-FFD8-62FD-B400-000000004700", "User": "DESKTOP-B0T93D6\\george", "Hashes": "MD5=0269064AA2DD91125F13635FB194F499,SHA256=AB86C6C090FA85C2920A637D2BE274335A86FBC0A7FB706E893493B50840DC0A,IMPHASH=89A3D9DE9FED48F734C9553D16342280", "OriginalFileName": "wevtutil.exe", "ParentImage": "C:\\Windows\\System32\\cmd.exe", "FileVersion": "10.0.17134.81 (WinBuild.160101.0800)", "ParentProcessId": "6076", "CurrentDirectory": "C:\\", "CommandLine": "wevtutil  cl \"Microsoft-Windows-Superfetch/Main\"", "EventID": "1", "LogonGuid": "C784477D-FFCB-62FD-AD47-040000000000", "LogonId": "280493", "Image": "C:\\Windows\\System32\\wevtutil.exe", "IntegrityLevel": "High", "ParentCommandLine": "\"C:\\Windows\\System32\\cmd.exe\" /C \"C:\\startup.bat\" ", "UtcTime": "2022-08-18 09:01:25.845", "RuleName": "-"}}, {"values": {"TerminalSessionId": "1", "ProcessGuid": "C784477D-FFE5-62FD-1808-000000004700", "ProcessId": "5852", "Product": "Microsoft\u00ae Windows\u00ae Operating System", "Description": "Eventing Command Line Utility", "Company": "Microsoft Corporation", "ParentProcessGuid": "C784477D-FFCB-62FD-7700-000000004700", "User": "DESKTOP-B0T93D6\\george", "Hashes": "MD5=0269064AA2DD91125F13635FB194F499,SHA256=AB86C6C090FA85C2920A637D2BE274335A86FBC0A7FB706E893493B50840DC0A,IMPHASH=89A3D9DE9FED48F734C9553D16342280", "OriginalFileName": "wevtutil.exe", "ParentImage": "C:\\Windows\\System32\\cmd.exe", "FileVersion": "10.0.17134.81 (WinBuild.160101.0800)", "ParentProcessId": "4232", "CurrentDirectory": "C:\\Windows\\system32\\", "CommandLine": "wevtutil  cl \"Microsoft-Windows-WindowsUpdateClient/Operational\"", "EventID": "1", "LogonGuid": "C784477D-FFCB-62FD-AD47-040000000000", "LogonId": "280493", "Image": "C:\\Windows\\System32\\wevtutil.exe", "IntegrityLevel": "High", "ParentCommandLine": "C:\\Windows\\SYSTEM32\\cmd.exe /c \"C:\\startup.bat\"", "UtcTime": "2022-08-18 09:01:25.850", "RuleName": "-"}}, {"values": {"TerminalSessionId": "1", "ProcessGuid": "C784477D-FFE5-62FD-1908-000000004700", "ProcessId": "1396", "Product": "Microsoft\u00ae Windows\u00ae Operating System", "Description": "Eventing Command Line Utility", "Company": "Microsoft Corporation", "ParentProcessGuid": "C784477D-FFD8-62FD-B400-000000004700", "User": "DESKTOP-B0T93D6\\george", "Hashes": "MD5=0269064AA2DD91125F13635FB194F499,SHA256=AB86C6C090FA85C2920A637D2BE274335A86FBC0A7FB706E893493B50840DC0A,IMPHASH=89A3D9DE9FED48F734C9553D16342280", "OriginalFileName": "wevtutil.exe", "ParentImage": "C:\\Windows\\System32\\cmd.exe", "FileVersion": "10.0.17134.81 (WinBuild.160101.0800)", "ParentProcessId": "6076", "CurrentDirectory": "C:\\", "CommandLine": "wevtutil  cl \"Microsoft-Windows-Superfetch/PfApLog\"", "EventID": "1", "LogonGuid": "C784477D-FFCB-62FD-AD47-040000000000", "LogonId": "280493", "Image": "C:\\Windows\\System32\\wevtutil.exe", "IntegrityLevel": "High", "ParentCommandLine": "\"C:\\Windows\\System32\\cmd.exe\" /C \"C:\\startup.bat\" ", "UtcTime": "2022-08-18 09:01:25.857", "RuleName": "-"}}, {"values": {"TerminalSessionId": "1", "ProcessGuid": "C784477D-FFE5-62FD-1A08-000000004700", "ProcessId": "3140", "Product": "Microsoft\u00ae Windows\u00ae Operating System", "Description": "Eventing Command Line Utility", "Company": "Microsoft Corporation", "ParentProcessGuid": "C784477D-FFCB-62FD-7700-000000004700", "User": "DESKTOP-B0T93D6\\george", "Hashes": "MD5=0269064AA2DD91125F13635FB194F499,SHA256=AB86C6C090FA85C2920A637D2BE274335A86FBC0A7FB706E893493B50840DC0A,IMPHASH=89A3D9DE9FED48F734C9553D16342280", "OriginalFileName": "wevtutil.exe", "ParentImage": "C:\\Windows\\System32\\cmd.exe", "FileVersion": "10.0.17134.81 (WinBuild.160101.0800)", "ParentProcessId": "4232", "CurrentDirectory": "C:\\Windows\\system32\\", "CommandLine": "wevtutil  cl \"Microsoft-Windows-Wininit/Diagnostic\"", "EventID": "1", "LogonGuid": "C784477D-FFCB-62FD-AD47-040000000000", "LogonId": "280493", "Image": "C:\\Windows\\System32\\wevtutil.exe", "IntegrityLevel": "High", "ParentCommandLine": "C:\\Windows\\SYSTEM32\\cmd.exe /c \"C:\\startup.bat\"", "UtcTime": "2022-08-18 09:01:25.864", "RuleName": "-"}}, {"values": {"TerminalSessionId": "1", "ProcessGuid": "C784477D-FFE5-62FD-1B08-000000004700", "ProcessId": "1848", "Product": "Microsoft\u00ae Windows\u00ae Operating System", "Description": "Eventing Command Line Utility", "Company": "Microsoft Corporation", "ParentProcessGuid": "C784477D-FFD8-62FD-B400-000000004700", "User": "DESKTOP-B0T93D6\\george", "Hashes": "MD5=0269064AA2DD91125F13635FB194F499,SHA256=AB86C6C090FA85C2920A637D2BE274335A86FBC0A7FB706E893493B50840DC0A,IMPHASH=89A3D9DE9FED48F734C9553D16342280", "OriginalFileName": "wevtutil.exe", "ParentImage": "C:\\Windows\\System32\\cmd.exe", "FileVersion": "10.0.17134.81 (WinBuild.160101.0800)", "ParentProcessId": "6076", "CurrentDirectory": "C:\\", "CommandLine": "wevtutil  cl \"Microsoft-Windows-Superfetch/StoreLog\"", "EventID": "1", "LogonGuid": "C784477D-FFCB-62FD-AD47-040000000000", "LogonId": "280493", "Image": "C:\\Windows\\System32\\wevtutil.exe", "IntegrityLevel": "High", "ParentCommandLine": "\"C:\\Windows\\System32\\cmd.exe\" /C \"C:\\startup.bat\" ", "UtcTime": "2022-08-18 09:01:25.870", "RuleName": "-"}}, {"values": {"TerminalSessionId": "1", "ProcessGuid": "C784477D-FFE5-62FD-1C08-000000004700", "ProcessId": "812", "Product": "Microsoft\u00ae Windows\u00ae Operating System", "Description": "Eventing Command Line Utility", "Company": "Microsoft Corporation", "ParentProcessGuid": "C784477D-FFCB-62FD-7700-000000004700", "User": "DESKTOP-B0T93D6\\george", "Hashes": "MD5=0269064AA2DD91125F13635FB194F499,SHA256=AB86C6C090FA85C2920A637D2BE274335A86FBC0A7FB706E893493B50840DC0A,IMPHASH=89A3D9DE9FED48F734C9553D16342280", "OriginalFileName": "wevtutil.exe", "ParentImage": "C:\\Windows\\System32\\cmd.exe", "FileVersion": "10.0.17134.81 (WinBuild.160101.0800)", "ParentProcessId": "4232", "CurrentDirectory": "C:\\Windows\\system32\\", "CommandLine": "wevtutil  cl \"Microsoft-Windows-Winlogon/Diagnostic\"", "EventID": "1", "LogonGuid": "C784477D-FFCB-62FD-AD47-040000000000", "LogonId": "280493", "Image": "C:\\Windows\\System32\\wevtutil.exe", "IntegrityLevel": "High", "ParentCommandLine": "C:\\Windows\\SYSTEM32\\cmd.exe /c \"C:\\startup.bat\"", "UtcTime": "2022-08-18 09:01:25.877", "RuleName": "-"}}, {"values": {"TerminalSessionId": "1", "ProcessGuid": "C784477D-FFE5-62FD-1D08-000000004700", "ProcessId": "5844", "Product": "Microsoft\u00ae Windows\u00ae Operating System", "Description": "Eventing Command Line Utility", "Company": "Microsoft Corporation", "ParentProcessGuid": "C784477D-FFD8-62FD-B400-000000004700", "User": "DESKTOP-B0T93D6\\george", "Hashes": "MD5=0269064AA2DD91125F13635FB194F499,SHA256=AB86C6C090FA85C2920A637D2BE274335A86FBC0A7FB706E893493B50840DC0A,IMPHASH=89A3D9DE9FED48F734C9553D16342280", "OriginalFileName": "wevtutil.exe", "ParentImage": "C:\\Windows\\System32\\cmd.exe", "FileVersion": "10.0.17134.81 (WinBuild.160101.0800)", "ParentProcessId": "6076", "CurrentDirectory": "C:\\", "CommandLine": "wevtutil  cl \"Microsoft-Windows-Sysmon/Operational\"", "EventID": "1", "LogonGuid": "C784477D-FFCB-62FD-AD47-040000000000", "LogonId": "280493", "Image": "C:\\Windows\\System32\\wevtutil.exe", "IntegrityLevel": "High", "ParentCommandLine": "\"C:\\Windows\\System32\\cmd.exe\" /C \"C:\\startup.bat\" ", "UtcTime": "2022-08-18 09:01:25.880", "RuleName": "-"}}, {"values": {"TerminalSessionId": "1", "ProcessGuid": "C784477D-FFE5-62FD-1E08-000000004700", "ProcessId": "2632", "Product": "Microsoft\u00ae Windows\u00ae Operating System", "Description": "Eventing Command Line Utility", "Company": "Microsoft Corporation", "ParentProcessGuid": "C784477D-FFCB-62FD-7700-000000004700", "User": "DESKTOP-B0T93D6\\george", "Hashes": "MD5=0269064AA2DD91125F13635FB194F499,SHA256=AB86C6C090FA85C2920A637D2BE274335A86FBC0A7FB706E893493B50840DC0A,IMPHASH=89A3D9DE9FED48F734C9553D16342280", "OriginalFileName": "wevtutil.exe", "ParentImage": "C:\\Windows\\System32\\cmd.exe", "FileVersion": "10.0.17134.81 (WinBuild.160101.0800)", "ParentProcessId": "4232", "CurrentDirectory": "C:\\Windows\\system32\\", "CommandLine": "wevtutil  cl \"Microsoft-Windows-Winlogon/Operational\"", "EventID": "1", "LogonGuid": "C784477D-FFCB-62FD-AD47-040000000000", "LogonId": "280493", "Image": "C:\\Windows\\System32\\wevtutil.exe", "IntegrityLevel": "High", "ParentCommandLine": "C:\\Windows\\SYSTEM32\\cmd.exe /c \"C:\\startup.bat\"", "UtcTime": "2022-08-18 09:01:25.889", "RuleName": "-"}}, {"values": {"TerminalSessionId": "1", "ProcessGuid": "C784477D-FFE5-62FD-1F08-000000004700", "ProcessId": "2724", "Product": "Microsoft\u00ae Windows\u00ae Operating System", "Description": "Eventing Command Line Utility", "Company": "Microsoft Corporation", "ParentProcessGuid": "C784477D-FFD8-62FD-B400-000000004700", "User": "DESKTOP-B0T93D6\\george", "Hashes": "MD5=0269064AA2DD91125F13635FB194F499,SHA256=AB86C6C090FA85C2920A637D2BE274335A86FBC0A7FB706E893493B50840DC0A,IMPHASH=89A3D9DE9FED48F734C9553D16342280", "OriginalFileName": "wevtutil.exe", "ParentImage": "C:\\Windows\\System32\\cmd.exe", "FileVersion": "10.0.17134.81 (WinBuild.160101.0800)", "ParentProcessId": "6076", "CurrentDirectory": "C:\\", "CommandLine": "wevtutil  cl \"Microsoft-Windows-Sysprep/Analytic\"", "EventID": "1", "LogonGuid": "C784477D-FFCB-62FD-AD47-040000000000", "LogonId": "280493", "Image": "C:\\Windows\\System32\\wevtutil.exe", "IntegrityLevel": "High", "ParentCommandLine": "\"C:\\Windows\\System32\\cmd.exe\" /C \"C:\\startup.bat\" ", "UtcTime": "2022-08-18 09:01:25.899", "RuleName": "-"}}, {"values": {"TerminalSessionId": "1", "ProcessGuid": "C784477D-FFE5-62FD-2008-000000004700", "ProcessId": "5944", "Product": "Microsoft\u00ae Windows\u00ae Operating System", "Description": "Eventing Command Line Utility", "Company": "Microsoft Corporation", "ParentProcessGuid": "C784477D-FFCB-62FD-7700-000000004700", "User": "DESKTOP-B0T93D6\\george", "Hashes": "MD5=0269064AA2DD91125F13635FB194F499,SHA256=AB86C6C090FA85C2920A637D2BE274335A86FBC0A7FB706E893493B50840DC0A,IMPHASH=89A3D9DE9FED48F734C9553D16342280", "OriginalFileName": "wevtutil.exe", "ParentImage": "C:\\Windows\\System32\\cmd.exe", "FileVersion": "10.0.17134.81 (WinBuild.160101.0800)", "ParentProcessId": "4232", "CurrentDirectory": "C:\\Windows\\system32\\", "CommandLine": "wevtutil  cl \"Microsoft-Windows-Winsock-AFD/Operational\"", "EventID": "1", "LogonGuid": "C784477D-FFCB-62FD-AD47-040000000000", "LogonId": "280493", "Image": "C:\\Windows\\System32\\wevtutil.exe", "IntegrityLevel": "High", "ParentCommandLine": "C:\\Windows\\SYSTEM32\\cmd.exe /c \"C:\\startup.bat\"", "UtcTime": "2022-08-18 09:01:25.906", "RuleName": "-"}}, {"values": {"TerminalSessionId": "1", "ProcessGuid": "C784477D-FFE5-62FD-2108-000000004700", "ProcessId": "1692", "Product": "Microsoft\u00ae Windows\u00ae Operating System", "Description": "Eventing Command Line Utility", "Company": "Microsoft Corporation", "ParentProcessGuid": "C784477D-FFD8-62FD-B400-000000004700", "User": "DESKTOP-B0T93D6\\george", "Hashes": "MD5=0269064AA2DD91125F13635FB194F499,SHA256=AB86C6C090FA85C2920A637D2BE274335A86FBC0A7FB706E893493B50840DC0A,IMPHASH=89A3D9DE9FED48F734C9553D16342280", "OriginalFileName": "wevtutil.exe", "ParentImage": "C:\\Windows\\System32\\cmd.exe", "FileVersion": "10.0.17134.81 (WinBuild.160101.0800)", "ParentProcessId": "6076", "CurrentDirectory": "C:\\", "CommandLine": "wevtutil  cl \"Microsoft-Windows-System-Profile-HardwareId/Diagnostic\"", "EventID": "1", "LogonGuid": "C784477D-FFCB-62FD-AD47-040000000000", "LogonId": "280493", "Image": "C:\\Windows\\System32\\wevtutil.exe", "IntegrityLevel": "High", "ParentCommandLine": "\"C:\\Windows\\System32\\cmd.exe\" /C \"C:\\startup.bat\" ", "UtcTime": "2022-08-18 09:01:25.911", "RuleName": "-"}}, {"values": {"TerminalSessionId": "1", "ProcessGuid": "C784477D-FFE5-62FD-2208-000000004700", "ProcessId": "5764", "Product": "Microsoft\u00ae Windows\u00ae Operating System", "Description": "Eventing Command Line Utility", "Company": "Microsoft Corporation", "ParentProcessGuid": "C784477D-FFCB-62FD-7700-000000004700", "User": "DESKTOP-B0T93D6\\george", "Hashes": "MD5=0269064AA2DD91125F13635FB194F499,SHA256=AB86C6C090FA85C2920A637D2BE274335A86FBC0A7FB706E893493B50840DC0A,IMPHASH=89A3D9DE9FED48F734C9553D16342280", "OriginalFileName": "wevtutil.exe", "ParentImage": "C:\\Windows\\System32\\cmd.exe", "FileVersion": "10.0.17134.81 (WinBuild.160101.0800)", "ParentProcessId": "4232", "CurrentDirectory": "C:\\Windows\\system32\\", "CommandLine": "wevtutil  cl \"Microsoft-Windows-Winsock-NameResolution/Operational\"", "EventID": "1", "LogonGuid": "C784477D-FFCB-62FD-AD47-040000000000", "LogonId": "280493", "Image": "C:\\Windows\\System32\\wevtutil.exe", "IntegrityLevel": "High", "ParentCommandLine": "C:\\Windows\\SYSTEM32\\cmd.exe /c \"C:\\startup.bat\"", "UtcTime": "2022-08-18 09:01:25.920", "RuleName": "-"}}, {"values": {"TerminalSessionId": "1", "ProcessGuid": "C784477D-FFE5-62FD-2308-000000004700", "ProcessId": "5848", "Product": "Microsoft\u00ae Windows\u00ae Operating System", "Description": "Eventing Command Line Utility", "Company": "Microsoft Corporation", "ParentProcessGuid": "C784477D-FFD8-62FD-B400-000000004700", "User": "DESKTOP-B0T93D6\\george", "Hashes": "MD5=0269064AA2DD91125F13635FB194F499,SHA256=AB86C6C090FA85C2920A637D2BE274335A86FBC0A7FB706E893493B50840DC0A,IMPHASH=89A3D9DE9FED48F734C9553D16342280", "OriginalFileName": "wevtutil.exe", "ParentImage": "C:\\Windows\\System32\\cmd.exe", "FileVersion": "10.0.17134.81 (WinBuild.160101.0800)", "ParentProcessId": "6076", "CurrentDirectory": "C:\\", "CommandLine": "wevtutil  cl \"Microsoft-Windows-SystemSettingsHandlers/Debug\"", "EventID": "1", "LogonGuid": "C784477D-FFCB-62FD-AD47-040000000000", "LogonId": "280493", "Image": "C:\\Windows\\System32\\wevtutil.exe", "IntegrityLevel": "High", "ParentCommandLine": "\"C:\\Windows\\System32\\cmd.exe\" /C \"C:\\startup.bat\" ", "UtcTime": "2022-08-18 09:01:25.922", "RuleName": "-"}}, {"values": {"TerminalSessionId": "1", "ProcessGuid": "C784477D-FFE5-62FD-2408-000000004700", "ProcessId": "1632", "Product": "Microsoft\u00ae Windows\u00ae Operating System", "Description": "Eventing Command Line Utility", "Company": "Microsoft Corporation", "ParentProcessGuid": "C784477D-FFCB-62FD-7700-000000004700", "User": "DESKTOP-B0T93D6\\george", "Hashes": "MD5=0269064AA2DD91125F13635FB194F499,SHA256=AB86C6C090FA85C2920A637D2BE274335A86FBC0A7FB706E893493B50840DC0A,IMPHASH=89A3D9DE9FED48F734C9553D16342280", "OriginalFileName": "wevtutil.exe", "ParentImage": "C:\\Windows\\System32\\cmd.exe", "FileVersion": "10.0.17134.81 (WinBuild.160101.0800)", "ParentProcessId": "4232", "CurrentDirectory": "C:\\Windows\\system32\\", "CommandLine": "wevtutil  cl \"Microsoft-Windows-Winsock-WS2HELP/Operational\"", "EventID": "1", "LogonGuid": "C784477D-FFCB-62FD-AD47-040000000000", "LogonId": "280493", "Image": "C:\\Windows\\System32\\wevtutil.exe", "IntegrityLevel": "High", "ParentCommandLine": "C:\\Windows\\SYSTEM32\\cmd.exe /c \"C:\\startup.bat\"", "UtcTime": "2022-08-18 09:01:25.932", "RuleName": "-"}}, {"values": {"TerminalSessionId": "1", "ProcessGuid": "C784477D-FFE5-62FD-2508-000000004700", "ProcessId": "6024", "Product": "Microsoft\u00ae Windows\u00ae Operating System", "Description": "Eventing Command Line Utility", "Company": "Microsoft Corporation", "ParentProcessGuid": "C784477D-FFD8-62FD-B400-000000004700", "User": "DESKTOP-B0T93D6\\george", "Hashes": "MD5=0269064AA2DD91125F13635FB194F499,SHA256=AB86C6C090FA85C2920A637D2BE274335A86FBC0A7FB706E893493B50840DC0A,IMPHASH=89A3D9DE9FED48F734C9553D16342280", "OriginalFileName": "wevtutil.exe", "ParentImage": "C:\\Windows\\System32\\cmd.exe", "FileVersion": "10.0.17134.81 (WinBuild.160101.0800)", "ParentProcessId": "6076", "CurrentDirectory": "C:\\", "CommandLine": "wevtutil  cl \"Microsoft-Windows-SystemSettingsThreshold/Debug\"", "EventID": "1", "LogonGuid": "C784477D-FFCB-62FD-AD47-040000000000", "LogonId": "280493", "Image": "C:\\Windows\\System32\\wevtutil.exe", "IntegrityLevel": "High", "ParentCommandLine": "\"C:\\Windows\\System32\\cmd.exe\" /C \"C:\\startup.bat\" ", "UtcTime": "2022-08-18 09:01:25.933", "RuleName": "-"}}, {"values": {"TerminalSessionId": "1", "ProcessGuid": "C784477D-FFE5-62FD-2608-000000004700", "ProcessId": "5856", "Product": "Microsoft\u00ae Windows\u00ae Operating System", "Description": "Eventing Command Line Utility", "Company": "Microsoft Corporation", "ParentProcessGuid": "C784477D-FFD8-62FD-B400-000000004700", "User": "DESKTOP-B0T93D6\\george", "Hashes": "MD5=0269064AA2DD91125F13635FB194F499,SHA256=AB86C6C090FA85C2920A637D2BE274335A86FBC0A7FB706E893493B50840DC0A,IMPHASH=89A3D9DE9FED48F734C9553D16342280", "OriginalFileName": "wevtutil.exe", "ParentImage": "C:\\Windows\\System32\\cmd.exe", "FileVersion": "10.0.17134.81 (WinBuild.160101.0800)", "ParentProcessId": "6076", "CurrentDirectory": "C:\\", "CommandLine": "wevtutil  cl \"Microsoft-Windows-SystemSettingsThreshold/Diagnostic\"", "EventID": "1", "LogonGuid": "C784477D-FFCB-62FD-AD47-040000000000", "LogonId": "280493", "Image": "C:\\Windows\\System32\\wevtutil.exe", "IntegrityLevel": "High", "ParentCommandLine": "\"C:\\Windows\\System32\\cmd.exe\" /C \"C:\\startup.bat\" ", "UtcTime": "2022-08-18 09:01:25.943", "RuleName": "-"}}, {"values": {"TerminalSessionId": "1", "ProcessGuid": "C784477D-FFE5-62FD-2708-000000004700", "ProcessId": "704", "Product": "Microsoft\u00ae Windows\u00ae Operating System", "Description": "Eventing Command Line Utility", "Company": "Microsoft Corporation", "ParentProcessGuid": "C784477D-FFCB-62FD-7700-000000004700", "User": "DESKTOP-B0T93D6\\george", "Hashes": "MD5=0269064AA2DD91125F13635FB194F499,SHA256=AB86C6C090FA85C2920A637D2BE274335A86FBC0A7FB706E893493B50840DC0A,IMPHASH=89A3D9DE9FED48F734C9553D16342280", "OriginalFileName": "wevtutil.exe", "ParentImage": "C:\\Windows\\System32\\cmd.exe", "FileVersion": "10.0.17134.81 (WinBuild.160101.0800)", "ParentProcessId": "4232", "CurrentDirectory": "C:\\Windows\\system32\\", "CommandLine": "wevtutil  cl \"Microsoft-Windows-Winsrv/Analytic\"", "EventID": "1", "LogonGuid": "C784477D-FFCB-62FD-AD47-040000000000", "LogonId": "280493", "Image": "C:\\Windows\\System32\\wevtutil.exe", "IntegrityLevel": "High", "ParentCommandLine": "C:\\Windows\\SYSTEM32\\cmd.exe /c \"C:\\startup.bat\"", "UtcTime": "2022-08-18 09:01:25.949", "RuleName": "-"}}, {"values": {"TerminalSessionId": "1", "ProcessGuid": "C784477D-FFE5-62FD-2808-000000004700", "ProcessId": "3612", "Product": "Microsoft\u00ae Windows\u00ae Operating System", "Description": "Eventing Command Line Utility", "Company": "Microsoft Corporation", "ParentProcessGuid": "C784477D-FFD8-62FD-B400-000000004700", "User": "DESKTOP-B0T93D6\\george", "Hashes": "MD5=0269064AA2DD91125F13635FB194F499,SHA256=AB86C6C090FA85C2920A637D2BE274335A86FBC0A7FB706E893493B50840DC0A,IMPHASH=89A3D9DE9FED48F734C9553D16342280", "OriginalFileName": "wevtutil.exe", "ParentImage": "C:\\Windows\\System32\\cmd.exe", "FileVersion": "10.0.17134.81 (WinBuild.160101.0800)", "ParentProcessId": "6076", "CurrentDirectory": "C:\\", "CommandLine": "wevtutil  cl \"Microsoft-Windows-SystemSettingsThreshold/Operational\"", "EventID": "1", "LogonGuid": "C784477D-FFCB-62FD-AD47-040000000000", "LogonId": "280493", "Image": "C:\\Windows\\System32\\wevtutil.exe", "IntegrityLevel": "High", "ParentCommandLine": "\"C:\\Windows\\System32\\cmd.exe\" /C \"C:\\startup.bat\" ", "UtcTime": "2022-08-18 09:01:25.954", "RuleName": "-"}}, {"values": {"TerminalSessionId": "1", "ProcessGuid": "C784477D-FFE5-62FD-2908-000000004700", "ProcessId": "760", "Product": "Microsoft\u00ae Windows\u00ae Operating System", "Description": "Eventing Command Line Utility", "Company": "Microsoft Corporation", "ParentProcessGuid": "C784477D-FFCB-62FD-7700-000000004700", "User": "DESKTOP-B0T93D6\\george", "Hashes": "MD5=0269064AA2DD91125F13635FB194F499,SHA256=AB86C6C090FA85C2920A637D2BE274335A86FBC0A7FB706E893493B50840DC0A,IMPHASH=89A3D9DE9FED48F734C9553D16342280", "OriginalFileName": "wevtutil.exe", "ParentImage": "C:\\Windows\\System32\\cmd.exe", "FileVersion": "10.0.17134.81 (WinBuild.160101.0800)", "ParentProcessId": "4232", "CurrentDirectory": "C:\\Windows\\system32\\", "CommandLine": "wevtutil  cl \"Microsoft-Windows-Wired-AutoConfig/Diagnostic\"", "EventID": "1", "LogonGuid": "C784477D-FFCB-62FD-AD47-040000000000", "LogonId": "280493", "Image": "C:\\Windows\\System32\\wevtutil.exe", "IntegrityLevel": "High", "ParentCommandLine": "C:\\Windows\\SYSTEM32\\cmd.exe /c \"C:\\startup.bat\"", "UtcTime": "2022-08-18 09:01:25.962", "RuleName": "-"}}, {"values": {"TerminalSessionId": "1", "ProcessGuid": "C784477D-FFE5-62FD-2A08-000000004700", "ProcessId": "5960", "Product": "Microsoft\u00ae Windows\u00ae Operating System", "Description": "Eventing Command Line Utility", "Company": "Microsoft Corporation", "ParentProcessGuid": "C784477D-FFD8-62FD-B400-000000004700", "User": "DESKTOP-B0T93D6\\george", "Hashes": "MD5=0269064AA2DD91125F13635FB194F499,SHA256=AB86C6C090FA85C2920A637D2BE274335A86FBC0A7FB706E893493B50840DC0A,IMPHASH=89A3D9DE9FED48F734C9553D16342280", "OriginalFileName": "wevtutil.exe", "ParentImage": "C:\\Windows\\System32\\cmd.exe", "FileVersion": "10.0.17134.81 (WinBuild.160101.0800)", "ParentProcessId": "6076", "CurrentDirectory": "C:\\", "CommandLine": "wevtutil  cl \"Microsoft-Windows-TCPIP/Diagnostic\"", "EventID": "1", "LogonGuid": "C784477D-FFCB-62FD-AD47-040000000000", "LogonId": "280493", "Image": "C:\\Windows\\System32\\wevtutil.exe", "IntegrityLevel": "High", "ParentCommandLine": "\"C:\\Windows\\System32\\cmd.exe\" /C \"C:\\startup.bat\" ", "UtcTime": "2022-08-18 09:01:25.969", "RuleName": "-"}}, {"values": {"TerminalSessionId": "1", "ProcessGuid": "C784477D-FFE5-62FD-2B08-000000004700", "ProcessId": "5300", "Product": "Microsoft\u00ae Windows\u00ae Operating System", "Description": "Eventing Command Line Utility", "Company": "Microsoft Corporation", "ParentProcessGuid": "C784477D-FFCB-62FD-7700-000000004700", "User": "DESKTOP-B0T93D6\\george", "Hashes": "MD5=0269064AA2DD91125F13635FB194F499,SHA256=AB86C6C090FA85C2920A637D2BE274335A86FBC0A7FB706E893493B50840DC0A,IMPHASH=89A3D9DE9FED48F734C9553D16342280", "OriginalFileName": "wevtutil.exe", "ParentImage": "C:\\Windows\\System32\\cmd.exe", "FileVersion": "10.0.17134.81 (WinBuild.160101.0800)", "ParentProcessId": "4232", "CurrentDirectory": "C:\\Windows\\system32\\", "CommandLine": "wevtutil  cl \"Microsoft-Windows-Wired-AutoConfig/Operational\"", "EventID": "1", "LogonGuid": "C784477D-FFCB-62FD-AD47-040000000000", "LogonId": "280493", "Image": "C:\\Windows\\System32\\wevtutil.exe", "IntegrityLevel": "High", "ParentCommandLine": "C:\\Windows\\SYSTEM32\\cmd.exe /c \"C:\\startup.bat\"", "UtcTime": "2022-08-18 09:01:25.974", "RuleName": "-"}}, {"values": {"TerminalSessionId": "1", "ProcessGuid": "C784477D-FFE5-62FD-2C08-000000004700", "ProcessId": "1484", "Product": "Microsoft\u00ae Windows\u00ae Operating System", "Description": "Eventing Command Line Utility", "Company": "Microsoft Corporation", "ParentProcessGuid": "C784477D-FFD8-62FD-B400-000000004700", "User": "DESKTOP-B0T93D6\\george", "Hashes": "MD5=0269064AA2DD91125F13635FB194F499,SHA256=AB86C6C090FA85C2920A637D2BE274335A86FBC0A7FB706E893493B50840DC0A,IMPHASH=89A3D9DE9FED48F734C9553D16342280", "OriginalFileName": "wevtutil.exe", "ParentImage": "C:\\Windows\\System32\\cmd.exe", "FileVersion": "10.0.17134.81 (WinBuild.160101.0800)", "ParentProcessId": "6076", "CurrentDirectory": "C:\\", "CommandLine": "wevtutil  cl \"Microsoft-Windows-TCPIP/Operational\"", "EventID": "1", "LogonGuid": "C784477D-FFCB-62FD-AD47-040000000000", "LogonId": "280493", "Image": "C:\\Windows\\System32\\wevtutil.exe", "IntegrityLevel": "High", "ParentCommandLine": "\"C:\\Windows\\System32\\cmd.exe\" /C \"C:\\startup.bat\" ", "UtcTime": "2022-08-18 09:01:25.980", "RuleName": "-"}}, {"values": {"TerminalSessionId": "1", "ProcessGuid": "C784477D-FFE5-62FD-2D08-000000004700", "ProcessId": "312", "Product": "Microsoft\u00ae Windows\u00ae Operating System", "Description": "Eventing Command Line Utility", "Company": "Microsoft Corporation", "ParentProcessGuid": "C784477D-FFCB-62FD-7700-000000004700", "User": "DESKTOP-B0T93D6\\george", "Hashes": "MD5=0269064AA2DD91125F13635FB194F499,SHA256=AB86C6C090FA85C2920A637D2BE274335A86FBC0A7FB706E893493B50840DC0A,IMPHASH=89A3D9DE9FED48F734C9553D16342280", "OriginalFileName": "wevtutil.exe", "ParentImage": "C:\\Windows\\System32\\cmd.exe", "FileVersion": "10.0.17134.81 (WinBuild.160101.0800)", "ParentProcessId": "4232", "CurrentDirectory": "C:\\Windows\\system32\\", "CommandLine": "wevtutil  cl \"Microsoft-Windows-WlanDlg/Analytic\"", "EventID": "1", "LogonGuid": "C784477D-FFCB-62FD-AD47-040000000000", "LogonId": "280493", "Image": "C:\\Windows\\System32\\wevtutil.exe", "IntegrityLevel": "High", "ParentCommandLine": "C:\\Windows\\SYSTEM32\\cmd.exe /c \"C:\\startup.bat\"", "UtcTime": "2022-08-18 09:01:25.993", "RuleName": "-"}}, {"values": {"TerminalSessionId": "1", "ProcessGuid": "C784477D-FFE5-62FD-2E08-000000004700", "ProcessId": "5948", "Product": "Microsoft\u00ae Windows\u00ae Operating System", "Description": "Eventing Command Line Utility", "Company": "Microsoft Corporation", "ParentProcessGuid": "C784477D-FFD8-62FD-B400-000000004700", "User": "DESKTOP-B0T93D6\\george", "Hashes": "MD5=0269064AA2DD91125F13635FB194F499,SHA256=AB86C6C090FA85C2920A637D2BE274335A86FBC0A7FB706E893493B50840DC0A,IMPHASH=89A3D9DE9FED48F734C9553D16342280", "OriginalFileName": "wevtutil.exe", "ParentImage": "C:\\Windows\\System32\\cmd.exe", "FileVersion": "10.0.17134.81 (WinBuild.160101.0800)", "ParentProcessId": "6076", "CurrentDirectory": "C:\\", "CommandLine": "wevtutil  cl \"Microsoft-Windows-TSF-msctf/Debug\"", "EventID": "1", "LogonGuid": "C784477D-FFCB-62FD-AD47-040000000000", "LogonId": "280493", "Image": "C:\\Windows\\System32\\wevtutil.exe", "IntegrityLevel": "High", "ParentCommandLine": "\"C:\\Windows\\System32\\cmd.exe\" /C \"C:\\startup.bat\" ", "UtcTime": "2022-08-18 09:01:25.994", "RuleName": "-"}}, 