{"values": {"TerminalSessionId": "1", "ProcessGuid": "C784477D-0116-62FE-050A-000000004700", "ProcessId": "6852", "Product": "Microsoft\u00ae Windows\u00ae Operating System", "Description": "Windows PowerShell", "Company": "Microsoft Corporation", "ParentProcessGuid": "C784477D-0115-62FE-FF09-000000004700", "User": "DESKTOP-B0T93D6\\george", "Hashes": "MD5=DBA3E6449E97D4E3DF64527EF7012A10,SHA256=E0C662D10B852B23F2D8A240AFC82A72B099519FA71CDDF9D5D0F0BE08169B6E,IMPHASH=D1A922C94A1F407CB2BBCAD033C8ED7A", "OriginalFileName": "PowerShell.EXE", "ParentImage": "C:\\Windows\\SysWOW64\\cmd.exe", "FileVersion": "10.0.17134.1 (WinBuild.160101.0800)", "ParentProcessId": "6704", "CurrentDirectory": "C:\\Program Files (x86)\\AutoIt3\\", "CommandLine": "powershell.exe  -ex bypass -command \"Get-ScheduledTask | Stop-ScheduledTask\" ", "EventID": "1", "LogonGuid": "C784477D-FFCB-62FD-AD47-040000000000", "LogonId": "280493", "Image": "C:\\Windows\\SysWOW64\\WindowsPowerShell\\v1.0\\powershell.exe", "IntegrityLevel": "High", "ParentCommandLine": "C:\\Windows\\system32\\cmd.exe /c powershell.exe -ex bypass -command \"Get-ScheduledTask | Stop-ScheduledTask\" > \\\\192.168.2.1\\joe-windows-g14-3\\logs\\taskstop.log 2>&1", "UtcTime": "2022-08-18 09:06:30.014", "RuleName": "-"}}], "rule_level": "low", "rule_id": "1c2e4db94ca79f939e94e29c04fb3b71467fc6f5b9c31db34fcce5a2fb3b856f", "rule_author": "Roberto Rodriguez @Cyb3rWard0g (rule), oscd.community (improvements)", "rule_description": "Detects non-interactive PowerShell activity by looking at powershell.exe with not explorer.exe as a parent."}, {"rule_title": "Suspicious Get-WmiObject", "rule_source": "Sigma Integrated Rule Set (GitHub)", "match_context": [{"values": {"EventID": "4104", "ScriptBlockId": "c60f58d2-8294-4643-a963-8dcc7cc58f0e", "ScriptBlockText": "#Joebox\r\n#Creating Win32_Fan class and settings values being checked (not everything!)\r\n$newClass = New-Object System.Management.ManagementClass(\"root\\cimv2\", [String]::Empty, $null); \r\n$newClass[\"__CLASS\"] = \"Win32_Fan\"; \r\n$newClass.Qualifiers.Add(\"Static\", $true)\r\n$newClass.Properties.Add(\"Name\", [System.Management.CimType]::String, $false)\r\n$newClass.Properties[\"Name\"].Qualifiers.Add(\"read\", $true)\r\n$newClass.Properties[\"Name\"].Qualifiers.Add(\"Key\", $true)\r\n$newClass.Put()\r\nSet-WmiInstance -Path \\\\.\\root\\cimv2:Win32_Fan -Arguments @{Name=\"Cooling Device\";}\r\n\r\n#Creating MSAcpi_ThermalZoneTemperature class and settings values being checked (not everything!)\r\n$newClass = New-Object System.Management.ManagementClass(\"root\\wmi\", [String]::Empty, $null); \r\n$newClass[\"__CLASS\"] = \"MSAcpi_ThermalZoneTemperature\"; \r\n$newClass.Qualifiers.Add(\"Static\", $true)\r\n$newClass.Properties.Add(\"CurrentTemperature\", [System.Management.CimType]::UInt32, $false)\r\n$newClass.Properties[\"CurrentTemperature\"].Qualifiers.Add(\"read\", $true)\r\n$newClass.Properties[\"CurrentTemperature\"].Qualifiers.Add(\"Key\", $true)\r\n$newClass.Put()\r\n$temp = Get-Random -Minimum 2000 -Maximum 3000\r\nSet-WmiInstance -Path \\\\.\\root\\wmi:MSAcpi_ThermalZoneTemperature -Arguments @{CurrentTemperature=$temp.ToString();}\r\n\r\nfunction Get-RandomCharacters($length, $characters) { \r\n    $random = 1..$length | ForEach-Object { Get-Random -Maximum $characters.length } \r\n    $private:ofs=\"\" \r\n    return [String]$characters[$random]\r\n}\r\n\r\n#Joebox\r\n<#\r\n# Win32_CacheMemory\r\n$newClass = New-Object System.Management.ManagementClass(\"root\\cimv2\", [String]::Empty, $null); \r\n$newClass[\"__CLASS\"] = \"Win32_CacheMemory\"; \r\n$newClass.Qualifiers.Add(\"Static\", $true)\r\n$newClass.Properties.Add(\"DeviceID\", [System.Management.CimType]::String, $false)\r\n$newClass.Properties[\"DeviceID\"].Qualifiers.Add(\"read\", $true)\r\n$newClass.Properties[\"DeviceID\"].Qualifiers.Add(\"Key\", $true)\r\n$newClass.Put()\r\nSet-WmiInstance -Path \\\\.\\root\\cimv2:Win32_CacheMemory -Arguments @{DeviceID=\"Cache Memory 0\";}\r\n\r\n# Win32_PhysicalMemory\r\n$newClass = New-Object System.Management.ManagementClass(\"root\\cimv2\", [String]::Empty, $null); \r\n$newClass[\"__CLASS\"] = \"Win32_PhysicalMemory\"; \r\n$newClass.Qualifiers.Add(\"Static\", $true)\r\n$newClass.Properties.Add(\"Name\", [System.Management.CimType]::String, $false)\r\n$newClass.Properties[\"Name\"].Qualifiers.Add(\"read\", $true)\r\n$newClass.Properties[\"Name\"].Qualifiers.Add(\"Key\", $true)\r\n$newClass.Put()\r\nSet-WmiInstance -Path \\\\.\\root\\cimv2:Win32_PhysicalMemory -Arguments @{Name=\"Physical Memory\";}\r\n\r\n# Win32_MemoryDevice\r\n$newClass = New-Object System.Management.ManagementClass(\"root\\cimv2\", [String]::Empty, $null); \r\n$newClass[\"__CLASS\"] = \"Win32_MemoryDevice\"; \r\n$newClass.Qualifiers.Add(\"Static\", $true)\r\n$newClass.Properties.Add(\"Name\", [System.Management.CimType]::String, $false)\r\n$newClass.Properties[\"Name\"].Qualifiers.Add(\"read\", $true)\r\n$newClass.Properties[\"Name\"].Qualifiers.Add(\"Key\", $true)\r\n$newClass.Put()\r\nSet-WmiInstance -Path \\\\.\\root\\cimv2:Win32_MemoryDevice -Arguments @{Name=\"Memory Device\";}\r\n\r\n# Win32_MemoryArray\r\n$newClass = New-Object System.Management.ManagementClass(\"root\\cimv2\", [String]::Empty, $null); \r\n$newClass[\"__CLASS\"] = \"Win32_MemoryArray\"; \r\n$newClass.Qualifiers.Add(\"Static\", $true)\r\n$newClass.Properties.Add(\"Name\", [System.Management.CimType]::String, $false)\r\n$newClass.Properties[\"Name\"].Qualifiers.Add(\"read\", $true)\r\n$newClass.Properties[\"Name\"].Qualifiers.Add(\"Key\", $true)\r\n$newClass.Put()\r\nSet-WmiInstance -Path \\\\.\\root\\cimv2:Win32_MemoryArray -Arguments @{Name=\"Memory Array\";}\r\n\r\n# Win32_PortConnector\r\n$newClass = New-Object System.Management.ManagementClass(\"root\\cimv2\", [String]::Empty, $null); \r\n$newClass[\"__CLASS\"] = \"Win32_PortConnector\"; \r\n$newClass.Qualifiers.Add(\"Static\", $true)\r\n$newClass.Properties.Add(\"Tag\", [System.Management.CimType]::String, $false)\r\n$newClass.Properties[\"Tag\"].Qualifiers.Add(\"read\", $true)\r\n$newClass.Properties[\"Tag\"].Qualifiers.Add(\"Key\", $true)\r\n$newClass.Put()\r\nSet-WmiInstance -Path \\\\.\\root\\cimv2:Win32_PortConnector -Arguments @{Tag=\"Port Connector 0\";}\r\n\r\n# Win32_SMBIOSMemory\r\n$newClass = New-Object System.Management.ManagementClass(\"root\\cimv2\", [String]::Empty, $null); \r\n$newClass[\"__CLASS\"] = \"Win32_SMBIOSMemory\"; \r\n$newClass.Qualifiers.Add(\"Static\", $true)\r\n$newClass.Properties.Add(\"Name\", [System.Management.CimType]::String, $false)\r\n$newClass.Properties[\"Name\"].Qualifiers.Add(\"read\", $true)\r\n$newClass.Properties[\"Name\"].Qualifiers.Add(\"Key\", $true)\r\n$newClass.Put()\r\nSet-WmiInstance -Path \\\\.\\root\\cimv2:Win32_SMBIOSMemory -Arguments @{Name=\"Memory Array\";}\r\n\r\n# Win32_VoltageProbe\r\n$newClass = New-Object System.Management.ManagementClass(\"root\\cimv2\", [String]::Empty, $null); \r\n$newClass[\"__CLASS\"] = \"Win32_VoltageProbe\"; \r\n$newClass.Qualifiers.Add(\"Static\", $true)\r\n$newClass.Properties.Add(\"Description\", [System.Management.CimType]::String, $false)\r\n$newClass.Properties[\"Description\"].Qualifiers.Add(\"read\", $true)\r\n$newClass.Properties[\"Description\"].Qualifiers.Add(\"Key\", $true)\r\n$newClass.Put()\r\nSet-WmiInstance -Path \\\\.\\root\\cimv2:Win32_VoltageProbe -Arguments @{Description=\"LM78A\";}\r\n\r\n\r\n\r\n# Win32_PerfFormattedData_Counters_ThermalZoneInformation\r\n$newClass = New-Object System.Management.ManagementClass(\"root\\cimv2\", [String]::Empty, $null); \r\n$newClass[\"__CLASS\"] = \"Win32_PerfFormattedData_Counters_ThermalZoneInformation\"; \r\n$newClass.Qualifiers.Add(\"Static\", $true)\r\n$newClass.Properties.Add(\"Name\", [System.Management.CimType]::String, $false)\r\n$newClass.Properties[\"Name\"].Qualifiers.Add(\"read\", $true)\r\n$newClass.Properties[\"Name\"].Qualifiers.Add(\"Key\", $true)\r\n$newClass.Put()\r\nSet-WmiInstance -Path \\\\.\\root\\cimv2:Win32_PerfFormattedData_Counters_ThermalZoneInformation -Arguments @{Name=\"\\\\_TZ.TZ01\";}\r\n#>\r\n<#\r\n\r\n# CIM_VoltageSensor\r\n$newClass = New-Object System.Management.ManagementClass(\"root\\cimv2\", [String]::Empty, $null); \r\n$newClass[\"__CLASS\"] = \"CIM_VoltageSensor\"; \r\n$newClass.Qualifiers.Add(\"Static\", $true)\r\n$newClass.Properties.Add(\"Description\", [System.Management.CimType]::String, $false)\r\n$newClass.Properties[\"Description\"].Qualifiers.Add(\"read\", $true)\r\n$newClass.Properties[\"Description\"].Qualifiers.Add(\"Key\", $true)\r\n$newClass.Put()\r\nSet-WmiInstance -Path \\\\.\\root\\cimv2:CIM_VoltageSensor -Arguments @{Description=\"LM78A\";}\r\n\r\n# CIM_Memory\r\n$newClass = New-Object System.Management.ManagementClass(\"root\\cimv2\", [String]::Empty, $null); \r\n$newClass[\"__CLASS\"] = \"CIM_Memory\"; \r\n$newClass.Qualifiers.Add(\"Static\", $true)\r\n$newClass.Properties.Add(\"DeviceID\", [System.Management.CimType]::String, $false)\r\n$newClass.Properties[\"DeviceID\"].Qualifiers.Add(\"read\", $true)\r\n$newClass.Properties[\"DeviceID\"].Qualifiers.Add(\"Key\", $true)\r\n$newClass.Put()\r\nSet-WmiInstance -Path \\\\.\\root\\cimv2:CIM_Memory -Arguments @{DeviceID=\"Cache Memory 0\";}\r\n\r\n# CIM_Sensor\r\n$newClass = New-Object System.Management.ManagementClass(\"root\\cimv2\", [String]::Empty, $null); \r\n$newClass[\"__CLASS\"] = \"CIM_Sensor\"; \r\n$newClass.Qualifiers.Add(\"Static\", $true)\r\n$newClass.Properties.Add(\"Name\", [System.Management.CimType]::String, $false)\r\n$newClass.Properties[\"Name\"].Qualifiers.Add(\"read\", $true)\r\n$newClass.Properties[\"Name\"].Qualifiers.Add(\"Key\", $true)\r\n$newClass.Put()\r\nSet-WmiInstance -Path \\\\.\\root\\cimv2:CIM_Sensor -Arguments @{Name=\"Numeric Sensor\";}\r\n\r\n# CIM_NumericSensor\r\n$newClass = New-Object System.Management.ManagementClass(\"root\\cimv2\", [String]::Empty, $null); \r\n$newClass[\"__CLASS\"] = \"CIM_NumericSensor\"; \r\n$newClass.Qualifiers.Add(\"Static\", $true)\r\n$newClass.Properties.Add(\"Name\", [System.Management.CimType]::String, $false)\r\n$newClass.Properties[\"Name\"].Qualifiers.Add(\"read\", $true)\r\n$newClass.Properties[\"Name\"].Qualifiers.Add(\"Key\", $true)\r\n$newClass.Put()\r\nSet-WmiInstance -Path \\\\.\\root\\cimv2:CIM_NumericSensor -Arguments @{Name=\"Numeric Sensor\";}\r\n\r\n# CIM_TemperatureSensor\r\n$newClass = New-Object System.Management.ManagementClass(\"root\\cimv2\", [String]::Empty, $null); \r\n$newClass[\"__CLASS\"] = \"CIM_TemperatureSensor\"; \r\n$newClass.Qualifiers.Add(\"Static\", $true)\r\n$newClass.Properties.Add(\"Name\", [System.Management.CimType]::String, $false)\r\n$newClass.Properties[\"Name\"].Qualifiers.Add(\"read\", $true)\r\n$newClass.Properties[\"Name\"].Qualifiers.Add(\"Key\", $true)\r\n$newClass.Put()\r\nSet-WmiInstance -Path \\\\.\\root\\cimv2:CIM_TemperatureSensor -Arguments @{Name=\"Numeric Sensor\";}\r\n\r\n# CIM_PhysicalConnector\r\n$newClass = New-Object System.Management.ManagementClass(\"root\\cimv2\", [String]::Empty, $null); \r\n$newClass[\"__CLASS\"] = \"CIM_PhysicalConnector\"; \r\n$newClass.Qualifiers.Add(\"Static\", $true)\r\n$newClass.Properties.Add(\"Tag\", [System.Management.CimType]::String, $false)\r\n$newClass.Properties[\"Tag\"].Qualifiers.Add(\"read\", $true)\r\n$newClass.Properties[\"Tag\"].Qualifiers.Add(\"Key\", $true)\r\n$newClass.Put()\r\nSet-WmiInstance -Path \\\\.\\root\\cimv2:CIM_PhysicalConnector -Arguments @{Tag=\"Port Connector 0\";}\r\n\r\n# CIM_Slot\r\n$newClass = New-Object System.Management.ManagementClass(\"root\\cimv2\", [String]::Empty, $null); \r\n$newClass[\"__CLASS\"] = \"CIM_Slot\"; \r\n$newClass.Qualifiers.Add(\"Static\", $true)\r\n$newClass.Properties.Add(\"Tag\", [System.Management.CimType]::String, $false)\r\n$newClass.Properties[\"Tag\"].Qualifiers.Add(\"read\", $true)\r\n$newClass.Properties[\"Tag\"].Qualifiers.Add(\"Key\", $true)\r\n$newClass.Put()\r\nSet-WmiInstance -Path \\\\.\\root\\cimv2:CIM_Slot -Arguments @{Tag=\"System Slot 0\";}\r\n\r\n#>\r\n\r\n#Joebox\r\n\r\n#Creating Win32_BIOS fake class\r\n$newClass = New-Object System.Management.ManagementClass(\"root\\cimv2\", [String]::Empty, $null); \r\n$newClass[\"__CLASS\"] = \"Win32_BIOS\";\r\n$newClass.Qualifiers.Add(\"Static\", $true)\r\n\r\n$objWMi = get-wmiobject -computername localhost -Namespace root\\CIMV2 -Query \"Select * from Win32_BIOS\"\r\n\r\nforeach ($obj in $objWmi)\r\n{\r\n\tforeach ($pr in $obj.Properties)\r\n\t{\r\n\t\tif($pr.Name -eq \"SerialNumber\")\r\n\t\t{\t$value = Get-RandomCharacters -length 10 -characters 'ABCDEFGHKLMNOPRSTUVWXYZ123456789'\r\n\r\n\t\t\t$newClass.Properties.Add($pr.Name, $value, $pr.Type)\r\n\t\t\t$newClass.Properties[$pr.Name].Qualifiers.Add(\"Key\", $true)\r\n\t\t} elseif($pr.Name -eq \"BIOSVersion\")\r\n\t\t{\r\n\t\t\t$value = Get-RandomCharacters -length 10 -characters 'ABCDEFGHKLMNOPRSTUVWXYZ123456789'\r\n\r\n\t\t\t$newClass.Properties.Add($pr.Name, @($value), $pr.Type)\r\n\t\t} elseif($pr.Name -eq \"Manufacturer\" -or $pr.Name -eq \"Version\" -or $pr.Name -eq \"SMBIOSBIOSVersion\")\r\n\t\t{\r\n\t\t\t$value", "MessageNumber": "\u0001", "Path": "C:\\Program Files (x86)\\Joebox\\unpack\\wmievasions.ps1", "MessageTotal": "\u0003"}}, {"values": {"EventID": "4104", "ScriptBlockId": "c60f58d2-8294-4643-a963-8dcc7cc58f0e", "ScriptBlockText": " = Get-RandomCharacters -length 5 -characters 'ABCDEFGHKLMNOPRSTUVWXYZ123456789'\r\n\r\n\t\t\t$newClass.Properties.Add($pr.Name, $value, $pr.Type)\r\n\t\t} else\r\n\t\t{\r\n\t\t\t$newClass.Properties.Add($pr.Name, $pr.Value, $pr.Type)\r\n\t\t}\r\n\t}\r\n}\r\n\r\n$newClass.Put()\r\nSet-WmiInstance -Path \\\\.\\root\\cimv2:Win32_BIOS \r\n\r\nfunction Get-RandomCharacters($length, $characters) { \r\n    $random = 1..$length | ForEach-Object { Get-Random -Maximum $characters.length } \r\n    $private:ofs=\"\" \r\n    return [String]$characters[$random]\r\n}\r\n\r\n#Joebox\r\n\r\n#Creating Win32_Processor fake class\r\n$newClass = New-Object System.Management.ManagementClass(\"root\\cimv2\", [String]::Empty, $null); \r\n$newClass[\"__CLASS\"] = \"Win32_Processor\";\r\n$newClass.Qualifiers.Add(\"Static\", $true);\r\n\r\n$objWMi = get-wmiobject -computername localhost -Namespace root\\CIMV2 -Query \"Select * from Win32_Processor\"\r\n\r\nif(-Not ($objWMi -is [array]))\r\n{\r\n\t$objWMi = @($objWMi)\r\n}\r\n\r\nforeach ($pr in $objWmi[0].Properties)\r\n{\r\n\t$newClass.Properties.Add($pr.Name, $pr.Type, $false)\t\r\n\tif($pr.Name -eq \"ProcessorId\")\r\n\t{\r\n\t\t$newClass.Properties[$pr.Name].Qualifiers.Add(\"Key\", $true)\r\n\t}\r\n\t$newClass.Properties[$pr.Name].Qualifiers.Add(\"read\", $true)\r\n}\r\n\r\n$newClass.Put()\r\n\r\nforeach ($obj in $objWmi)\r\n{\t\r\n\t$args = @{}\r\n\tforeach ($pr in $obj.Properties)\r\n\t{\t\r\n\t\tif($pr.Name -eq \"ProcessorId\")\r\n\t\t{\r\n\t\t\t$value = Get-RandomCharacters -length 10 -characters 'ABCDEF0123456789'\r\n\t\t\t$args.add($pr.Name, $value)\r\n\t\t} elseif($pr.Name -eq \"Name\" -and $pr.Value -match 'Xeon')\r\n\t\t{\r\n\t\t\t$value = $pr.Value.replace(\"Xeon\", \"Core\")\r\n\t\t\t$args.add($pr.Name, $pr.Value)\r\n\t\t\t\r\n\t\t} elseif($pr.Name -eq \"NumberOfCores\" -and $pr.Value -lt 4)\r\n\t\t{\r\n\t\t\t$args.add($pr.Name, 4)\r\n\t\t} else\r\n\t\t{\r\n\t\t\t$args.add($pr.Name, $pr.Value)\r\n\t\t}\r\n\t}\r\n\tSet-WmiInstance -Path \\\\.\\root\\cimv2:Win32_Processor -Arguments $args\r\n}\r\n\r\n#Joebox\r\n\r\n#Creating Win32_ComputerSystem fake class\r\n$newClass = New-Object System.Management.ManagementClass(\"root\\cimv2\", [String]::Empty, $null); \r\n$newClass[\"__CLASS\"] = \"Win32_ComputerSystem\";\r\n$newClass.Qualifiers.Add(\"Static\", $true)\r\n\r\n$objWMi = get-wmiobject -computername localhost -Namespace root\\CIMV2 -Query \"Select * from Win32_ComputerSystem\"\r\n\r\nforeach ($obj in $objWmi)\r\n{\r\n\tforeach ($pr in $obj.Properties)\r\n\t{\r\n\t\tif($pr.Name -eq \"Manufacturer\")\r\n\t\t{\r\n\t\t\t$value = Get-RandomCharacters -length 15 -characters 'ABCDEFGHKLMNOPRSTUVWXYZabcdefghklmnoprstuvwxyz123456789 '\r\n\r\n\t\t\t$newClass.Properties.Add($pr.Name, $value, $pr.Type)\r\n\t\t\t$newClass.Properties[$pr.Name].Qualifiers.Add(\"Key\", $true)\r\n\t\t} elseif($pr.Name -eq \"Model\")\r\n\t\t{\r\n\t\t\t$value = Get-RandomCharacters -length 8 -characters 'ABCDEFGHKLMNOPRSTUVWXYZabcdefghklmnoprstuvwxyz123456789 '\r\n\t\t\t$newClass.Properties.Add($pr.Name, $value, $pr.Type)\r\n\t\t} elseif($pr.Name -eq \"Domain\")\r\n\t\t{\r\n\t\t\t$value = Get-RandomCharacters -length 5 -characters 'ABCDEFGHKLMNOPRSTUVWXYZabcdefghklmnoprstuvwxyz123456789'\r\n\t\t\t$newClass.Properties.Add($pr.Name, $value, $pr.Type)\r\n\t\t} elseif($pr.Name -eq \"OEMStringArray\")\r\n\t\t{\r\n\t\t\t$value = Get-RandomCharacters -length 10 -characters 'ABCDEFGHKLMNOPRSTUVWXYZabcdefghklmnoprstuvwxyz123456789'\r\n\t\t\t$newClass.Properties.Add($pr.Name, @($value), $pr.Type)\r\n\t\t} else\r\n\t\t{\r\n\t\t\t$newClass.Properties.Add($pr.Name, $pr.Value, $pr.Type)\r\n\t\t}\r\n\t}\r\n}\r\n\r\n$newClass.Put()\r\nSet-WmiInstance -Path \\\\.\\root\\cimv2:Win32_ComputerSystem \r\n\r\n#Joebox\r\n\r\n#Creating Win32_PnPEntity fake class\r\n$newClass = New-Object System.Management.ManagementClass(\"root\\cimv2\", [String]::Empty, $null); \r\n$newClass[\"__CLASS\"] = \"Win32_PnPEntity\";\r\n$newClass.Qualifiers.Add(\"Static\", $true);\r\n\r\n$objWMi = get-wmiobject -computername localhost -Namespace root\\CIMV2 -Query \"Select * from Win32_PnPEntity\"\r\n\r\nforeach ($pr in $objWmi[0].Properties)\r\n{\r\n\t$newClass.Properties.Add($pr.Name, $pr.Type, $false)\t\r\n\tif($pr.Name -eq \"DeviceID\")\r\n\t{\r\n\t\t$newClass.Properties[$pr.Name].Qualifiers.Add(\"Key\", $true)\r\n\t}\r\n\t$newClass.Properties[$pr.Name].Qualifiers.Add(\"read\", $true)\r\n}\r\n\r\n$newClass.Put()\r\n\r\nforeach ($obj in $objWmi)\r\n{\t\r\n\t$args = @{}\r\n\tforeach ($pr in $obj.Properties)\r\n\t{\t\r\n\t\tif(($pr.Name -eq \"DeviceId\" -or $pr.Name -eq \"Caption\" -or $pr.Name -eq \"Name\" -or $pr.Name -eq \"PNPDeviceID\"  -or $pr.Name -eq \"Service\") -and ($pr.Value -match 'VEN_80EE' -or $pr.Value -match 'VEN_15AD' -or $pr.Value -match 'VBOX' -or $pr.Value -match 'VBox' -or $pr.Value -match 'VMWARE' -or $pr.Value -match '82801FB' -or $pr.Value -match '82441FX' -or $pr.Value -match '82371SB' -or $pr.Value -match 'OpenHCD'))\r\n\t\t{\r\n\t\t\t$value = Get-RandomCharacters -length 8 -characters 'ABCDEFGHKLMNOPRSTUVWXYZ123456789_'\r\n\t\t\t$value = $pr.Value.replace(\"VEN_80EE\", $value).replace(\"VEN_15AD\", $value).replace(\"VBOX\", $value).replace(\"VBox\", $value).replace(\"VMWARE\", $value).replace(\"82801FB\", $value).replace(\"82441FX\", $value).replace(\"82371SB\", $value).replace(\"OpenHCD\", $value)\r\n\t\t\t\r\n\t\t\t# 82801FB 82441FX 82371SB OpenHCD\r\n\t\t\t\t\r\n\t\t\t$args.add($pr.Name, $value)\r\n\t\t\t\r\n\t\t} else\r\n\t\t{\r\n\t\t\t$args.add($pr.Name, $pr.Value)\r\n\t\t}\r\n\t}\r\n\t\r\n\tSet-WmiInstance -Path \\\\.\\root\\cimv2:Win32_PnPEntity -Arguments $args\r\n}\r\n\r\n#Joebox\r\n\r\n#Creating Win32_DiskDrive fake class\r\n$newClass = New-Object System.Management.ManagementClass(\"root\\cimv2\", [String]::Empty, $null); \r\n$newClass[\"__CLASS\"] = \"Win32_DiskDrive\";\r\n$newClass.Qualifiers.Add(\"Static\", $true);\r\n\r\n$objWMi = get-wmiobject -computername localhost -Namespace root\\CIMV2 -Query \"Select * from Win32_DiskDrive\"\r\n\r\nif(-Not ($objWMi -is [array]))\r\n{\r\n\t$objWMi = @($objWMi)\r\n}\r\n\r\nforeach ($pr in $objWmi[0].Properties)\r\n{\r\n\t$newClass.Properties.Add($pr.Name, $pr.Type, $false)\t\r\n\tif($pr.Name -eq \"DeviceID\")\r\n\t{\r\n\t\t$newClass.Properties[$pr.Name].Qualifiers.Add(\"Key\", $true)\r\n\t}\r\n\t$newClass.Properties[$pr.Name].Qualifiers.Add(\"read\", $true)\r\n}\r\n\r\n$newClass.Put()\r\n\r\nforeach ($obj in $objWmi)\r\n{\t\r\n\t$args = @{}\r\n\tforeach ($pr in $obj.Properties)\r\n\t{\t\r\n\t\tif(($pr.Name -eq \"DeviceId\" -or $pr.Name -eq \"Caption\" -or $pr.Name -eq \"Model\" -or $pr.Name -eq \"PNPDeviceID\") -and ($pr.Value -match 'VBOX' -or $pr.Value -match 'VBox' -or $pr.Value -match 'VMWARE' -or $pr.Value -match 'VMware'))\r\n\t\t{\r\n\t\t\t$value = Get-RandomCharacters -length 8 -characters 'ABCDEFGHKLMNOPRSTUVWXYZ123456789_'\r\n\t\t\t$value = $pr.Value.replace(\"VBOX\", $value).replace(\"VBox\", $value).replace(\"VMWARE\", $value).replace(\"VMware Virtual disk\", $value).replace(\"VMware\", $value).replace(\"HARDDISK\", \"WDC\").replace(\"VIRTUAL_DISK\", $value)\r\n\t\t\t\t\r\n\t\t\t$args.add($pr.Name, $value)\r\n\t\t\r\n\t\t# Change disk size\r\n\t\t} elseif($pr.Name -eq \"Size\" -and $pr.Value -lt 200000000000)\r\n\t\t{\r\n\t\t\t$args.add($pr.Name, 412300001200)\r\n\t\t} elseif(-Not($pr.Name -eq \"Capabilities\"))\r\n\t\t{\r\n\t\t\t$args.add($pr.Name, $pr.Value)\r\n\t\t}\r\n\t}\r\n\t\r\n\tSet-WmiInstance -Path \\\\.\\root\\cimv2:Win32_DiskDrive -Arguments $args\r\n}\r\n\r\n#Joebox\r\n\r\n#Creating Win32_VideoController fake class\r\n$newClass = New-Object System.Management.ManagementClass(\"root\\cimv2\", [String]::Empty, $null); \r\n$newClass[\"__CLASS\"] = \"Win32_VideoController\";\r\n$newClass.Qualifiers.Add(\"Static\", $true);\r\n\r\n$objWMi = get-wmiobject -computername localhost -Namespace root\\CIMV2 -Query \"Select * from Win32_VideoController\"\r\n\r\nif(-Not ($objWMi -is [array]))\r\n{\r\n\t$objWMi = @($objWMi)\r\n}\r\n\r\nforeach ($pr in $objWmi[0].Properties)\r\n{\r\n\t$newClass.Properties.Add($pr.Name, $pr.Type, $false)\t\r\n\tif($pr.Name -eq \"DeviceID\")\r\n\t{\r\n\t\t$newClass.Properties[$pr.Name].Qualifiers.Add(\"Key\", $true)\r\n\t}\r\n\t$newClass.Properties[$pr.Name].Qualifiers.Add(\"read\", $true)\r\n}\r\n\r\n$newClass.Put()\r\n\r\nforeach ($obj in $objWmi)\r\n{\t\r\n\t$args = @{}\r\n\tforeach ($pr in $obj.Properties)\r\n\t{\t\r\n\t\tif(($pr.Name -eq \"Caption\" -or $pr.Name -eq \"Name\" -or $pr.Name -eq \"PNPDeviceID\" -or $pr.Name -eq \"AdapterCompatibility\" -or $pr.Name -eq \"Description\" -or $pr.Name -eq \"InfSection\" -or $pr.Name -eq \"VideoProcessor\") -and ($pr.Value -match 'VBOX' -or $pr.Value -match 'VBox' -or $pr.Value -match 'VMWARE' -or $pr.Value -match 'VirtualBox' -or $pr.Value -match 'VMware' -or $pr.Value -match 'Oracle Corporation' -or $pr.Value -match 'Microsoft Basic Display Adapter'))\r\n\t\t{\r\n\t\t\t$value = Get-RandomCharacters -length 8 -characters 'ABCDEFGHKLMNOPRSTUVWXYZ123456789_'\r\n\t\t\t$value = $pr.Value.replace(\"VBOX\", $value).replace(\"VBox\", $value).replace(\"VMWARE\", $value).replace(\"VMware\", $value).replace(\"VirtualBox\", $value).replace(\"Oracle Corporation\", $value).replace(\"Microsoft Basic Display Adapter\", $value)\r\n\t\t\t\t\r\n\t\t\t$args.add($pr.Name, $value)\r\n\t\t\r\n\r\n\t\t} elseif($pr.Name -eq \"DriverVersion\")\r\n\t\t{\r\n\t\t\t$value = Get-RandomCharacters -length 8 -characters '1234567890.'\r\n\t\t\t$args.add($pr.Name, $value)\r\n\t\t} elseif($pr.Name -eq \"AdapterRAM\" -and $pr.Value -lt 1000000000)\r\n\t\t{\r\n\t\t\t$args.add($pr.Name, 1073741824)\r\n\t\t} else\r\n\t\t{\r\n\t\t\t$args.add($pr.Name, $pr.Value)\r\n\t\t}\r\n\t}\r\n\t\r\n\tSet-WmiInstance -Path \\\\.\\root\\cimv2:Win32_VideoController -Arguments $args\r\n}\r\n\r\n#Joebox\r\n\r\n# Creating Win32_BaseBoard fake class\r\n$newClass = New-Object System.Management.ManagementClass(\"root\\cimv2\", [String]::Empty, $null); \r\n$newClass[\"__CLASS\"] = \"Win32_BaseBoard\";\r\n$newClass.Qualifiers.Add(\"Static\", $true)\r\n\u00e2\u20ac\u2039\r\n$objWMi = get-wmiobject -computername localhost -Namespace root\\CIMV2 -Query \"Select * from Win32_BaseBoard\"\r\n\u00e2\u20ac\u2039\r\nforeach ($obj in $objWmi)\r\n{\r\n\tforeach ($pr in $obj.Properties)\r\n\t{\r\n\t\t$name = $pr.Name\r\n\t\t$value = $pr.Value\r\n\t\t$qualifier = $false\r\n\u00e2\u20ac\u2039\r\n\t\tswitch ($name)\r\n\t\t{\r\n\t\t\t\"Tag\" {\r\n\t\t\t\t$qualifier = $true\r\n\t\t\t}\r\n\t\t\t\"SerialNumber\" {\r\n\t\t\t\t$value = Get-RandomCharacters -length 16 -characters '1234567890'\r\n\t\t\t}\r\n\t\t\t{\"Product\", \"Manufacturer\" -eq $_} {\r\n\t\t\t\t$value = Get-RandomCharacters -length 10 -characters 'ABCDEFGHKLMNOPRSTUVWXYZ123456789'\r\n\t\t\t}\r\n\t\t}\r\n\u00e2\u20ac\u2039\r\n\t\t$newClass.Properties.Add($name, $value, $pr.Type)\r\n\t\tif ($qualifier) {\r\n\t\t\t$newClass.Properties[$name].Qualifiers.Add(\"Key\", $true)\r\n\t\t}\r\n\t}\r\n}\r\n\u00e2\u20ac\u2039\r\n$newClass.Put()\r\nSet-WmiInstance -Path \\\\.\\root\\cimv2:Win32_BaseBoard\r\n\r\n\r\n#Creating Win32_ComputerSystemProduct fake class\r\n$newClass = New-Object System.Management.ManagementClass(\"root\\cimv2\", [String]::Empty, $null); \r\n$newClass[\"__CLASS\"] = \"Win32_ComputerSystemProduct\";\r\n$newClass.Qualifiers.Add(\"Static\", $true)\r\n\r\n$objWMi = get-wmiobject -computername localhost -Namespace root\\CIMV2 -Query \"Select * from Win32_ComputerSystemProduct\"\r\n\r\nforeach ($obj in $objWmi)\r\n{\r\n\tforeach ($pr in $obj.Properties)\r\n\t{\r\n\t\tif($pr.Name -eq \"Name\")\r\n\t\t{\t\r\n\t\t\t$newClass.Properties.Add($pr.Name, $pr.$value, $pr.Type)\r\n\t\t\t$newClass.Properties[$pr.Nam", "MessageNumber": "\u0002", "MessageTotal": "\u0003", "Path": "C:\\Program Files (x86)\\Joebox\\unpack\\wmievasions.ps1"}}, {"values": {"EventID": "4104", "ScriptBlockId": "c60f58d2-8294-4643-a963-8dcc7cc58f0e", "ScriptBlockText": "4fb019ade382035653df227ce5ecdce3718fe3e2a35cae71507079f4d73aaafa", "MessageNumber": "\u0003", "Path": "C:\\Program Files (x86)\\Joebox\\unpack\\wmievasions.ps1", "MessageTotal": "\u0003"}}, {"values": {"EventID": "4104", "ScriptBlockText": "10050407a4d401ef56d5a9ece4ccb6f08bba5c1ff6dfd318e419c04a972ba748", "ScriptBlockId": "8fe3efbd-853a-44c8-a79e-7fae9a574596", "MessageNumber": "1", "MessageTotal": "1", "Path": ""}}, {"values": {"EventID": "4104", "ScriptBlockText": "10050407a4d401ef56d5a9ece4ccb6f08bba5c1ff6dfd318e419c04a972ba748", "ScriptBlockId": "667efede-0083-4509-b112-8287a2f25803", "MessageNumber": "1", "MessageTotal": "1", "Path": ""}}, {"values": {"EventID": "4104", "ScriptBlockText": "10050407a4d401ef56d5a9ece4ccb6f08bba5c1ff6dfd318e419c04a972ba748", "ScriptBlockId": "4a0b66fa-b2f1-4fb5-9a0e-a402ec92b474", "MessageNumber": "1", "MessageTotal": "1", "Path": ""}}, {"values": {"EventID": "4104", "ScriptBlockText": "10050407a4d401ef56d5a9ece4ccb6f08bba5c1ff6dfd318e419c04a972ba748", "ScriptBlockId": "14fd127e-f3a9-4ac0-9228-0963d661a09e", "MessageNumber": "1", "MessageTotal": "1", "Path": ""}}, {"values": {"EventID": "4104", "ScriptBlockText": "10050407a4d401ef56d5a9ece4ccb6f08bba5c1ff6dfd318e419c04a972ba748", "ScriptBlockId": "0425096d-a6cd-4556-90f8-946ad7751f3d", "MessageNumber": "1", "MessageTotal": "1", "Path": ""}}, {"values": {"EventID": "4104", "ScriptBlockText": "10050407a4d401ef56d5a9ece4ccb6f08bba5c1ff6dfd318e419c04a972ba748", "ScriptBlockId": "6cfe8392-816d-40f7-b57e-ddc7f729d63f", "MessageNumber": "1", "MessageTotal": "1", "Path": ""}}, {"values": {"EventID": "4104", "ScriptBlockText": "10050407a4d401ef56d5a9ece4ccb6f08bba5c1ff6dfd318e419c04a972ba748", "ScriptBlockId": "cb23333c-0de0-40fb-8b83-ed5e4e23b862", "MessageNumber": "1", "Path": "", "MessageTotal": "1"}}], "rule_level": "low", "rule_id": "1f7f8b1e9005dd4d64cb9d30ed53ee94f68fb96262fbd72f7a0266881149c79f", "rule_author": "frack113", "rule_description": "The infrastructure for management data and operations that enables local and remote management of Windows personal computers and servers"}, {"rule_title": "Process Start From Suspicious Folder", "rule_source": "Sigma Integrated Rule Set (GitHub)", "match_context": [{"values": {"TerminalSessionId": "1", "ProcessGuid": "C784477D-96F6-633C-D10A-000000004700", "ProcessId": "7620", "Product": "-", "Description": "-", "Company": "-", "ParentProcessGuid": "C784477D-FFCC-62FD-8100-000000004700", "User": "DESKTOP-B0T93D6\\george", "Hashes": "MD5=F2EC1B19FC6B792EBD20D5D8E458F94C,SHA256=F04A4DD4C448CC010E8DD8FA9A30CCCA2B620F73CFAE94639583CFD7BAAEB1FC,IMPHASH=FAA9BC22484F2EE84085052705AE4F93", "OriginalFileName": "-", "ParentImage": "C:\\Windows\\explorer.exe", "FileVersion": "-", "ParentProcessId": "4816", "CurrentDirectory": "C:\\Users\\george\\Desktop\\", "CommandLine": "\"C:\\Users\\george\\Desktop\\software.exe\" ", "EventID": "1", "LogonGuid": "C784477D-FFCB-62FD-AD47-040000000000", "LogonId": "280493", "Image": "C:\\Users\\george\\Desktop\\software.exe", "IntegrityLevel": "High", "ParentCommandLine": "C:\\Windows\\Explorer.EXE", "UtcTime": "2022-10-04 20:26:30.550", "RuleName": "-"}}, {"values": {"TerminalSessionId": "1", "ProcessGuid": "{C784477D-96F6-633C-D10A-000000004700}", "ProcessId": "7620", "Product": "-", "Description": "-", "Company": "-", "ParentProcessGuid": "{C784477D-FFCC-62FD-8100-000000004700}", "User": "DESKTOP-B0T93D6\\george", "Hashes": "MD5=F2EC1B19FC6B792EBD20D5D8E458F94C,SHA256=F04A4DD4C448CC010E8DD8FA9A30CCCA2B620F73CFAE94639583CFD7BAAEB1FC,IMPHASH=FAA9BC22484F2EE84085052705AE4F93", "OriginalFileName": "-", "ParentImage": "C:\\Windows\\explorer.exe", "FileVersion": "-", "ParentProcessId": "4816", "CurrentDirectory": "C:\\Users\\george\\Desktop\\", "CommandLine": "\"C:\\Users\\george\\Desktop\\software.exe\" ", "EventID": "1", "LogonGuid": "C784477D-FFCB-62FD-AD47-040000000000", "LogonId": "280493", "Image": "C:\\Users\\george\\Desktop\\software.exe", "IntegrityLevel": "High", "ParentCommandLine": "C:\\Windows\\Explorer.EXE", "UtcTime": "1664915190", "RuleName": "-"}}], "rule_level": "low", "rule_id": "539d657ea3dfb52773cd8616d93fd64ba9112091984d1c3eb044c6e5dadd2c5c", "rule_author": "frack113", "rule_description": "Detects process start from rare or uncommon folders like temporary folder or folders that usually don't contain executable files"}, {"rule_title": "Suspicious Tasklist Discovery Command", "rule_source": "Sigma Integrated Rule Set (GitHub)", "match_context": [{"values": {"TerminalSessionId": "1", "ProcessGuid": "C784477D-0115-62FE-FC09-000000004700", "ProcessId": "6680", "Product": "Microsoft\u00ae Windows\u00ae Operating System", "Description": "Windows Command Processor", "Company": "Microsoft Corporation", "ParentProcessGuid": "C784477D-0114-62FE-EE09-000000004700", "User": "DESKTOP-B0T93D6\\george", "Hashes": "MD5=F3BDBE3BB6F734E357235F4D5898582D,SHA256=3685495D051137B1C4EFDE22C26DF0883614B6453B762FA84588DA55ED2E7744,IMPHASH=0AF8419BE362159398343D7B31721726", "OriginalFileName": "Cmd.Exe", "ParentImage": "C:\\Program Files (x86)\\AutoIt3\\AutoIt3.exe", "FileVersion": "10.0.17134.1 (WinBuild.160101.0800)", "ParentProcessId": "2304", "CurrentDirectory": "C:\\Program Files (x86)\\AutoIt3\\", "CommandLine": "C:\\Windows\\system32\\cmd.exe /c tasklist /svc | find \"svchost.exe\" >> \\\\192.168.2.1\\joe-windows-g14-3\\logs\\services.log", "EventID": "1", "LogonGuid": "C784477D-FFCB-62FD-AD47-040000000000", "LogonId": "280493", "Image": "C:\\Windows\\SysWOW64\\cmd.exe", "IntegrityLevel": "High", "ParentCommandLine": "\"C:\\Program Files (x86)\\AutoIt3\\AutoIt3.exe\" \"C:\\Users\\george\\Desktop\\script.0.au3\"", "UtcTime": "2022-08-18 09:06:29.965", "RuleName": "-"}}, {"values": {"TerminalSessionId": "1", "ProcessGuid": "C784477D-0116-62FE-030A-000000004700", "ProcessId": "6824", "Product": "Microsoft\u00ae Windows\u00ae Operating System", "Description": "Lists the current running tasks", "Company": "Microsoft Corporation", "ParentProcessGuid": "C784477D-0115-62FE-FC09-000000004700", "User": "DESKTOP-B0T93D6\\george", "Hashes": "MD5=6B7D2FC3FB98B10A5F77B23DEF745F6F,SHA256=1A3F8B8C89F7D3DAA25A738E63D90C4806B3FD119596C58D335F98F96C777858,IMPHASH=D16A743355B243B7509AE74891F10F6B", "OriginalFileName": "tasklist.exe", "ParentImage": "C:\\Windows\\SysWOW64\\cmd.exe", "FileVersion": "10.0.17134.1 (WinBuild.160101.0800)", "ParentProcessId": "6680", "CurrentDirectory": "C:\\Program Files (x86)\\AutoIt3\\", "CommandLine": "tasklist  /svc ", "EventID": "1", "LogonGuid": "C784477D-FFCB-62FD-AD47-040000000000", "LogonId": "280493", "Image": "C:\\Windows\\SysWOW64\\tasklist.exe", "IntegrityLevel": "High", "ParentCommandLine": "C:\\Windows\\system32\\cmd.exe /c tasklist /svc | find \"svchost.exe\" >> \\\\192.168.2.1\\joe-windows-g14-3\\logs\\services.log", "UtcTime": "2022-08-18 09:06:30.005", "RuleName": "-"}}], "rule_level": "low", "rule_id": "54b43d3a279bdcbcca22abf416f8b57c691f2c84a9363507162ca472e30ab902", "rule_author": "frack113", "rule_description": "Adversaries may attempt to get information about running processes on a system. Information obtained could be used to gain an understanding of common software/applications running on systems within the network"}, {"rule_title": "Suspicious Network Command", "rule_source": "Sigma Integrated Rule Set (GitHub)", "match_context": [{"values": {"TerminalSessionId": "1", "ProcessGuid": "C784477D-0115-62FE-F209-000000004700", "ProcessId": "6580", "Product": "Microsoft\u00ae Windows\u00ae Operating System", "Description": "Windows Command Processor", "Company": "Microsoft Corporation", "ParentProcessGuid": "C784477D-0114-62FE-EE09-000000004700", "User": "DESKTOP-B0T93D6\\george", "Hashes": "MD5=F3BDBE3BB6F734E357235F4D5898582D,SHA256=3685495D051137B1C4EFDE22C26DF0883614B6453B762FA84588DA55ED2E7744,IMPHASH=0AF8419BE362159398343D7B31721726", "OriginalFileName": "Cmd.Exe", "ParentImage": "C:\\Program Files (x86)\\AutoIt3\\AutoIt3.exe", "FileVersion": "10.0.17134.1 (WinBuild.160101.0800)", "ParentProcessId": "2304", "CurrentDirectory": "C:\\Program Files (x86)\\AutoIt3\\", "CommandLine": "C:\\Windows\\system32\\cmd.exe /c arp -a > C:\\windows\\runiso.out 2>&1", "EventID": "1", "LogonGuid": "C784477D-FFCB-62FD-AD47-040000000000", "LogonId": "280493", "Image": "C:\\Windows\\SysWOW64\\cmd.exe", "IntegrityLevel": "High", "ParentCommandLine": "\"C:\\Program Files (x86)\\AutoIt3\\AutoIt3.exe\" \"C:\\Users\\george\\Desktop\\script.0.au3\"", "UtcTime": "2022-08-18 09:06:29.180", "RuleName": "-"}}], "rule_level": "low", "rule_id": "76a1e5bc5c7d4b95d8c382b4ecefb6a628ea4fba6cbf029fbb3cc32d36dcce57", "rule_author": "frack113, Christopher Peacock '@securepeacock', SCYTHE '@scythe_io'", "rule_description": "Adversaries may look for details about the network configuration and settings of systems they access or through information discovery of remote systems"}, {"rule_title": "Powershell Suspicious Win32_PnPEntity", "rule_source": "Sigma Integrated Rule Set (GitHub)", "match_context": [{"values": {"EventID": "4104", "ScriptBlockText": " = Get-RandomCharacters -length 5 -characters 'ABCDEFGHKLMNOPRSTUVWXYZ123456789'\r\n\r\n\t\t\t$newClass.Properties.Add($pr.Name, $value, $pr.Type)\r\n\t\t} else\r\n\t\t{\r\n\t\t\t$newClass.Properties.Add($pr.Name, $pr.Value, $pr.Type)\r\n\t\t}\r\n\t}\r\n}\r\n\r\n$newClass.Put()\r\nSet-WmiInstance -Path \\\\.\\root\\cimv2:Win32_BIOS \r\n\r\nfunction Get-RandomCharacters($length, $characters) { \r\n    $random = 1..$length | ForEach-Object { Get-Random -Maximum $characters.length } \r\n    $private:ofs=\"\" \r\n    return [String]$characters[$random]\r\n}\r\n\r\n#Joebox\r\n\r\n#Creating Win32_Processor fake class\r\n$newClass = New-Object System.Management.ManagementClass(\"root\\cimv2\", [String]::Empty, $null); \r\n$newClass[\"__CLASS\"] = \"Win32_Processor\";\r\n$newClass.Qualifiers.Add(\"Static\", $true);\r\n\r\n$objWMi = get-wmiobject -computername localhost -Namespace root\\CIMV2 -Query \"Select * from Win32_Processor\"\r\n\r\nif(-Not ($objWMi -is [array]))\r\n{\r\n\t$objWMi = @($objWMi)\r\n}\r\n\r\nforeach ($pr in $objWmi[0].Properties)\r\n{\r\n\t$newClass.Properties.Add($pr.Name, $pr.Type, $false)\t\r\n\tif($pr.Name -eq \"ProcessorId\")\r\n\t{\r\n\t\t$newClass.Properties[$pr.Name].Qualifiers.Add(\"Key\", $true)\r\n\t}\r\n\t$newClass.Properties[$pr.Name].Qualifiers.Add(\"read\", $true)\r\n}\r\n\r\n$newClass.Put()\r\n\r\nforeach ($obj in $objWmi)\r\n{\t\r\n\t$args = @{}\r\n\tforeach ($pr in $obj.Properties)\r\n\t{\t\r\n\t\tif($pr.Name -eq \"ProcessorId\")\r\n\t\t{\r\n\t\t\t$value = Get-RandomCharacters -length 10 -characters 'ABCDEF0123456789'\r\n\t\t\t$args.add($pr.Name, $value)\r\n\t\t} elseif($pr.Name -eq \"Name\" -and $pr.Value -match 'Xeon')\r\n\t\t{\r\n\t\t\t$value = $pr.Value.replace(\"Xeon\", \"Core\")\r\n\t\t\t$args.add($pr.Name, $pr.Value)\r\n\t\t\t\r\n\t\t} elseif($pr.Name -eq \"NumberOfCores\" -and $pr.Value -lt 4)\r\n\t\t{\r\n\t\t\t$args.add($pr.Name, 4)\r\n\t\t} else\r\n\t\t{\r\n\t\t\t$args.add($pr.Name, $pr.Value)\r\n\t\t}\r\n\t}\r\n\tSet-WmiInstance -Path \\\\.\\root\\cimv2:Win32_Processor -Arguments $args\r\n}\r\n\r\n#Joebox\r\n\r\n#Creating Win32_ComputerSystem fake class\r\n$newClass = New-Object System.Management.ManagementClass(\"root\\cimv2\", [String]::Empty, $null); \r\n$newClass[\"__CLASS\"] = \"Win32_ComputerSystem\";\r\n$newClass.Qualifiers.Add(\"Static\", $true)\r\n\r\n$objWMi = get-wmiobject -computername localhost -Namespace root\\CIMV2 -Query \"Select * from Win32_ComputerSystem\"\r\n\r\nforeach ($obj in $objWmi)\r\n{\r\n\tforeach ($pr in $obj.Properties)\r\n\t{\r\n\t\tif($pr.Name -eq \"Manufacturer\")\r\n\t\t{\r\n\t\t\t$value = Get-RandomCharacters -length 15 -characters 'ABCDEFGHKLMNOPRSTUVWXYZabcdefghklmnoprstuvwxyz123456789 '\r\n\r\n\t\t\t$newClass.Properties.Add($pr.Name, $value, $pr.Type)\r\n\t\t\t$newClass.Properties[$pr.Name].Qualifiers.Add(\"Key\", $true)\r\n\t\t} elseif($pr.Name -eq \"Model\")\r\n\t\t{\r\n\t\t\t$value = Get-RandomCharacters -length 8 -characters 'ABCDEFGHKLMNOPRSTUVWXYZabcdefghklmnoprstuvwxyz123456789 '\r\n\t\t\t$newClass.Properties.Add($pr.Name, $value, $pr.Type)\r\n\t\t} elseif($pr.Name -eq \"Domain\")\r\n\t\t{\r\n\t\t\t$value = Get-RandomCharacters -length 5 -characters 'ABCDEFGHKLMNOPRSTUVWXYZabcdefghklmnoprstuvwxyz123456789'\r\n\t\t\t$newClass.Properties.Add($pr.Name, $value, $pr.Type)\r\n\t\t} elseif($pr.Name -eq \"OEMStringArray\")\r\n\t\t{\r\n\t\t\t$value = Get-RandomCharacters -length 10 -characters 'ABCDEFGHKLMNOPRSTUVWXYZabcdefghklmnoprstuvwxyz123456789'\r\n\t\t\t$newClass.Properties.Add($pr.Name, @($value), $pr.Type)\r\n\t\t} else\r\n\t\t{\r\n\t\t\t$newClass.Properties.Add($pr.Name, $pr.Value, $pr.Type)\r\n\t\t}\r\n\t}\r\n}\r\n\r\n$newClass.Put()\r\nSet-WmiInstance -Path \\\\.\\root\\cimv2:Win32_ComputerSystem \r\n\r\n#Joebox\r\n\r\n#Creating Win32_PnPEntity fake class\r\n$newClass = New-Object System.Management.ManagementClass(\"root\\cimv2\", [String]::Empty, $null); \r\n$newClass[\"__CLASS\"] = \"Win32_PnPEntity\";\r\n$newClass.Qualifiers.Add(\"Static\", $true);\r\n\r\n$objWMi = get-wmiobject -computername localhost -Namespace root\\CIMV2 -Query \"Select * from Win32_PnPEntity\"\r\n\r\nforeach ($pr in $objWmi[0].Properties)\r\n{\r\n\t$newClass.Properties.Add($pr.Name, $pr.Type, $false)\t\r\n\tif($pr.Name -eq \"DeviceID\")\r\n\t{\r\n\t\t$newClass.Properties[$pr.Name].Qualifiers.Add(\"Key\", $true)\r\n\t}\r\n\t$newClass.Properties[$pr.Name].Qualifiers.Add(\"read\", $true)\r\n}\r\n\r\n$newClass.Put()\r\n\r\nforeach ($obj in $objWmi)\r\n{\t\r\n\t$args = @{}\r\n\tforeach ($pr in $obj.Properties)\r\n\t{\t\r\n\t\tif(($pr.Name -eq \"DeviceId\" -or $pr.Name -eq \"Caption\" -or $pr.Name -eq \"Name\" -or $pr.Name -eq \"PNPDeviceID\"  -or $pr.Name -eq \"Service\") -and ($pr.Value -match 'VEN_80EE' -or $pr.Value -match 'VEN_15AD' -or $pr.Value -match 'VBOX' -or $pr.Value -match 'VBox' -or $pr.Value -match 'VMWARE' -or $pr.Value -match '82801FB' -or $pr.Value -match '82441FX' -or $pr.Value -match '82371SB' -or $pr.Value -match 'OpenHCD'))\r\n\t\t{\r\n\t\t\t$value = Get-RandomCharacters -length 8 -characters 'ABCDEFGHKLMNOPRSTUVWXYZ123456789_'\r\n\t\t\t$value = $pr.Value.replace(\"VEN_80EE\", $value).replace(\"VEN_15AD\", $value).replace(\"VBOX\", $value).replace(\"VBox\", $value).replace(\"VMWARE\", $value).replace(\"82801FB\", $value).replace(\"82441FX\", $value).replace(\"82371SB\", $value).replace(\"OpenHCD\", $value)\r\n\t\t\t\r\n\t\t\t# 82801FB 82441FX 82371SB OpenHCD\r\n\t\t\t\t\r\n\t\t\t$args.add($pr.Name, $value)\r\n\t\t\t\r\n\t\t} else\r\n\t\t{\r\n\t\t\t$args.add($pr.Name, $pr.Value)\r\n\t\t}\r\n\t}\r\n\t\r\n\tSet-WmiInstance -Path \\\\.\\root\\cimv2:Win32_PnPEntity -Arguments $args\r\n}\r\n\r\n#Joebox\r\n\r\n#Creating Win32_DiskDrive fake class\r\n$newClass = New-Object System.Management.ManagementClass(\"root\\cimv2\", [String]::Empty, $null); \r\n$newClass[\"__CLASS\"] = \"Win32_DiskDrive\";\r\n$newClass.Qualifiers.Add(\"Static\", $true);\r\n\r\n$objWMi = get-wmiobject -computername localhost -Namespace root\\CIMV2 -Query \"Select * from Win32_DiskDrive\"\r\n\r\nif(-Not ($objWMi -is [array]))\r\n{\r\n\t$objWMi = @($objWMi)\r\n}\r\n\r\nforeach ($pr in $objWmi[0].Properties)\r\n{\r\n\t$newClass.Properties.Add($pr.Name, $pr.Type, $false)\t\r\n\tif($pr.Name -eq \"DeviceID\")\r\n\t{\r\n\t\t$newClass.Properties[$pr.Name].Qualifiers.Add(\"Key\", $true)\r\n\t}\r\n\t$newClass.Properties[$pr.Name].Qualifiers.Add(\"read\", $true)\r\n}\r\n\r\n$newClass.Put()\r\n\r\nforeach ($obj in $objWmi)\r\n{\t\r\n\t$args = @{}\r\n\tforeach ($pr in $obj.Properties)\r\n\t{\t\r\n\t\tif(($pr.Name -eq \"DeviceId\" -or $pr.Name -eq \"Caption\" -or $pr.Name -eq \"Model\" -or $pr.Name -eq \"PNPDeviceID\") -and ($pr.Value -match 'VBOX' -or $pr.Value -match 'VBox' -or $pr.Value -match 'VMWARE' -or $pr.Value -match 'VMware'))\r\n\t\t{\r\n\t\t\t$value = Get-RandomCharacters -length 8 -characters 'ABCDEFGHKLMNOPRSTUVWXYZ123456789_'\r\n\t\t\t$value = $pr.Value.replace(\"VBOX\", $value).replace(\"VBox\", $value).replace(\"VMWARE\", $value).replace(\"VMware Virtual disk\", $value).replace(\"VMware\", $value).replace(\"HARDDISK\", \"WDC\").replace(\"VIRTUAL_DISK\", $value)\r\n\t\t\t\t\r\n\t\t\t$args.add($pr.Name, $value)\r\n\t\t\r\n\t\t# Change disk size\r\n\t\t} elseif($pr.Name -eq \"Size\" -and $pr.Value -lt 200000000000)\r\n\t\t{\r\n\t\t\t$args.add($pr.Name, 412300001200)\r\n\t\t} elseif(-Not($pr.Name -eq \"Capabilities\"))\r\n\t\t{\r\n\t\t\t$args.add($pr.Name, $pr.Value)\r\n\t\t}\r\n\t}\r\n\t\r\n\tSet-WmiInstance -Path \\\\.\\root\\cimv2:Win32_DiskDrive -Arguments $args\r\n}\r\n\r\n#Joebox\r\n\r\n#Creating Win32_VideoController fake class\r\n$newClass = New-Object System.Management.ManagementClass(\"root\\cimv2\", [String]::Empty, $null); \r\n$newClass[\"__CLASS\"] = \"Win32_VideoController\";\r\n$newClass.Qualifiers.Add(\"Static\", $true);\r\n\r\n$objWMi = get-wmiobject -computername localhost -Namespace root\\CIMV2 -Query \"Select * from Win32_VideoController\"\r\n\r\nif(-Not ($objWMi -is [array]))\r\n{\r\n\t$objWMi = @($objWMi)\r\n}\r\n\r\nforeach ($pr in $objWmi[0].Properties)\r\n{\r\n\t$newClass.Properties.Add($pr.Name, $pr.Type, $false)\t\r\n\tif($pr.Name -eq \"DeviceID\")\r\n\t{\r\n\t\t$newClass.Properties[$pr.Name].Qualifiers.Add(\"Key\", $true)\r\n\t}\r\n\t$newClass.Properties[$pr.Name].Qualifiers.Add(\"read\", $true)\r\n}\r\n\r\n$newClass.Put()\r\n\r\nforeach ($obj in $objWmi)\r\n{\t\r\n\t$args = @{}\r\n\tforeach ($pr in $obj.Properties)\r\n\t{\t\r\n\t\tif(($pr.Name -eq \"Caption\" -or $pr.Name -eq \"Name\" -or $pr.Name -eq \"PNPDeviceID\" -or $pr.Name -eq \"AdapterCompatibility\" -or $pr.Name -eq \"Description\" -or $pr.Name -eq \"InfSection\" -or $pr.Name -eq \"VideoProcessor\") -and ($pr.Value -match 'VBOX' -or $pr.Value -match 'VBox' -or $pr.Value -match 'VMWARE' -or $pr.Value -match 'VirtualBox' -or $pr.Value -match 'VMware' -or $pr.Value -match 'Oracle Corporation' -or $pr.Value -match 'Microsoft Basic Display Adapter'))\r\n\t\t{\r\n\t\t\t$value = Get-RandomCharacters -length 8 -characters 'ABCDEFGHKLMNOPRSTUVWXYZ123456789_'\r\n\t\t\t$value = $pr.Value.replace(\"VBOX\", $value).replace(\"VBox\", $value).replace(\"VMWARE\", $value).replace(\"VMware\", $value).replace(\"VirtualBox\", $value).replace(\"Oracle Corporation\", $value).replace(\"Microsoft Basic Display Adapter\", $value)\r\n\t\t\t\t\r\n\t\t\t$args.add($pr.Name, $value)\r\n\t\t\r\n\r\n\t\t} elseif($pr.Name -eq \"DriverVersion\")\r\n\t\t{\r\n\t\t\t$value = Get-RandomCharacters -length 8 -characters '1234567890.'\r\n\t\t\t$args.add($pr.Name, $value)\r\n\t\t} elseif($pr.Name -eq \"AdapterRAM\" -and $pr.Value -lt 1000000000)\r\n\t\t{\r\n\t\t\t$args.add($pr.Name, 1073741824)\r\n\t\t} else\r\n\t\t{\r\n\t\t\t$args.add($pr.Name, $pr.Value)\r\n\t\t}\r\n\t}\r\n\t\r\n\tSet-WmiInstance -Path \\\\.\\root\\cimv2:Win32_VideoController -Arguments $args\r\n}\r\n\r\n#Joebox\r\n\r\n# Creating Win32_BaseBoard fake class\r\n$newClass = New-Object System.Management.ManagementClass(\"root\\cimv2\", [String]::Empty, $null); \r\n$newClass[\"__CLASS\"] = \"Win32_BaseBoard\";\r\n$newClass.Qualifiers.Add(\"Static\", $true)\r\n\u00e2\u20ac\u2039\r\n$objWMi = get-wmiobject -computername localhost -Namespace root\\CIMV2 -Query \"Select * from Win32_BaseBoard\"\r\n\u00e2\u20ac\u2039\r\nforeach ($obj in $objWmi)\r\n{\r\n\tforeach ($pr in $obj.Properties)\r\n\t{\r\n\t\t$name = $pr.Name\r\n\t\t$value = $pr.Value\r\n\t\t$qualifier = $false\r\n\u00e2\u20ac\u2039\r\n\t\tswitch ($name)\r\n\t\t{\r\n\t\t\t\"Tag\" {\r\n\t\t\t\t$qualifier = $true\r\n\t\t\t}\r\n\t\t\t\"SerialNumber\" {\r\n\t\t\t\t$value = Get-RandomCharacters -length 16 -characters '1234567890'\r\n\t\t\t}\r\n\t\t\t{\"Product\", \"Manufacturer\" -eq $_} {\r\n\t\t\t\t$value = Get-RandomCharacters -length 10 -characters 'ABCDEFGHKLMNOPRSTUVWXYZ123456789'\r\n\t\t\t}\r\n\t\t}\r\n\u00e2\u20ac\u2039\r\n\t\t$newClass.Properties.Add($name, $value, $pr.Type)\r\n\t\tif ($qualifier) {\r\n\t\t\t$newClass.Properties[$name].Qualifiers.Add(\"Key\", $true)\r\n\t\t}\r\n\t}\r\n}\r\n\u00e2\u20ac\u2039\r\n$newClass.Put()\r\nSet-WmiInstance -Path \\\\.\\root\\cimv2:Win32_BaseBoard\r\n\r\n\r\n#Creating Win32_ComputerSystemProduct fake class\r\n$newClass = New-Object System.Management.ManagementClass(\"root\\cimv2\", [String]::Empty, $null); \r\n$newClass[\"__CLASS\"] = \"Win32_ComputerSystemProduct\";\r\n$newClass.Qualifiers.Add(\"Static\", $true)\r\n\r\n$objWMi = get-wmiobject -computername localhost -Namespace root\\CIMV2 -Query \"Select * from Win32_ComputerSystemProduct\"\r\n\r\nforeach ($obj in $objWmi)\r\n{\r\n\tforeach ($pr in $obj.Properties)\r\n\t{\r\n\t\tif($pr.Name -eq \"Name\")\r\n\t\t{\t\r\n\t\t\t$newClass.Properties.Add($pr.Name, $pr.$value, $pr.Type)\r\n\t\t\t$newClass.Properties[$pr.Nam", "ScriptBlockId": "c60f58d2-8294-4643-a963-8dcc7cc58f0e", "MessageNumber": "\u0002", "MessageTotal": "\u0003", "Path": "C:\\Program Files (x86)\\Joebox\\unpack\\wmievasions.ps1"}}], "rule_level": "low", "rule_id": "7cf1e08df2c1e71b9ecbab0ba652d8d7adc890f53db8c630b859d32064f3eb3a", "rule_author": "frack113", "rule_description": "Adversaries may attempt to gather information about attached peripheral devices and components connected to a computer system."}, {"rule_title": "Stop Windows Service", "rule_source": "Sigma Integrated Rule Set (GitHub)", "match_context": [{"values": {"TerminalSessionId": "1", "ProcessGuid": "C784477D-0115-62FE-FB09-000000004700", "ProcessId": "6660", "Product": "Microsoft\u00ae Windows\u00ae Operating System", "Description": "Net Command", "Company": "Microsoft Corporation", "ParentProcessGuid": "C784477D-0115-62FE-F909-000000004700", "User": "DESKTOP-B0T93D6\\george", "Hashes": "MD5=DD0561156F62BC1958CE0E370B23711B,SHA256=FD41D0261C6D22572DA448BCB5CBBB98F78A2922D1F1074D25237CC82C8CE432,IMPHASH=86350518EAE83E4A09BBF6317BA1C570", "OriginalFileName": "net.exe", "ParentImage": "C:\\Windows\\SysWOW64\\cmd.exe", "FileVersion": "10.0.17134.1 (WinBuild.160101.0800)", "ParentProcessId": "6600", "CurrentDirectory": "C:\\Program Files (x86)\\AutoIt3\\", "CommandLine": "net  stop SysMain", "EventID": "1", "LogonGuid": "C784477D-FFCB-62FD-AD47-040000000000", "LogonId": "280493", "Image": "C:\\Windows\\SysWOW64\\net.exe", "IntegrityLevel": "High", "ParentCommandLine": "C:\\Windows\\system32\\cmd.exe /c net stop SysMain", "UtcTime": "2022-08-18 09:06:29.953", "RuleName": "-"}}, {"values": {"TerminalSessionId": "1", "ProcessGuid": "C784477D-0115-62FE-FD09-000000004700", "ProcessId": "6688", "Product": "Microsoft\u00ae Windows\u00ae Operating System", "Description": "Net Command", "Company": "Microsoft Corporation", "ParentProcessGuid": "C784477D-0115-62FE-FB09-000000004700", "User": "DESKTOP-B0T93D6\\george", "Hashes": "MD5=B5A26C2BF17222E86B91D26F1247AF3E,SHA256=14CC5BE4C833ACC652195DEAD113E1C3B4AC0B98EA1AEAD11957836F9AE721CF,IMPHASH=3D3E7537BD3BA07738DC5CA8AD01B073", "OriginalFileName": "net1.exe", "ParentImage": "C:\\Windows\\SysWOW64\\net.exe", "FileVersion": "10.0.17134.1 (WinBuild.160101.0800)", "ParentProcessId": "6660", "CurrentDirectory": "C:\\Program Files (x86)\\AutoIt3\\", "CommandLine": "C:\\Windows\\system32\\net1  stop SysMain", "EventID": "1", "LogonGuid": "C784477D-FFCB-62FD-AD47-040000000000", "LogonId": "280493", "Image": "C:\\Windows\\SysWOW64\\net1.exe", "IntegrityLevel": "High", "ParentCommandLine": "net  stop SysMain", "UtcTime": "2022-08-18 09:06:29.966", "RuleName": "-"}}, {"values": {"TerminalSessionId": "1", "ProcessGuid": "C784477D-0116-62FE-0C0A-000000004700", "ProcessId": "6992", "Product": "Microsoft\u00ae Windows\u00ae Operating System", "Description": "Net Command", "Company": "Microsoft Corporation", "ParentProcessGuid": "C784477D-0116-62FE-0A0A-000000004700", "User": "DESKTOP-B0T93D6\\george", "Hashes": "MD5=DD0561156F62BC1958CE0E370B23711B,SHA256=FD41D0261C6D22572DA448BCB5CBBB98F78A2922D1F1074D25237CC82C8CE432,IMPHASH=86350518EAE83E4A09BBF6317BA1C570", "OriginalFileName": "net.exe", "ParentImage": "C:\\Windows\\SysWOW64\\cmd.exe", "FileVersion": "10.0.17134.1 (WinBuild.160101.0800)", "ParentProcessId": "5004", "CurrentDirectory": "C:\\Program Files (x86)\\AutoIt3\\", "CommandLine": "net  stop AdobeARMservice", "EventID": "1", "LogonGuid": "C784477D-FFCB-62FD-AD47-040000000000", "LogonId": "280493", "Image": "C:\\Windows\\SysWOW64\\net.exe", "IntegrityLevel": "High", "ParentCommandLine": "C:\\Windows\\system32\\cmd.exe /c net stop AdobeARMservice", "UtcTime": "2022-08-18 09:06:30.498", "RuleName": "-"}}, 