{"values": {"TerminalSessionId": "1", "ProcessGuid": "C784477D-0116-62FE-0D0A-000000004700", "ProcessId": "7040", "Product": "Microsoft\u00ae Windows\u00ae Operating System", "Description": "Net Command", "Company": "Microsoft Corporation", "ParentProcessGuid": "C784477D-0116-62FE-0C0A-000000004700", "User": "DESKTOP-B0T93D6\\george", "Hashes": "MD5=B5A26C2BF17222E86B91D26F1247AF3E,SHA256=14CC5BE4C833ACC652195DEAD113E1C3B4AC0B98EA1AEAD11957836F9AE721CF,IMPHASH=3D3E7537BD3BA07738DC5CA8AD01B073", "OriginalFileName": "net1.exe", "ParentImage": "C:\\Windows\\SysWOW64\\net.exe", "FileVersion": "10.0.17134.1 (WinBuild.160101.0800)", "ParentProcessId": "6992", "CurrentDirectory": "C:\\Program Files (x86)\\AutoIt3\\", "CommandLine": "C:\\Windows\\system32\\net1  stop AdobeARMservice", "EventID": "1", "LogonGuid": "C784477D-FFCB-62FD-AD47-040000000000", "LogonId": "280493", "Image": "C:\\Windows\\SysWOW64\\net1.exe", "IntegrityLevel": "High", "ParentCommandLine": "net  stop AdobeARMservice", "UtcTime": "2022-08-18 09:06:30.529", "RuleName": "-"}}, {"values": {"TerminalSessionId": "1", "ProcessGuid": "C784477D-0117-62FE-1A0A-000000004700", "ProcessId": "560", "Product": "Microsoft\u00ae Windows\u00ae Operating System", "Description": "Net Command", "Company": "Microsoft Corporation", "ParentProcessGuid": "C784477D-0117-62FE-140A-000000004700", "User": "DESKTOP-B0T93D6\\george", "Hashes": "MD5=DD0561156F62BC1958CE0E370B23711B,SHA256=FD41D0261C6D22572DA448BCB5CBBB98F78A2922D1F1074D25237CC82C8CE432,IMPHASH=86350518EAE83E4A09BBF6317BA1C570", "OriginalFileName": "net.exe", "ParentImage": "C:\\Windows\\SysWOW64\\cmd.exe", "FileVersion": "10.0.17134.1 (WinBuild.160101.0800)", "ParentProcessId": "7136", "CurrentDirectory": "C:\\Program Files (x86)\\AutoIt3\\", "CommandLine": "net  stop gupdate", "EventID": "1", "LogonGuid": "C784477D-FFCB-62FD-AD47-040000000000", "LogonId": "280493", "Image": "C:\\Windows\\SysWOW64\\net.exe", "IntegrityLevel": "High", "ParentCommandLine": "C:\\Windows\\system32\\cmd.exe /c net stop gupdate", "UtcTime": "2022-08-18 09:06:31.114", "RuleName": "-"}}, {"values": {"TerminalSessionId": "1", "ProcessGuid": "C784477D-0117-62FE-1C0A-000000004700", "ProcessId": "4408", "Product": "Microsoft\u00ae Windows\u00ae Operating System", "Description": "Net Command", "Company": "Microsoft Corporation", "ParentProcessGuid": "C784477D-0117-62FE-150A-000000004700", "User": "DESKTOP-B0T93D6\\george", "Hashes": "MD5=DD0561156F62BC1958CE0E370B23711B,SHA256=FD41D0261C6D22572DA448BCB5CBBB98F78A2922D1F1074D25237CC82C8CE432,IMPHASH=86350518EAE83E4A09BBF6317BA1C570", "OriginalFileName": "net.exe", "ParentImage": "C:\\Windows\\SysWOW64\\cmd.exe", "FileVersion": "10.0.17134.1 (WinBuild.160101.0800)", "ParentProcessId": "7144", "CurrentDirectory": "C:\\Program Files (x86)\\AutoIt3\\", "CommandLine": "net  stop gupdatem", "EventID": "1", "LogonGuid": "C784477D-FFCB-62FD-AD47-040000000000", "LogonId": "280493", "Image": "C:\\Windows\\SysWOW64\\net.exe", "IntegrityLevel": "High", "ParentCommandLine": "C:\\Windows\\system32\\cmd.exe /c net stop gupdatem", "UtcTime": "2022-08-18 09:06:31.130", "RuleName": "-"}}, {"values": {"TerminalSessionId": "1", "ProcessGuid": "C784477D-0117-62FE-1B0A-000000004700", "ProcessId": "3472", "Product": "Microsoft\u00ae Windows\u00ae Operating System", "Description": "Net Command", "Company": "Microsoft Corporation", "ParentProcessGuid": "C784477D-0117-62FE-1A0A-000000004700", "User": "DESKTOP-B0T93D6\\george", "Hashes": "MD5=B5A26C2BF17222E86B91D26F1247AF3E,SHA256=14CC5BE4C833ACC652195DEAD113E1C3B4AC0B98EA1AEAD11957836F9AE721CF,IMPHASH=3D3E7537BD3BA07738DC5CA8AD01B073", "OriginalFileName": "net1.exe", "ParentImage": "C:\\Windows\\SysWOW64\\net.exe", "FileVersion": "10.0.17134.1 (WinBuild.160101.0800)", "ParentProcessId": "560", "CurrentDirectory": "C:\\Program Files (x86)\\AutoIt3\\", "CommandLine": "C:\\Windows\\system32\\net1  stop gupdate", "EventID": "1", "LogonGuid": "C784477D-FFCB-62FD-AD47-040000000000", "LogonId": "280493", "Image": "C:\\Windows\\SysWOW64\\net1.exe", "IntegrityLevel": "High", "ParentCommandLine": "net  stop gupdate", "UtcTime": "2022-08-18 09:06:31.130", "RuleName": "-"}}, {"values": {"TerminalSessionId": "1", "ProcessGuid": "C784477D-0117-62FE-1D0A-000000004700", "ProcessId": "5580", "Product": "Microsoft\u00ae Windows\u00ae Operating System", "Description": "Net Command", "Company": "Microsoft Corporation", "ParentProcessGuid": "C784477D-0117-62FE-1C0A-000000004700", "User": "DESKTOP-B0T93D6\\george", "Hashes": "MD5=B5A26C2BF17222E86B91D26F1247AF3E,SHA256=14CC5BE4C833ACC652195DEAD113E1C3B4AC0B98EA1AEAD11957836F9AE721CF,IMPHASH=3D3E7537BD3BA07738DC5CA8AD01B073", "OriginalFileName": "net1.exe", "ParentImage": "C:\\Windows\\SysWOW64\\net.exe", "FileVersion": "10.0.17134.1 (WinBuild.160101.0800)", "ParentProcessId": "4408", "CurrentDirectory": "C:\\Program Files (x86)\\AutoIt3\\", "CommandLine": "C:\\Windows\\system32\\net1  stop gupdatem", "EventID": "1", "LogonGuid": "C784477D-FFCB-62FD-AD47-040000000000", "LogonId": "280493", "Image": "C:\\Windows\\SysWOW64\\net1.exe", "IntegrityLevel": "High", "ParentCommandLine": "net  stop gupdatem", "UtcTime": "2022-08-18 09:06:31.143", "RuleName": "-"}}, {"values": {"TerminalSessionId": "1", "ProcessGuid": "C784477D-0117-62FE-230A-000000004700", "ProcessId": "5800", "Product": "Microsoft\u00ae Windows\u00ae Operating System", "Description": "Net Command", "Company": "Microsoft Corporation", "ParentProcessGuid": "C784477D-0117-62FE-1F0A-000000004700", "User": "DESKTOP-B0T93D6\\george", "Hashes": "MD5=DD0561156F62BC1958CE0E370B23711B,SHA256=FD41D0261C6D22572DA448BCB5CBBB98F78A2922D1F1074D25237CC82C8CE432,IMPHASH=86350518EAE83E4A09BBF6317BA1C570", "OriginalFileName": "net.exe", "ParentImage": "C:\\Windows\\SysWOW64\\cmd.exe", "FileVersion": "10.0.17134.1 (WinBuild.160101.0800)", "ParentProcessId": "4084", "CurrentDirectory": "C:\\Program Files (x86)\\AutoIt3\\", "CommandLine": "net  stop MozillaMaintenance", "EventID": "1", "LogonGuid": "C784477D-FFCB-62FD-AD47-040000000000", "LogonId": "280493", "Image": "C:\\Windows\\SysWOW64\\net.exe", "IntegrityLevel": "High", "ParentCommandLine": "C:\\Windows\\system32\\cmd.exe /c net stop MozillaMaintenance", "UtcTime": "2022-08-18 09:06:31.199", "RuleName": "-"}}, {"values": {"TerminalSessionId": "1", "ProcessGuid": "C784477D-0117-62FE-250A-000000004700", "ProcessId": "5588", "Product": "Microsoft\u00ae Windows\u00ae Operating System", "Description": "Net Command", "Company": "Microsoft Corporation", "ParentProcessGuid": "C784477D-0117-62FE-230A-000000004700", "User": "DESKTOP-B0T93D6\\george", "Hashes": "MD5=B5A26C2BF17222E86B91D26F1247AF3E,SHA256=14CC5BE4C833ACC652195DEAD113E1C3B4AC0B98EA1AEAD11957836F9AE721CF,IMPHASH=3D3E7537BD3BA07738DC5CA8AD01B073", "OriginalFileName": "net1.exe", "ParentImage": "C:\\Windows\\SysWOW64\\net.exe", "FileVersion": "10.0.17134.1 (WinBuild.160101.0800)", "ParentProcessId": "5800", "CurrentDirectory": "C:\\Program Files (x86)\\AutoIt3\\", "CommandLine": "C:\\Windows\\system32\\net1  stop MozillaMaintenance", "EventID": "1", "LogonGuid": "C784477D-FFCB-62FD-AD47-040000000000", "LogonId": "280493", "Image": "C:\\Windows\\SysWOW64\\net1.exe", "IntegrityLevel": "High", "ParentCommandLine": "net  stop MozillaMaintenance", "UtcTime": "2022-08-18 09:06:31.209", "RuleName": "-"}}, {"values": {"TerminalSessionId": "1", "ProcessGuid": "C784477D-0117-62FE-2B0A-000000004700", "ProcessId": "296", "Product": "Microsoft\u00ae Windows\u00ae Operating System", "Description": "Net Command", "Company": "Microsoft Corporation", "ParentProcessGuid": "C784477D-0117-62FE-260A-000000004700", "User": "DESKTOP-B0T93D6\\george", "Hashes": "MD5=DD0561156F62BC1958CE0E370B23711B,SHA256=FD41D0261C6D22572DA448BCB5CBBB98F78A2922D1F1074D25237CC82C8CE432,IMPHASH=86350518EAE83E4A09BBF6317BA1C570", "OriginalFileName": "net.exe", "ParentImage": "C:\\Windows\\SysWOW64\\cmd.exe", "FileVersion": "10.0.17134.1 (WinBuild.160101.0800)", "ParentProcessId": "5124", "CurrentDirectory": "C:\\Program Files (x86)\\AutoIt3\\", "CommandLine": "net  stop edgeupdatem", "EventID": "1", "LogonGuid": "C784477D-FFCB-62FD-AD47-040000000000", "LogonId": "280493", "Image": "C:\\Windows\\SysWOW64\\net.exe", "IntegrityLevel": "High", "ParentCommandLine": "C:\\Windows\\system32\\cmd.exe /c net stop edgeupdatem", "UtcTime": "2022-08-18 09:06:31.271", "RuleName": "-"}}, {"values": {"TerminalSessionId": "1", "ProcessGuid": "C784477D-0117-62FE-2C0A-000000004700", "ProcessId": "6516", "Product": "Microsoft\u00ae Windows\u00ae Operating System", "Description": "Net Command", "Company": "Microsoft Corporation", "ParentProcessGuid": "C784477D-0117-62FE-2B0A-000000004700", "User": "DESKTOP-B0T93D6\\george", "Hashes": "MD5=B5A26C2BF17222E86B91D26F1247AF3E,SHA256=14CC5BE4C833ACC652195DEAD113E1C3B4AC0B98EA1AEAD11957836F9AE721CF,IMPHASH=3D3E7537BD3BA07738DC5CA8AD01B073", "OriginalFileName": "net1.exe", "ParentImage": "C:\\Windows\\SysWOW64\\net.exe", "FileVersion": "10.0.17134.1 (WinBuild.160101.0800)", "ParentProcessId": "296", "CurrentDirectory": "C:\\Program Files (x86)\\AutoIt3\\", "CommandLine": "C:\\Windows\\system32\\net1  stop edgeupdatem", "EventID": "1", "LogonGuid": "C784477D-FFCB-62FD-AD47-040000000000", "LogonId": "280493", "Image": "C:\\Windows\\SysWOW64\\net1.exe", "IntegrityLevel": "High", "ParentCommandLine": "net  stop edgeupdatem", "UtcTime": "2022-08-18 09:06:31.281", "RuleName": "-"}}, {"values": {"TerminalSessionId": "1", "ProcessGuid": "C784477D-0117-62FE-310A-000000004700", "ProcessId": "4652", "Product": "Microsoft\u00ae Windows\u00ae Operating System", "Description": "Net Command", "Company": "Microsoft Corporation", "ParentProcessGuid": "C784477D-0117-62FE-2D0A-000000004700", "User": "DESKTOP-B0T93D6\\george", "Hashes": "MD5=DD0561156F62BC1958CE0E370B23711B,SHA256=FD41D0261C6D22572DA448BCB5CBBB98F78A2922D1F1074D25237CC82C8CE432,IMPHASH=86350518EAE83E4A09BBF6317BA1C570", "OriginalFileName": "net.exe", "ParentImage": "C:\\Windows\\SysWOW64\\cmd.exe", "FileVersion": "10.0.17134.1 (WinBuild.160101.0800)", "ParentProcessId": "6572", "CurrentDirectory": "C:\\Program Files (x86)\\AutoIt3\\", "CommandLine": "net  stop dnscache", "EventID": "1", "LogonGuid": "C784477D-FFCB-62FD-AD47-040000000000", "LogonId": "280493", "Image": "C:\\Windows\\SysWOW64\\net.exe", "IntegrityLevel": "High", "ParentCommandLine": "C:\\Windows\\system32\\cmd.exe /c net stop dnscache", "UtcTime": "2022-08-18 09:06:31.373", "RuleName": "-"}}, {"values": {"TerminalSessionId": "1", "ProcessGuid": "C784477D-0117-62FE-330A-000000004700", "ProcessId": "5988", "Product": "Microsoft\u00ae Windows\u00ae Operating System", "Description": "Net Command", "Company": "Microsoft Corporation", "ParentProcessGuid": "C784477D-0117-62FE-310A-000000004700", "User": "DESKTOP-B0T93D6\\george", "Hashes": "MD5=B5A26C2BF17222E86B91D26F1247AF3E,SHA256=14CC5BE4C833ACC652195DEAD113E1C3B4AC0B98EA1AEAD11957836F9AE721CF,IMPHASH=3D3E7537BD3BA07738DC5CA8AD01B073", "OriginalFileName": "net1.exe", "ParentImage": "C:\\Windows\\SysWOW64\\net.exe", "FileVersion": "10.0.17134.1 (WinBuild.160101.0800)", "ParentProcessId": "4652", "CurrentDirectory": "C:\\Program Files (x86)\\AutoIt3\\", "CommandLine": "C:\\Windows\\system32\\net1  stop dnscache", "EventID": "1", "LogonGuid": "C784477D-FFCB-62FD-AD47-040000000000", "LogonId": "280493", "Image": "C:\\Windows\\SysWOW64\\net1.exe", "IntegrityLevel": "High", "ParentCommandLine": "net  stop dnscache", "UtcTime": "2022-08-18 09:06:31.383", "RuleName": "-"}}, {"values": {"TerminalSessionId": "1", "ProcessGuid": "C784477D-0117-62FE-380A-000000004700", "ProcessId": "5896", "Product": "Microsoft\u00ae Windows\u00ae Operating System", "Description": "Net Command", "Company": "Microsoft Corporation", "ParentProcessGuid": "C784477D-0117-62FE-340A-000000004700", "User": "DESKTOP-B0T93D6\\george", "Hashes": "MD5=DD0561156F62BC1958CE0E370B23711B,SHA256=FD41D0261C6D22572DA448BCB5CBBB98F78A2922D1F1074D25237CC82C8CE432,IMPHASH=86350518EAE83E4A09BBF6317BA1C570", "OriginalFileName": "net.exe", "ParentImage": "C:\\Windows\\SysWOW64\\cmd.exe", "FileVersion": "10.0.17134.1 (WinBuild.160101.0800)", "ParentProcessId": "3344", "CurrentDirectory": "C:\\Program Files (x86)\\AutoIt3\\", "CommandLine": "net  stop sedsvc", "EventID": "1", "LogonGuid": "C784477D-FFCB-62FD-AD47-040000000000", "LogonId": "280493", "Image": "C:\\Windows\\SysWOW64\\net.exe", "IntegrityLevel": "High", "ParentCommandLine": "C:\\Windows\\system32\\cmd.exe /c net stop sedsvc", "UtcTime": "2022-08-18 09:06:31.444", "RuleName": "-"}}, {"values": {"TerminalSessionId": "1", "ProcessGuid": "C784477D-0117-62FE-3A0A-000000004700", "ProcessId": "6620", "Product": "Microsoft\u00ae Windows\u00ae Operating System", "Description": "Net Command", "Company": "Microsoft Corporation", "ParentProcessGuid": "C784477D-0117-62FE-380A-000000004700", "User": "DESKTOP-B0T93D6\\george", "Hashes": "MD5=B5A26C2BF17222E86B91D26F1247AF3E,SHA256=14CC5BE4C833ACC652195DEAD113E1C3B4AC0B98EA1AEAD11957836F9AE721CF,IMPHASH=3D3E7537BD3BA07738DC5CA8AD01B073", "OriginalFileName": "net1.exe", "ParentImage": "C:\\Windows\\SysWOW64\\net.exe", "FileVersion": "10.0.17134.1 (WinBuild.160101.0800)", "ParentProcessId": "5896", "CurrentDirectory": "C:\\Program Files (x86)\\AutoIt3\\", "CommandLine": "C:\\Windows\\system32\\net1  stop sedsvc", "EventID": "1", "LogonGuid": "C784477D-FFCB-62FD-AD47-040000000000", "LogonId": "280493", "Image": "C:\\Windows\\SysWOW64\\net1.exe", "IntegrityLevel": "High", "ParentCommandLine": "net  stop sedsvc", "UtcTime": "2022-08-18 09:06:31.459", "RuleName": "-"}}, {"values": {"TerminalSessionId": "1", "ProcessGuid": "C784477D-0117-62FE-3F0A-000000004700", "ProcessId": "2160", "Product": "Microsoft\u00ae Windows\u00ae Operating System", "Description": "Net Command", "Company": "Microsoft Corporation", "ParentProcessGuid": "C784477D-0117-62FE-3B0A-000000004700", "User": "DESKTOP-B0T93D6\\george", "Hashes": "MD5=DD0561156F62BC1958CE0E370B23711B,SHA256=FD41D0261C6D22572DA448BCB5CBBB98F78A2922D1F1074D25237CC82C8CE432,IMPHASH=86350518EAE83E4A09BBF6317BA1C570", "OriginalFileName": "net.exe", "ParentImage": "C:\\Windows\\SysWOW64\\cmd.exe", "FileVersion": "10.0.17134.1 (WinBuild.160101.0800)", "ParentProcessId": "6768", "CurrentDirectory": "C:\\Program Files (x86)\\AutoIt3\\", "CommandLine": "net  stop PcaSvc", "EventID": "1", "LogonGuid": "C784477D-FFCB-62FD-AD47-040000000000", "LogonId": "280493", "Image": "C:\\Windows\\SysWOW64\\net.exe", "IntegrityLevel": "High", "ParentCommandLine": "C:\\Windows\\system32\\cmd.exe /c net stop PcaSvc", "UtcTime": "2022-08-18 09:06:31.506", "RuleName": "-"}}, {"values": {"TerminalSessionId": "1", "ProcessGuid": "C784477D-0117-62FE-410A-000000004700", "ProcessId": "6988", "Product": "Microsoft\u00ae Windows\u00ae Operating System", "Description": "Net Command", "Company": "Microsoft Corporation", "ParentProcessGuid": "C784477D-0117-62FE-3F0A-000000004700", "User": "DESKTOP-B0T93D6\\george", "Hashes": "MD5=B5A26C2BF17222E86B91D26F1247AF3E,SHA256=14CC5BE4C833ACC652195DEAD113E1C3B4AC0B98EA1AEAD11957836F9AE721CF,IMPHASH=3D3E7537BD3BA07738DC5CA8AD01B073", "OriginalFileName": "net1.exe", "ParentImage": "C:\\Windows\\SysWOW64\\net.exe", "FileVersion": "10.0.17134.1 (WinBuild.160101.0800)", "ParentProcessId": "2160", "CurrentDirectory": "C:\\Program Files (x86)\\AutoIt3\\", "CommandLine": "C:\\Windows\\system32\\net1  stop PcaSvc", "EventID": "1", "LogonGuid": "C784477D-FFCB-62FD-AD47-040000000000", "LogonId": "280493", "Image": "C:\\Windows\\SysWOW64\\net1.exe", "IntegrityLevel": "High", "ParentCommandLine": "net  stop PcaSvc", "UtcTime": "2022-08-18 09:06:31.517", "RuleName": "-"}}, {"values": {"TerminalSessionId": "1", "ProcessGuid": "C784477D-0117-62FE-480A-000000004700", "ProcessId": "1008", "Product": "Microsoft\u00ae Windows\u00ae Operating System", "Description": "Net Command", "Company": "Microsoft Corporation", "ParentProcessGuid": "C784477D-0117-62FE-440A-000000004700", "User": "DESKTOP-B0T93D6\\george", "Hashes": "MD5=DD0561156F62BC1958CE0E370B23711B,SHA256=FD41D0261C6D22572DA448BCB5CBBB98F78A2922D1F1074D25237CC82C8CE432,IMPHASH=86350518EAE83E4A09BBF6317BA1C570", "OriginalFileName": "net.exe", "ParentImage": "C:\\Windows\\SysWOW64\\cmd.exe", "FileVersion": "10.0.17134.1 (WinBuild.160101.0800)", "ParentProcessId": "5004", "CurrentDirectory": "C:\\Program Files (x86)\\AutoIt3\\", "CommandLine": "net  stop sppsvc", "EventID": "1", "LogonGuid": "C784477D-FFCB-62FD-AD47-040000000000", "LogonId": "280493", "Image": "C:\\Windows\\SysWOW64\\net.exe", "IntegrityLevel": "High", "ParentCommandLine": "C:\\Windows\\system32\\cmd.exe /c net stop sppsvc", "UtcTime": "2022-08-18 09:06:31.575", "RuleName": "-"}}, {"values": {"TerminalSessionId": "1", "ProcessGuid": "C784477D-0117-62FE-4A0A-000000004700", "ProcessId": "3316", "Product": "Microsoft\u00ae Windows\u00ae Operating System", "Description": "Net Command", "Company": "Microsoft Corporation", "ParentProcessGuid": "C784477D-0117-62FE-480A-000000004700", "User": "DESKTOP-B0T93D6\\george", "Hashes": "MD5=B5A26C2BF17222E86B91D26F1247AF3E,SHA256=14CC5BE4C833ACC652195DEAD113E1C3B4AC0B98EA1AEAD11957836F9AE721CF,IMPHASH=3D3E7537BD3BA07738DC5CA8AD01B073", "OriginalFileName": "net1.exe", "ParentImage": "C:\\Windows\\SysWOW64\\net.exe", "FileVersion": "10.0.17134.1 (WinBuild.160101.0800)", "ParentProcessId": "1008", "CurrentDirectory": "C:\\Program Files (x86)\\AutoIt3\\", "CommandLine": "C:\\Windows\\system32\\net1  stop sppsvc", "EventID": "1", "LogonGuid": "C784477D-FFCB-62FD-AD47-040000000000", "LogonId": "280493", "Image": "C:\\Windows\\SysWOW64\\net1.exe", "IntegrityLevel": "High", "ParentCommandLine": "net  stop sppsvc", "UtcTime": "2022-08-18 09:06:31.587", "RuleName": "-"}}, {"values": {"TerminalSessionId": "1", "ProcessGuid": "C784477D-0117-62FE-4B0A-000000004700", "ProcessId": "4724", "Product": "Microsoft\u00ae Windows\u00ae Operating System", "Description": "Net Command", "Company": "Microsoft Corporation", "ParentProcessGuid": "C784477D-0117-62FE-420A-000000004700", "User": "DESKTOP-B0T93D6\\george", "Hashes": "MD5=DD0561156F62BC1958CE0E370B23711B,SHA256=FD41D0261C6D22572DA448BCB5CBBB98F78A2922D1F1074D25237CC82C8CE432,IMPHASH=86350518EAE83E4A09BBF6317BA1C570", "OriginalFileName": "net.exe", "ParentImage": "C:\\Windows\\SysWOW64\\cmd.exe", "FileVersion": "10.0.17134.1 (WinBuild.160101.0800)", "ParentProcessId": "7032", "CurrentDirectory": "C:\\Program Files (x86)\\AutoIt3\\", "CommandLine": "net  stop \"OneDrive Updater Service\"", "EventID": "1", "LogonGuid": "C784477D-FFCB-62FD-AD47-040000000000", "LogonId": "280493", "Image": "C:\\Windows\\SysWOW64\\net.exe", "IntegrityLevel": "High", "ParentCommandLine": "C:\\Windows\\system32\\cmd.exe /c net stop \"OneDrive Updater Service\"", "UtcTime": "2022-08-18 09:06:31.589", "RuleName": "-"}}, {"values": {"TerminalSessionId": "1", "ProcessGuid": "C784477D-0117-62FE-4E0A-000000004700", "ProcessId": "7156", "Product": "Microsoft\u00ae Windows\u00ae Operating System", "Description": "Net Command", "Company": "Microsoft Corporation", "ParentProcessGuid": "C784477D-0117-62FE-4B0A-000000004700", "User": "DESKTOP-B0T93D6\\george", "Hashes": "MD5=B5A26C2BF17222E86B91D26F1247AF3E,SHA256=14CC5BE4C833ACC652195DEAD113E1C3B4AC0B98EA1AEAD11957836F9AE721CF,IMPHASH=3D3E7537BD3BA07738DC5CA8AD01B073", "OriginalFileName": "net1.exe", "ParentImage": "C:\\Windows\\SysWOW64\\net.exe", "FileVersion": "10.0.17134.1 (WinBuild.160101.0800)", "ParentProcessId": "4724", "CurrentDirectory": "C:\\Program Files (x86)\\AutoIt3\\", "CommandLine": "C:\\Windows\\system32\\net1  stop \"OneDrive Updater Service\"", "EventID": "1", "LogonGuid": "C784477D-FFCB-62FD-AD47-040000000000", "LogonId": "280493", "Image": "C:\\Windows\\SysWOW64\\net1.exe", "IntegrityLevel": "High", "ParentCommandLine": "net  stop \"OneDrive Updater Service\"", "UtcTime": "2022-08-18 09:06:31.611", "RuleName": "-"}}, {"values": {"TerminalSessionId": "1", "ProcessGuid": "C784477D-0117-62FE-510A-000000004700", "ProcessId": "5660", "Product": "Microsoft\u00ae Windows\u00ae Operating System", "Description": "Net Command", "Company": "Microsoft Corporation", "ParentProcessGuid": "C784477D-0117-62FE-4C0A-000000004700", "User": "DESKTOP-B0T93D6\\george", "Hashes": "MD5=DD0561156F62BC1958CE0E370B23711B,SHA256=FD41D0261C6D22572DA448BCB5CBBB98F78A2922D1F1074D25237CC82C8CE432,IMPHASH=86350518EAE83E4A09BBF6317BA1C570", "OriginalFileName": "net.exe", "ParentImage": "C:\\Windows\\SysWOW64\\cmd.exe", "FileVersion": "10.0.17134.1 (WinBuild.160101.0800)", "ParentProcessId": "560", "CurrentDirectory": "C:\\Program Files (x86)\\AutoIt3\\", "CommandLine": "net  stop DPS", "EventID": "1", "LogonGuid": "C784477D-FFCB-62FD-AD47-040000000000", "LogonId": "280493", "Image": "C:\\Windows\\SysWOW64\\net.exe", "IntegrityLevel": "High", "ParentCommandLine": "C:\\Windows\\system32\\cmd.exe /c net stop DPS", "UtcTime": "2022-08-18 09:06:31.647", "RuleName": "-"}}, {"values": {"TerminalSessionId": "1", "ProcessGuid": "C784477D-0117-62FE-530A-000000004700", "ProcessId": "4732", "Product": "Microsoft\u00ae Windows\u00ae Operating System", "Description": "Net Command", "Company": "Microsoft Corporation", "ParentProcessGuid": "C784477D-0117-62FE-510A-000000004700", "User": "DESKTOP-B0T93D6\\george", "Hashes": "MD5=B5A26C2BF17222E86B91D26F1247AF3E,SHA256=14CC5BE4C833ACC652195DEAD113E1C3B4AC0B98EA1AEAD11957836F9AE721CF,IMPHASH=3D3E7537BD3BA07738DC5CA8AD01B073", "OriginalFileName": "net1.exe", "ParentImage": "C:\\Windows\\SysWOW64\\net.exe", "FileVersion": "10.0.17134.1 (WinBuild.160101.0800)", "ParentProcessId": "5660", "CurrentDirectory": "C:\\Program Files (x86)\\AutoIt3\\", "CommandLine": "C:\\Windows\\system32\\net1  stop DPS", "EventID": "1", "LogonGuid": "C784477D-FFCB-62FD-AD47-040000000000", "LogonId": "280493", "Image": "C:\\Windows\\SysWOW64\\net1.exe", "IntegrityLevel": "High", "ParentCommandLine": "net  stop DPS", "UtcTime": "2022-08-18 09:06:31.660", "RuleName": "-"}}, {"values": {"TerminalSessionId": "1", "ProcessGuid": "C784477D-0117-62FE-580A-000000004700", "ProcessId": "2460", "Product": "Microsoft\u00ae Windows\u00ae Operating System", "Description": "Net Command", "Company": "Microsoft Corporation", "ParentProcessGuid": "C784477D-0117-62FE-540A-000000004700", "User": "DESKTOP-B0T93D6\\george", "Hashes": "MD5=DD0561156F62BC1958CE0E370B23711B,SHA256=FD41D0261C6D22572DA448BCB5CBBB98F78A2922D1F1074D25237CC82C8CE432,IMPHASH=86350518EAE83E4A09BBF6317BA1C570", "OriginalFileName": "net.exe", "ParentImage": "C:\\Windows\\SysWOW64\\cmd.exe", "FileVersion": "10.0.17134.1 (WinBuild.160101.0800)", "ParentProcessId": "212", "CurrentDirectory": "C:\\Program Files (x86)\\AutoIt3\\", "CommandLine": "net  stop TrustedInstaller", "EventID": "1", "LogonGuid": "C784477D-FFCB-62FD-AD47-040000000000", "LogonId": "280493", "Image": "C:\\Windows\\SysWOW64\\net.exe", "IntegrityLevel": "High", "ParentCommandLine": "C:\\Windows\\system32\\cmd.exe /c net stop TrustedInstaller", "UtcTime": "2022-08-18 09:06:31.701", "RuleName": "-"}}, {"values": {"TerminalSessionId": "1", "ProcessGuid": "C784477D-0117-62FE-590A-000000004700", "ProcessId": "5596", "Product": "Microsoft\u00ae Windows\u00ae Operating System", "Description": "Net Command", "Company": "Microsoft Corporation", "ParentProcessGuid": "C784477D-0117-62FE-580A-000000004700", "User": "DESKTOP-B0T93D6\\george", "Hashes": "MD5=B5A26C2BF17222E86B91D26F1247AF3E,SHA256=14CC5BE4C833ACC652195DEAD113E1C3B4AC0B98EA1AEAD11957836F9AE721CF,IMPHASH=3D3E7537BD3BA07738DC5CA8AD01B073", "OriginalFileName": "net1.exe", "ParentImage": "C:\\Windows\\SysWOW64\\net.exe", "FileVersion": "10.0.17134.1 (WinBuild.160101.0800)", "ParentProcessId": "2460", "CurrentDirectory": "C:\\Program Files (x86)\\AutoIt3\\", "CommandLine": "C:\\Windows\\system32\\net1  stop TrustedInstaller", "EventID": "1", "LogonGuid": "C784477D-FFCB-62FD-AD47-040000000000", "LogonId": "280493", "Image": "C:\\Windows\\SysWOW64\\net1.exe", "IntegrityLevel": "High", "ParentCommandLine": "net  stop TrustedInstaller", "UtcTime": "2022-08-18 09:06:31.712", "RuleName": "-"}}, {"values": {"TerminalSessionId": "1", "ProcessGuid": "C784477D-0117-62FE-5F0A-000000004700", "ProcessId": "6560", "Product": "Microsoft\u00ae Windows\u00ae Operating System", "Description": "Net Command", "Company": "Microsoft Corporation", "ParentProcessGuid": "C784477D-0117-62FE-5B0A-000000004700", "User": "DESKTOP-B0T93D6\\george", "Hashes": "MD5=DD0561156F62BC1958CE0E370B23711B,SHA256=FD41D0261C6D22572DA448BCB5CBBB98F78A2922D1F1074D25237CC82C8CE432,IMPHASH=86350518EAE83E4A09BBF6317BA1C570", "OriginalFileName": "net.exe", "ParentImage": "C:\\Windows\\SysWOW64\\cmd.exe", "FileVersion": "10.0.17134.1 (WinBuild.160101.0800)", "ParentProcessId": "6444", "CurrentDirectory": "C:\\Program Files (x86)\\AutoIt3\\", "CommandLine": "net  stop \".NET Runtime Optimization Service\"", "EventID": "1", "LogonGuid": "C784477D-FFCB-62FD-AD47-040000000000", "LogonId": "280493", "Image": "C:\\Windows\\SysWOW64\\net.exe", "IntegrityLevel": "High", "ParentCommandLine": "C:\\Windows\\system32\\cmd.exe /c net stop \".NET Runtime Optimization Service\"", "UtcTime": "2022-08-18 09:06:31.778", "RuleName": "-"}}, {"values": {"TerminalSessionId": "1", "ProcessGuid": "C784477D-0117-62FE-610A-000000004700", "ProcessId": "5600", "Product": "Microsoft\u00ae Windows\u00ae Operating System", "Description": "Net Command", "Company": "Microsoft Corporation", "ParentProcessGuid": "C784477D-0117-62FE-5F0A-000000004700", "User": "DESKTOP-B0T93D6\\george", "Hashes": "MD5=B5A26C2BF17222E86B91D26F1247AF3E,SHA256=14CC5BE4C833ACC652195DEAD113E1C3B4AC0B98EA1AEAD11957836F9AE721CF,IMPHASH=3D3E7537BD3BA07738DC5CA8AD01B073", "OriginalFileName": "net1.exe", "ParentImage": "C:\\Windows\\SysWOW64\\net.exe", "FileVersion": "10.0.17134.1 (WinBuild.160101.0800)", "ParentProcessId": "6560", "CurrentDirectory": "C:\\Program Files (x86)\\AutoIt3\\", "CommandLine": "C:\\Windows\\system32\\net1  stop \".NET Runtime Optimization Service\"", "EventID": "1", "LogonGuid": "C784477D-FFCB-62FD-AD47-040000000000", "LogonId": "280493", "Image": "C:\\Windows\\SysWOW64\\net1.exe", "IntegrityLevel": "High", "ParentCommandLine": "net  stop \".NET Runtime Optimization Service\"", "UtcTime": "2022-08-18 09:06:31.790", "RuleName": "-"}}, {"values": {"TerminalSessionId": "1", "ProcessGuid": "C784477D-0117-62FE-660A-000000004700", "ProcessId": "5552", "Product": "Microsoft\u00ae Windows\u00ae Operating System", "Description": "Net Command", "Company": "Microsoft Corporation", "ParentProcessGuid": "C784477D-0117-62FE-620A-000000004700", "User": "DESKTOP-B0T93D6\\george", "Hashes": "MD5=DD0561156F62BC1958CE0E370B23711B,SHA256=FD41D0261C6D22572DA448BCB5CBBB98F78A2922D1F1074D25237CC82C8CE432,IMPHASH=86350518EAE83E4A09BBF6317BA1C570", "OriginalFileName": "net.exe", "ParentImage": "C:\\Windows\\SysWOW64\\cmd.exe", "FileVersion": "10.0.17134.1 (WinBuild.160101.0800)", "ParentProcessId": "3632", "CurrentDirectory": "C:\\Program Files (x86)\\AutoIt3\\", "CommandLine": "net  start \"BITS\"", "EventID": "1", "LogonGuid": "C784477D-FFCB-62FD-AD47-040000000000", "LogonId": "280493", "Image": "C:\\Windows\\SysWOW64\\net.exe", "IntegrityLevel": "High", "ParentCommandLine": "C:\\Windows\\system32\\cmd.exe /c net start \"BITS\"", "UtcTime": "2022-08-18 09:06:31.843", "RuleName": "-"}}, {"values": {"TerminalSessionId": "1", "ProcessGuid": "C784477D-0117-62FE-680A-000000004700", "ProcessId": "168", "Product": "Microsoft\u00ae Windows\u00ae Operating System", "Description": "Net Command", "Company": "Microsoft Corporation", "ParentProcessGuid": "C784477D-0117-62FE-660A-000000004700", "User": "DESKTOP-B0T93D6\\george", "Hashes": "MD5=B5A26C2BF17222E86B91D26F1247AF3E,SHA256=14CC5BE4C833ACC652195DEAD113E1C3B4AC0B98EA1AEAD11957836F9AE721CF,IMPHASH=3D3E7537BD3BA07738DC5CA8AD01B073", "OriginalFileName": "net1.exe", "ParentImage": "C:\\Windows\\SysWOW64\\net.exe", "FileVersion": "10.0.17134.1 (WinBuild.160101.0800)", "ParentProcessId": "5552", "CurrentDirectory": "C:\\Program Files (x86)\\AutoIt3\\", "CommandLine": "C:\\Windows\\system32\\net1  start \"BITS\"", "EventID": "1", "LogonGuid": "C784477D-FFCB-62FD-AD47-040000000000", "LogonId": "280493", "Image": "C:\\Windows\\SysWOW64\\net1.exe", "IntegrityLevel": "High", "ParentCommandLine": "net  start \"BITS\"", "UtcTime": "2022-08-18 09:06:31.853", "RuleName": "-"}}, {"values": {"TerminalSessionId": "1", "ProcessGuid": "C784477D-0117-62FE-700A-000000004700", "ProcessId": "1624", "Product": "Microsoft\u00ae Windows\u00ae Operating System", "Description": "Net Command", "Company": "Microsoft Corporation", "ParentProcessGuid": "C784477D-0117-62FE-6A0A-000000004700", "User": "DESKTOP-B0T93D6\\george", "Hashes": "MD5=DD0561156F62BC1958CE0E370B23711B,SHA256=FD41D0261C6D22572DA448BCB5CBBB98F78A2922D1F1074D25237CC82C8CE432,IMPHASH=86350518EAE83E4A09BBF6317BA1C570", "OriginalFileName": "net.exe", "ParentImage": "C:\\Windows\\SysWOW64\\cmd.exe", "FileVersion": "10.0.17134.1 (WinBuild.160101.0800)", "ParentProcessId": "3320", "CurrentDirectory": "C:\\Program Files (x86)\\AutoIt3\\", "CommandLine": "net  stop OfficeClickToRun", "EventID": "1", "LogonGuid": "C784477D-FFCB-62FD-AD47-040000000000", "LogonId": "280493", "Image": "C:\\Windows\\SysWOW64\\net.exe", "IntegrityLevel": "High", "ParentCommandLine": "C:\\Windows\\system32\\cmd.exe /c net stop OfficeClickToRun", "UtcTime": "2022-08-18 09:06:31.926", "RuleName": "-"}}, {"values": {"TerminalSessionId": "1", "ProcessGuid": "C784477D-0117-62FE-710A-000000004700", "ProcessId": "4960", "Product": "Microsoft\u00ae Windows\u00ae Operating System", "Description": "Net Command", "Company": "Microsoft Corporation", "ParentProcessGuid": "C784477D-0117-62FE-690A-000000004700", "User": "DESKTOP-B0T93D6\\george", "Hashes": "MD5=DD0561156F62BC1958CE0E370B23711B,SHA256=FD41D0261C6D22572DA448BCB5CBBB98F78A2922D1F1074D25237CC82C8CE432,IMPHASH=86350518EAE83E4A09BBF6317BA1C570", "OriginalFileName": "net.exe", "ParentImage": "C:\\Windows\\SysWOW64\\cmd.exe", "FileVersion": "10.0.17134.1 (WinBuild.160101.0800)", "ParentProcessId": "6572", "CurrentDirectory": "C:\\Program Files (x86)\\AutoIt3\\", "CommandLine": "net  stop msiserver", "EventID": "1", "LogonGuid": "C784477D-FFCB-62FD-AD47-040000000000", "LogonId": "280493", "Image": "C:\\Windows\\SysWOW64\\net.exe", "IntegrityLevel": "High", "ParentCommandLine": "C:\\Windows\\system32\\cmd.exe /c net stop msiserver", "UtcTime": "2022-08-18 09:06:31.928", "RuleName": "-"}}, {"values": {"TerminalSessionId": "1", "ProcessGuid": "C784477D-0117-62FE-730A-000000004700", "ProcessId": "5304", "Product": "Microsoft\u00ae Windows\u00ae Operating System", "Description": "Net Command", "Company": "Microsoft Corporation", "ParentProcessGuid": "C784477D-0117-62FE-700A-000000004700", "User": "DESKTOP-B0T93D6\\george", "Hashes": "MD5=B5A26C2BF17222E86B91D26F1247AF3E,SHA256=14CC5BE4C833ACC652195DEAD113E1C3B4AC0B98EA1AEAD11957836F9AE721CF,IMPHASH=3D3E7537BD3BA07738DC5CA8AD01B073", "OriginalFileName": "net1.exe", "ParentImage": "C:\\Windows\\SysWOW64\\net.exe", "FileVersion": "10.0.17134.1 (WinBuild.160101.0800)", "ParentProcessId": "1624", "CurrentDirectory": "C:\\Program Files (x86)\\AutoIt3\\", "CommandLine": "C:\\Windows\\system32\\net1  stop OfficeClickToRun", "EventID": "1", "LogonGuid": "C784477D-FFCB-62FD-AD47-040000000000", "LogonId": "280493", "Image": "C:\\Windows\\SysWOW64\\net1.exe", "IntegrityLevel": "High", "ParentCommandLine": "net  stop OfficeClickToRun", "UtcTime": "2022-08-18 09:06:31.941", "RuleName": "-"}}, {"values": {"TerminalSessionId": "1", "ProcessGuid": "C784477D-0117-62FE-740A-000000004700", "ProcessId": "6988", "Product": "Microsoft\u00ae Windows\u00ae Operating System", "Description": "Net Command", "Company": "Microsoft Corporation", "ParentProcessGuid": "C784477D-0117-62FE-710A-000000004700", "User": "DESKTOP-B0T93D6\\george", "Hashes": "MD5=B5A26C2BF17222E86B91D26F1247AF3E,SHA256=14CC5BE4C833ACC652195DEAD113E1C3B4AC0B98EA1AEAD11957836F9AE721CF,IMPHASH=3D3E7537BD3BA07738DC5CA8AD01B073", "OriginalFileName": "net1.exe", "ParentImage": "C:\\Windows\\SysWOW64\\net.exe", "FileVersion": "10.0.17134.1 (WinBuild.160101.0800)", "ParentProcessId": "4960", "CurrentDirectory": "C:\\Program Files (x86)\\AutoIt3\\", "CommandLine": "C:\\Windows\\system32\\net1  stop msiserver", "EventID": "1", "LogonGuid": "C784477D-FFCB-62FD-AD47-040000000000", "LogonId": "280493", "Image": "C:\\Windows\\SysWOW64\\net1.exe", "IntegrityLevel": "High", "ParentCommandLine": "net  stop msiserver", "UtcTime": "2022-08-18 09:06:31.946", "RuleName": "-"}}, {"values": {"TerminalSessionId": "1", "ProcessGuid": "C784477D-0118-62FE-830A-000000004700", "ProcessId": "3820", "Product": "Microsoft\u00ae Windows\u00ae Operating System", "Description": "Net Command", "Company": "Microsoft Corporation", "ParentProcessGuid": "C784477D-0118-62FE-7E0A-000000004700", "User": "DESKTOP-B0T93D6\\george", "Hashes": "MD5=DD0561156F62BC1958CE0E370B23711B,SHA256=FD41D0261C6D22572DA448BCB5CBBB98F78A2922D1F1074D25237CC82C8CE432,IMPHASH=86350518EAE83E4A09BBF6317BA1C570", "OriginalFileName": "net.exe", "ParentImage": "C:\\Windows\\SysWOW64\\cmd.exe", "FileVersion": "10.0.17134.1 (WinBuild.160101.0800)", "ParentProcessId": "6464", "CurrentDirectory": "C:\\Program Files (x86)\\AutoIt3\\", "CommandLine": "net  start NlaSvc", "EventID": "1", "LogonGuid": "C784477D-FFCB-62FD-AD47-040000000000", "LogonId": "280493", "Image": "C:\\Windows\\SysWOW64\\net.exe", "IntegrityLevel": "High", "ParentCommandLine": "C:\\Windows\\system32\\cmd.exe /c net start NlaSvc", "UtcTime": "2022-08-18 09:06:32.217", "RuleName": "-"}}, {"values": {"TerminalSessionId": "1", "ProcessGuid": "C784477D-0118-62FE-840A-000000004700", "ProcessId": "4468", "Product": "Microsoft\u00ae Windows\u00ae Operating System", "Description": "Net Command", "Company": "Microsoft Corporation", "ParentProcessGuid": "C784477D-0118-62FE-830A-000000004700", "User": "DESKTOP-B0T93D6\\george", "Hashes": "MD5=B5A26C2BF17222E86B91D26F1247AF3E,SHA256=14CC5BE4C833ACC652195DEAD113E1C3B4AC0B98EA1AEAD11957836F9AE721CF,IMPHASH=3D3E7537BD3BA07738DC5CA8AD01B073", "OriginalFileName": "net1.exe", "ParentImage": "C:\\Windows\\SysWOW64\\net.exe", "FileVersion": "10.0.17134.1 (WinBuild.160101.0800)", "ParentProcessId": "3820", "CurrentDirectory": "C:\\Program Files (x86)\\AutoIt3\\", "CommandLine": "C:\\Windows\\system32\\net1  start NlaSvc", "EventID": "1", "LogonGuid": "C784477D-FFCB-62FD-AD47-040000000000", "LogonId": "280493", "Image": "C:\\Windows\\SysWOW64\\net1.exe", "IntegrityLevel": "High", "ParentCommandLine": "net  start NlaSvc", "UtcTime": "2022-08-18 09:06:32.228", "RuleName": "-"}}, {"values": {"TerminalSessionId": "1", "ProcessGuid": "C784477D-0118-62FE-8B0A-000000004700", "ProcessId": "3120", "Product": "Microsoft\u00ae Windows\u00ae Operating System", "Description": "Net Command", "Company": "Microsoft Corporation", "ParentProcessGuid": "C784477D-0118-62FE-850A-000000004700", "User": "DESKTOP-B0T93D6\\george", "Hashes": "MD5=DD0561156F62BC1958CE0E370B23711B,SHA256=FD41D0261C6D22572DA448BCB5CBBB98F78A2922D1F1074D25237CC82C8CE432,IMPHASH=86350518EAE83E4A09BBF6317BA1C570", "OriginalFileName": "net.exe", "ParentImage": "C:\\Windows\\SysWOW64\\cmd.exe", "FileVersion": "10.0.17134.1 (WinBuild.160101.0800)", "ParentProcessId": "3588", "CurrentDirectory": "C:\\Program Files (x86)\\AutoIt3\\", "CommandLine": "net  start netprofm", "EventID": "1", "LogonGuid": "C784477D-FFCB-62FD-AD47-040000000000", "LogonId": "280493", "Image": "C:\\Windows\\SysWOW64\\net.exe", "IntegrityLevel": "High", "ParentCommandLine": "C:\\Windows\\system32\\cmd.exe /c net start netprofm", "UtcTime": "2022-08-18 09:06:32.278", "RuleName": "-"}}, 