{"values": {"TerminalSessionId": "1", "ProcessGuid": "C784477D-0116-62FE-0D0A-000000004700", "ProcessId": "7040", "Product": "Microsoft\u00ae Windows\u00ae Operating System", "Description": "Net Command", "Company": "Microsoft Corporation", "ParentProcessGuid": "C784477D-0116-62FE-0C0A-000000004700", "User": "DESKTOP-B0T93D6\\george", "Hashes": "MD5=B5A26C2BF17222E86B91D26F1247AF3E,SHA256=14CC5BE4C833ACC652195DEAD113E1C3B4AC0B98EA1AEAD11957836F9AE721CF,IMPHASH=3D3E7537BD3BA07738DC5CA8AD01B073", "OriginalFileName": "net1.exe", "ParentImage": "C:\\Windows\\SysWOW64\\net.exe", "FileVersion": "10.0.17134.1 (WinBuild.160101.0800)", "ParentProcessId": "6992", "CurrentDirectory": "C:\\Program Files (x86)\\AutoIt3\\", "CommandLine": "C:\\Windows\\system32\\net1  stop AdobeARMservice", "EventID": "1", "LogonGuid": "C784477D-FFCB-62FD-AD47-040000000000", "LogonId": "280493", "Image": "C:\\Windows\\SysWOW64\\net1.exe", "IntegrityLevel": "High", "ParentCommandLine": "net  stop AdobeARMservice", "UtcTime": "2022-08-18 09:06:30.529", "RuleName": "-"}}, {"values": {"TerminalSessionId": "1", "ProcessGuid": "C784477D-0117-62FE-1A0A-000000004700", "ProcessId": "560", "Product": "Microsoft\u00ae Windows\u00ae Operating System", "Description": "Net Command", "Company": "Microsoft Corporation", "ParentProcessGuid": "C784477D-0117-62FE-140A-000000004700", "User": "DESKTOP-B0T93D6\\george", "Hashes": "MD5=DD0561156F62BC1958CE0E370B23711B,SHA256=FD41D0261C6D22572DA448BCB5CBBB98F78A2922D1F1074D25237CC82C8CE432,IMPHASH=86350518EAE83E4A09BBF6317BA1C570", "OriginalFileName": "net.exe", "ParentImage": "C:\\Windows\\SysWOW64\\cmd.exe", "FileVersion": "10.0.17134.1 (WinBuild.160101.0800)", "ParentProcessId": "7136", "CurrentDirectory": "C:\\Program Files (x86)\\AutoIt3\\", "CommandLine": "net  stop gupdate", "EventID": "1", "LogonGuid": "C784477D-FFCB-62FD-AD47-040000000000", "LogonId": "280493", "Image": "C:\\Windows\\SysWOW64\\net.exe", "IntegrityLevel": "High", "ParentCommandLine": "C:\\Windows\\system32\\cmd.exe /c net stop gupdate", "UtcTime": "2022-08-18 09:06:31.114", "RuleName": "-"}}, {"values": {"TerminalSessionId": "1", "ProcessGuid": "C784477D-0117-62FE-1C0A-000000004700", "ProcessId": "4408", "Product": "Microsoft\u00ae Windows\u00ae Operating System", "Description": "Net Command", "Company": "Microsoft Corporation", "ParentProcessGuid": "C784477D-0117-62FE-150A-000000004700", "User": "DESKTOP-B0T93D6\\george", "Hashes": "MD5=DD0561156F62BC1958CE0E370B23711B,SHA256=FD41D0261C6D22572DA448BCB5CBBB98F78A2922D1F1074D25237CC82C8CE432,IMPHASH=86350518EAE83E4A09BBF6317BA1C570", "OriginalFileName": "net.exe", "ParentImage": "C:\\Windows\\SysWOW64\\cmd.exe", "FileVersion": "10.0.17134.1 (WinBuild.160101.0800)", "ParentProcessId": "7144", "CurrentDirectory": "C:\\Program Files (x86)\\AutoIt3\\", "CommandLine": "net  stop gupdatem", "EventID": "1", "LogonGuid": "C784477D-FFCB-62FD-AD47-040000000000", "LogonId": "280493", "Image": "C:\\Windows\\SysWOW64\\net.exe", "IntegrityLevel": "High", "ParentCommandLine": "C:\\Windows\\system32\\cmd.exe /c net stop gupdatem", "UtcTime": "2022-08-18 09:06:31.130", "RuleName": "-"}}, {"values": {"TerminalSessionId": "1", "ProcessGuid": "C784477D-0117-62FE-1B0A-000000004700", "ProcessId": "3472", "Product": "Microsoft\u00ae Windows\u00ae Operating System", "Description": "Net Command", "Company": "Microsoft Corporation", "ParentProcessGuid": "C784477D-0117-62FE-1A0A-000000004700", "User": "DESKTOP-B0T93D6\\george", "Hashes": "MD5=B5A26C2BF17222E86B91D26F1247AF3E,SHA256=14CC5BE4C833ACC652195DEAD113E1C3B4AC0B98EA1AEAD11957836F9AE721CF,IMPHASH=3D3E7537BD3BA07738DC5CA8AD01B073", "OriginalFileName": "net1.exe", "ParentImage": "C:\\Windows\\SysWOW64\\net.exe", "FileVersion": "10.0.17134.1 (WinBuild.160101.0800)", "ParentProcessId": "560", "CurrentDirectory": "C:\\Program Files (x86)\\AutoIt3\\", "CommandLine": "C:\\Windows\\system32\\net1  stop gupdate", "EventID": "1", "LogonGuid": "C784477D-FFCB-62FD-AD47-040000000000", "LogonId": "280493", "Image": "C:\\Windows\\SysWOW64\\net1.exe", "IntegrityLevel": "High", "ParentCommandLine": "net  stop gupdate", "UtcTime": "2022-08-18 09:06:31.130", "RuleName": "-"}}, {"values": {"TerminalSessionId": "1", "ProcessGuid": "C784477D-0117-62FE-1D0A-000000004700", "ProcessId": "5580", "Product": "Microsoft\u00ae Windows\u00ae Operating System", "Description": "Net Command", "Company": "Microsoft Corporation", "ParentProcessGuid": "C784477D-0117-62FE-1C0A-000000004700", "User": "DESKTOP-B0T93D6\\george", "Hashes": "MD5=B5A26C2BF17222E86B91D26F1247AF3E,SHA256=14CC5BE4C833ACC652195DEAD113E1C3B4AC0B98EA1AEAD11957836F9AE721CF,IMPHASH=3D3E7537BD3BA07738DC5CA8AD01B073", "OriginalFileName": "net1.exe", "ParentImage": "C:\\Windows\\SysWOW64\\net.exe", "FileVersion": "10.0.17134.1 (WinBuild.160101.0800)", "ParentProcessId": "4408", "CurrentDirectory": "C:\\Program Files (x86)\\AutoIt3\\", "CommandLine": "C:\\Windows\\system32\\net1  stop gupdatem", "EventID": "1", "LogonGuid": "C784477D-FFCB-62FD-AD47-040000000000", "LogonId": "280493", "Image": "C:\\Windows\\SysWOW64\\net1.exe", "IntegrityLevel": "High", "ParentCommandLine": "net  stop gupdatem", "UtcTime": "2022-08-18 09:06:31.143", "RuleName": "-"}}, {"values": {"TerminalSessionId": "1", "ProcessGuid": "C784477D-0117-62FE-230A-000000004700", "ProcessId": "5800", "Product": "Microsoft\u00ae Windows\u00ae Operating System", "Description": "Net Command", "Company": "Microsoft Corporation", "ParentProcessGuid": "C784477D-0117-62FE-1F0A-000000004700", "User": "DESKTOP-B0T93D6\\george", "Hashes": "MD5=DD0561156F62BC1958CE0E370B23711B,SHA256=FD41D0261C6D22572DA448BCB5CBBB98F78A2922D1F1074D25237CC82C8CE432,IMPHASH=86350518EAE83E4A09BBF6317BA1C570", "OriginalFileName": "net.exe", "ParentImage": "C:\\Windows\\SysWOW64\\cmd.exe", "FileVersion": "10.0.17134.1 (WinBuild.160101.0800)", "ParentProcessId": "4084", "CurrentDirectory": "C:\\Program Files (x86)\\AutoIt3\\", "CommandLine": "net  stop MozillaMaintenance", "EventID": "1", "LogonGuid": "C784477D-FFCB-62FD-AD47-040000000000", "LogonId": "280493", "Image": "C:\\Windows\\SysWOW64\\net.exe", "IntegrityLevel": "High", "ParentCommandLine": "C:\\Windows\\system32\\cmd.exe /c net stop MozillaMaintenance", "UtcTime": "2022-08-18 09:06:31.199", "RuleName": "-"}}, {"values": {"TerminalSessionId": "1", "ProcessGuid": "C784477D-0117-62FE-250A-000000004700", "ProcessId": "5588", "Product": "Microsoft\u00ae Windows\u00ae Operating System", "Description": "Net Command", "Company": "Microsoft Corporation", "ParentProcessGuid": "C784477D-0117-62FE-230A-000000004700", "User": "DESKTOP-B0T93D6\\george", "Hashes": "MD5=B5A26C2BF17222E86B91D26F1247AF3E,SHA256=14CC5BE4C833ACC652195DEAD113E1C3B4AC0B98EA1AEAD11957836F9AE721CF,IMPHASH=3D3E7537BD3BA07738DC5CA8AD01B073", "OriginalFileName": "net1.exe", "ParentImage": "C:\\Windows\\SysWOW64\\net.exe", "FileVersion": "10.0.17134.1 (WinBuild.160101.0800)", "ParentProcessId": "5800", "CurrentDirectory": "C:\\Program Files (x86)\\AutoIt3\\", "CommandLine": "C:\\Windows\\system32\\net1  stop MozillaMaintenance", "EventID": "1", "LogonGuid": "C784477D-FFCB-62FD-AD47-040000000000", "LogonId": "280493", "Image": "C:\\Windows\\SysWOW64\\net1.exe", "IntegrityLevel": "High", "ParentCommandLine": "net  stop MozillaMaintenance", "UtcTime": "2022-08-18 09:06:31.209", "RuleName": "-"}}, {"values": {"TerminalSessionId": "1", "ProcessGuid": "C784477D-0117-62FE-2B0A-000000004700", "ProcessId": "296", "Product": "Microsoft\u00ae Windows\u00ae Operating System", "Description": "Net Command", "Company": "Microsoft Corporation", "ParentProcessGuid": "C784477D-0117-62FE-260A-000000004700", "User": "DESKTOP-B0T93D6\\george", "Hashes": "MD5=DD0561156F62BC1958CE0E370B23711B,SHA256=FD41D0261C6D22572DA448BCB5CBBB98F78A2922D1F1074D25237CC82C8CE432,IMPHASH=86350518EAE83E4A09BBF6317BA1C570", "OriginalFileName": "net.exe", "ParentImage": "C:\\Windows\\SysWOW64\\cmd.exe", "FileVersion": "10.0.17134.1 (WinBuild.160101.0800)", "ParentProcessId": "5124", "CurrentDirectory": "C:\\Program Files (x86)\\AutoIt3\\", "CommandLine": "net  stop edgeupdatem", "EventID": "1", "LogonGuid": "C784477D-FFCB-62FD-AD47-040000000000", "LogonId": "280493", "Image": "C:\\Windows\\SysWOW64\\net.exe", "IntegrityLevel": "High", "ParentCommandLine": "C:\\Windows\\system32\\cmd.exe /c net stop edgeupdatem", "UtcTime": "2022-08-18 09:06:31.271", "RuleName": "-"}}, {"values": {"TerminalSessionId": "1", "ProcessGuid": "C784477D-0117-62FE-2C0A-000000004700", "ProcessId": "6516", "Product": "Microsoft\u00ae Windows\u00ae Operating System", "Description": "Net Command", "Company": "Microsoft Corporation", "ParentProcessGuid": "C784477D-0117-62FE-2B0A-000000004700", "User": "DESKTOP-B0T93D6\\george", "Hashes": "MD5=B5A26C2BF17222E86B91D26F1247AF3E,SHA256=14CC5BE4C833ACC652195DEAD113E1C3B4AC0B98EA1AEAD11957836F9AE721CF,IMPHASH=3D3E7537BD3BA07738DC5CA8AD01B073", "OriginalFileName": "net1.exe", "ParentImage": "C:\\Windows\\SysWOW64\\net.exe", "FileVersion": "10.0.17134.1 (WinBuild.160101.0800)", "ParentProcessId": "296", "CurrentDirectory": "C:\\Program Files (x86)\\AutoIt3\\", "CommandLine": "C:\\Windows\\system32\\net1  stop edgeupdatem", "EventID": "1", "LogonGuid": "C784477D-FFCB-62FD-AD47-040000000000", "LogonId": "280493", "Image": "C:\\Windows\\SysWOW64\\net1.exe", "IntegrityLevel": "High", "ParentCommandLine": "net  stop edgeupdatem", "UtcTime": "2022-08-18 09:06:31.281", "RuleName": "-"}}, {"values": {"TerminalSessionId": "1", "ProcessGuid": "C784477D-0117-62FE-310A-000000004700", "ProcessId": "4652", "Product": "Microsoft\u00ae Windows\u00ae Operating System", "Description": "Net Command", "Company": "Microsoft Corporation", "ParentProcessGuid": "C784477D-0117-62FE-2D0A-000000004700", "User": "DESKTOP-B0T93D6\\george", "Hashes": "MD5=DD0561156F62BC1958CE0E370B23711B,SHA256=FD41D0261C6D22572DA448BCB5CBBB98F78A2922D1F1074D25237CC82C8CE432,IMPHASH=86350518EAE83E4A09BBF6317BA1C570", "OriginalFileName": "net.exe", "ParentImage": "C:\\Windows\\SysWOW64\\cmd.exe", "FileVersion": "10.0.17134.1 (WinBuild.160101.0800)", "ParentProcessId": "6572", "CurrentDirectory": "C:\\Program Files (x86)\\AutoIt3\\", "CommandLine": "net  stop dnscache", "EventID": "1", "LogonGuid": "C784477D-FFCB-62FD-AD47-040000000000", "LogonId": "280493", "Image": "C:\\Windows\\SysWOW64\\net.exe", "IntegrityLevel": "High", "ParentCommandLine": "C:\\Windows\\system32\\cmd.exe /c net stop dnscache", "UtcTime": "2022-08-18 09:06:31.373", "RuleName": "-"}}, {"values": {"TerminalSessionId": "1", "ProcessGuid": "C784477D-0117-62FE-330A-000000004700", "ProcessId": "5988", "Product": "Microsoft\u00ae Windows\u00ae Operating System", "Description": "Net Command", "Company": "Microsoft Corporation", "ParentProcessGuid": "C784477D-0117-62FE-310A-000000004700", "User": "DESKTOP-B0T93D6\\george", "Hashes": "MD5=B5A26C2BF17222E86B91D26F1247AF3E,SHA256=14CC5BE4C833ACC652195DEAD113E1C3B4AC0B98EA1AEAD11957836F9AE721CF,IMPHASH=3D3E7537BD3BA07738DC5CA8AD01B073", "OriginalFileName": "net1.exe", "ParentImage": "C:\\Windows\\SysWOW64\\net.exe", "FileVersion": "10.0.17134.1 (WinBuild.160101.0800)", "ParentProcessId": "4652", "CurrentDirectory": "C:\\Program Files (x86)\\AutoIt3\\", "CommandLine": "C:\\Windows\\system32\\net1  stop dnscache", "EventID": "1", "LogonGuid": "C784477D-FFCB-62FD-AD47-040000000000", "LogonId": "280493", "Image": "C:\\Windows\\SysWOW64\\net1.exe", "IntegrityLevel": "High", "ParentCommandLine": "net  stop dnscache", "UtcTime": "2022-08-18 09:06:31.383", "RuleName": "-"}}, {"values": {"TerminalSessionId": "1", "ProcessGuid": "C784477D-0117-62FE-380A-000000004700", "ProcessId": "5896", "Product": "Microsoft\u00ae Windows\u00ae Operating System", "Description": "Net Command", "Company": "Microsoft Corporation", "ParentProcessGuid": "C784477D-0117-62FE-340A-000000004700", "User": "DESKTOP-B0T93D6\\george", "Hashes": "MD5=DD0561156F62BC1958CE0E370B23711B,SHA256=FD41D0261C6D22572DA448BCB5CBBB98F78A2922D1F1074D25237CC82C8CE432,IMPHASH=86350518EAE83E4A09BBF6317BA1C570", "OriginalFileName": "net.exe", "ParentImage": "C:\\Windows\\SysWOW64\\cmd.exe", "FileVersion": "10.0.17134.1 (WinBuild.160101.0800)", "ParentProcessId": "3344", "CurrentDirectory": "C:\\Program Files (x86)\\AutoIt3\\", "CommandLine": "net  stop sedsvc", "EventID": "1", "LogonGuid": "C784477D-FFCB-62FD-AD47-040000000000", "LogonId": "280493", "Image": "C:\\Windows\\SysWOW64\\net.exe", "IntegrityLevel": "High", "ParentCommandLine": "C:\\Windows\\system32\\cmd.exe /c net stop sedsvc", "UtcTime": "2022-08-18 09:06:31.444", "RuleName": "-"}}, {"values": {"TerminalSessionId": "1", "ProcessGuid": "C784477D-0117-62FE-3A0A-000000004700", "ProcessId": "6620", "Product": "Microsoft\u00ae Windows\u00ae Operating System", "Description": "Net Command", "Company": "Microsoft Corporation", "ParentProcessGuid": "C784477D-0117-62FE-380A-000000004700", "User": "DESKTOP-B0T93D6\\george", "Hashes": "MD5=B5A26C2BF17222E86B91D26F1247AF3E,SHA256=14CC5BE4C833ACC652195DEAD113E1C3B4AC0B98EA1AEAD11957836F9AE721CF,IMPHASH=3D3E7537BD3BA07738DC5CA8AD01B073", "OriginalFileName": "net1.exe", "ParentImage": "C:\\Windows\\SysWOW64\\net.exe", "FileVersion": "10.0.17134.1 (WinBuild.160101.0800)", "ParentProcessId": "5896", "CurrentDirectory": "C:\\Program Files (x86)\\AutoIt3\\", "CommandLine": "C:\\Windows\\system32\\net1  stop sedsvc", "EventID": "1", "LogonGuid": "C784477D-FFCB-62FD-AD47-040000000000", "LogonId": "280493", "Image": "C:\\Windows\\SysWOW64\\net1.exe", "IntegrityLevel": "High", "ParentCommandLine": "net  stop sedsvc", "UtcTime": "2022-08-18 09:06:31.459", "RuleName": "-"}}, {"values": {"TerminalSessionId": "1", "ProcessGuid": "C784477D-0117-62FE-3F0A-000000004700", "ProcessId": "2160", "Product": "Microsoft\u00ae Windows\u00ae Operating System", "Description": "Net Command", "Company": "Microsoft Corporation", "ParentProcessGuid": "C784477D-0117-62FE-3B0A-000000004700", "User": "DESKTOP-B0T93D6\\george", "Hashes": "MD5=DD0561156F62BC1958CE0E370B23711B,SHA256=FD41D0261C6D22572DA448BCB5CBBB98F78A2922D1F1074D25237CC82C8CE432,IMPHASH=86350518EAE83E4A09BBF6317BA1C570", "OriginalFileName": "net.exe", "ParentImage": "C:\\Windows\\SysWOW64\\cmd.exe", "FileVersion": "10.0.17134.1 (WinBuild.160101.0800)", "ParentProcessId": "6768", "CurrentDirectory": "C:\\Program Files (x86)\\AutoIt3\\", "CommandLine": "net  stop PcaSvc", "EventID": "1", "LogonGuid": "C784477D-FFCB-62FD-AD47-040000000000", "LogonId": "280493", "Image": "C:\\Windows\\SysWOW64\\net.exe", "IntegrityLevel": "High", "ParentCommandLine": "C:\\Windows\\system32\\cmd.exe /c net stop PcaSvc", "UtcTime": "2022-08-18 09:06:31.506", "RuleName": "-"}}, {"values": {"TerminalSessionId": "1", "ProcessGuid": "C784477D-0117-62FE-410A-000000004700", "ProcessId": "6988", "Product": "Microsoft\u00ae Windows\u00ae Operating System", "Description": "Net Command", "Company": "Microsoft Corporation", "ParentProcessGuid": "C784477D-0117-62FE-3F0A-000000004700", "User": "DESKTOP-B0T93D6\\george", "Hashes": "MD5=B5A26C2BF17222E86B91D26F1247AF3E,SHA256=14CC5BE4C833ACC652195DEAD113E1C3B4AC0B98EA1AEAD11957836F9AE721CF,IMPHASH=3D3E7537BD3BA07738DC5CA8AD01B073", "OriginalFileName": "net1.exe", "ParentImage": "C:\\Windows\\SysWOW64\\net.exe", "FileVersion": "10.0.17134.1 (WinBuild.160101.0800)", "ParentProcessId": "2160", "CurrentDirectory": "C:\\Program Files (x86)\\AutoIt3\\", "CommandLine": "C:\\Windows\\system32\\net1  stop PcaSvc", "EventID": "1", "LogonGuid": "C784477D-FFCB-62FD-AD47-040000000000", "LogonId": "280493", "Image": "C:\\Windows\\SysWOW64\\net1.exe", "IntegrityLevel": "High", "ParentCommandLine": "net  stop PcaSvc", "UtcTime": "2022-08-18 09:06:31.517", "RuleName": "-"}}, {"values": {"TerminalSessionId": "1", "ProcessGuid": "C784477D-0117-62FE-480A-000000004700", "ProcessId": "1008", "Product": "Microsoft\u00ae Windows\u00ae Operating System", "Description": "Net Command", "Company": "Microsoft Corporation", "ParentProcessGuid": "C784477D-0117-62FE-440A-000000004700", "User": "DESKTOP-B0T93D6\\george", "Hashes": "MD5=DD0561156F62BC1958CE0E370B23711B,SHA256=FD41D0261C6D22572DA448BCB5CBBB98F78A2922D1F1074D25237CC82C8CE432,IMPHASH=86350518EAE83E4A09BBF6317BA1C570", "OriginalFileName": "net.exe", "ParentImage": "C:\\Windows\\SysWOW64\\cmd.exe", "FileVersion": "10.0.17134.1 (WinBuild.160101.0800)", "ParentProcessId": "5004", "CurrentDirectory": "C:\\Program Files (x86)\\AutoIt3\\", "CommandLine": "net  stop sppsvc", "EventID": "1", "LogonGuid": "C784477D-FFCB-62FD-AD47-040000000000", "LogonId": "280493", "Image": "C:\\Windows\\SysWOW64\\net.exe", "IntegrityLevel": "High", "ParentCommandLine": "C:\\Windows\\system32\\cmd.exe /c net stop sppsvc", "UtcTime": "2022-08-18 09:06:31.575", "RuleName": "-"}}, {"values": {"TerminalSessionId": "1", "ProcessGuid": "C784477D-0117-62FE-4A0A-000000004700", "ProcessId": "3316", "Product": "Microsoft\u00ae Windows\u00ae Operating System", "Description": "Net Command", "Company": "Microsoft Corporation", "ParentProcessGuid": "C784477D-0117-62FE-480A-000000004700", "User": "DESKTOP-B0T93D6\\george", "Hashes": "MD5=B5A26C2BF17222E86B91D26F1247AF3E,SHA256=14CC5BE4C833ACC652195DEAD113E1C3B4AC0B98EA1AEAD11957836F9AE721CF,IMPHASH=3D3E7537BD3BA07738DC5CA8AD01B073", "OriginalFileName": "net1.exe", "ParentImage": "C:\\Windows\\SysWOW64\\net.exe", "FileVersion": "10.0.17134.1 (WinBuild.160101.0800)", "ParentProcessId": "1008", "CurrentDirectory": "C:\\Program Files (x86)\\AutoIt3\\", "CommandLine": "C:\\Windows\\system32\\net1  stop sppsvc", "EventID": "1", "LogonGuid": "C784477D-FFCB-62FD-AD47-040000000000", "LogonId": "280493", "Image": "C:\\Windows\\SysWOW64\\net1.exe", "IntegrityLevel": "High", "ParentCommandLine": "net  stop sppsvc", "UtcTime": "2022-08-18 09:06:31.587", "RuleName": "-"}}, {"values": {"TerminalSessionId": "1", "ProcessGuid": "C784477D-0117-62FE-4B0A-000000004700", "ProcessId": "4724", "Product": "Microsoft\u00ae Windows\u00ae Operating System", "Description": "Net Command", "Company": "Microsoft Corporation", "ParentProcessGuid": "C784477D-0117-62FE-420A-000000004700", "User": "DESKTOP-B0T93D6\\george", "Hashes": "MD5=DD0561156F62BC1958CE0E370B23711B,SHA256=FD41D0261C6D22572DA448BCB5CBBB98F78A2922D1F1074D25237CC82C8CE432,IMPHASH=86350518EAE83E4A09BBF6317BA1C570", "OriginalFileName": "net.exe", "ParentImage": "C:\\Windows\\SysWOW64\\cmd.exe", "FileVersion": "10.0.17134.1 (WinBuild.160101.0800)", "ParentProcessId": "7032", "CurrentDirectory": "C:\\Program Files (x86)\\AutoIt3\\", "CommandLine": "net  stop \"OneDrive Updater Service\"", "EventID": "1", "LogonGuid": "C784477D-FFCB-62FD-AD47-040000000000", "LogonId": "280493", "Image": "C:\\Windows\\SysWOW64\\net.exe", "IntegrityLevel": "High", "ParentCommandLine": "C:\\Windows\\system32\\cmd.exe /c net stop \"OneDrive Updater Service\"", "UtcTime": "2022-08-18 09:06:31.589", "RuleName": "-"}}, {"values": {"TerminalSessionId": "1", "ProcessGuid": "C784477D-0117-62FE-4E0A-000000004700", "ProcessId": "7156", "Product": "Microsoft\u00ae Windows\u00ae Operating System", "Description": "Net Command", "Company": "Microsoft Corporation", "ParentProcessGuid": "C784477D-0117-62FE-4B0A-000000004700", "User": "DESKTOP-B0T93D6\\george", "Hashes": "MD5=B5A26C2BF17222E86B91D26F1247AF3E,SHA256=14CC5BE4C833ACC652195DEAD113E1C3B4AC0B98EA1AEAD11957836F9AE721CF,IMPHASH=3D3E7537BD3BA07738DC5CA8AD01B073", "OriginalFileName": "net1.exe", "ParentImage": "C:\\Windows\\SysWOW64\\net.exe", "FileVersion": "10.0.17134.1 (WinBuild.160101.0800)", "ParentProcessId": "4724", "CurrentDirectory": "C:\\Program Files (x86)\\AutoIt3\\", "CommandLine": "C:\\Windows\\system32\\net1  stop \"OneDrive Updater Service\"", "EventID": "1", "LogonGuid": "C784477D-FFCB-62FD-AD47-040000000000", "LogonId": "280493", "Image": "C:\\Windows\\SysWOW64\\net1.exe", "IntegrityLevel": "High", "ParentCommandLine": "net  stop \"OneDrive Updater Service\"", "UtcTime": "2022-08-18 09:06:31.611", "RuleName": "-"}}, {"values": {"TerminalSessionId": "1", "ProcessGuid": "C784477D-0117-62FE-510A-000000004700", "ProcessId": "5660", "Product": "Microsoft\u00ae Windows\u00ae Operating System", "Description": "Net Command", "Company": "Microsoft Corporation", "ParentProcessGuid": "C784477D-0117-62FE-4C0A-000000004700", "User": "DESKTOP-B0T93D6\\george", "Hashes": "MD5=DD0561156F62BC1958CE0E370B23711B,SHA256=FD41D0261C6D22572DA448BCB5CBBB98F78A2922D1F1074D25237CC82C8CE432,IMPHASH=86350518EAE83E4A09BBF6317BA1C570", "OriginalFileName": "net.exe", "ParentImage": "C:\\Windows\\SysWOW64\\cmd.exe", "FileVersion": "10.0.17134.1 (WinBuild.160101.0800)", "ParentProcessId": "560", "CurrentDirectory": "C:\\Program Files (x86)\\AutoIt3\\", "CommandLine": "net  stop DPS", "EventID": "1", "LogonGuid": "C784477D-FFCB-62FD-AD47-040000000000", "LogonId": "280493", "Image": "C:\\Windows\\SysWOW64\\net.exe", "IntegrityLevel": "High", "ParentCommandLine": "C:\\Windows\\system32\\cmd.exe /c net stop DPS", "UtcTime": "2022-08-18 09:06:31.647", "RuleName": "-"}}, {"values": {"TerminalSessionId": "1", "ProcessGuid": "C784477D-0117-62FE-530A-000000004700", "ProcessId": "4732", "Product": "Microsoft\u00ae Windows\u00ae Operating System", "Description": "Net Command", "Company": "Microsoft Corporation", "ParentProcessGuid": "C784477D-0117-62FE-510A-000000004700", "User": "DESKTOP-B0T93D6\\george", "Hashes": "MD5=B5A26C2BF17222E86B91D26F1247AF3E,SHA256=14CC5BE4C833ACC652195DEAD113E1C3B4AC0B98EA1AEAD11957836F9AE721CF,IMPHASH=3D3E7537BD3BA07738DC5CA8AD01B073", "OriginalFileName": "net1.exe", "ParentImage": "C:\\Windows\\SysWOW64\\net.exe", "FileVersion": "10.0.17134.1 (WinBuild.160101.0800)", "ParentProcessId": "5660", "CurrentDirectory": "C:\\Program Files (x86)\\AutoIt3\\", "CommandLine": "C:\\Windows\\system32\\net1  stop DPS", "EventID": "1", "LogonGuid": "C784477D-FFCB-62FD-AD47-040000000000", "LogonId": "280493", "Image": "C:\\Windows\\SysWOW64\\net1.exe", "IntegrityLevel": "High", "ParentCommandLine": "net  stop DPS", "UtcTime": "2022-08-18 09:06:31.660", "RuleName": "-"}}, {"values": {"TerminalSessionId": "1", "ProcessGuid": "C784477D-0117-62FE-580A-000000004700", "ProcessId": "2460", "Product": "Microsoft\u00ae Windows\u00ae Operating System", "Description": "Net Command", "Company": "Microsoft Corporation", "ParentProcessGuid": "C784477D-0117-62FE-540A-000000004700", "User": "DESKTOP-B0T93D6\\george", "Hashes": "MD5=DD0561156F62BC1958CE0E370B23711B,SHA256=FD41D0261C6D22572DA448BCB5CBBB98F78A2922D1F1074D25237CC82C8CE432,IMPHASH=86350518EAE83E4A09BBF6317BA1C570", "OriginalFileName": "net.exe", "ParentImage": "C:\\Windows\\SysWOW64\\cmd.exe", "FileVersion": "10.0.17134.1 (WinBuild.160101.0800)", "ParentProcessId": "212", "CurrentDirectory": "C:\\Program Files (x86)\\AutoIt3\\", "CommandLine": "net  stop TrustedInstaller", "EventID": "1", "LogonGuid": "C784477D-FFCB-62FD-AD47-040000000000", "LogonId": "280493", "Image": "C:\\Windows\\SysWOW64\\net.exe", "IntegrityLevel": "High", "ParentCommandLine": "C:\\Windows\\system32\\cmd.exe /c net stop TrustedInstaller", "UtcTime": "2022-08-18 09:06:31.701", "RuleName": "-"}}, {"values": {"TerminalSessionId": "1", "ProcessGuid": "C784477D-0117-62FE-590A-000000004700", "ProcessId": "5596", "Product": "Microsoft\u00ae Windows\u00ae Operating System", "Description": "Net Command", "Company": "Microsoft Corporation", "ParentProcessGuid": "C784477D-0117-62FE-580A-000000004700", "User": "DESKTOP-B0T93D6\\george", "Hashes": "MD5=B5A26C2BF17222E86B91D26F1247AF3E,SHA256=14CC5BE4C833ACC652195DEAD113E1C3B4AC0B98EA1AEAD11957836F9AE721CF,IMPHASH=3D3E7537BD3BA07738DC5CA8AD01B073", "OriginalFileName": "net1.exe", "ParentImage": "C:\\Windows\\SysWOW64\\net.exe", "FileVersion": "10.0.17134.1 (WinBuild.160101.0800)", "ParentProcessId": "2460", "CurrentDirectory": "C:\\Program Files (x86)\\AutoIt3\\", "CommandLine": "C:\\Windows\\system32\\net1  stop TrustedInstaller", "EventID": "1", "LogonGuid": "C784477D-FFCB-62FD-AD47-040000000000", "LogonId": "280493", "Image": "C:\\Windows\\SysWOW64\\net1.exe", "IntegrityLevel": "High", "ParentCommandLine": "net  stop TrustedInstaller", "UtcTime": "2022-08-18 09:06:31.712", "RuleName": "-"}}, {"values": {"TerminalSessionId": "1", "ProcessGuid": "C784477D-0117-62FE-5F0A-000000004700", "ProcessId": "6560", "Product": "Microsoft\u00ae Windows\u00ae Operating System", "Description": "Net Command", "Company": "Microsoft Corporation", "ParentProcessGuid": "C784477D-0117-62FE-5B0A-000000004700", "User": "DESKTOP-B0T93D6\\george", "Hashes": "MD5=DD0561156F62BC1958CE0E370B23711B,SHA256=FD41D0261C6D22572DA448BCB5CBBB98F78A2922D1F1074D25237CC82C8CE432,IMPHASH=86350518EAE83E4A09BBF6317BA1C570", "OriginalFileName": "net.exe", "ParentImage": "C:\\Windows\\SysWOW64\\cmd.exe", "FileVersion": "10.0.17134.1 (WinBuild.160101.0800)", "ParentProcessId": "6444", "CurrentDirectory": "C:\\Program Files (x86)\\AutoIt3\\", "CommandLine": "net  stop \".NET Runtime Optimization Service\"", "EventID": "1", "LogonGuid": "C784477D-FFCB-62FD-AD47-040000000000", "LogonId": "280493", "Image": "C:\\Windows\\SysWOW64\\net.exe", "IntegrityLevel": "High", "ParentCommandLine": "C:\\Windows\\system32\\cmd.exe /c net stop \".NET Runtime Optimization Service\"", "UtcTime": "2022-08-18 09:06:31.778", "RuleName": "-"}}, {"values": {"TerminalSessionId": "1", "ProcessGuid": "C784477D-0117-62FE-610A-000000004700", "ProcessId": "5600", "Product": "Microsoft\u00ae Windows\u00ae Operating System", "Description": "Net Command", "Company": "Microsoft Corporation", "ParentProcessGuid": "C784477D-0117-62FE-5F0A-000000004700", "User": "DESKTOP-B0T93D6\\george", "Hashes": "MD5=B5A26C2BF17222E86B91D26F1247AF3E,SHA256=14CC5BE4C833ACC652195DEAD113E1C3B4AC0B98EA1AEAD11957836F9AE721CF,IMPHASH=3D3E7537BD3BA07738DC5CA8AD01B073", "OriginalFileName": "net1.exe", "ParentImage": "C:\\Windows\\SysWOW64\\net.exe", "FileVersion": "10.0.17134.1 (WinBuild.160101.0800)", "ParentProcessId": "6560", "CurrentDirectory": "C:\\Program Files (x86)\\AutoIt3\\", "CommandLine": "C:\\Windows\\system32\\net1  stop \".NET Runtime Optimization Service\"", "EventID": "1", "LogonGuid": "C784477D-FFCB-62FD-AD47-040000000000", "LogonId": "280493", "Image": "C:\\Windows\\SysWOW64\\net1.exe", "IntegrityLevel": "High", "ParentCommandLine": "net  stop \".NET Runtime Optimization Service\"", "UtcTime": "2022-08-18 09:06:31.790", "RuleName": "-"}}, {"values": {"TerminalSessionId": "1", "ProcessGuid": "C784477D-0117-62FE-700A-000000004700", "ProcessId": "1624", "Product": "Microsoft\u00ae Windows\u00ae Operating System", "Description": "Net Command", "Company": "Microsoft Corporation", "ParentProcessGuid": "C784477D-0117-62FE-6A0A-000000004700", "User": "DESKTOP-B0T93D6\\george", "Hashes": "MD5=DD0561156F62BC1958CE0E370B23711B,SHA256=FD41D0261C6D22572DA448BCB5CBBB98F78A2922D1F1074D25237CC82C8CE432,IMPHASH=86350518EAE83E4A09BBF6317BA1C570", "OriginalFileName": "net.exe", "ParentImage": "C:\\Windows\\SysWOW64\\cmd.exe", "FileVersion": "10.0.17134.1 (WinBuild.160101.0800)", "ParentProcessId": "3320", "CurrentDirectory": "C:\\Program Files (x86)\\AutoIt3\\", "CommandLine": "net  stop OfficeClickToRun", "EventID": "1", "LogonGuid": "C784477D-FFCB-62FD-AD47-040000000000", "LogonId": "280493", "Image": "C:\\Windows\\SysWOW64\\net.exe", "IntegrityLevel": "High", "ParentCommandLine": "C:\\Windows\\system32\\cmd.exe /c net stop OfficeClickToRun", "UtcTime": "2022-08-18 09:06:31.926", "RuleName": "-"}}, {"values": {"TerminalSessionId": "1", "ProcessGuid": "C784477D-0117-62FE-710A-000000004700", "ProcessId": "4960", "Product": "Microsoft\u00ae Windows\u00ae Operating System", "Description": "Net Command", "Company": "Microsoft Corporation", "ParentProcessGuid": "C784477D-0117-62FE-690A-000000004700", "User": "DESKTOP-B0T93D6\\george", "Hashes": "MD5=DD0561156F62BC1958CE0E370B23711B,SHA256=FD41D0261C6D22572DA448BCB5CBBB98F78A2922D1F1074D25237CC82C8CE432,IMPHASH=86350518EAE83E4A09BBF6317BA1C570", "OriginalFileName": "net.exe", "ParentImage": "C:\\Windows\\SysWOW64\\cmd.exe", "FileVersion": "10.0.17134.1 (WinBuild.160101.0800)", "ParentProcessId": "6572", "CurrentDirectory": "C:\\Program Files (x86)\\AutoIt3\\", "CommandLine": "net  stop msiserver", "EventID": "1", "LogonGuid": "C784477D-FFCB-62FD-AD47-040000000000", "LogonId": "280493", "Image": "C:\\Windows\\SysWOW64\\net.exe", "IntegrityLevel": "High", "ParentCommandLine": "C:\\Windows\\system32\\cmd.exe /c net stop msiserver", "UtcTime": "2022-08-18 09:06:31.928", "RuleName": "-"}}, {"values": {"TerminalSessionId": "1", "ProcessGuid": "C784477D-0117-62FE-730A-000000004700", "ProcessId": "5304", "Product": "Microsoft\u00ae Windows\u00ae Operating System", "Description": "Net Command", "Company": "Microsoft Corporation", "ParentProcessGuid": "C784477D-0117-62FE-700A-000000004700", "User": "DESKTOP-B0T93D6\\george", "Hashes": "MD5=B5A26C2BF17222E86B91D26F1247AF3E,SHA256=14CC5BE4C833ACC652195DEAD113E1C3B4AC0B98EA1AEAD11957836F9AE721CF,IMPHASH=3D3E7537BD3BA07738DC5CA8AD01B073", "OriginalFileName": "net1.exe", "ParentImage": "C:\\Windows\\SysWOW64\\net.exe", "FileVersion": "10.0.17134.1 (WinBuild.160101.0800)", "ParentProcessId": "1624", "CurrentDirectory": "C:\\Program Files (x86)\\AutoIt3\\", "CommandLine": "C:\\Windows\\system32\\net1  stop OfficeClickToRun", "EventID": "1", "LogonGuid": "C784477D-FFCB-62FD-AD47-040000000000", "LogonId": "280493", "Image": "C:\\Windows\\SysWOW64\\net1.exe", "IntegrityLevel": "High", "ParentCommandLine": "net  stop OfficeClickToRun", "UtcTime": "2022-08-18 09:06:31.941", "RuleName": "-"}}, {"values": {"TerminalSessionId": "1", "ProcessGuid": "C784477D-0117-62FE-740A-000000004700", "ProcessId": "6988", "Product": "Microsoft\u00ae Windows\u00ae Operating System", "Description": "Net Command", "Company": "Microsoft Corporation", "ParentProcessGuid": "C784477D-0117-62FE-710A-000000004700", "User": "DESKTOP-B0T93D6\\george", "Hashes": "MD5=B5A26C2BF17222E86B91D26F1247AF3E,SHA256=14CC5BE4C833ACC652195DEAD113E1C3B4AC0B98EA1AEAD11957836F9AE721CF,IMPHASH=3D3E7537BD3BA07738DC5CA8AD01B073", "OriginalFileName": "net1.exe", "ParentImage": "C:\\Windows\\SysWOW64\\net.exe", "FileVersion": "10.0.17134.1 (WinBuild.160101.0800)", "ParentProcessId": "4960", "CurrentDirectory": "C:\\Program Files (x86)\\AutoIt3\\", "CommandLine": "C:\\Windows\\system32\\net1  stop msiserver", "EventID": "1", "LogonGuid": "C784477D-FFCB-62FD-AD47-040000000000", "LogonId": "280493", "Image": "C:\\Windows\\SysWOW64\\net1.exe", "IntegrityLevel": "High", "ParentCommandLine": "net  stop msiserver", "UtcTime": "2022-08-18 09:06:31.946", "RuleName": "-"}}], "rule_level": "low", "rule_id": "9afc79c8a56e6e5c4cbd55d203a7dce8efc4ed28aa315b736c842a88b1d3dd0e", "rule_author": "Jakob Weinzettl, oscd.community, Nasreddine Bencherchali", "rule_description": "Detects a windows service to be stopped"}, {"rule_title": "Use Remove-Item to Delete File", "rule_source": "Sigma Integrated Rule Set (GitHub)", "match_context": [{"values": {"EventID": "4104", "ScriptBlockId": "c60f58d2-8294-4643-a963-8dcc7cc58f0e", "ScriptBlockText": "4fb019ade382035653df227ce5ecdce3718fe3e2a35cae71507079f4d73aaafa", "MessageNumber": "\u0003", "MessageTotal": "\u0003", "Path": "C:\\Program Files (x86)\\Joebox\\unpack\\wmievasions.ps1"}}], "rule_level": "low", "rule_id": "d9b2eb00753c3049fbb4ed4f7d88f29b65a0c50bec45ff4723b95bb637f8f83d", "rule_author": "frack113", "rule_description": "Powershell Remove-Item  with -Path to delete a file or a folder with \"-Recurse\""}, {"rule_title": "Redirect Output in CommandLine", "rule_source": "Sigma Integrated Rule Set (GitHub)", "match_context": [{"values": {"TerminalSessionId": "1", "ProcessGuid": "C784477D-0103-62FE-DD09-000000004700", "ProcessId": "848", "Product": "Microsoft\u00ae Windows\u00ae Operating System", "Description": "Windows Command Processor", "Company": "Microsoft Corporation", "ParentProcessGuid": "C784477D-0102-62FE-D309-000000004700", "User": "DESKTOP-B0T93D6\\george", "Hashes": "MD5=F3BDBE3BB6F734E357235F4D5898582D,SHA256=3685495D051137B1C4EFDE22C26DF0883614B6453B762FA84588DA55ED2E7744,IMPHASH=0AF8419BE362159398343D7B31721726", "OriginalFileName": "Cmd.Exe", "ParentImage": "C:\\Program Files (x86)\\AutoIt3\\AutoIt3.exe", "FileVersion": "10.0.17134.1 (WinBuild.160101.0800)", "ParentProcessId": "4264", "CurrentDirectory": "C:\\Windows\\system32\\", "CommandLine": "cmd /C powershell.exe -executionpolicy bypass -File \"C:\\Program Files (x86)\\Joebox\\unpack\\wmievasions.ps1\" > wmi.log 2>&1", "EventID": "1", "LogonGuid": "C784477D-FFCB-62FD-AD47-040000000000", "LogonId": "280493", "Image": "C:\\Windows\\SysWOW64\\cmd.exe", "IntegrityLevel": "High", "ParentCommandLine": "\"C:\\Program Files (x86)\\AutoIt3\\AutoIt3.exe\" X:\\loadjoeboxvm.au3", "UtcTime": "2022-08-18 09:06:11.255", "RuleName": "-"}}, {"values": {"TerminalSessionId": "1", "ProcessGuid": "C784477D-0111-62FE-E809-000000004700", "ProcessId": "1476", "Product": "Microsoft\u00ae Windows\u00ae Operating System", "Description": "Windows Command Processor", "Company": "Microsoft Corporation", "ParentProcessGuid": "C784477D-0111-62FE-E609-000000004700", "User": "DESKTOP-B0T93D6\\george", "Hashes": "MD5=4E2ACF4F8A396486AB4268C94A6A245F,SHA256=9A7C58BD98D70631AA1473F7B57B426DB367D72429A5455B433A05EE251F3236,IMPHASH=8542FB14699D84D7E8DA92F66145C7FE", "OriginalFileName": "Cmd.Exe", "ParentImage": "C:\\Program Files (x86)\\Joebox\\control\\joeboxcontrol.exe", "FileVersion": "10.0.17134.1 (WinBuild.160101.0800)", "ParentProcessId": "4408", "CurrentDirectory": "C:\\Program Files (x86)\\Joebox\\control\\", "CommandLine": "C:\\Windows\\system32\\cmd.exe /c icacls \\\\192.168.2.1\\joe-windows-g14-3\\syscalls\\ /setintegritylevel (CI)(OI)L > nul", "EventID": "1", "LogonGuid": "C784477D-FFCB-62FD-AD47-040000000000", "LogonId": "280493", "Image": "C:\\Windows\\System32\\cmd.exe", "IntegrityLevel": "High", "ParentCommandLine": "\"C:\\Program Files (x86)\\Joebox\\control\\joeboxcontrol.exe\"", "UtcTime": "2022-08-18 09:06:25.168", "RuleName": "-"}}, {"values": {"TerminalSessionId": "1", "ProcessGuid": "C784477D-0115-62FE-F209-000000004700", "ProcessId": "6580", "Product": "Microsoft\u00ae Windows\u00ae Operating System", "Description": "Windows Command Processor", "Company": "Microsoft Corporation", "ParentProcessGuid": "C784477D-0114-62FE-EE09-000000004700", "User": "DESKTOP-B0T93D6\\george", "Hashes": "MD5=F3BDBE3BB6F734E357235F4D5898582D,SHA256=3685495D051137B1C4EFDE22C26DF0883614B6453B762FA84588DA55ED2E7744,IMPHASH=0AF8419BE362159398343D7B31721726", "OriginalFileName": "Cmd.Exe", "ParentImage": "C:\\Program Files (x86)\\AutoIt3\\AutoIt3.exe", "FileVersion": "10.0.17134.1 (WinBuild.160101.0800)", "ParentProcessId": "2304", "CurrentDirectory": "C:\\Program Files (x86)\\AutoIt3\\", "CommandLine": "C:\\Windows\\system32\\cmd.exe /c arp -a > C:\\windows\\runiso.out 2>&1", "EventID": "1", "LogonGuid": "C784477D-FFCB-62FD-AD47-040000000000", "LogonId": "280493", "Image": "C:\\Windows\\SysWOW64\\cmd.exe", "IntegrityLevel": "High", "ParentCommandLine": "\"C:\\Program Files (x86)\\AutoIt3\\AutoIt3.exe\" \"C:\\Users\\george\\Desktop\\script.0.au3\"", "UtcTime": "2022-08-18 09:06:29.180", "RuleName": "-"}}, {"values": {"TerminalSessionId": "1", "ProcessGuid": "C784477D-0115-62FE-FC09-000000004700", "ProcessId": "6680", "Product": "Microsoft\u00ae Windows\u00ae Operating System", "Description": "Windows Command Processor", "Company": "Microsoft Corporation", "ParentProcessGuid": "C784477D-0114-62FE-EE09-000000004700", "User": "DESKTOP-B0T93D6\\george", "Hashes": "MD5=F3BDBE3BB6F734E357235F4D5898582D,SHA256=3685495D051137B1C4EFDE22C26DF0883614B6453B762FA84588DA55ED2E7744,IMPHASH=0AF8419BE362159398343D7B31721726", "OriginalFileName": "Cmd.Exe", "ParentImage": "C:\\Program Files (x86)\\AutoIt3\\AutoIt3.exe", "FileVersion": "10.0.17134.1 (WinBuild.160101.0800)", "ParentProcessId": "2304", "CurrentDirectory": "C:\\Program Files (x86)\\AutoIt3\\", "CommandLine": "C:\\Windows\\system32\\cmd.exe /c tasklist /svc | find \"svchost.exe\" >> \\\\192.168.2.1\\joe-windows-g14-3\\logs\\services.log", "EventID": "1", "LogonGuid": "C784477D-FFCB-62FD-AD47-040000000000", "LogonId": "280493", "Image": "C:\\Windows\\SysWOW64\\cmd.exe", "IntegrityLevel": "High", "ParentCommandLine": "\"C:\\Program Files (x86)\\AutoIt3\\AutoIt3.exe\" \"C:\\Users\\george\\Desktop\\script.0.au3\"", "UtcTime": "2022-08-18 09:06:29.965", "RuleName": "-"}}, {"values": {"TerminalSessionId": "1", "ProcessGuid": "C784477D-0115-62FE-FE09-000000004700", "ProcessId": "6696", "Product": "Microsoft\u00ae Windows\u00ae Operating System", "Description": "Windows Command Processor", "Company": "Microsoft Corporation", "ParentProcessGuid": "C784477D-0114-62FE-EE09-000000004700", "User": "DESKTOP-B0T93D6\\george", "Hashes": "MD5=F3BDBE3BB6F734E357235F4D5898582D,SHA256=3685495D051137B1C4EFDE22C26DF0883614B6453B762FA84588DA55ED2E7744,IMPHASH=0AF8419BE362159398343D7B31721726", "OriginalFileName": "Cmd.Exe", "ParentImage": "C:\\Program Files (x86)\\AutoIt3\\AutoIt3.exe", "FileVersion": "10.0.17134.1 (WinBuild.160101.0800)", "ParentProcessId": "2304", "CurrentDirectory": "C:\\Program Files (x86)\\AutoIt3\\", "CommandLine": "C:\\Windows\\system32\\cmd.exe /c powershell.exe -ex bypass -command \"Get-ScheduledTask | Disable-ScheduledTask\" > \\\\192.168.2.1\\joe-windows-g14-3\\logs\\taskdeletion.log 2>&1", "EventID": "1", "LogonGuid": "C784477D-FFCB-62FD-AD47-040000000000", "LogonId": "280493", "Image": "C:\\Windows\\SysWOW64\\cmd.exe", "IntegrityLevel": "High", "ParentCommandLine": "\"C:\\Program Files (x86)\\AutoIt3\\AutoIt3.exe\" \"C:\\Users\\george\\Desktop\\script.0.au3\"", "UtcTime": "2022-08-18 09:06:29.969", "RuleName": "-"}}, {"values": {"TerminalSessionId": "1", "ProcessGuid": "C784477D-0115-62FE-FF09-000000004700", "ProcessId": "6704", "Product": "Microsoft\u00ae Windows\u00ae Operating System", "Description": "Windows Command Processor", "Company": "Microsoft Corporation", "ParentProcessGuid": "C784477D-0114-62FE-EE09-000000004700", "User": "DESKTOP-B0T93D6\\george", "Hashes": "MD5=F3BDBE3BB6F734E357235F4D5898582D,SHA256=3685495D051137B1C4EFDE22C26DF0883614B6453B762FA84588DA55ED2E7744,IMPHASH=0AF8419BE362159398343D7B31721726", "OriginalFileName": "Cmd.Exe", "ParentImage": "C:\\Program Files (x86)\\AutoIt3\\AutoIt3.exe", "FileVersion": "10.0.17134.1 (WinBuild.160101.0800)", "ParentProcessId": "2304", "CurrentDirectory": "C:\\Program Files (x86)\\AutoIt3\\", "CommandLine": "C:\\Windows\\system32\\cmd.exe /c powershell.exe -ex bypass -command \"Get-ScheduledTask | Stop-ScheduledTask\" > \\\\192.168.2.1\\joe-windows-g14-3\\logs\\taskstop.log 2>&1", "EventID": "1", "LogonGuid": "C784477D-FFCB-62FD-AD47-040000000000", "LogonId": "280493", "Image": "C:\\Windows\\SysWOW64\\cmd.exe", "IntegrityLevel": "High", "ParentCommandLine": "\"C:\\Program Files (x86)\\AutoIt3\\AutoIt3.exe\" \"C:\\Users\\george\\Desktop\\script.0.au3\"", "UtcTime": "2022-08-18 09:06:29.971", "RuleName": "-"}}, {"values": {"TerminalSessionId": "1", "ProcessGuid": "C784477D-0117-62FE-750A-000000004700", "ProcessId": "4252", "Product": "Microsoft\u00ae Windows\u00ae Operating System", "Description": "Windows Command Processor", "Company": "Microsoft Corporation", "ParentProcessGuid": "C784477D-0114-62FE-EE09-000000004700", "User": "DESKTOP-B0T93D6\\george", "Hashes": "MD5=F3BDBE3BB6F734E357235F4D5898582D,SHA256=3685495D051137B1C4EFDE22C26DF0883614B6453B762FA84588DA55ED2E7744,IMPHASH=0AF8419BE362159398343D7B31721726", "OriginalFileName": "Cmd.Exe", "ParentImage": "C:\\Program Files (x86)\\AutoIt3\\AutoIt3.exe", "FileVersion": "10.0.17134.1 (WinBuild.160101.0800)", "ParentProcessId": "2304", "CurrentDirectory": "C:\\Program Files (x86)\\AutoIt3\\", "CommandLine": "C:\\Windows\\system32\\cmd.exe /c \"sc start MpsSvc\" 1> fw 2>&1", "EventID": "1", "LogonGuid": "C784477D-FFCB-62FD-AD47-040000000000", "LogonId": "280493", "Image": "C:\\Windows\\SysWOW64\\cmd.exe", "IntegrityLevel": "High", "ParentCommandLine": "\"C:\\Program Files (x86)\\AutoIt3\\AutoIt3.exe\" \"C:\\Users\\george\\Desktop\\script.0.au3\"", "UtcTime": "2022-08-18 09:06:31.983", "RuleName": "-"}}, {"values": {"TerminalSessionId": "1", "ProcessGuid": "C784477D-0118-62FE-780A-000000004700", "ProcessId": "7024", "Product": "Microsoft\u00ae Windows\u00ae Operating System", "Description": "Windows Command Processor", "Company": "Microsoft Corporation", "ParentProcessGuid": "C784477D-0114-62FE-EE09-000000004700", "User": "DESKTOP-B0T93D6\\george", "Hashes": "MD5=F3BDBE3BB6F734E357235F4D5898582D,SHA256=3685495D051137B1C4EFDE22C26DF0883614B6453B762FA84588DA55ED2E7744,IMPHASH=0AF8419BE362159398343D7B31721726", "OriginalFileName": "Cmd.Exe", "ParentImage": "C:\\Program Files (x86)\\AutoIt3\\AutoIt3.exe", "FileVersion": "10.0.17134.1 (WinBuild.160101.0800)", "ParentProcessId": "2304", "CurrentDirectory": "C:\\Program Files (x86)\\AutoIt3\\", "CommandLine": "C:\\Windows\\system32\\cmd.exe /c \"netsh advfirewall set allprofiles state off\" 1> fw 2>&1", "EventID": "1", "LogonGuid": "C784477D-FFCB-62FD-AD47-040000000000", "LogonId": "280493", "Image": "C:\\Windows\\SysWOW64\\cmd.exe", "IntegrityLevel": "High", "ParentCommandLine": "\"C:\\Program Files (x86)\\AutoIt3\\AutoIt3.exe\" \"C:\\Users\\george\\Desktop\\script.0.au3\"", "UtcTime": "2022-08-18 09:06:32.043", "RuleName": "-"}}, {"values": {"TerminalSessionId": "1", "ProcessGuid": "C784477D-0118-62FE-A10A-000000004700", "ProcessId": "7124", "Product": "Microsoft\u00ae Windows\u00ae Operating System", "Description": "Windows Command Processor", "Company": "Microsoft Corporation", "ParentProcessGuid": "C784477D-0114-62FE-EE09-000000004700", "User": "DESKTOP-B0T93D6\\george", "Hashes": "MD5=F3BDBE3BB6F734E357235F4D5898582D,SHA256=3685495D051137B1C4EFDE22C26DF0883614B6453B762FA84588DA55ED2E7744,IMPHASH=0AF8419BE362159398343D7B31721726", "OriginalFileName": "Cmd.Exe", "ParentImage": "C:\\Program Files (x86)\\AutoIt3\\AutoIt3.exe", "FileVersion": "10.0.17134.1 (WinBuild.160101.0800)", "ParentProcessId": "2304", "CurrentDirectory": "C:\\Program Files (x86)\\AutoIt3\\", "CommandLine": "C:\\Windows\\system32\\cmd.exe /c C:\\Windows\\Sysnative\\bcdedit.exe 1> bcdedit 2>&1", "EventID": "1", "LogonGuid": "C784477D-FFCB-62FD-AD47-040000000000", "LogonId": "280493", "Image": "C:\\Windows\\SysWOW64\\cmd.exe", "IntegrityLevel": "High", "ParentCommandLine": "\"C:\\Program Files (x86)\\AutoIt3\\AutoIt3.exe\" \"C:\\Users\\george\\Desktop\\script.0.au3\"", "UtcTime": "2022-08-18 09:06:32.545", "RuleName": "-"}}, {"values": {"TerminalSessionId": "1", "ProcessGuid": "C784477D-0119-62FE-AC0A-000000004700", "ProcessId": "548", "Product": "Microsoft\u00ae Windows\u00ae Operating System", "Description": "Windows Command Processor", "Company": "Microsoft Corporation", "ParentProcessGuid": "C784477D-0114-62FE-EE09-000000004700", "User": "DESKTOP-B0T93D6\\george", "Hashes": "MD5=F3BDBE3BB6F734E357235F4D5898582D,SHA256=3685495D051137B1C4EFDE22C26DF0883614B6453B762FA84588DA55ED2E7744,IMPHASH=0AF8419BE362159398343D7B31721726", "OriginalFileName": "Cmd.Exe", "ParentImage": "C:\\Program Files (x86)\\AutoIt3\\AutoIt3.exe", "FileVersion": "10.0.17134.1 (WinBuild.160101.0800)", "ParentProcessId": "2304", "CurrentDirectory": "C:\\Program Files (x86)\\AutoIt3\\", "CommandLine": "C:\\Windows\\system32\\cmd.exe /c netsh advfirewall firewall add rule name=\"CKKRP\" dir=in action=allow protocol=UDP localport=74 1> fw.out 2>&1", "EventID": "1", "LogonGuid": "C784477D-FFCB-62FD-AD47-040000000000", "LogonId": "280493", "Image": "C:\\Windows\\SysWOW64\\cmd.exe", "IntegrityLevel": "High", "ParentCommandLine": "\"C:\\Program Files (x86)\\AutoIt3\\AutoIt3.exe\" \"C:\\Users\\george\\Desktop\\script.0.au3\"", "UtcTime": "2022-08-18 09:06:33.382", "RuleName": "-"}}, {"values": {"TerminalSessionId": "1", "ProcessGuid": "C784477D-0119-62FE-AF0A-000000004700", "ProcessId": "6760", "Product": "Microsoft\u00ae Windows\u00ae Operating System", "Description": "Windows Command Processor", "Company": "Microsoft Corporation", "ParentProcessGuid": "C784477D-0114-62FE-EE09-000000004700", "User": "DESKTOP-B0T93D6\\george", "Hashes": "MD5=F3BDBE3BB6F734E357235F4D5898582D,SHA256=3685495D051137B1C4EFDE22C26DF0883614B6453B762FA84588DA55ED2E7744,IMPHASH=0AF8419BE362159398343D7B31721726", "OriginalFileName": "Cmd.Exe", "ParentImage": "C:\\Program Files (x86)\\AutoIt3\\AutoIt3.exe", "FileVersion": "10.0.17134.1 (WinBuild.160101.0800)", "ParentProcessId": "2304", "CurrentDirectory": "C:\\Program Files (x86)\\AutoIt3\\", "CommandLine": "C:\\Windows\\system32\\cmd.exe /c netsh advfirewall firewall add rule name=\"vgCJR\" dir=out action=allow protocol=UDP localport=74 1> fw.out 2>&1", "EventID": "1", "LogonGuid": "C784477D-FFCB-62FD-AD47-040000000000", "LogonId": "280493", "Image": "C:\\Windows\\SysWOW64\\cmd.exe", "IntegrityLevel": "High", "ParentCommandLine": "\"C:\\Program Files (x86)\\AutoIt3\\AutoIt3.exe\" \"C:\\Users\\george\\Desktop\\script.0.au3\"", "UtcTime": "2022-08-18 09:06:33.506", "RuleName": "-"}}, {"values": {"TerminalSessionId": "1", "ProcessGuid": "C784477D-96E5-633C-C40A-000000004700", "ProcessId": "8020", "Product": "Microsoft\u00ae Windows\u00ae Operating System", "Description": "Windows Command Processor", "Company": "Microsoft Corporation", "ParentProcessGuid": "C784477D-011A-62FE-B30A-000000004700", "User": "DESKTOP-B0T93D6\\george", "Hashes": "MD5=4E2ACF4F8A396486AB4268C94A6A245F,SHA256=9A7C58BD98D70631AA1473F7B57B426DB367D72429A5455B433A05EE251F3236,IMPHASH=8542FB14699D84D7E8DA92F66145C7FE", "OriginalFileName": "Cmd.Exe", "ParentImage": "C:\\Program Files (x86)\\Joebox\\control\\joeboxcontrol.exe", "FileVersion": "10.0.17134.1 (WinBuild.160101.0800)", "ParentProcessId": "7364", "CurrentDirectory": "C:\\Program Files (x86)\\Joebox\\control\\", "CommandLine": "C:\\Windows\\system32\\cmd.exe /c icacls \\\\192.168.2.1\\joe-windows-g14-3\\syscalls\\ /setintegritylevel (CI)(OI)L > nul", "EventID": "1", "LogonGuid": "C784477D-FFCB-62FD-AD47-040000000000", "LogonId": "280493", "Image": "C:\\Windows\\System32\\cmd.exe", "IntegrityLevel": "High", "ParentCommandLine": "\"C:\\Program Files (x86)\\Joebox\\control\\joeboxcontrol.exe\"", "UtcTime": "2022-10-04 20:26:13.697", "RuleName": "-"}}], "rule_level": "low", "rule_id": "e77646c39db7fa011a5223aeb73c738046787fc7f62a99394e883d76a54341f7", "rule_author": "frack113", "rule_description": "Use \">\" to redicrect information in commandline"}, {"rule_title": "Net.exe Execution", "rule_source": "Sigma Integrated Rule Set (GitHub)", "match_context": [{"values": {"TerminalSessionId": "1", "ProcessGuid": "C784477D-0115-62FE-FB09-000000004700", "ProcessId": "6660", "Product": "Microsoft\u00ae Windows\u00ae Operating System", "Description": "Net Command", "Company": "Microsoft Corporation", "ParentProcessGuid": "C784477D-0115-62FE-F909-000000004700", "User": "DESKTOP-B0T93D6\\george", "Hashes": "MD5=DD0561156F62BC1958CE0E370B23711B,SHA256=FD41D0261C6D22572DA448BCB5CBBB98F78A2922D1F1074D25237CC82C8CE432,IMPHASH=86350518EAE83E4A09BBF6317BA1C570", "OriginalFileName": "net.exe", "ParentImage": "C:\\Windows\\SysWOW64\\cmd.exe", "FileVersion": "10.0.17134.1 (WinBuild.160101.0800)", "ParentProcessId": "6600", "CurrentDirectory": "C:\\Program Files (x86)\\AutoIt3\\", "CommandLine": "net  stop SysMain", "EventID": "1", "LogonGuid": "C784477D-FFCB-62FD-AD47-040000000000", "LogonId": "280493", "Image": "C:\\Windows\\SysWOW64\\net.exe", "IntegrityLevel": "High", "ParentCommandLine": "C:\\Windows\\system32\\cmd.exe /c net stop SysMain", "UtcTime": "2022-08-18 09:06:29.953", "RuleName": "-"}}, {"values": {"TerminalSessionId": "1", "ProcessGuid": "C784477D-0115-62FE-FD09-000000004700", "ProcessId": "6688", "Product": "Microsoft\u00ae Windows\u00ae Operating System", "Description": "Net Command", "Company": "Microsoft Corporation", "ParentProcessGuid": "C784477D-0115-62FE-FB09-000000004700", "User": "DESKTOP-B0T93D6\\george", "Hashes": "MD5=B5A26C2BF17222E86B91D26F1247AF3E,SHA256=14CC5BE4C833ACC652195DEAD113E1C3B4AC0B98EA1AEAD11957836F9AE721CF,IMPHASH=3D3E7537BD3BA07738DC5CA8AD01B073", "OriginalFileName": "net1.exe", "ParentImage": "C:\\Windows\\SysWOW64\\net.exe", "FileVersion": "10.0.17134.1 (WinBuild.160101.0800)", "ParentProcessId": "6660", "CurrentDirectory": "C:\\Program Files (x86)\\AutoIt3\\", "CommandLine": "C:\\Windows\\system32\\net1  stop SysMain", "EventID": "1", "LogonGuid": "C784477D-FFCB-62FD-AD47-040000000000", "LogonId": "280493", "Image": "C:\\Windows\\SysWOW64\\net1.exe", "IntegrityLevel": "High", "ParentCommandLine": "net  stop SysMain", "UtcTime": "2022-08-18 09:06:29.966", "RuleName": "-"}}, {"values": {"TerminalSessionId": "1", "ProcessGuid": "C784477D-0116-62FE-0C0A-000000004700", "ProcessId": "6992", "Product": "Microsoft\u00ae Windows\u00ae Operating System", "Description": "Net Command", "Company": "Microsoft Corporation", "ParentProcessGuid": "C784477D-0116-62FE-0A0A-000000004700", "User": "DESKTOP-B0T93D6\\george", "Hashes": "MD5=DD0561156F62BC1958CE0E370B23711B,SHA256=FD41D0261C6D22572DA448BCB5CBBB98F78A2922D1F1074D25237CC82C8CE432,IMPHASH=86350518EAE83E4A09BBF6317BA1C570", "OriginalFileName": "net.exe", "ParentImage": "C:\\Windows\\SysWOW64\\cmd.exe", "FileVersion": "10.0.17134.1 (WinBuild.160101.0800)", "ParentProcessId": "5004", "CurrentDirectory": "C:\\Program Files (x86)\\AutoIt3\\", "CommandLine": "net  stop AdobeARMservice", "EventID": "1", "LogonGuid": "C784477D-FFCB-62FD-AD47-040000000000", "LogonId": "280493", "Image": "C:\\Windows\\SysWOW64\\net.exe", "IntegrityLevel": "High", "ParentCommandLine": "C:\\Windows\\system32\\cmd.exe /c net stop AdobeARMservice", "UtcTime": "2022-08-18 09:06:30.498", "RuleName": "-"}}, 