{"values": {"TerminalSessionId": "1", "ProcessGuid": "C784477D-FFE6-62FD-2F08-000000004700", "ProcessId": "1028", "Product": "Microsoft\u00ae Windows\u00ae Operating System", "Description": "Eventing Command Line Utility", "Company": "Microsoft Corporation", "ParentProcessGuid": "C784477D-FFCB-62FD-7700-000000004700", "User": "DESKTOP-B0T93D6\\george", "Hashes": "MD5=0269064AA2DD91125F13635FB194F499,SHA256=AB86C6C090FA85C2920A637D2BE274335A86FBC0A7FB706E893493B50840DC0A,IMPHASH=89A3D9DE9FED48F734C9553D16342280", "OriginalFileName": "wevtutil.exe", "ParentImage": "C:\\Windows\\System32\\cmd.exe", "FileVersion": "10.0.17134.81 (WinBuild.160101.0800)", "ParentProcessId": "4232", "CurrentDirectory": "C:\\Windows\\system32\\", "CommandLine": "wevtutil  cl \"Microsoft-Windows-Wordpad/Admin\"", "EventID": "1", "LogonGuid": "C784477D-FFCB-62FD-AD47-040000000000", "LogonId": "280493", "Image": "C:\\Windows\\System32\\wevtutil.exe", "IntegrityLevel": "High", "ParentCommandLine": "C:\\Windows\\SYSTEM32\\cmd.exe /c \"C:\\startup.bat\"", "UtcTime": "2022-08-18 09:01:26.005", "RuleName": "-"}}, {"values": {"TerminalSessionId": "1", "ProcessGuid": "C784477D-FFE6-62FD-3008-000000004700", "ProcessId": "416", "Product": "Microsoft\u00ae Windows\u00ae Operating System", "Description": "Eventing Command Line Utility", "Company": "Microsoft Corporation", "ParentProcessGuid": "C784477D-FFD8-62FD-B400-000000004700", "User": "DESKTOP-B0T93D6\\george", "Hashes": "MD5=0269064AA2DD91125F13635FB194F499,SHA256=AB86C6C090FA85C2920A637D2BE274335A86FBC0A7FB706E893493B50840DC0A,IMPHASH=89A3D9DE9FED48F734C9553D16342280", "OriginalFileName": "wevtutil.exe", "ParentImage": "C:\\Windows\\System32\\cmd.exe", "FileVersion": "10.0.17134.81 (WinBuild.160101.0800)", "ParentProcessId": "6076", "CurrentDirectory": "C:\\", "CommandLine": "wevtutil  cl \"Microsoft-Windows-TSF-msctf/Diagnostic\"", "EventID": "1", "LogonGuid": "C784477D-FFCB-62FD-AD47-040000000000", "LogonId": "280493", "Image": "C:\\Windows\\System32\\wevtutil.exe", "IntegrityLevel": "High", "ParentCommandLine": "\"C:\\Windows\\System32\\cmd.exe\" /C \"C:\\startup.bat\" ", "UtcTime": "2022-08-18 09:01:26.005", "RuleName": "-"}}, {"values": {"TerminalSessionId": "1", "ProcessGuid": "C784477D-FFE6-62FD-3108-000000004700", "ProcessId": "5648", "Product": "Microsoft\u00ae Windows\u00ae Operating System", "Description": "Eventing Command Line Utility", "Company": "Microsoft Corporation", "ParentProcessGuid": "C784477D-FFD8-62FD-B400-000000004700", "User": "DESKTOP-B0T93D6\\george", "Hashes": "MD5=0269064AA2DD91125F13635FB194F499,SHA256=AB86C6C090FA85C2920A637D2BE274335A86FBC0A7FB706E893493B50840DC0A,IMPHASH=89A3D9DE9FED48F734C9553D16342280", "OriginalFileName": "wevtutil.exe", "ParentImage": "C:\\Windows\\System32\\cmd.exe", "FileVersion": "10.0.17134.81 (WinBuild.160101.0800)", "ParentProcessId": "6076", "CurrentDirectory": "C:\\", "CommandLine": "wevtutil  cl \"Microsoft-Windows-TSF-msutb/Debug\"", "EventID": "1", "LogonGuid": "C784477D-FFCB-62FD-AD47-040000000000", "LogonId": "280493", "Image": "C:\\Windows\\System32\\wevtutil.exe", "IntegrityLevel": "High", "ParentCommandLine": "\"C:\\Windows\\System32\\cmd.exe\" /C \"C:\\startup.bat\" ", "UtcTime": "2022-08-18 09:01:26.017", "RuleName": "-"}}, {"values": {"TerminalSessionId": "1", "ProcessGuid": "C784477D-FFE6-62FD-3208-000000004700", "ProcessId": "1848", "Product": "Microsoft\u00ae Windows\u00ae Operating System", "Description": "Eventing Command Line Utility", "Company": "Microsoft Corporation", "ParentProcessGuid": "C784477D-FFCB-62FD-7700-000000004700", "User": "DESKTOP-B0T93D6\\george", "Hashes": "MD5=0269064AA2DD91125F13635FB194F499,SHA256=AB86C6C090FA85C2920A637D2BE274335A86FBC0A7FB706E893493B50840DC0A,IMPHASH=89A3D9DE9FED48F734C9553D16342280", "OriginalFileName": "wevtutil.exe", "ParentImage": "C:\\Windows\\System32\\cmd.exe", "FileVersion": "10.0.17134.81 (WinBuild.160101.0800)", "ParentProcessId": "4232", "CurrentDirectory": "C:\\Windows\\system32\\", "CommandLine": "wevtutil  cl \"Microsoft-Windows-Wordpad/Debug\"", "EventID": "1", "LogonGuid": "C784477D-FFCB-62FD-AD47-040000000000", "LogonId": "280493", "Image": "C:\\Windows\\System32\\wevtutil.exe", "IntegrityLevel": "High", "ParentCommandLine": "C:\\Windows\\SYSTEM32\\cmd.exe /c \"C:\\startup.bat\"", "UtcTime": "2022-08-18 09:01:26.018", "RuleName": "-"}}, {"values": {"TerminalSessionId": "1", "ProcessGuid": "C784477D-FFE6-62FD-3308-000000004700", "ProcessId": "5924", "Product": "Microsoft\u00ae Windows\u00ae Operating System", "Description": "Eventing Command Line Utility", "Company": "Microsoft Corporation", "ParentProcessGuid": "C784477D-FFD8-62FD-B400-000000004700", "User": "DESKTOP-B0T93D6\\george", "Hashes": "MD5=0269064AA2DD91125F13635FB194F499,SHA256=AB86C6C090FA85C2920A637D2BE274335A86FBC0A7FB706E893493B50840DC0A,IMPHASH=89A3D9DE9FED48F734C9553D16342280", "OriginalFileName": "wevtutil.exe", "ParentImage": "C:\\Windows\\System32\\cmd.exe", "FileVersion": "10.0.17134.81 (WinBuild.160101.0800)", "ParentProcessId": "6076", "CurrentDirectory": "C:\\", "CommandLine": "wevtutil  cl \"Microsoft-Windows-TSF-msutb/Diagnostic\"", "EventID": "1", "LogonGuid": "C784477D-FFCB-62FD-AD47-040000000000", "LogonId": "280493", "Image": "C:\\Windows\\System32\\wevtutil.exe", "IntegrityLevel": "High", "ParentCommandLine": "\"C:\\Windows\\System32\\cmd.exe\" /C \"C:\\startup.bat\" ", "UtcTime": "2022-08-18 09:01:26.028", "RuleName": "-"}}, {"values": {"TerminalSessionId": "1", "ProcessGuid": "C784477D-FFE6-62FD-3408-000000004700", "ProcessId": "5844", "Product": "Microsoft\u00ae Windows\u00ae Operating System", "Description": "Eventing Command Line Utility", "Company": "Microsoft Corporation", "ParentProcessGuid": "C784477D-FFCB-62FD-7700-000000004700", "User": "DESKTOP-B0T93D6\\george", "Hashes": "MD5=0269064AA2DD91125F13635FB194F499,SHA256=AB86C6C090FA85C2920A637D2BE274335A86FBC0A7FB706E893493B50840DC0A,IMPHASH=89A3D9DE9FED48F734C9553D16342280", "OriginalFileName": "wevtutil.exe", "ParentImage": "C:\\Windows\\System32\\cmd.exe", "FileVersion": "10.0.17134.81 (WinBuild.160101.0800)", "ParentProcessId": "4232", "CurrentDirectory": "C:\\Windows\\system32\\", "CommandLine": "wevtutil  cl \"Microsoft-Windows-Wordpad/Diagnostic\"", "EventID": "1", "LogonGuid": "C784477D-FFCB-62FD-AD47-040000000000", "LogonId": "280493", "Image": "C:\\Windows\\System32\\wevtutil.exe", "IntegrityLevel": "High", "ParentCommandLine": "C:\\Windows\\SYSTEM32\\cmd.exe /c \"C:\\startup.bat\"", "UtcTime": "2022-08-18 09:01:26.029", "RuleName": "-"}}, {"values": {"TerminalSessionId": "1", "ProcessGuid": "C784477D-FFE6-62FD-3508-000000004700", "ProcessId": "4864", "Product": "Microsoft\u00ae Windows\u00ae Operating System", "Description": "Eventing Command Line Utility", "Company": "Microsoft Corporation", "ParentProcessGuid": "C784477D-FFD8-62FD-B400-000000004700", "User": "DESKTOP-B0T93D6\\george", "Hashes": "MD5=0269064AA2DD91125F13635FB194F499,SHA256=AB86C6C090FA85C2920A637D2BE274335A86FBC0A7FB706E893493B50840DC0A,IMPHASH=89A3D9DE9FED48F734C9553D16342280", "OriginalFileName": "wevtutil.exe", "ParentImage": "C:\\Windows\\System32\\cmd.exe", "FileVersion": "10.0.17134.81 (WinBuild.160101.0800)", "ParentProcessId": "6076", "CurrentDirectory": "C:\\", "CommandLine": "wevtutil  cl \"Microsoft-Windows-TTS/Diagnostic\"", "EventID": "1", "LogonGuid": "C784477D-FFCB-62FD-AD47-040000000000", "LogonId": "280493", "Image": "C:\\Windows\\System32\\wevtutil.exe", "IntegrityLevel": "High", "ParentCommandLine": "\"C:\\Windows\\System32\\cmd.exe\" /C \"C:\\startup.bat\" ", "UtcTime": "2022-08-18 09:01:26.040", "RuleName": "-"}}, {"values": {"TerminalSessionId": "1", "ProcessGuid": "C784477D-FFE6-62FD-3608-000000004700", "ProcessId": "2724", "Product": "Microsoft\u00ae Windows\u00ae Operating System", "Description": "Eventing Command Line Utility", "Company": "Microsoft Corporation", "ParentProcessGuid": "C784477D-FFCB-62FD-7700-000000004700", "User": "DESKTOP-B0T93D6\\george", "Hashes": "MD5=0269064AA2DD91125F13635FB194F499,SHA256=AB86C6C090FA85C2920A637D2BE274335A86FBC0A7FB706E893493B50840DC0A,IMPHASH=89A3D9DE9FED48F734C9553D16342280", "OriginalFileName": "wevtutil.exe", "ParentImage": "C:\\Windows\\System32\\cmd.exe", "FileVersion": "10.0.17134.81 (WinBuild.160101.0800)", "ParentProcessId": "4232", "CurrentDirectory": "C:\\Windows\\system32\\", "CommandLine": "wevtutil  cl \"Microsoft-Windows-WorkFolders/Analytic\"", "EventID": "1", "LogonGuid": "C784477D-FFCB-62FD-AD47-040000000000", "LogonId": "280493", "Image": "C:\\Windows\\System32\\wevtutil.exe", "IntegrityLevel": "High", "ParentCommandLine": "C:\\Windows\\SYSTEM32\\cmd.exe /c \"C:\\startup.bat\"", "UtcTime": "2022-08-18 09:01:26.041", "RuleName": "-"}}, {"values": {"TerminalSessionId": "1", "ProcessGuid": "C784477D-FFE6-62FD-3708-000000004700", "ProcessId": "1996", "Product": "Microsoft\u00ae Windows\u00ae Operating System", "Description": "Eventing Command Line Utility", "Company": "Microsoft Corporation", "ParentProcessGuid": "C784477D-FFD8-62FD-B400-000000004700", "User": "DESKTOP-B0T93D6\\george", "Hashes": "MD5=0269064AA2DD91125F13635FB194F499,SHA256=AB86C6C090FA85C2920A637D2BE274335A86FBC0A7FB706E893493B50840DC0A,IMPHASH=89A3D9DE9FED48F734C9553D16342280", "OriginalFileName": "wevtutil.exe", "ParentImage": "C:\\Windows\\System32\\cmd.exe", "FileVersion": "10.0.17134.81 (WinBuild.160101.0800)", "ParentProcessId": "6076", "CurrentDirectory": "C:\\", "CommandLine": "wevtutil  cl \"Microsoft-Windows-TWinAPI/Diagnostic\"", "EventID": "1", "LogonGuid": "C784477D-FFCB-62FD-AD47-040000000000", "LogonId": "280493", "Image": "C:\\Windows\\System32\\wevtutil.exe", "IntegrityLevel": "High", "ParentCommandLine": "\"C:\\Windows\\System32\\cmd.exe\" /C \"C:\\startup.bat\" ", "UtcTime": "2022-08-18 09:01:26.050", "RuleName": "-"}}, {"values": {"TerminalSessionId": "1", "ProcessGuid": "C784477D-FFE6-62FD-3808-000000004700", "ProcessId": "1692", "Product": "Microsoft\u00ae Windows\u00ae Operating System", "Description": "Eventing Command Line Utility", "Company": "Microsoft Corporation", "ParentProcessGuid": "C784477D-FFCB-62FD-7700-000000004700", "User": "DESKTOP-B0T93D6\\george", "Hashes": "MD5=0269064AA2DD91125F13635FB194F499,SHA256=AB86C6C090FA85C2920A637D2BE274335A86FBC0A7FB706E893493B50840DC0A,IMPHASH=89A3D9DE9FED48F734C9553D16342280", "OriginalFileName": "wevtutil.exe", "ParentImage": "C:\\Windows\\System32\\cmd.exe", "FileVersion": "10.0.17134.81 (WinBuild.160101.0800)", "ParentProcessId": "4232", "CurrentDirectory": "C:\\Windows\\system32\\", "CommandLine": "wevtutil  cl \"Microsoft-Windows-WorkFolders/Debug\"", "EventID": "1", "LogonGuid": "C784477D-FFCB-62FD-AD47-040000000000", "LogonId": "280493", "Image": "C:\\Windows\\System32\\wevtutil.exe", "IntegrityLevel": "High", "ParentCommandLine": "C:\\Windows\\SYSTEM32\\cmd.exe /c \"C:\\startup.bat\"", "UtcTime": "2022-08-18 09:01:26.051", "RuleName": "-"}}, {"values": {"TerminalSessionId": "1", "ProcessGuid": "C784477D-FFE6-62FD-3908-000000004700", "ProcessId": "4672", "Product": "Microsoft\u00ae Windows\u00ae Operating System", "Description": "Eventing Command Line Utility", "Company": "Microsoft Corporation", "ParentProcessGuid": "C784477D-FFD8-62FD-B400-000000004700", "User": "DESKTOP-B0T93D6\\george", "Hashes": "MD5=0269064AA2DD91125F13635FB194F499,SHA256=AB86C6C090FA85C2920A637D2BE274335A86FBC0A7FB706E893493B50840DC0A,IMPHASH=89A3D9DE9FED48F734C9553D16342280", "OriginalFileName": "wevtutil.exe", "ParentImage": "C:\\Windows\\System32\\cmd.exe", "FileVersion": "10.0.17134.81 (WinBuild.160101.0800)", "ParentProcessId": "6076", "CurrentDirectory": "C:\\", "CommandLine": "wevtutil  cl \"Microsoft-Windows-TWinUI/Diagnostic\"", "EventID": "1", "LogonGuid": "C784477D-FFCB-62FD-AD47-040000000000", "LogonId": "280493", "Image": "C:\\Windows\\System32\\wevtutil.exe", "IntegrityLevel": "High", "ParentCommandLine": "\"C:\\Windows\\System32\\cmd.exe\" /C \"C:\\startup.bat\" ", "UtcTime": "2022-08-18 09:01:26.061", "RuleName": "-"}}, {"values": {"TerminalSessionId": "1", "ProcessGuid": "C784477D-FFE6-62FD-3A08-000000004700", "ProcessId": "5400", "Product": "Microsoft\u00ae Windows\u00ae Operating System", "Description": "Eventing Command Line Utility", "Company": "Microsoft Corporation", "ParentProcessGuid": "C784477D-FFCB-62FD-7700-000000004700", "User": "DESKTOP-B0T93D6\\george", "Hashes": "MD5=0269064AA2DD91125F13635FB194F499,SHA256=AB86C6C090FA85C2920A637D2BE274335A86FBC0A7FB706E893493B50840DC0A,IMPHASH=89A3D9DE9FED48F734C9553D16342280", "OriginalFileName": "wevtutil.exe", "ParentImage": "C:\\Windows\\System32\\cmd.exe", "FileVersion": "10.0.17134.81 (WinBuild.160101.0800)", "ParentProcessId": "4232", "CurrentDirectory": "C:\\Windows\\system32\\", "CommandLine": "wevtutil  cl \"Microsoft-Windows-WorkFolders/Operational\"", "EventID": "1", "LogonGuid": "C784477D-FFCB-62FD-AD47-040000000000", "LogonId": "280493", "Image": "C:\\Windows\\System32\\wevtutil.exe", "IntegrityLevel": "High", "ParentCommandLine": "C:\\Windows\\SYSTEM32\\cmd.exe /c \"C:\\startup.bat\"", "UtcTime": "2022-08-18 09:01:26.063", "RuleName": "-"}}, {"values": {"TerminalSessionId": "1", "ProcessGuid": "C784477D-FFE6-62FD-3B08-000000004700", "ProcessId": "864", "Product": "Microsoft\u00ae Windows\u00ae Operating System", "Description": "Eventing Command Line Utility", "Company": "Microsoft Corporation", "ParentProcessGuid": "C784477D-FFD8-62FD-B400-000000004700", "User": "DESKTOP-B0T93D6\\george", "Hashes": "MD5=0269064AA2DD91125F13635FB194F499,SHA256=AB86C6C090FA85C2920A637D2BE274335A86FBC0A7FB706E893493B50840DC0A,IMPHASH=89A3D9DE9FED48F734C9553D16342280", "OriginalFileName": "wevtutil.exe", "ParentImage": "C:\\Windows\\System32\\cmd.exe", "FileVersion": "10.0.17134.81 (WinBuild.160101.0800)", "ParentProcessId": "6076", "CurrentDirectory": "C:\\", "CommandLine": "wevtutil  cl \"Microsoft-Windows-TWinUI/Operational\"", "EventID": "1", "LogonGuid": "C784477D-FFCB-62FD-AD47-040000000000", "LogonId": "280493", "Image": "C:\\Windows\\System32\\wevtutil.exe", "IntegrityLevel": "High", "ParentCommandLine": "\"C:\\Windows\\System32\\cmd.exe\" /C \"C:\\startup.bat\" ", "UtcTime": "2022-08-18 09:01:26.073", "RuleName": "-"}}, {"values": {"TerminalSessionId": "1", "ProcessGuid": "C784477D-FFE6-62FD-3C08-000000004700", "ProcessId": "1792", "Product": "Microsoft\u00ae Windows\u00ae Operating System", "Description": "Eventing Command Line Utility", "Company": "Microsoft Corporation", "ParentProcessGuid": "C784477D-FFCB-62FD-7700-000000004700", "User": "DESKTOP-B0T93D6\\george", "Hashes": "MD5=0269064AA2DD91125F13635FB194F499,SHA256=AB86C6C090FA85C2920A637D2BE274335A86FBC0A7FB706E893493B50840DC0A,IMPHASH=89A3D9DE9FED48F734C9553D16342280", "OriginalFileName": "wevtutil.exe", "ParentImage": "C:\\Windows\\System32\\cmd.exe", "FileVersion": "10.0.17134.81 (WinBuild.160101.0800)", "ParentProcessId": "4232", "CurrentDirectory": "C:\\Windows\\system32\\", "CommandLine": "wevtutil  cl \"Microsoft-Windows-WorkFolders/WHC\"", "EventID": "1", "LogonGuid": "C784477D-FFCB-62FD-AD47-040000000000", "LogonId": "280493", "Image": "C:\\Windows\\System32\\wevtutil.exe", "IntegrityLevel": "High", "ParentCommandLine": "C:\\Windows\\SYSTEM32\\cmd.exe /c \"C:\\startup.bat\"", "UtcTime": "2022-08-18 09:01:26.079", "RuleName": "-"}}, {"values": {"TerminalSessionId": "1", "ProcessGuid": "C784477D-FFE6-62FD-3D08-000000004700", "ProcessId": "5308", "Product": "Microsoft\u00ae Windows\u00ae Operating System", "Description": "Eventing Command Line Utility", "Company": "Microsoft Corporation", "ParentProcessGuid": "C784477D-FFD8-62FD-B400-000000004700", "User": "DESKTOP-B0T93D6\\george", "Hashes": "MD5=0269064AA2DD91125F13635FB194F499,SHA256=AB86C6C090FA85C2920A637D2BE274335A86FBC0A7FB706E893493B50840DC0A,IMPHASH=89A3D9DE9FED48F734C9553D16342280", "OriginalFileName": "wevtutil.exe", "ParentImage": "C:\\Windows\\System32\\cmd.exe", "FileVersion": "10.0.17134.81 (WinBuild.160101.0800)", "ParentProcessId": "6076", "CurrentDirectory": "C:\\", "CommandLine": "wevtutil  cl \"Microsoft-Windows-TZSync/Analytic\"", "EventID": "1", "LogonGuid": "C784477D-FFCB-62FD-AD47-040000000000", "LogonId": "280493", "Image": "C:\\Windows\\System32\\wevtutil.exe", "IntegrityLevel": "High", "ParentCommandLine": "\"C:\\Windows\\System32\\cmd.exe\" /C \"C:\\startup.bat\" ", "UtcTime": "2022-08-18 09:01:26.088", "RuleName": "-"}}, {"values": {"TerminalSessionId": "1", "ProcessGuid": "C784477D-FFE6-62FD-3E08-000000004700", "ProcessId": "5652", "Product": "Microsoft\u00ae Windows\u00ae Operating System", "Description": "Eventing Command Line Utility", "Company": "Microsoft Corporation", "ParentProcessGuid": "C784477D-FFCB-62FD-7700-000000004700", "User": "DESKTOP-B0T93D6\\george", "Hashes": "MD5=0269064AA2DD91125F13635FB194F499,SHA256=AB86C6C090FA85C2920A637D2BE274335A86FBC0A7FB706E893493B50840DC0A,IMPHASH=89A3D9DE9FED48F734C9553D16342280", "OriginalFileName": "wevtutil.exe", "ParentImage": "C:\\Windows\\System32\\cmd.exe", "FileVersion": "10.0.17134.81 (WinBuild.160101.0800)", "ParentProcessId": "4232", "CurrentDirectory": "C:\\Windows\\system32\\", "CommandLine": "wevtutil  cl \"Microsoft-Windows-Workplace\"", "EventID": "1", "LogonGuid": "C784477D-FFCB-62FD-AD47-040000000000", "LogonId": "280493", "Image": "C:\\Windows\\System32\\wevtutil.exe", "IntegrityLevel": "High", "ParentCommandLine": "C:\\Windows\\SYSTEM32\\cmd.exe /c \"C:\\startup.bat\"", "UtcTime": "2022-08-18 09:01:26.095", "RuleName": "-"}}, {"values": {"TerminalSessionId": "1", "ProcessGuid": "C784477D-FFE6-62FD-3F08-000000004700", "ProcessId": "4604", "Product": "Microsoft\u00ae Windows\u00ae Operating System", "Description": "Eventing Command Line Utility", "Company": "Microsoft Corporation", "ParentProcessGuid": "C784477D-FFD8-62FD-B400-000000004700", "User": "DESKTOP-B0T93D6\\george", "Hashes": "MD5=0269064AA2DD91125F13635FB194F499,SHA256=AB86C6C090FA85C2920A637D2BE274335A86FBC0A7FB706E893493B50840DC0A,IMPHASH=89A3D9DE9FED48F734C9553D16342280", "OriginalFileName": "wevtutil.exe", "ParentImage": "C:\\Windows\\System32\\cmd.exe", "FileVersion": "10.0.17134.81 (WinBuild.160101.0800)", "ParentProcessId": "6076", "CurrentDirectory": "C:\\", "CommandLine": "wevtutil  cl \"Microsoft-Windows-TZSync/Operational\"", "EventID": "1", "LogonGuid": "C784477D-FFCB-62FD-AD47-040000000000", "LogonId": "280493", "Image": "C:\\Windows\\System32\\wevtutil.exe", "IntegrityLevel": "High", "ParentCommandLine": "\"C:\\Windows\\System32\\cmd.exe\" /C \"C:\\startup.bat\" ", "UtcTime": "2022-08-18 09:01:26.098", "RuleName": "-"}}, {"values": {"TerminalSessionId": "1", "ProcessGuid": "C784477D-FFE6-62FD-4008-000000004700", "ProcessId": "3272", "Product": "Microsoft\u00ae Windows\u00ae Operating System", "Description": "Eventing Command Line Utility", "Company": "Microsoft Corporation", "ParentProcessGuid": "C784477D-FFCB-62FD-7700-000000004700", "User": "DESKTOP-B0T93D6\\george", "Hashes": "MD5=0269064AA2DD91125F13635FB194F499,SHA256=AB86C6C090FA85C2920A637D2BE274335A86FBC0A7FB706E893493B50840DC0A,IMPHASH=89A3D9DE9FED48F734C9553D16342280", "OriginalFileName": "wevtutil.exe", "ParentImage": "C:\\Windows\\System32\\cmd.exe", "FileVersion": "10.0.17134.81 (WinBuild.160101.0800)", "ParentProcessId": "4232", "CurrentDirectory": "C:\\Windows\\system32\\", "CommandLine": "wevtutil  cl \"Microsoft-Windows-XAML-Diagnostics/Default\"", "EventID": "1", "LogonGuid": "C784477D-FFCB-62FD-AD47-040000000000", "LogonId": "280493", "Image": "C:\\Windows\\System32\\wevtutil.exe", "IntegrityLevel": "High", "ParentCommandLine": "C:\\Windows\\SYSTEM32\\cmd.exe /c \"C:\\startup.bat\"", "UtcTime": "2022-08-18 09:01:26.107", "RuleName": "-"}}, {"values": {"TerminalSessionId": "1", "ProcessGuid": "C784477D-FFE6-62FD-4108-000000004700", "ProcessId": "5912", "Product": "Microsoft\u00ae Windows\u00ae Operating System", "Description": "Eventing Command Line Utility", "Company": "Microsoft Corporation", "ParentProcessGuid": "C784477D-FFD8-62FD-B400-000000004700", "User": "DESKTOP-B0T93D6\\george", "Hashes": "MD5=0269064AA2DD91125F13635FB194F499,SHA256=AB86C6C090FA85C2920A637D2BE274335A86FBC0A7FB706E893493B50840DC0A,IMPHASH=89A3D9DE9FED48F734C9553D16342280", "OriginalFileName": "wevtutil.exe", "ParentImage": "C:\\Windows\\System32\\cmd.exe", "FileVersion": "10.0.17134.81 (WinBuild.160101.0800)", "ParentProcessId": "6076", "CurrentDirectory": "C:\\", "CommandLine": "wevtutil  cl \"Microsoft-Windows-TZUtil/Operational\"", "EventID": "1", "LogonGuid": "C784477D-FFCB-62FD-AD47-040000000000", "LogonId": "280493", "Image": "C:\\Windows\\System32\\wevtutil.exe", "IntegrityLevel": "High", "ParentCommandLine": "\"C:\\Windows\\System32\\cmd.exe\" /C \"C:\\startup.bat\" ", "UtcTime": "2022-08-18 09:01:26.116", "RuleName": "-"}}, {"values": {"TerminalSessionId": "1", "ProcessGuid": "C784477D-FFE6-62FD-4208-000000004700", "ProcessId": "460", "Product": "Microsoft\u00ae Windows\u00ae Operating System", "Description": "Eventing Command Line Utility", "Company": "Microsoft Corporation", "ParentProcessGuid": "C784477D-FFCB-62FD-7700-000000004700", "User": "DESKTOP-B0T93D6\\george", "Hashes": "MD5=0269064AA2DD91125F13635FB194F499,SHA256=AB86C6C090FA85C2920A637D2BE274335A86FBC0A7FB706E893493B50840DC0A,IMPHASH=89A3D9DE9FED48F734C9553D16342280", "OriginalFileName": "wevtutil.exe", "ParentImage": "C:\\Windows\\System32\\cmd.exe", "FileVersion": "10.0.17134.81 (WinBuild.160101.0800)", "ParentProcessId": "4232", "CurrentDirectory": "C:\\Windows\\system32\\", "CommandLine": "wevtutil  cl \"Microsoft-Windows-XAML/Default\"", "EventID": "1", "LogonGuid": "C784477D-FFCB-62FD-AD47-040000000000", "LogonId": "280493", "Image": "C:\\Windows\\System32\\wevtutil.exe", "IntegrityLevel": "High", "ParentCommandLine": "C:\\Windows\\SYSTEM32\\cmd.exe /c \"C:\\startup.bat\"", "UtcTime": "2022-08-18 09:01:26.119", "RuleName": "-"}}, {"values": {"TerminalSessionId": "1", "ProcessGuid": "C784477D-FFE6-62FD-4308-000000004700", "ProcessId": "84", "Product": "Microsoft\u00ae Windows\u00ae Operating System", "Description": "Eventing Command Line Utility", "Company": "Microsoft Corporation", "ParentProcessGuid": "C784477D-FFD8-62FD-B400-000000004700", "User": "DESKTOP-B0T93D6\\george", "Hashes": "MD5=0269064AA2DD91125F13635FB194F499,SHA256=AB86C6C090FA85C2920A637D2BE274335A86FBC0A7FB706E893493B50840DC0A,IMPHASH=89A3D9DE9FED48F734C9553D16342280", "OriginalFileName": "wevtutil.exe", "ParentImage": "C:\\Windows\\System32\\cmd.exe", "FileVersion": "10.0.17134.81 (WinBuild.160101.0800)", "ParentProcessId": "6076", "CurrentDirectory": "C:\\", "CommandLine": "wevtutil  cl \"Microsoft-Windows-TaskScheduler/Debug\"", "EventID": "1", "LogonGuid": "C784477D-FFCB-62FD-AD47-040000000000", "LogonId": "280493", "Image": "C:\\Windows\\System32\\wevtutil.exe", "IntegrityLevel": "High", "ParentCommandLine": "\"C:\\Windows\\System32\\cmd.exe\" /C \"C:\\startup.bat\" ", "UtcTime": "2022-08-18 09:01:26.130", "RuleName": "-"}}, {"values": {"TerminalSessionId": "1", "ProcessGuid": "C784477D-FFE6-62FD-4408-000000004700", "ProcessId": "3188", "Product": "Microsoft\u00ae Windows\u00ae Operating System", "Description": "Eventing Command Line Utility", "Company": "Microsoft Corporation", "ParentProcessGuid": "C784477D-FFCB-62FD-7700-000000004700", "User": "DESKTOP-B0T93D6\\george", "Hashes": "MD5=0269064AA2DD91125F13635FB194F499,SHA256=AB86C6C090FA85C2920A637D2BE274335A86FBC0A7FB706E893493B50840DC0A,IMPHASH=89A3D9DE9FED48F734C9553D16342280", "OriginalFileName": "wevtutil.exe", "ParentImage": "C:\\Windows\\System32\\cmd.exe", "FileVersion": "10.0.17134.81 (WinBuild.160101.0800)", "ParentProcessId": "4232", "CurrentDirectory": "C:\\Windows\\system32\\", "CommandLine": "wevtutil  cl \"Microsoft-Windows-XAudio2/Debug\"", "EventID": "1", "LogonGuid": "C784477D-FFCB-62FD-AD47-040000000000", "LogonId": "280493", "Image": "C:\\Windows\\System32\\wevtutil.exe", "IntegrityLevel": "High", "ParentCommandLine": "C:\\Windows\\SYSTEM32\\cmd.exe /c \"C:\\startup.bat\"", "UtcTime": "2022-08-18 09:01:26.130", "RuleName": "-"}}, {"values": {"TerminalSessionId": "1", "ProcessGuid": "C784477D-FFE6-62FD-4508-000000004700", "ProcessId": "1876", "Product": "Microsoft\u00ae Windows\u00ae Operating System", "Description": "Eventing Command Line Utility", "Company": "Microsoft Corporation", "ParentProcessGuid": "C784477D-FFD8-62FD-B400-000000004700", "User": "DESKTOP-B0T93D6\\george", "Hashes": "MD5=0269064AA2DD91125F13635FB194F499,SHA256=AB86C6C090FA85C2920A637D2BE274335A86FBC0A7FB706E893493B50840DC0A,IMPHASH=89A3D9DE9FED48F734C9553D16342280", "OriginalFileName": "wevtutil.exe", "ParentImage": "C:\\Windows\\System32\\cmd.exe", "FileVersion": "10.0.17134.81 (WinBuild.160101.0800)", "ParentProcessId": "6076", "CurrentDirectory": "C:\\", "CommandLine": "wevtutil  cl \"Microsoft-Windows-TaskScheduler/Diagnostic\"", "EventID": "1", "LogonGuid": "C784477D-FFCB-62FD-AD47-040000000000", "LogonId": "280493", "Image": "C:\\Windows\\System32\\wevtutil.exe", "IntegrityLevel": "High", "ParentCommandLine": "\"C:\\Windows\\System32\\cmd.exe\" /C \"C:\\startup.bat\" ", "UtcTime": "2022-08-18 09:01:26.141", "RuleName": "-"}}, {"values": {"TerminalSessionId": "1", "ProcessGuid": "C784477D-FFE6-62FD-4608-000000004700", "ProcessId": "1132", "Product": "Microsoft\u00ae Windows\u00ae Operating System", "Description": "Eventing Command Line Utility", "Company": "Microsoft Corporation", "ParentProcessGuid": "C784477D-FFCB-62FD-7700-000000004700", "User": "DESKTOP-B0T93D6\\george", "Hashes": "MD5=0269064AA2DD91125F13635FB194F499,SHA256=AB86C6C090FA85C2920A637D2BE274335A86FBC0A7FB706E893493B50840DC0A,IMPHASH=89A3D9DE9FED48F734C9553D16342280", "OriginalFileName": "wevtutil.exe", "ParentImage": "C:\\Windows\\System32\\cmd.exe", "FileVersion": "10.0.17134.81 (WinBuild.160101.0800)", "ParentProcessId": "4232", "CurrentDirectory": "C:\\Windows\\system32\\", "CommandLine": "wevtutil  cl \"Microsoft-Windows-XAudio2/Performance\"", "EventID": "1", "LogonGuid": "C784477D-FFCB-62FD-AD47-040000000000", "LogonId": "280493", "Image": "C:\\Windows\\System32\\wevtutil.exe", "IntegrityLevel": "High", "ParentCommandLine": "C:\\Windows\\SYSTEM32\\cmd.exe /c \"C:\\startup.bat\"", "UtcTime": "2022-08-18 09:01:26.142", "RuleName": "-"}}, {"values": {"TerminalSessionId": "1", "ProcessGuid": "C784477D-FFE6-62FD-4708-000000004700", "ProcessId": "1032", "Product": "Microsoft\u00ae Windows\u00ae Operating System", "Description": "Eventing Command Line Utility", "Company": "Microsoft Corporation", "ParentProcessGuid": "C784477D-FFD8-62FD-B400-000000004700", "User": "DESKTOP-B0T93D6\\george", "Hashes": "MD5=0269064AA2DD91125F13635FB194F499,SHA256=AB86C6C090FA85C2920A637D2BE274335A86FBC0A7FB706E893493B50840DC0A,IMPHASH=89A3D9DE9FED48F734C9553D16342280", "OriginalFileName": "wevtutil.exe", "ParentImage": "C:\\Windows\\System32\\cmd.exe", "FileVersion": "10.0.17134.81 (WinBuild.160101.0800)", "ParentProcessId": "6076", "CurrentDirectory": "C:\\", "CommandLine": "wevtutil  cl \"Microsoft-Windows-TaskScheduler/Maintenance\"", "EventID": "1", "LogonGuid": "C784477D-FFCB-62FD-AD47-040000000000", "LogonId": "280493", "Image": "C:\\Windows\\System32\\wevtutil.exe", "IntegrityLevel": "High", "ParentCommandLine": "\"C:\\Windows\\System32\\cmd.exe\" /C \"C:\\startup.bat\" ", "UtcTime": "2022-08-18 09:01:26.152", "RuleName": "-"}}, {"values": {"TerminalSessionId": "1", "ProcessGuid": "C784477D-FFE6-62FD-4808-000000004700", "ProcessId": "812", "Product": "Microsoft\u00ae Windows\u00ae Operating System", "Description": "Eventing Command Line Utility", "Company": "Microsoft Corporation", "ParentProcessGuid": "C784477D-FFCB-62FD-7700-000000004700", "User": "DESKTOP-B0T93D6\\george", "Hashes": "MD5=0269064AA2DD91125F13635FB194F499,SHA256=AB86C6C090FA85C2920A637D2BE274335A86FBC0A7FB706E893493B50840DC0A,IMPHASH=89A3D9DE9FED48F734C9553D16342280", "OriginalFileName": "wevtutil.exe", "ParentImage": "C:\\Windows\\System32\\cmd.exe", "FileVersion": "10.0.17134.81 (WinBuild.160101.0800)", "ParentProcessId": "4232", "CurrentDirectory": "C:\\Windows\\system32\\", "CommandLine": "wevtutil  cl \"Microsoft-Windows-glcnd/Admin\"", "EventID": "1", "LogonGuid": "C784477D-FFCB-62FD-AD47-040000000000", "LogonId": "280493", "Image": "C:\\Windows\\System32\\wevtutil.exe", "IntegrityLevel": "High", "ParentCommandLine": "C:\\Windows\\SYSTEM32\\cmd.exe /c \"C:\\startup.bat\"", "UtcTime": "2022-08-18 09:01:26.154", "RuleName": "-"}}, {"values": {"TerminalSessionId": "1", "ProcessGuid": "C784477D-FFE6-62FD-4908-000000004700", "ProcessId": "5188", "Product": "Microsoft\u00ae Windows\u00ae Operating System", "Description": "Eventing Command Line Utility", "Company": "Microsoft Corporation", "ParentProcessGuid": "C784477D-FFCB-62FD-7700-000000004700", "User": "DESKTOP-B0T93D6\\george", "Hashes": "MD5=0269064AA2DD91125F13635FB194F499,SHA256=AB86C6C090FA85C2920A637D2BE274335A86FBC0A7FB706E893493B50840DC0A,IMPHASH=89A3D9DE9FED48F734C9553D16342280", "OriginalFileName": "wevtutil.exe", "ParentImage": "C:\\Windows\\System32\\cmd.exe", "FileVersion": "10.0.17134.81 (WinBuild.160101.0800)", "ParentProcessId": "4232", "CurrentDirectory": "C:\\Windows\\system32\\", "CommandLine": "wevtutil  cl \"Microsoft-Windows-glcnd/Debug\"", "EventID": "1", "LogonGuid": "C784477D-FFCB-62FD-AD47-040000000000", "LogonId": "280493", "Image": "C:\\Windows\\System32\\wevtutil.exe", "IntegrityLevel": "High", "ParentCommandLine": "C:\\Windows\\SYSTEM32\\cmd.exe /c \"C:\\startup.bat\"", "UtcTime": "2022-08-18 09:01:26.166", "RuleName": "-"}}, {"values": {"TerminalSessionId": "1", "ProcessGuid": "C784477D-FFE6-62FD-4A08-000000004700", "ProcessId": "3416", "Product": "Microsoft\u00ae Windows\u00ae Operating System", "Description": "Eventing Command Line Utility", "Company": "Microsoft Corporation", "ParentProcessGuid": "C784477D-FFD8-62FD-B400-000000004700", "User": "DESKTOP-B0T93D6\\george", "Hashes": "MD5=0269064AA2DD91125F13635FB194F499,SHA256=AB86C6C090FA85C2920A637D2BE274335A86FBC0A7FB706E893493B50840DC0A,IMPHASH=89A3D9DE9FED48F734C9553D16342280", "OriginalFileName": "wevtutil.exe", "ParentImage": "C:\\Windows\\System32\\cmd.exe", "FileVersion": "10.0.17134.81 (WinBuild.160101.0800)", "ParentProcessId": "6076", "CurrentDirectory": "C:\\", "CommandLine": "wevtutil  cl \"Microsoft-Windows-TaskScheduler/Operational\"", "EventID": "1", "LogonGuid": "C784477D-FFCB-62FD-AD47-040000000000", "LogonId": "280493", "Image": "C:\\Windows\\System32\\wevtutil.exe", "IntegrityLevel": "High", "ParentCommandLine": "\"C:\\Windows\\System32\\cmd.exe\" /C \"C:\\startup.bat\" ", "UtcTime": "2022-08-18 09:01:26.167", "RuleName": "-"}}, {"values": {"TerminalSessionId": "1", "ProcessGuid": "C784477D-FFE6-62FD-4B08-000000004700", "ProcessId": "5888", "Product": "Microsoft\u00ae Windows\u00ae Operating System", "Description": "Eventing Command Line Utility", "Company": "Microsoft Corporation", "ParentProcessGuid": "C784477D-FFD8-62FD-B400-000000004700", "User": "DESKTOP-B0T93D6\\george", "Hashes": "MD5=0269064AA2DD91125F13635FB194F499,SHA256=AB86C6C090FA85C2920A637D2BE274335A86FBC0A7FB706E893493B50840DC0A,IMPHASH=89A3D9DE9FED48F734C9553D16342280", "OriginalFileName": "wevtutil.exe", "ParentImage": "C:\\Windows\\System32\\cmd.exe", "FileVersion": "10.0.17134.81 (WinBuild.160101.0800)", "ParentProcessId": "6076", "CurrentDirectory": "C:\\", "CommandLine": "wevtutil  cl \"Microsoft-Windows-TaskbarCPL/Diagnostic\"", "EventID": "1", "LogonGuid": "C784477D-FFCB-62FD-AD47-040000000000", "LogonId": "280493", "Image": "C:\\Windows\\System32\\wevtutil.exe", "IntegrityLevel": "High", "ParentCommandLine": "\"C:\\Windows\\System32\\cmd.exe\" /C \"C:\\startup.bat\" ", "UtcTime": "2022-08-18 09:01:26.178", "RuleName": "-"}}, {"values": {"TerminalSessionId": "1", "ProcessGuid": "C784477D-FFE6-62FD-4C08-000000004700", "ProcessId": "1980", "Product": "Microsoft\u00ae Windows\u00ae Operating System", "Description": "Eventing Command Line Utility", "Company": "Microsoft Corporation", "ParentProcessGuid": "C784477D-FFCB-62FD-7700-000000004700", "User": "DESKTOP-B0T93D6\\george", "Hashes": "MD5=0269064AA2DD91125F13635FB194F499,SHA256=AB86C6C090FA85C2920A637D2BE274335A86FBC0A7FB706E893493B50840DC0A,IMPHASH=89A3D9DE9FED48F734C9553D16342280", "OriginalFileName": "wevtutil.exe", "ParentImage": "C:\\Windows\\System32\\cmd.exe", "FileVersion": "10.0.17134.81 (WinBuild.160101.0800)", "ParentProcessId": "4232", "CurrentDirectory": "C:\\Windows\\system32\\", "CommandLine": "wevtutil  cl \"Microsoft-Windows-glcnd/Diagnostic\"", "EventID": "1", "LogonGuid": "C784477D-FFCB-62FD-AD47-040000000000", "LogonId": "280493", "Image": "C:\\Windows\\System32\\wevtutil.exe", "IntegrityLevel": "High", "ParentCommandLine": "C:\\Windows\\SYSTEM32\\cmd.exe /c \"C:\\startup.bat\"", "UtcTime": "2022-08-18 09:01:26.178", "RuleName": "-"}}, {"values": {"TerminalSessionId": "1", "ProcessGuid": "C784477D-FFE6-62FD-4D08-000000004700", "ProcessId": "972", "Product": "Microsoft\u00ae Windows\u00ae Operating System", "Description": "Eventing Command Line Utility", "Company": "Microsoft Corporation", "ParentProcessGuid": "C784477D-FFD8-62FD-B400-000000004700", "User": "DESKTOP-B0T93D6\\george", "Hashes": "MD5=0269064AA2DD91125F13635FB194F499,SHA256=AB86C6C090FA85C2920A637D2BE274335A86FBC0A7FB706E893493B50840DC0A,IMPHASH=89A3D9DE9FED48F734C9553D16342280", "OriginalFileName": "wevtutil.exe", "ParentImage": "C:\\Windows\\System32\\cmd.exe", "FileVersion": "10.0.17134.81 (WinBuild.160101.0800)", "ParentProcessId": "6076", "CurrentDirectory": "C:\\", "CommandLine": "wevtutil  cl \"Microsoft-Windows-TerminalServices-ClientUSBDevices/Admin\"", "EventID": "1", "LogonGuid": "C784477D-FFCB-62FD-AD47-040000000000", "LogonId": "280493", "Image": "C:\\Windows\\System32\\wevtutil.exe", "IntegrityLevel": "High", "ParentCommandLine": "\"C:\\Windows\\System32\\cmd.exe\" /C \"C:\\startup.bat\" ", "UtcTime": "2022-08-18 09:01:26.190", "RuleName": "-"}}, {"values": {"TerminalSessionId": "1", "ProcessGuid": "C784477D-FFE6-62FD-4E08-000000004700", "ProcessId": "5968", "Product": "Microsoft\u00ae Windows\u00ae Operating System", "Description": "Eventing Command Line Utility", "Company": "Microsoft Corporation", "ParentProcessGuid": "C784477D-FFCB-62FD-7700-000000004700", "User": "DESKTOP-B0T93D6\\george", "Hashes": "MD5=0269064AA2DD91125F13635FB194F499,SHA256=AB86C6C090FA85C2920A637D2BE274335A86FBC0A7FB706E893493B50840DC0A,IMPHASH=89A3D9DE9FED48F734C9553D16342280", "OriginalFileName": "wevtutil.exe", "ParentImage": "C:\\Windows\\System32\\cmd.exe", "FileVersion": "10.0.17134.81 (WinBuild.160101.0800)", "ParentProcessId": "4232", "CurrentDirectory": "C:\\Windows\\system32\\", "CommandLine": "wevtutil  cl \"Microsoft-Windows-mobsync/Diagnostic\"", "EventID": "1", "LogonGuid": "C784477D-FFCB-62FD-AD47-040000000000", "LogonId": "280493", "Image": "C:\\Windows\\System32\\wevtutil.exe", "IntegrityLevel": "High", "ParentCommandLine": "C:\\Windows\\SYSTEM32\\cmd.exe /c \"C:\\startup.bat\"", "UtcTime": "2022-08-18 09:01:26.191", "RuleName": "-"}}, {"values": {"TerminalSessionId": "1", "ProcessGuid": "C784477D-FFE6-62FD-4F08-000000004700", "ProcessId": "2964", "Product": "Microsoft\u00ae Windows\u00ae Operating System", "Description": "Eventing Command Line Utility", "Company": "Microsoft Corporation", "ParentProcessGuid": "C784477D-FFCB-62FD-7700-000000004700", "User": "DESKTOP-B0T93D6\\george", "Hashes": "MD5=0269064AA2DD91125F13635FB194F499,SHA256=AB86C6C090FA85C2920A637D2BE274335A86FBC0A7FB706E893493B50840DC0A,IMPHASH=89A3D9DE9FED48F734C9553D16342280", "OriginalFileName": "wevtutil.exe", "ParentImage": "C:\\Windows\\System32\\cmd.exe", "FileVersion": "10.0.17134.81 (WinBuild.160101.0800)", "ParentProcessId": "4232", "CurrentDirectory": "C:\\Windows\\system32\\", "CommandLine": "wevtutil  cl \"Microsoft-Windows-ntshrui\"", "EventID": "1", "LogonGuid": "C784477D-FFCB-62FD-AD47-040000000000", "LogonId": "280493", "Image": "C:\\Windows\\System32\\wevtutil.exe", "IntegrityLevel": "High", "ParentCommandLine": "C:\\Windows\\SYSTEM32\\cmd.exe /c \"C:\\startup.bat\"", "UtcTime": "2022-08-18 09:01:26.204", "RuleName": "-"}}, {"values": {"TerminalSessionId": "1", "ProcessGuid": "C784477D-FFE6-62FD-5008-000000004700", "ProcessId": "2168", "Product": "Microsoft\u00ae Windows\u00ae Operating System", "Description": "Eventing Command Line Utility", "Company": "Microsoft Corporation", "ParentProcessGuid": "C784477D-FFD8-62FD-B400-000000004700", "User": "DESKTOP-B0T93D6\\george", "Hashes": "MD5=0269064AA2DD91125F13635FB194F499,SHA256=AB86C6C090FA85C2920A637D2BE274335A86FBC0A7FB706E893493B50840DC0A,IMPHASH=89A3D9DE9FED48F734C9553D16342280", "OriginalFileName": "wevtutil.exe", "ParentImage": "C:\\Windows\\System32\\cmd.exe", "FileVersion": "10.0.17134.81 (WinBuild.160101.0800)", "ParentProcessId": "6076", "CurrentDirectory": "C:\\", "CommandLine": "wevtutil  cl \"Microsoft-Windows-TerminalServices-ClientUSBDevices/Analytic\"", "EventID": "1", "LogonGuid": "C784477D-FFCB-62FD-AD47-040000000000", "LogonId": "280493", "Image": "C:\\Windows\\System32\\wevtutil.exe", "IntegrityLevel": "High", "ParentCommandLine": "\"C:\\Windows\\System32\\cmd.exe\" /C \"C:\\startup.bat\" ", "UtcTime": "2022-08-18 09:01:26.205", "RuleName": "-"}}, {"values": {"TerminalSessionId": "1", "ProcessGuid": "C784477D-FFE6-62FD-5108-000000004700", "ProcessId": "5848", "Product": "Microsoft\u00ae Windows\u00ae Operating System", "Description": "Eventing Command Line Utility", "Company": "Microsoft Corporation", "ParentProcessGuid": "C784477D-FFCB-62FD-7700-000000004700", "User": "DESKTOP-B0T93D6\\george", "Hashes": "MD5=0269064AA2DD91125F13635FB194F499,SHA256=AB86C6C090FA85C2920A637D2BE274335A86FBC0A7FB706E893493B50840DC0A,IMPHASH=89A3D9DE9FED48F734C9553D16342280", "OriginalFileName": "wevtutil.exe", "ParentImage": "C:\\Windows\\System32\\cmd.exe", "FileVersion": "10.0.17134.81 (WinBuild.160101.0800)", "ParentProcessId": "4232", "CurrentDirectory": "C:\\Windows\\system32\\", "CommandLine": "wevtutil  cl \"Microsoft-Windows-ntshrui-perf\"", "EventID": "1", "LogonGuid": "C784477D-FFCB-62FD-AD47-040000000000", "LogonId": "280493", "Image": "C:\\Windows\\System32\\wevtutil.exe", "IntegrityLevel": "High", "ParentCommandLine": "C:\\Windows\\SYSTEM32\\cmd.exe /c \"C:\\startup.bat\"", "UtcTime": "2022-08-18 09:01:26.217", "RuleName": "-"}}, {"values": {"TerminalSessionId": "1", "ProcessGuid": "C784477D-FFE6-62FD-5208-000000004700", "ProcessId": "2672", "Product": "Microsoft\u00ae Windows\u00ae Operating System", "Description": "Eventing Command Line Utility", "Company": "Microsoft Corporation", "ParentProcessGuid": "C784477D-FFD8-62FD-B400-000000004700", "User": "DESKTOP-B0T93D6\\george", "Hashes": "MD5=0269064AA2DD91125F13635FB194F499,SHA256=AB86C6C090FA85C2920A637D2BE274335A86FBC0A7FB706E893493B50840DC0A,IMPHASH=89A3D9DE9FED48F734C9553D16342280", "OriginalFileName": "wevtutil.exe", "ParentImage": "C:\\Windows\\System32\\cmd.exe", "FileVersion": "10.0.17134.81 (WinBuild.160101.0800)", "ParentProcessId": "6076", "CurrentDirectory": "C:\\", "CommandLine": "wevtutil  cl \"Microsoft-Windows-TerminalServices-ClientUSBDevices/Debug\"", "EventID": "1", "LogonGuid": "C784477D-FFCB-62FD-AD47-040000000000", "LogonId": "280493", "Image": "C:\\Windows\\System32\\wevtutil.exe", "IntegrityLevel": "High", "ParentCommandLine": "\"C:\\Windows\\System32\\cmd.exe\" /C \"C:\\startup.bat\" ", "UtcTime": "2022-08-18 09:01:26.217", "RuleName": "-"}}, {"values": {"TerminalSessionId": "1", "ProcessGuid": "C784477D-FFE6-62FD-5308-000000004700", "ProcessId": "2180", "Product": "Microsoft\u00ae Windows\u00ae Operating System", "Description": "Eventing Command Line Utility", "Company": "Microsoft Corporation", "ParentProcessGuid": "C784477D-FFCB-62FD-7700-000000004700", "User": "DESKTOP-B0T93D6\\george", "Hashes": "MD5=0269064AA2DD91125F13635FB194F499,SHA256=AB86C6C090FA85C2920A637D2BE274335A86FBC0A7FB706E893493B50840DC0A,IMPHASH=89A3D9DE9FED48F734C9553D16342280", "OriginalFileName": "wevtutil.exe", "ParentImage": "C:\\Windows\\System32\\cmd.exe", "FileVersion": "10.0.17134.81 (WinBuild.160101.0800)", "ParentProcessId": "4232", "CurrentDirectory": "C:\\Windows\\system32\\", "CommandLine": "wevtutil  cl \"Microsoft-Windows-osk/Diagnostic\"", "EventID": "1", "LogonGuid": "C784477D-FFCB-62FD-AD47-040000000000", "LogonId": "280493", "Image": "C:\\Windows\\System32\\wevtutil.exe", "IntegrityLevel": "High", "ParentCommandLine": "C:\\Windows\\SYSTEM32\\cmd.exe /c \"C:\\startup.bat\"", "UtcTime": "2022-08-18 09:01:26.229", "RuleName": "-"}}, {"values": {"TerminalSessionId": "1", "ProcessGuid": "C784477D-FFE6-62FD-5408-000000004700", "ProcessId": "5920", "Product": "Microsoft\u00ae Windows\u00ae Operating System", "Description": "Eventing Command Line Utility", "Company": "Microsoft Corporation", "ParentProcessGuid": "C784477D-FFD8-62FD-B400-000000004700", "User": "DESKTOP-B0T93D6\\george", "Hashes": "MD5=0269064AA2DD91125F13635FB194F499,SHA256=AB86C6C090FA85C2920A637D2BE274335A86FBC0A7FB706E893493B50840DC0A,IMPHASH=89A3D9DE9FED48F734C9553D16342280", "OriginalFileName": "wevtutil.exe", "ParentImage": "C:\\Windows\\System32\\cmd.exe", "FileVersion": "10.0.17134.81 (WinBuild.160101.0800)", "ParentProcessId": "6076", "CurrentDirectory": "C:\\", "CommandLine": "wevtutil  cl \"Microsoft-Windows-TerminalServices-ClientUSBDevices/Operational\"", "EventID": "1", "LogonGuid": "C784477D-FFCB-62FD-AD47-040000000000", "LogonId": "280493", "Image": "C:\\Windows\\System32\\wevtutil.exe", "IntegrityLevel": "High", "ParentCommandLine": "\"C:\\Windows\\System32\\cmd.exe\" /C \"C:\\startup.bat\" ", "UtcTime": "2022-08-18 09:01:26.229", "RuleName": "-"}}, {"values": {"TerminalSessionId": "1", "ProcessGuid": "C784477D-FFE6-62FD-5508-000000004700", "ProcessId": "5452", "Product": "Microsoft\u00ae Windows\u00ae Operating System", "Description": "Eventing Command Line Utility", "Company": "Microsoft Corporation", "ParentProcessGuid": "C784477D-FFCB-62FD-7700-000000004700", "User": "DESKTOP-B0T93D6\\george", "Hashes": "MD5=0269064AA2DD91125F13635FB194F499,SHA256=AB86C6C090FA85C2920A637D2BE274335A86FBC0A7FB706E893493B50840DC0A,IMPHASH=89A3D9DE9FED48F734C9553D16342280", "OriginalFileName": "wevtutil.exe", "ParentImage": "C:\\Windows\\System32\\cmd.exe", "FileVersion": "10.0.17134.81 (WinBuild.160101.0800)", "ParentProcessId": "4232", "CurrentDirectory": "C:\\Windows\\system32\\", "CommandLine": "wevtutil  cl \"Microsoft-Windows-stobject/Diagnostic\"", "EventID": "1", "LogonGuid": "C784477D-FFCB-62FD-AD47-040000000000", "LogonId": "280493", "Image": "C:\\Windows\\System32\\wevtutil.exe", "IntegrityLevel": "High", "ParentCommandLine": "C:\\Windows\\SYSTEM32\\cmd.exe /c \"C:\\startup.bat\"", "UtcTime": "2022-08-18 09:01:26.240", "RuleName": "-"}}, {"values": {"TerminalSessionId": "1", "ProcessGuid": "C784477D-FFE6-62FD-5608-000000004700", "ProcessId": "5180", "Product": "Microsoft\u00ae Windows\u00ae Operating System", "Description": "Eventing Command Line Utility", "Company": "Microsoft Corporation", "ParentProcessGuid": "C784477D-FFD8-62FD-B400-000000004700", "User": "DESKTOP-B0T93D6\\george", "Hashes": "MD5=0269064AA2DD91125F13635FB194F499,SHA256=AB86C6C090FA85C2920A637D2BE274335A86FBC0A7FB706E893493B50840DC0A,IMPHASH=89A3D9DE9FED48F734C9553D16342280", "OriginalFileName": "wevtutil.exe", "ParentImage": "C:\\Windows\\System32\\cmd.exe", "FileVersion": "10.0.17134.81 (WinBuild.160101.0800)", "ParentProcessId": "6076", "CurrentDirectory": "C:\\", "CommandLine": "wevtutil  cl \"Microsoft-Windows-TerminalServices-LocalSessionManager/Admin\"", "EventID": "1", "LogonGuid": "C784477D-FFCB-62FD-AD47-040000000000", "LogonId": "280493", "Image": "C:\\Windows\\System32\\wevtutil.exe", "IntegrityLevel": "High", "ParentCommandLine": "\"C:\\Windows\\System32\\cmd.exe\" /C \"C:\\startup.bat\" ", "UtcTime": "2022-08-18 09:01:26.244", "RuleName": "-"}}, {"values": {"TerminalSessionId": "1", "ProcessGuid": "C784477D-FFE6-62FD-5708-000000004700", "ProcessId": "2636", "Product": "Microsoft\u00ae Windows\u00ae Operating System", "Description": "Eventing Command Line Utility", "Company": "Microsoft Corporation", "ParentProcessGuid": "C784477D-FFCB-62FD-7700-000000004700", "User": "DESKTOP-B0T93D6\\george", "Hashes": "MD5=0269064AA2DD91125F13635FB194F499,SHA256=AB86C6C090FA85C2920A637D2BE274335A86FBC0A7FB706E893493B50840DC0A,IMPHASH=89A3D9DE9FED48F734C9553D16342280", "OriginalFileName": "wevtutil.exe", "ParentImage": "C:\\Windows\\System32\\cmd.exe", "FileVersion": "10.0.17134.81 (WinBuild.160101.0800)", "ParentProcessId": "4232", "CurrentDirectory": "C:\\Windows\\system32\\", "CommandLine": "wevtutil  cl \"Microsoft-WindowsPhone-Connectivity-WiFiConnSvc-Channel\"", "EventID": "1", "LogonGuid": "C784477D-FFCB-62FD-AD47-040000000000", "LogonId": "280493", "Image": "C:\\Windows\\System32\\wevtutil.exe", "IntegrityLevel": "High", "ParentCommandLine": "C:\\Windows\\SYSTEM32\\cmd.exe /c \"C:\\startup.bat\"", "UtcTime": "2022-08-18 09:01:26.252", "RuleName": "-"}}, {"values": {"TerminalSessionId": "1", "ProcessGuid": "C784477D-FFE6-62FD-5808-000000004700", "ProcessId": "5184", "Product": "Microsoft\u00ae Windows\u00ae Operating System", "Description": "Eventing Command Line Utility", "Company": "Microsoft Corporation", "ParentProcessGuid": "C784477D-FFD8-62FD-B400-000000004700", "User": "DESKTOP-B0T93D6\\george", "Hashes": "MD5=0269064AA2DD91125F13635FB194F499,SHA256=AB86C6C090FA85C2920A637D2BE274335A86FBC0A7FB706E893493B50840DC0A,IMPHASH=89A3D9DE9FED48F734C9553D16342280", "OriginalFileName": "wevtutil.exe", "ParentImage": "C:\\Windows\\System32\\cmd.exe", "FileVersion": "10.0.17134.81 (WinBuild.160101.0800)", "ParentProcessId": "6076", "CurrentDirectory": "C:\\", "CommandLine": "wevtutil  cl \"Microsoft-Windows-TerminalServices-LocalSessionManager/Analytic\"", "EventID": "1", "LogonGuid": "C784477D-FFCB-62FD-AD47-040000000000", "LogonId": "280493", "Image": "C:\\Windows\\System32\\wevtutil.exe", "IntegrityLevel": "High", "ParentCommandLine": "\"C:\\Windows\\System32\\cmd.exe\" /C \"C:\\startup.bat\" ", "UtcTime": "2022-08-18 09:01:26.260", "RuleName": "-"}}, {"values": {"TerminalSessionId": "1", "ProcessGuid": "C784477D-FFE6-62FD-5908-000000004700", "ProcessId": "5360", "Product": "Microsoft\u00ae Windows\u00ae Operating System", "Description": "Eventing Command Line Utility", "Company": "Microsoft Corporation", "ParentProcessGuid": "C784477D-FFCB-62FD-7700-000000004700", "User": "DESKTOP-B0T93D6\\george", "Hashes": "MD5=0269064AA2DD91125F13635FB194F499,SHA256=AB86C6C090FA85C2920A637D2BE274335A86FBC0A7FB706E893493B50840DC0A,IMPHASH=89A3D9DE9FED48F734C9553D16342280", "OriginalFileName": "wevtutil.exe", "ParentImage": "C:\\Windows\\System32\\cmd.exe", "FileVersion": "10.0.17134.81 (WinBuild.160101.0800)", "ParentProcessId": "4232", "CurrentDirectory": "C:\\Windows\\system32\\", "CommandLine": "wevtutil  cl \"Microsoft-WindowsPhone-LocationServiceProvider/Debug\"", "EventID": "1", "LogonGuid": "C784477D-FFCB-62FD-AD47-040000000000", "LogonId": "280493", "Image": "C:\\Windows\\System32\\wevtutil.exe", "IntegrityLevel": "High", "ParentCommandLine": "C:\\Windows\\SYSTEM32\\cmd.exe /c \"C:\\startup.bat\"", "UtcTime": "2022-08-18 09:01:26.267", "RuleName": "-"}}, {"values": {"TerminalSessionId": "1", "ProcessGuid": "C784477D-FFE6-62FD-5A08-000000004700", "ProcessId": "1484", "Product": "Microsoft\u00ae Windows\u00ae Operating System", "Description": "Eventing Command Line Utility", "Company": "Microsoft Corporation", "ParentProcessGuid": "C784477D-FFD8-62FD-B400-000000004700", "User": "DESKTOP-B0T93D6\\george", "Hashes": "MD5=0269064AA2DD91125F13635FB194F499,SHA256=AB86C6C090FA85C2920A637D2BE274335A86FBC0A7FB706E893493B50840DC0A,IMPHASH=89A3D9DE9FED48F734C9553D16342280", "OriginalFileName": "wevtutil.exe", "ParentImage": "C:\\Windows\\System32\\cmd.exe", "FileVersion": "10.0.17134.81 (WinBuild.160101.0800)", "ParentProcessId": "6076", "CurrentDirectory": "C:\\", "CommandLine": "wevtutil  cl \"Microsoft-Windows-TerminalServices-LocalSessionManager/Debug\"", "EventID": "1", "LogonGuid": "C784477D-FFCB-62FD-AD47-040000000000", "LogonId": "280493", "Image": "C:\\Windows\\System32\\wevtutil.exe", "IntegrityLevel": "High", "ParentCommandLine": "\"C:\\Windows\\System32\\cmd.exe\" /C \"C:\\startup.bat\" ", "UtcTime": "2022-08-18 09:01:26.272", "RuleName": "-"}}, {"values": {"TerminalSessionId": "1", "ProcessGuid": "C784477D-FFE6-62FD-5B08-000000004700", "ProcessId": "984", "Product": "Microsoft\u00ae Windows\u00ae Operating System", "Description": "Eventing Command Line Utility", "Company": "Microsoft Corporation", "ParentProcessGuid": "C784477D-FFCB-62FD-7700-000000004700", "User": "DESKTOP-B0T93D6\\george", "Hashes": "MD5=0269064AA2DD91125F13635FB194F499,SHA256=AB86C6C090FA85C2920A637D2BE274335A86FBC0A7FB706E893493B50840DC0A,IMPHASH=89A3D9DE9FED48F734C9553D16342280", "OriginalFileName": "wevtutil.exe", "ParentImage": "C:\\Windows\\System32\\cmd.exe", "FileVersion": "10.0.17134.81 (WinBuild.160101.0800)", "ParentProcessId": "4232", "CurrentDirectory": "C:\\Windows\\system32\\", "CommandLine": "wevtutil  cl \"NIS-Driver-WFP/Diagnostic\"", "EventID": "1", "LogonGuid": "C784477D-FFCB-62FD-AD47-040000000000", "LogonId": "280493", "Image": "C:\\Windows\\System32\\wevtutil.exe", "IntegrityLevel": "High", "ParentCommandLine": "C:\\Windows\\SYSTEM32\\cmd.exe /c \"C:\\startup.bat\"", "UtcTime": "2022-08-18 09:01:26.280", "RuleName": "-"}}, 