{"data": {"attributes": {"type_description": "Office Open XML Spreadsheet", "tlsh": "T16AD2F15984FD9667EB6CB5FEA07C8BC7C7496160EF01618EA760812E601321E43ED5D3", "vhash": "8d45d780537b46098a13483b670ab6ab", "type_tags": ["document", "msoffice", "spreadsheet", "excel", "xlsx"], "creation_date": 1433528240, "names": ["unknown", "f2da662ff21c7f7e6e77d7e8185092a398d53ce27550de646dc7ec474407379a.bin", "cobalt_EvilClippy.xlsm"], "last_modification_date": 1690355896, "type_tag": "xlsx", "times_submitted": 3, "total_votes": {"harmless": 0, "malicious": 0}, "size": 30609, "popular_threat_classification": {"suggested_threat_label": "trojan.w97m", "popular_threat_category": [{"count": 14, "value": "trojan"}, {"count": 8, "value": "downloader"}], "popular_threat_name": [{"count": 2, "value": "w97m"}]}, "last_submission_date": 1659780517, "sigma_analysis_results": [{"rule_title": "Suspicious Remote Thread Created", "rule_source": "Sigma Integrated Rule Set (GitHub)", "match_context": [{"values": {"EventID": "8", "TargetImage": "C:\\Windows\\SysWOW64\\rundll32.exe", "TargetProcessGuid": "{C784477D-340A-62B8-4E06-000000004700}", "NewThreadId": "5680", "StartModule": "-", "SourceProcessId": "4584", "StartFunction": "-", "UtcTime": "1656239224", "SourceImage": "C:\\Program Files\\Microsoft Office\\Office16\\EXCEL.EXE", "TargetProcessId": "2332", "RuleName": "-", "SourceProcessGuid": "{C784477D-3404-62B8-4C06-000000004700}", "StartAddress": "10223616"}}, {"values": {"EventID": "8", "TargetProcessGuid": "{C784477D-3478-62B8-5206-000000004700}", "NewThreadId": "2440", "StartModule": "-", "StartFunction": "-", "UtcTime": "1656239350", "TargetImage": "C:\\Windows\\SysWOW64\\rundll32.exe", "SourceProcessId": "4584", "SourceImage": "C:\\Program Files\\Microsoft Office\\Office16\\EXCEL.EXE", "TargetProcessId": "6456", "RuleName": "-", "SourceProcessGuid": "{C784477D-3404-62B8-4C06-000000004700}", "StartAddress": "6225920"}}], "rule_level": "high", "rule_description": "Offensive tradecraft is switching away from using APIs like \"CreateRemoteThread\", however, this is still largely observed in the wild. This rule aims to detect suspicious processes (those we would not expect to behave in this way like word.exe or outlook.exe) creating remote threads on other processes. It is a generalistic rule, but it should have a low FP ratio due to the selected range of processes.", "rule_author": "Perez Diego (@darkquassar), oscd.community", "rule_id": "5242ae9a7c0bb9967f443e598ba4d27edfa69ca76b6fbb7ad0d569f7e9067668"}, {"rule_title": "Bad Opsec Defaults Sacrificial Processes With Improper Arguments", "rule_source": "Sigma Integrated Rule Set (GitHub)", "match_context": [{"values": {"TerminalSessionId": "1", "ProcessGuid": "{C784477D-340A-62B8-4E06-000000004700}", "ProcessId": "2332", "Product": "Microsoft\\xae Windows\\xae Operating System", "Description": "Windows host process (Rundll32)", "Company": "Microsoft Corporation", "ParentProcessGuid": "{C784477D-3404-62B8-4C06-000000004700}", "User": "DESKTOP-B0T93D6\\george", "Hashes": "MD5=D7CA562B0DB4F4DD0F03A89A1FDAD63D,SHA256=4E15AA13A02798E924C63537E458A09415C48DAE0E7AFD5A3D25532A2AA935EE,IMPHASH=BB17B2FBBFF4BBF5EBDCA7D0BB9E4A5B", "OriginalFileName": "RUNDLL32.EXE", "ParentImage": "C:\\Program Files\\Microsoft Office\\Office16\\EXCEL.EXE", "FileVersion": "10.0.17134.1 (WinBuild.160101.0800)", "ParentProcessId": "4584", "CurrentDirectory": "C:\\Users\\george\\Documents\\", "CommandLine": "C:\\Windows\\\\SysWOW64\\\\rundll32.exe", "EventID": "1", "LogonGuid": "C784477D-E843-629E-0B23-030000000000", "LogonId": "205579", "Image": "C:\\Windows\\SysWOW64\\rundll32.exe", "IntegrityLevel": "High", "ParentCommandLine": "\"C:\\Program Files\\Microsoft Office\\Office16\\EXCEL.EXE\" /automation -Embedding", "UtcTime": "1656239114", "RuleName": "-"}}, {"values": {"TerminalSessionId": "1", "ProcessGuid": "{C784477D-3478-62B8-5206-000000004700}", "ProcessId": "6456", "Product": "Microsoft\\xae Windows\\xae Operating System", "Description": "Windows host process (Rundll32)", "Company": "Microsoft Corporation", "ParentProcessGuid": "{C784477D-3404-62B8-4C06-000000004700}", "User": "DESKTOP-B0T93D6\\george", "Hashes": "MD5=D7CA562B0DB4F4DD0F03A89A1FDAD63D,SHA256=4E15AA13A02798E924C63537E458A09415C48DAE0E7AFD5A3D25532A2AA935EE,IMPHASH=BB17B2FBBFF4BBF5EBDCA7D0BB9E4A5B", "OriginalFileName": "RUNDLL32.EXE", "ParentImage": "C:\\Program Files\\Microsoft Office\\Office16\\EXCEL.EXE", "FileVersion": "10.0.17134.1 (WinBuild.160101.0800)", "ParentProcessId": "4584", "CurrentDirectory": "C:\\Users\\george\\Documents\\", "CommandLine": "C:\\Windows\\\\SysWOW64\\\\rundll32.exe", "EventID": "1", "LogonGuid": "C784477D-E843-629E-0B23-030000000000", "LogonId": "205579", "Image": "C:\\Windows\\SysWOW64\\rundll32.exe", "IntegrityLevel": "High", "ParentCommandLine": "\"C:\\Program Files\\Microsoft Office\\Office16\\EXCEL.EXE\" /automation -Embedding", "UtcTime": "1656239224", "RuleName": "-"}}, {"values": {"TerminalSessionId": "1", "ProcessGuid": "{C784477D-34B5-62B8-5306-000000004700}", "ProcessId": "5736", "Product": "Microsoft\\xae Windows\\xae Operating System", "Description": "Windows host process (Rundll32)", "Company": "Microsoft Corporation", "ParentProcessGuid": "{C784477D-340A-62B8-4E06-000000004700}", "User": "DESKTOP-B0T93D6\\george", "Hashes": "MD5=73C519F050C20580F8A62C849D49215A,SHA256=38847DC4C82C0775E7DAFCBC7FEA50749CDAC7B50AB8602E8FDFAD4401954C87,IMPHASH=F27A7FC3A53E74F45BE370131953896A", "OriginalFileName": "RUNDLL32.EXE", "ParentImage": "C:\\Windows\\SysWOW64\\rundll32.exe", "FileVersion": "10.0.17134.1 (WinBuild.160101.0800)", "ParentProcessId": "2332", "CurrentDirectory": "C:\\Users\\george\\Documents\\", "CommandLine": "C:\\Windows\\sysnative\\rundll32.exe", "EventID": "1", "LogonGuid": "C784477D-E843-629E-0B23-030000000000", "LogonId": "205579", "Image": "C:\\Windows\\System32\\rundll32.exe", "IntegrityLevel": "High", "ParentCommandLine": "C:\\Windows\\\\SysWOW64\\\\rundll32.exe", "UtcTime": "1656239285", "RuleName": "-"}}, {"values": {"TerminalSessionId": "1", "ProcessGuid": "{C784477D-34BC-62B8-5406-000000004700}", "ProcessId": "3612", "Product": "Microsoft\\xae Windows\\xae Operating System", "Description": "Windows host process (Rundll32)", "Company": "Microsoft Corporation", "ParentProcessGuid": "{C784477D-340A-62B8-4E06-000000004700}", "User": "DESKTOP-B0T93D6\\george", "Hashes": "MD5=73C519F050C20580F8A62C849D49215A,SHA256=38847DC4C82C0775E7DAFCBC7FEA50749CDAC7B50AB8602E8FDFAD4401954C87,IMPHASH=F27A7FC3A53E74F45BE370131953896A", "OriginalFileName": "RUNDLL32.EXE", "ParentImage": "C:\\Windows\\SysWOW64\\rundll32.exe", "FileVersion": "10.0.17134.1 (WinBuild.160101.0800)", "ParentProcessId": "2332", "CurrentDirectory": "C:\\Users\\george\\Documents\\", "CommandLine": "C:\\Windows\\sysnative\\rundll32.exe", "EventID": "1", "LogonGuid": "C784477D-E843-629E-0B23-030000000000", "LogonId": "205579", "Image": "C:\\Windows\\System32\\rundll32.exe", "IntegrityLevel": "High", "ParentCommandLine": "C:\\Windows\\\\SysWOW64\\\\rundll32.exe", "UtcTime": "1656239292", "RuleName": "-"}}, {"values": {"TerminalSessionId": "1", "ProcessGuid": "{C784477D-34C4-62B8-5506-000000004700}", "ProcessId": "4308", "Product": "Microsoft\\xae Windows\\xae Operating System", "Description": "Windows host process (Rundll32)", "Company": "Microsoft Corporation", "ParentProcessGuid": "{C784477D-340A-62B8-4E06-000000004700}", "User": "DESKTOP-B0T93D6\\george", "Hashes": "MD5=D7CA562B0DB4F4DD0F03A89A1FDAD63D,SHA256=4E15AA13A02798E924C63537E458A09415C48DAE0E7AFD5A3D25532A2AA935EE,IMPHASH=BB17B2FBBFF4BBF5EBDCA7D0BB9E4A5B", "OriginalFileName": "RUNDLL32.EXE", "ParentImage": "C:\\Windows\\SysWOW64\\rundll32.exe", "FileVersion": "10.0.17134.1 (WinBuild.160101.0800)", "ParentProcessId": "2332", "CurrentDirectory": "C:\\Users\\george\\Documents\\", "CommandLine": "C:\\Windows\\syswow64\\rundll32.exe", "EventID": "1", "LogonGuid": "C784477D-E843-629E-0B23-030000000000", "LogonId": "205579", "Image": "C:\\Windows\\SysWOW64\\rundll32.exe", "IntegrityLevel": "High", "ParentCommandLine": "C:\\Windows\\\\SysWOW64\\\\rundll32.exe", "UtcTime": "1656239300", "RuleName": "-"}}], "rule_level": "high", "rule_description": "Detects attackers using tooling with bad opsec defaults e.g. spawning a sacrificial process to inject a capability into the process without taking into account how the process is normally run, one trivial example of this is using rundll32.exe without arguments as a sacrificial process (default in CS, now highlighted by c2lint), running WerFault without arguments (Kraken - credit am0nsec), and other examples.", "rule_author": "Oleg Kolesnikov @securonix invrep_de, oscd.community, Florian Roth, Christian Burkard", "rule_id": "53f67594c85a67cef198b525b556658fa4e46d1e49901472adbc8b7f0ba475a8"}, {"rule_title": "Suspicious Rundll32 Without Any CommandLine Params", "rule_source": "Sigma Integrated Rule Set (GitHub)", "match_context": [{"values": {"TerminalSessionId": "1", "ProcessGuid": "{C784477D-340A-62B8-4E06-000000004700}", "ProcessId": "2332", "Product": "Microsoft\\xae Windows\\xae Operating System", "Description": "Windows host process (Rundll32)", "Company": "Microsoft Corporation", "ParentProcessGuid": "{C784477D-3404-62B8-4C06-000000004700}", "User": "DESKTOP-B0T93D6\\george", "Hashes": "MD5=D7CA562B0DB4F4DD0F03A89A1FDAD63D,SHA256=4E15AA13A02798E924C63537E458A09415C48DAE0E7AFD5A3D25532A2AA935EE,IMPHASH=BB17B2FBBFF4BBF5EBDCA7D0BB9E4A5B", "OriginalFileName": "RUNDLL32.EXE", "ParentImage": "C:\\Program Files\\Microsoft Office\\Office16\\EXCEL.EXE", "FileVersion": "10.0.17134.1 (WinBuild.160101.0800)", "ParentProcessId": "4584", "CurrentDirectory": "C:\\Users\\george\\Documents\\", "CommandLine": "C:\\Windows\\\\SysWOW64\\\\rundll32.exe", "EventID": "1", "LogonGuid": "C784477D-E843-629E-0B23-030000000000", "LogonId": "205579", "Image": "C:\\Windows\\SysWOW64\\rundll32.exe", "IntegrityLevel": "High", "ParentCommandLine": "\"C:\\Program Files\\Microsoft Office\\Office16\\EXCEL.EXE\" /automation -Embedding", "UtcTime": "1656239114", "RuleName": "-"}}, {"values": {"TerminalSessionId": "1", "ProcessGuid": "{C784477D-3478-62B8-5206-000000004700}", "ProcessId": "6456", "Product": "Microsoft\\xae Windows\\xae Operating System", "Description": "Windows host process (Rundll32)", "Company": "Microsoft Corporation", "ParentProcessGuid": "{C784477D-3404-62B8-4C06-000000004700}", "User": "DESKTOP-B0T93D6\\george", "Hashes": "MD5=D7CA562B0DB4F4DD0F03A89A1FDAD63D,SHA256=4E15AA13A02798E924C63537E458A09415C48DAE0E7AFD5A3D25532A2AA935EE,IMPHASH=BB17B2FBBFF4BBF5EBDCA7D0BB9E4A5B", "OriginalFileName": "RUNDLL32.EXE", "ParentImage": "C:\\Program Files\\Microsoft Office\\Office16\\EXCEL.EXE", "FileVersion": "10.0.17134.1 (WinBuild.160101.0800)", "ParentProcessId": "4584", "CurrentDirectory": "C:\\Users\\george\\Documents\\", "CommandLine": "C:\\Windows\\\\SysWOW64\\\\rundll32.exe", "EventID": "1", "LogonGuid": "C784477D-E843-629E-0B23-030000000000", "LogonId": "205579", "Image": "C:\\Windows\\SysWOW64\\rundll32.exe", "IntegrityLevel": "High", "ParentCommandLine": "\"C:\\Program Files\\Microsoft Office\\Office16\\EXCEL.EXE\" /automation -Embedding", "UtcTime": "1656239224", "RuleName": "-"}}, {"values": {"TerminalSessionId": "1", "ProcessGuid": "{C784477D-34B5-62B8-5306-000000004700}", "ProcessId": "5736", "Product": "Microsoft\\xae Windows\\xae Operating System", "Description": "Windows host process (Rundll32)", "Company": "Microsoft Corporation", "ParentProcessGuid": "{C784477D-340A-62B8-4E06-000000004700}", "User": "DESKTOP-B0T93D6\\george", "Hashes": "MD5=73C519F050C20580F8A62C849D49215A,SHA256=38847DC4C82C0775E7DAFCBC7FEA50749CDAC7B50AB8602E8FDFAD4401954C87,IMPHASH=F27A7FC3A53E74F45BE370131953896A", "OriginalFileName": "RUNDLL32.EXE", "ParentImage": "C:\\Windows\\SysWOW64\\rundll32.exe", "FileVersion": "10.0.17134.1 (WinBuild.160101.0800)", "ParentProcessId": "2332", "CurrentDirectory": "C:\\Users\\george\\Documents\\", "CommandLine": "C:\\Windows\\sysnative\\rundll32.exe", "EventID": "1", "LogonGuid": "C784477D-E843-629E-0B23-030000000000", "LogonId": "205579", "Image": "C:\\Windows\\System32\\rundll32.exe", "IntegrityLevel": "High", "ParentCommandLine": "C:\\Windows\\\\SysWOW64\\\\rundll32.exe", "UtcTime": "1656239285", "RuleName": "-"}}, {"values": {"TerminalSessionId": "1", "ProcessGuid": "{C784477D-34BC-62B8-5406-000000004700}", "ProcessId": "3612", "Product": "Microsoft\\xae Windows\\xae Operating System", "Description": "Windows host process (Rundll32)", "Company": "Microsoft Corporation", "ParentProcessGuid": "{C784477D-340A-62B8-4E06-000000004700}", "User": "DESKTOP-B0T93D6\\george", "Hashes": "MD5=73C519F050C20580F8A62C849D49215A,SHA256=38847DC4C82C0775E7DAFCBC7FEA50749CDAC7B50AB8602E8FDFAD4401954C87,IMPHASH=F27A7FC3A53E74F45BE370131953896A", "OriginalFileName": "RUNDLL32.EXE", "ParentImage": "C:\\Windows\\SysWOW64\\rundll32.exe", "FileVersion": "10.0.17134.1 (WinBuild.160101.0800)", "ParentProcessId": "2332", "CurrentDirectory": "C:\\Users\\george\\Documents\\", "CommandLine": "C:\\Windows\\sysnative\\rundll32.exe", "EventID": "1", "LogonGuid": "C784477D-E843-629E-0B23-030000000000", "LogonId": "205579", "Image": "C:\\Windows\\System32\\rundll32.exe", "IntegrityLevel": "High", "ParentCommandLine": "C:\\Windows\\\\SysWOW64\\\\rundll32.exe", "UtcTime": "1656239292", "RuleName": "-"}}, {"values": {"TerminalSessionId": "1", "ProcessGuid": "{C784477D-34C4-62B8-5506-000000004700}", "ProcessId": "4308", "Product": "Microsoft\\xae Windows\\xae Operating System", "Description": "Windows host process (Rundll32)", "Company": "Microsoft Corporation", "ParentProcessGuid": "{C784477D-340A-62B8-4E06-000000004700}", "User": "DESKTOP-B0T93D6\\george", "Hashes": "MD5=D7CA562B0DB4F4DD0F03A89A1FDAD63D,SHA256=4E15AA13A02798E924C63537E458A09415C48DAE0E7AFD5A3D25532A2AA935EE,IMPHASH=BB17B2FBBFF4BBF5EBDCA7D0BB9E4A5B", "OriginalFileName": "RUNDLL32.EXE", "ParentImage": "C:\\Windows\\SysWOW64\\rundll32.exe", "FileVersion": "10.0.17134.1 (WinBuild.160101.0800)", "ParentProcessId": "2332", "CurrentDirectory": "C:\\Users\\george\\Documents\\", "CommandLine": "C:\\Windows\\syswow64\\rundll32.exe", "EventID": "1", "LogonGuid": "C784477D-E843-629E-0B23-030000000000", "LogonId": "205579", "Image": "C:\\Windows\\SysWOW64\\rundll32.exe", "IntegrityLevel": "High", "ParentCommandLine": "C:\\Windows\\\\SysWOW64\\\\rundll32.exe", "UtcTime": "1656239300", "RuleName": "-"}}], "rule_level": "high", "rule_description": "Detects suspicious start of rundll32.exe without any parameters as found in CobaltStrike beacon activity", "rule_author": "Florian Roth", "rule_id": "87574dead19ceb246e10ccb4cb4fd5009c71c46de0d77965d2170bfafc2c3b14"}, {"rule_title": "New Lolbin Process by Office Applications", "rule_source": "Sigma Integrated Rule Set (GitHub)", "match_context": [{"values": {"TerminalSessionId": "1", "ProcessGuid": "{C784477D-340A-62B8-4E06-000000004700}", "ProcessId": "2332", "Product": "Microsoft\\xae Windows\\xae Operating System", "Description": "Windows host process (Rundll32)", "Company": "Microsoft Corporation", "ParentProcessGuid": "{C784477D-3404-62B8-4C06-000000004700}", "User": "DESKTOP-B0T93D6\\george", "Hashes": "MD5=D7CA562B0DB4F4DD0F03A89A1FDAD63D,SHA256=4E15AA13A02798E924C63537E458A09415C48DAE0E7AFD5A3D25532A2AA935EE,IMPHASH=BB17B2FBBFF4BBF5EBDCA7D0BB9E4A5B", "OriginalFileName": "RUNDLL32.EXE", "ParentImage": "C:\\Program Files\\Microsoft Office\\Office16\\EXCEL.EXE", "FileVersion": "10.0.17134.1 (WinBuild.160101.0800)", "ParentProcessId": "4584", "CurrentDirectory": "C:\\Users\\george\\Documents\\", "CommandLine": "C:\\Windows\\\\SysWOW64\\\\rundll32.exe", "EventID": "1", "LogonGuid": "C784477D-E843-629E-0B23-030000000000", "LogonId": "205579", "Image": "C:\\Windows\\SysWOW64\\rundll32.exe", "IntegrityLevel": "High", "ParentCommandLine": "\"C:\\Program Files\\Microsoft Office\\Office16\\EXCEL.EXE\" /automation -Embedding", "UtcTime": "1656239114", "RuleName": "-"}}, {"values": {"TerminalSessionId": "1", "ProcessGuid": "{C784477D-3478-62B8-5206-000000004700}", "ProcessId": "6456", "Product": "Microsoft\\xae Windows\\xae Operating System", "Description": "Windows host process (Rundll32)", "Company": "Microsoft Corporation", "ParentProcessGuid": "{C784477D-3404-62B8-4C06-000000004700}", "User": "DESKTOP-B0T93D6\\george", "Hashes": "MD5=D7CA562B0DB4F4DD0F03A89A1FDAD63D,SHA256=4E15AA13A02798E924C63537E458A09415C48DAE0E7AFD5A3D25532A2AA935EE,IMPHASH=BB17B2FBBFF4BBF5EBDCA7D0BB9E4A5B", "OriginalFileName": "RUNDLL32.EXE", "ParentImage": "C:\\Program Files\\Microsoft Office\\Office16\\EXCEL.EXE", "FileVersion": "10.0.17134.1 (WinBuild.160101.0800)", "ParentProcessId": "4584", "CurrentDirectory": "C:\\Users\\george\\Documents\\", "CommandLine": "C:\\Windows\\\\SysWOW64\\\\rundll32.exe", "EventID": "1", "LogonGuid": "C784477D-E843-629E-0B23-030000000000", "LogonId": "205579", "Image": "C:\\Windows\\SysWOW64\\rundll32.exe", "IntegrityLevel": "High", "ParentCommandLine": "\"C:\\Program Files\\Microsoft Office\\Office16\\EXCEL.EXE\" /automation -Embedding", "UtcTime": "1656239224", "RuleName": "-"}}], "rule_level": "high", "rule_description": "This rule will monitor any office apps that spins up a new LOLBin process. This activity is pretty suspicious and should be investigated.", "rule_author": "Vadim Khrykov (ThreatIntel), Cyb3rEng (Rule)", "rule_id": "8a45e61fc1757825afcd5eca531a7940c6b8fd8ed95faee7b3ea517339e0ee17"}, {"rule_title": "Application Executed Non-Executable Extension", "rule_source": "Sigma Integrated Rule Set (GitHub)", "match_context": [{"values": {"TerminalSessionId": "1", "ProcessGuid": "{C784477D-340A-62B8-4E06-000000004700}", "ProcessId": "2332", "Product": "Microsoft\\xae Windows\\xae Operating System", "Description": "Windows host process (Rundll32)", "Company": "Microsoft Corporation", "ParentProcessGuid": "{C784477D-3404-62B8-4C06-000000004700}", "User": "DESKTOP-B0T93D6\\george", "Hashes": "MD5=D7CA562B0DB4F4DD0F03A89A1FDAD63D,SHA256=4E15AA13A02798E924C63537E458A09415C48DAE0E7AFD5A3D25532A2AA935EE,IMPHASH=BB17B2FBBFF4BBF5EBDCA7D0BB9E4A5B", "OriginalFileName": "RUNDLL32.EXE", "ParentImage": "C:\\Program Files\\Microsoft Office\\Office16\\EXCEL.EXE", "FileVersion": "10.0.17134.1 (WinBuild.160101.0800)", "ParentProcessId": "4584", "CurrentDirectory": "C:\\Users\\george\\Documents\\", "CommandLine": "C:\\Windows\\\\SysWOW64\\\\rundll32.exe", "EventID": "1", "LogonGuid": "C784477D-E843-629E-0B23-030000000000", "LogonId": "205579", "Image": "C:\\Windows\\SysWOW64\\rundll32.exe", "IntegrityLevel": "High", "ParentCommandLine": "\"C:\\Program Files\\Microsoft Office\\Office16\\EXCEL.EXE\" /automation -Embedding", "UtcTime": "1656239114", "RuleName": "-"}}, {"values": {"TerminalSessionId": "1", "ProcessGuid": "{C784477D-3478-62B8-5206-000000004700}", "ProcessId": "6456", "Product": "Microsoft\\xae Windows\\xae Operating System", "Description": "Windows host process (Rundll32)", "Company": "Microsoft Corporation", "ParentProcessGuid": "{C784477D-3404-62B8-4C06-000000004700}", "User": "DESKTOP-B0T93D6\\george", "Hashes": "MD5=D7CA562B0DB4F4DD0F03A89A1FDAD63D,SHA256=4E15AA13A02798E924C63537E458A09415C48DAE0E7AFD5A3D25532A2AA935EE,IMPHASH=BB17B2FBBFF4BBF5EBDCA7D0BB9E4A5B", "OriginalFileName": "RUNDLL32.EXE", "ParentImage": "C:\\Program Files\\Microsoft Office\\Office16\\EXCEL.EXE", "FileVersion": "10.0.17134.1 (WinBuild.160101.0800)", "ParentProcessId": "4584", "CurrentDirectory": "C:\\Users\\george\\Documents\\", "CommandLine": "C:\\Windows\\\\SysWOW64\\\\rundll32.exe", "EventID": "1", "LogonGuid": "C784477D-E843-629E-0B23-030000000000", "LogonId": "205579", "Image": "C:\\Windows\\SysWOW64\\rundll32.exe", "IntegrityLevel": "High", "ParentCommandLine": "\"C:\\Program Files\\Microsoft Office\\Office16\\EXCEL.EXE\" /automation -Embedding", "UtcTime": "1656239224", "RuleName": "-"}}, {"values": {"TerminalSessionId": "1", "ProcessGuid": "{C784477D-34B5-62B8-5306-000000004700}", "ProcessId": "5736", "Product": "Microsoft\\xae Windows\\xae Operating System", "Description": "Windows host process (Rundll32)", "Company": "Microsoft Corporation", "ParentProcessGuid": "{C784477D-340A-62B8-4E06-000000004700}", "User": "DESKTOP-B0T93D6\\george", "Hashes": "MD5=73C519F050C20580F8A62C849D49215A,SHA256=38847DC4C82C0775E7DAFCBC7FEA50749CDAC7B50AB8602E8FDFAD4401954C87,IMPHASH=F27A7FC3A53E74F45BE370131953896A", "OriginalFileName": "RUNDLL32.EXE", "ParentImage": "C:\\Windows\\SysWOW64\\rundll32.exe", "FileVersion": "10.0.17134.1 (WinBuild.160101.0800)", "ParentProcessId": "2332", "CurrentDirectory": "C:\\Users\\george\\Documents\\", "CommandLine": "C:\\Windows\\sysnative\\rundll32.exe", "EventID": "1", "LogonGuid": "C784477D-E843-629E-0B23-030000000000", "LogonId": "205579", "Image": "C:\\Windows\\System32\\rundll32.exe", "IntegrityLevel": "High", "ParentCommandLine": "C:\\Windows\\\\SysWOW64\\\\rundll32.exe", "UtcTime": "1656239285", "RuleName": "-"}}, {"values": {"TerminalSessionId": "1", "ProcessGuid": "{C784477D-34BC-62B8-5406-000000004700}", "ProcessId": "3612", "Product": "Microsoft\\xae Windows\\xae Operating System", "Description": "Windows host process (Rundll32)", "Company": "Microsoft Corporation", "ParentProcessGuid": "{C784477D-340A-62B8-4E06-000000004700}", "User": "DESKTOP-B0T93D6\\george", "Hashes": "MD5=73C519F050C20580F8A62C849D49215A,SHA256=38847DC4C82C0775E7DAFCBC7FEA50749CDAC7B50AB8602E8FDFAD4401954C87,IMPHASH=F27A7FC3A53E74F45BE370131953896A", "OriginalFileName": "RUNDLL32.EXE", "ParentImage": "C:\\Windows\\SysWOW64\\rundll32.exe", "FileVersion": "10.0.17134.1 (WinBuild.160101.0800)", "ParentProcessId": "2332", "CurrentDirectory": "C:\\Users\\george\\Documents\\", "CommandLine": "C:\\Windows\\sysnative\\rundll32.exe", "EventID": "1", "LogonGuid": "C784477D-E843-629E-0B23-030000000000", "LogonId": "205579", "Image": "C:\\Windows\\System32\\rundll32.exe", "IntegrityLevel": "High", "ParentCommandLine": "C:\\Windows\\\\SysWOW64\\\\rundll32.exe", "UtcTime": "1656239292", "RuleName": "-"}}, {"values": {"TerminalSessionId": "1", "ProcessGuid": "{C784477D-34C4-62B8-5506-000000004700}", "ProcessId": "4308", "Product": "Microsoft\\xae Windows\\xae Operating System", "Description": "Windows host process (Rundll32)", "Company": "Microsoft Corporation", "ParentProcessGuid": "{C784477D-340A-62B8-4E06-000000004700}", "User": "DESKTOP-B0T93D6\\george", "Hashes": "MD5=D7CA562B0DB4F4DD0F03A89A1FDAD63D,SHA256=4E15AA13A02798E924C63537E458A09415C48DAE0E7AFD5A3D25532A2AA935EE,IMPHASH=BB17B2FBBFF4BBF5EBDCA7D0BB9E4A5B", "OriginalFileName": "RUNDLL32.EXE", "ParentImage": "C:\\Windows\\SysWOW64\\rundll32.exe", "FileVersion": "10.0.17134.1 (WinBuild.160101.0800)", "ParentProcessId": "2332", "CurrentDirectory": "C:\\Users\\george\\Documents\\", "CommandLine": "C:\\Windows\\syswow64\\rundll32.exe", "EventID": "1", "LogonGuid": "C784477D-E843-629E-0B23-030000000000", "LogonId": "205579", "Image": "C:\\Windows\\SysWOW64\\rundll32.exe", "IntegrityLevel": "High", "ParentCommandLine": "C:\\Windows\\\\SysWOW64\\\\rundll32.exe", "UtcTime": "1656239300", "RuleName": "-"}}], "rule_level": "high", "rule_description": "Detects the execution of rundll32 with a command line that doesn't contain a .dll file", "rule_author": "Tim Shelton, Florian Roth", "rule_id": "e7856bac967038b016efab8e4f315a2f16ccd6ba62f20d73df0ad3826fe654a3"}, {"rule_title": "UNC2452 Process Creation Patterns", "rule_source": "Sigma Integrated Rule Set (GitHub)", "match_context": [{"values": {"TerminalSessionId": "1", "ProcessGuid": "{C784477D-4EA6-62B8-5C06-000000004700}", "ProcessId": "6976", "Product": "Microsoft\\xae Windows\\xae Operating System", "Description": "Windows Command Processor", "Company": "Microsoft Corporation", "ParentProcessGuid": "{C784477D-340A-62B8-4E06-000000004700}", "User": "DESKTOP-B0T93D6\\george", "Hashes": "MD5=F3BDBE3BB6F734E357235F4D5898582D,SHA256=3685495D051137B1C4EFDE22C26DF0883614B6453B762FA84588DA55ED2E7744,IMPHASH=0AF8419BE362159398343D7B31721726", "OriginalFileName": "Cmd.Exe", "ParentImage": "C:\\Windows\\SysWOW64\\rundll32.exe", "FileVersion": "10.0.17134.1 (WinBuild.160101.0800)", "ParentProcessId": "2332", "CurrentDirectory": "C:\\Users\\george\\Documents\\", "CommandLine": "C:\\Windows\\system32\\cmd.exe /C powershell Get-ADDomain", "EventID": "1", "LogonGuid": "C784477D-E843-629E-0B23-030000000000", "LogonId": "205579", "Image": "C:\\Windows\\SysWOW64\\cmd.exe", "IntegrityLevel": "High", "ParentCommandLine": "C:\\Windows\\\\SysWOW64\\\\rundll32.exe", "UtcTime": "1656245926", "RuleName": "-"}}], "rule_level": "high", "rule_description": "Detects a specific process creation patterns as seen used by UNC2452 and provided by Microsoft as Microsoft Defender ATP queries", "rule_author": "Florian Roth", "rule_id": "f282a8660328d20195770b77f51561e6885408fc2136a6916d0380839cf39301"}, {"rule_title": "LOLBAS rundll32 without expected arguments (via cmdline)", "rule_source": "SOC Prime Threat Detection Marketplace", "match_context": [{"values": {"TerminalSessionId": "1", "ProcessGuid": "{C784477D-340A-62B8-4E06-000000004700}", "ProcessId": "2332", "Product": "Microsoft\\xae Windows\\xae Operating System", "Description": "Windows host process (Rundll32)", "Company": "Microsoft Corporation", "ParentProcessGuid": "{C784477D-3404-62B8-4C06-000000004700}", "User": "DESKTOP-B0T93D6\\george", "Hashes": "MD5=D7CA562B0DB4F4DD0F03A89A1FDAD63D,SHA256=4E15AA13A02798E924C63537E458A09415C48DAE0E7AFD5A3D25532A2AA935EE,IMPHASH=BB17B2FBBFF4BBF5EBDCA7D0BB9E4A5B", "OriginalFileName": "RUNDLL32.EXE", "ParentImage": "C:\\Program Files\\Microsoft Office\\Office16\\EXCEL.EXE", "FileVersion": "10.0.17134.1 (WinBuild.160101.0800)", "ParentProcessId": "4584", "CurrentDirectory": "C:\\Users\\george\\Documents\\", "CommandLine": "C:\\Windows\\\\SysWOW64\\\\rundll32.exe", "EventID": "1", "LogonGuid": "C784477D-E843-629E-0B23-030000000000", "LogonId": "205579", "Image": "C:\\Windows\\SysWOW64\\rundll32.exe", "IntegrityLevel": "High", "ParentCommandLine": "\"C:\\Program Files\\Microsoft Office\\Office16\\EXCEL.EXE\" /automation -Embedding", "UtcTime": "1656239114", "RuleName": "-"}}, {"values": {"TerminalSessionId": "1", "ProcessGuid": "{C784477D-3478-62B8-5206-000000004700}", "ProcessId": "6456", "Product": "Microsoft\\xae Windows\\xae Operating System", "Description": "Windows host process (Rundll32)", "Company": "Microsoft Corporation", "ParentProcessGuid": "{C784477D-3404-62B8-4C06-000000004700}", "User": "DESKTOP-B0T93D6\\george", "Hashes": "MD5=D7CA562B0DB4F4DD0F03A89A1FDAD63D,SHA256=4E15AA13A02798E924C63537E458A09415C48DAE0E7AFD5A3D25532A2AA935EE,IMPHASH=BB17B2FBBFF4BBF5EBDCA7D0BB9E4A5B", "OriginalFileName": "RUNDLL32.EXE", "ParentImage": "C:\\Program Files\\Microsoft Office\\Office16\\EXCEL.EXE", "FileVersion": "10.0.17134.1 (WinBuild.160101.0800)", "ParentProcessId": "4584", "CurrentDirectory": "C:\\Users\\george\\Documents\\", "CommandLine": "C:\\Windows\\\\SysWOW64\\\\rundll32.exe", "EventID": "1", "LogonGuid": "C784477D-E843-629E-0B23-030000000000", "LogonId": "205579", "Image": "C:\\Windows\\SysWOW64\\rundll32.exe", "IntegrityLevel": "High", "ParentCommandLine": "\"C:\\Program Files\\Microsoft Office\\Office16\\EXCEL.EXE\" /automation -Embedding", "UtcTime": "1656239224", "RuleName": "-"}}, {"values": {"TerminalSessionId": "1", "ProcessGuid": "{C784477D-34B5-62B8-5306-000000004700}", "ProcessId": "5736", "Product": "Microsoft\\xae Windows\\xae Operating System", "Description": "Windows host process (Rundll32)", "Company": "Microsoft Corporation", "ParentProcessGuid": "{C784477D-340A-62B8-4E06-000000004700}", "User": "DESKTOP-B0T93D6\\george", "Hashes": "MD5=73C519F050C20580F8A62C849D49215A,SHA256=38847DC4C82C0775E7DAFCBC7FEA50749CDAC7B50AB8602E8FDFAD4401954C87,IMPHASH=F27A7FC3A53E74F45BE370131953896A", "OriginalFileName": "RUNDLL32.EXE", "ParentImage": "C:\\Windows\\SysWOW64\\rundll32.exe", "FileVersion": "10.0.17134.1 (WinBuild.160101.0800)", "ParentProcessId": "2332", "CurrentDirectory": "C:\\Users\\george\\Documents\\", "CommandLine": "C:\\Windows\\sysnative\\rundll32.exe", "EventID": "1", "LogonGuid": "C784477D-E843-629E-0B23-030000000000", "LogonId": "205579", "Image": "C:\\Windows\\System32\\rundll32.exe", "IntegrityLevel": "High", "ParentCommandLine": "C:\\Windows\\\\SysWOW64\\\\rundll32.exe", "UtcTime": "1656239285", "RuleName": "-"}}, {"values": {"TerminalSessionId": "1", "ProcessGuid": "{C784477D-34BC-62B8-5406-000000004700}", "ProcessId": "3612", "Product": "Microsoft\\xae Windows\\xae Operating System", "Description": "Windows host process (Rundll32)", "Company": "Microsoft Corporation", "ParentProcessGuid": "{C784477D-340A-62B8-4E06-000000004700}", "User": "DESKTOP-B0T93D6\\george", "Hashes": "MD5=73C519F050C20580F8A62C849D49215A,SHA256=38847DC4C82C0775E7DAFCBC7FEA50749CDAC7B50AB8602E8FDFAD4401954C87,IMPHASH=F27A7FC3A53E74F45BE370131953896A", "OriginalFileName": "RUNDLL32.EXE", "ParentImage": "C:\\Windows\\SysWOW64\\rundll32.exe", "FileVersion": "10.0.17134.1 (WinBuild.160101.0800)", "ParentProcessId": "2332", "CurrentDirectory": "C:\\Users\\george\\Documents\\", "CommandLine": "C:\\Windows\\sysnative\\rundll32.exe", "EventID": "1", "LogonGuid": "C784477D-E843-629E-0B23-030000000000", "LogonId": "205579", "Image": "C:\\Windows\\System32\\rundll32.exe", "IntegrityLevel": "High", "ParentCommandLine": "C:\\Windows\\\\SysWOW64\\\\rundll32.exe", "UtcTime": "1656239292", "RuleName": "-"}}, {"values": {"TerminalSessionId": "1", "ProcessGuid": "{C784477D-34C4-62B8-5506-000000004700}", "ProcessId": "4308", "Product": "Microsoft\\xae Windows\\xae Operating System", "Description": "Windows host process (Rundll32)", "Company": "Microsoft Corporation", "ParentProcessGuid": "{C784477D-340A-62B8-4E06-000000004700}", "User": "DESKTOP-B0T93D6\\george", "Hashes": "MD5=D7CA562B0DB4F4DD0F03A89A1FDAD63D,SHA256=4E15AA13A02798E924C63537E458A09415C48DAE0E7AFD5A3D25532A2AA935EE,IMPHASH=BB17B2FBBFF4BBF5EBDCA7D0BB9E4A5B", "OriginalFileName": "RUNDLL32.EXE", "ParentImage": "C:\\Windows\\SysWOW64\\rundll32.exe", "FileVersion": "10.0.17134.1 (WinBuild.160101.0800)", "ParentProcessId": "2332", "CurrentDirectory": "C:\\Users\\george\\Documents\\", "CommandLine": "C:\\Windows\\syswow64\\rundll32.exe", "EventID": "1", "LogonGuid": "C784477D-E843-629E-0B23-030000000000", "LogonId": "205579", "Image": "C:\\Windows\\SysWOW64\\rundll32.exe", "IntegrityLevel": "High", "ParentCommandLine": "C:\\Windows\\\\SysWOW64\\\\rundll32.exe", "UtcTime": "1656239300", "RuleName": "-"}}], "rule_level": "medium", "rule_description": "Detects use of rundll32 as a LOLBAS binary where rundll32 is passed unexpected arguments such as a .iso instead of .dll (i.e. rundll32.exe test.iso, evilexport).", "rule_author": "SOC Prime Team", "rule_id": "2fd6d2b16365ba7157eee4934b406ac7d530b4ec62cc1b45c69ee4f07989f139"}, 