{"data": {"attributes": {"type_description": "Win32 EXE", "tlsh": "T163E1751337184DB6D87C063D47E3FCA776985F393F2F52754A280307387222469A5955", "vhash": "073036151e1bz2!z", "type_tags": ["executable", "windows", "win32", "pe", "peexe"], "crowdsourced_yara_results": [{"description": "Detects malware by known bad imphash or rich_pe_header_hash", "source": "https://github.com/Neo23x0/signature-base", "author": "Arnim Rupp", "ruleset_name": "gen_imphash_detection", "rule_name": "MAL_Malware_Imphash_Mar23_1", "ruleset_id": "000c8f1d6e"}, {"description": "Identifies the 64 bit API hashing function used by Metasploit. This has been re-used by many other malware families.", "source": "https://github.com/elastic/protections-artifacts", "author": "Elastic Security", "ruleset_name": "Windows_Trojan_Metasploit", "rule_name": "Windows_Trojan_Metasploit_c9773203", "ruleset_id": "015f7da771"}, {"ruleset_id": "015f7da771", "rule_name": "Windows_Trojan_Metasploit_91bc5d7d", "ruleset_name": "Windows_Trojan_Metasploit", "source": "https://github.com/elastic/protections-artifacts", "author": "Elastic Security"}], "creation_date": 1271282813, "names": ["f988cdf69822247eb38f7ef3afef5fbb39f506ca0730b3df815f42c40f67f31a.sample"], "last_modification_date": 1690355906, "type_tag": "peexe", "times_submitted": 1, "total_votes": {"harmless": 0, "malicious": 0}, "size": 7168, "popular_threat_classification": {"suggested_threat_label": "trojan.metasploit/rozena", "popular_threat_category": [{"count": 30, "value": "trojan"}, {"count": 2, "value": "hacktool"}], "popular_threat_name": [{"count": 11, "value": "metasploit"}, {"count": 4, "value": "rozena"}, {"count": 2, "value": "msfshell"}]}, "authentihash": "be8d0abef00bf81297ba7536aa13a87e439988bbdb947bf5b5d989724423f4d2", "detectiteasy": {"filetype": "PE64", "values": [{"version": "2008 SP1", "type": "Compiler", "name": "Microsoft Visual C/C++"}, {"version": "9.00.30729", "type": "Compiler", "name": "MASM"}, {"version": "9.00.30729", "type": "Linker", "name": "Microsoft Linker"}]}, "last_submission_date": 1655909248, "sigma_analysis_results": [{"rule_title": "Python Initiated Connection", "rule_source": "Sigma Integrated Rule Set (GitHub)", "match_context": [{"values": {"EventID": "3", "ProcessId": "1212", "DestinationPortName": "-", "Protocol": "udp", "DestinationIp": "255.255.255.255", "Initiated": "true", "SourcePortName": "-", "Image": "C:\\Users\\admin\\AppData\\Local\\Programs\\Python\\Python37\\pythonw.exe", "RuleName": "Usermode", "DestinationHostname": "-", "UtcTime": "2022-06-22 19:00:37.179", "User": "work\\admin", "DestinationPort": "12345", "ProcessGuid": "5240FBE6-66C9-62B3-3B00-000000002400", "SourcePort": "58066", "SourceIsIpv6": "false", "SourceHostname": "-", "SourceIp": "192.168.122.246", "DestinationIsIpv6": "false"}}, {"values": {"EventID": "3", "ProcessId": "1212", "DestinationPortName": "-", "SourceIsIpv6": "false", "Initiated": "true", "DestinationIp": "173.194.216.153", "SourcePortName": "-", "Image": "C:\\Users\\admin\\AppData\\Local\\Programs\\Python\\Python37\\pythonw.exe", "RuleName": "Usermode", "DestinationHostname": "-", "UtcTime": "2022-06-22 19:00:52.459", "User": "work\\admin", "DestinationPort": "443", "ProcessGuid": "5240FBE6-66C9-62B3-3B00-000000002400", "SourcePort": "49169", "Protocol": "tcp", "SourceHostname": "-", "SourceIp": "192.168.122.246", "DestinationIsIpv6": "false"}}, {"values": {"EventID": "3", "ProcessId": "1212", "DestinationPortName": "-", "Protocol": "tcp", "DestinationIp": "173.194.216.153", "Initiated": "true", "SourcePortName": "-", "Image": "C:\\Users\\admin\\AppData\\Local\\Programs\\Python\\Python37\\pythonw.exe", "RuleName": "Usermode", "DestinationHostname": "-", "UtcTime": "2022-06-22 19:00:58.473", "User": "work\\admin", "DestinationPort": "443", "ProcessGuid": "5240FBE6-66C9-62B3-3B00-000000002400", "SourcePort": "49172", "SourceIsIpv6": "false", "SourceHostname": "-", "SourceIp": "192.168.122.246", "DestinationIsIpv6": "false"}}, {"values": {"EventID": "3", "ProcessId": "1212", "DestinationPortName": "-", "Protocol": "tcp", "Initiated": "true", "DestinationIp": "173.194.216.153", "SourcePortName": "-", "Image": "C:\\Users\\admin\\AppData\\Local\\Programs\\Python\\Python37\\pythonw.exe", "RuleName": "Usermode", "DestinationHostname": "-", "UtcTime": "2022-06-22 19:00:58.689", "User": "work\\admin", "DestinationPort": "443", "ProcessGuid": "5240FBE6-66C9-62B3-3B00-000000002400", "SourcePort": "49173", "SourceIsIpv6": "false", "SourceHostname": "-", "SourceIp": "192.168.122.246", "DestinationIsIpv6": "false"}}, {"values": {"EventID": "3", "ProcessId": "1212", "DestinationPortName": "-", "Protocol": "tcp", "DestinationIp": "173.194.216.153", "Initiated": "true", "SourcePortName": "-", "Image": "C:\\Users\\admin\\AppData\\Local\\Programs\\Python\\Python37\\pythonw.exe", "RuleName": "Usermode", "DestinationHostname": "-", "UtcTime": "2022-06-22 19:01:03.849", "User": "work\\admin", "DestinationPort": "443", "ProcessGuid": "5240FBE6-66C9-62B3-3B00-000000002400", "SourcePort": "49174", "SourceIsIpv6": "false", "SourceHostname": "-", "SourceIp": "192.168.122.246", "DestinationIsIpv6": "false"}}, {"values": {"EventID": "3", "ProcessId": "1212", "DestinationPortName": "-", "SourceIsIpv6": "false", "Initiated": "true", "DestinationIp": "173.194.216.153", "SourcePortName": "-", "Image": "C:\\Users\\admin\\AppData\\Local\\Programs\\Python\\Python37\\pythonw.exe", "RuleName": "Usermode", "DestinationHostname": "-", "UtcTime": "2022-06-22 19:01:09.137", "User": "work\\admin", "DestinationPort": "443", "ProcessGuid": "5240FBE6-66C9-62B3-3B00-000000002400", "SourcePort": "49175", "Protocol": "tcp", "SourceHostname": "-", "SourceIp": "192.168.122.246", "DestinationIsIpv6": "false"}}, {"values": {"EventID": "3", "ProcessId": "1212", "DestinationPortName": "-", "Protocol": "tcp", "Initiated": "true", "DestinationIp": "173.194.216.153", "SourcePortName": "-", "Image": "C:\\Users\\admin\\AppData\\Local\\Programs\\Python\\Python37\\pythonw.exe", "RuleName": "Usermode", "DestinationHostname": "-", "UtcTime": "2022-06-22 19:01:09.342", "User": "work\\admin", "DestinationPort": "443", "ProcessGuid": "5240FBE6-66C9-62B3-3B00-000000002400", "SourcePort": "49176", "SourceIsIpv6": "false", "SourceHostname": "-", "SourceIp": "192.168.122.246", "DestinationIsIpv6": "false"}}, {"values": {"EventID": "3", "ProcessId": "1212", "DestinationPortName": "-", "SourceIsIpv6": "false", "DestinationIp": "173.194.216.153", "Initiated": "true", "SourcePortName": "-", "Image": "C:\\Users\\admin\\AppData\\Local\\Programs\\Python\\Python37\\pythonw.exe", "RuleName": "Usermode", "DestinationHostname": "-", "UtcTime": "2022-06-22 19:01:14.501", "User": "work\\admin", "DestinationPort": "443", "ProcessGuid": "5240FBE6-66C9-62B3-3B00-000000002400", "SourcePort": "49178", "Protocol": "tcp", "SourceHostname": "-", "SourceIp": "192.168.122.246", "DestinationIsIpv6": "false"}}, {"values": {"EventID": "3", "ProcessId": "1212", "DestinationPortName": "-", "SourceIsIpv6": "false", "DestinationIp": "173.194.216.153", "Initiated": "true", "SourcePortName": "-", "Image": "C:\\Users\\admin\\AppData\\Local\\Programs\\Python\\Python37\\pythonw.exe", "RuleName": "Usermode", "DestinationHostname": "-", "UtcTime": "2022-06-22 19:01:19.838", "User": "work\\admin", "DestinationPort": "443", "ProcessGuid": "5240FBE6-66C9-62B3-3B00-000000002400", "SourcePort": "49179", "Protocol": "tcp", "SourceHostname": "-", "SourceIp": "192.168.122.246", "DestinationIsIpv6": "false"}}, {"values": {"EventID": "3", "ProcessId": "1212", "DestinationPortName": "-", "Protocol": "tcp", "Initiated": "true", "DestinationIp": "173.194.216.153", "SourcePortName": "-", "Image": "C:\\Users\\admin\\AppData\\Local\\Programs\\Python\\Python37\\pythonw.exe", "RuleName": "Usermode", "DestinationHostname": "-", "UtcTime": "2022-06-22 19:01:20.027", "User": "work\\admin", "DestinationPort": "443", "ProcessGuid": "5240FBE6-66C9-62B3-3B00-000000002400", "SourcePort": "49180", "SourceIsIpv6": "false", "SourceHostname": "-", "SourceIp": "192.168.122.246", "DestinationIsIpv6": "false"}}, {"values": {"EventID": "3", "ProcessId": "1212", "DestinationPortName": "-", "Protocol": "tcp", "DestinationIp": "173.194.216.153", "Initiated": "true", "SourcePortName": "-", "Image": "C:\\Users\\admin\\AppData\\Local\\Programs\\Python\\Python37\\pythonw.exe", "RuleName": "Usermode", "DestinationHostname": "-", "UtcTime": "2022-06-22 19:01:25.200", "User": "work\\admin", "DestinationPort": "443", "ProcessGuid": "5240FBE6-66C9-62B3-3B00-000000002400", "SourcePort": "49181", "SourceIsIpv6": "false", "SourceHostname": "-", "SourceIp": "192.168.122.246", "DestinationIsIpv6": "false"}}, {"values": {"EventID": "3", "ProcessId": "1212", "DestinationPortName": "-", "SourceIsIpv6": "false", "DestinationIp": "173.194.216.153", "Initiated": "true", "SourcePortName": "-", "Image": "C:\\Users\\admin\\AppData\\Local\\Programs\\Python\\Python37\\pythonw.exe", "RuleName": "Usermode", "DestinationHostname": "-", "UtcTime": "2022-06-22 19:01:30.450", "User": "work\\admin", "DestinationPort": "443", "ProcessGuid": "5240FBE6-66C9-62B3-3B00-000000002400", "SourcePort": "49182", "Protocol": "tcp", "SourceHostname": "-", "SourceIp": "192.168.122.246", "DestinationIsIpv6": "false"}}, {"values": {"EventID": "3", "ProcessId": "1212", "DestinationPortName": "-", "Protocol": "tcp", "DestinationIp": "173.194.216.153", "Initiated": "true", "SourcePortName": "-", "Image": "C:\\Users\\admin\\AppData\\Local\\Programs\\Python\\Python37\\pythonw.exe", "RuleName": "Usermode", "DestinationHostname": "-", "UtcTime": "2022-06-22 19:01:30.627", "User": "work\\admin", "DestinationPort": "443", "ProcessGuid": "5240FBE6-66C9-62B3-3B00-000000002400", "SourcePort": "49183", "SourceIsIpv6": "false", "SourceHostname": "-", "SourceIp": "192.168.122.246", "DestinationIsIpv6": "false"}}, {"values": {"EventID": "3", "ProcessId": "1212", "DestinationPortName": "-", "Protocol": "tcp", "DestinationIp": "173.194.216.153", "Initiated": "true", "SourcePortName": "-", "Image": "C:\\Users\\admin\\AppData\\Local\\Programs\\Python\\Python37\\pythonw.exe", "RuleName": "Usermode", "DestinationHostname": "-", "UtcTime": "2022-06-22 19:01:35.824", "User": "work\\admin", "DestinationPort": "443", "ProcessGuid": "5240FBE6-66C9-62B3-3B00-000000002400", "SourcePort": "49184", "SourceIsIpv6": "false", "SourceHostname": "-", "SourceIp": "192.168.122.246", "DestinationIsIpv6": "false"}}, {"values": {"EventID": "3", "ProcessId": "1212", "DestinationPortName": "-", "SourceIsIpv6": "false", "DestinationIp": "173.194.216.153", "Initiated": "true", "SourcePortName": "-", "Image": "C:\\Users\\admin\\AppData\\Local\\Programs\\Python\\Python37\\pythonw.exe", "RuleName": "Usermode", "DestinationHostname": "-", "UtcTime": "2022-06-22 19:01:41.077", "User": "work\\admin", "DestinationPort": "443", "ProcessGuid": "5240FBE6-66C9-62B3-3B00-000000002400", "SourcePort": "49185", "Protocol": "tcp", "SourceHostname": "-", "SourceIp": "192.168.122.246", "DestinationIsIpv6": "false"}}, {"values": {"EventID": "3", "ProcessId": "1212", "DestinationPortName": "-", "SourceIsIpv6": "false", "Initiated": "true", "DestinationIp": "173.194.216.153", "SourcePortName": "-", "Image": "C:\\Users\\admin\\AppData\\Local\\Programs\\Python\\Python37\\pythonw.exe", "RuleName": "Usermode", "DestinationHostname": "-", "UtcTime": "2022-06-22 19:01:41.285", "User": "work\\admin", "DestinationPort": "443", "ProcessGuid": "5240FBE6-66C9-62B3-3B00-000000002400", "SourcePort": "49186", "Protocol": "tcp", "SourceHostname": "-", "SourceIp": "192.168.122.246", "DestinationIsIpv6": "false"}}, {"values": {"EventID": "3", "ProcessId": "1212", "DestinationPortName": "-", "Protocol": "tcp", "DestinationIp": "173.194.216.153", "Initiated": "true", "SourcePortName": "-", "Image": "C:\\Users\\admin\\AppData\\Local\\Programs\\Python\\Python37\\pythonw.exe", "RuleName": "Usermode", "DestinationHostname": "-", "UtcTime": "2022-06-22 19:01:46.529", "User": "work\\admin", "DestinationPort": "443", "ProcessGuid": "5240FBE6-66C9-62B3-3B00-000000002400", "SourcePort": "49187", "SourceIsIpv6": "false", "SourceHostname": "-", "SourceIp": "192.168.122.246", "DestinationIsIpv6": "false"}}, {"values": {"EventID": "3", "ProcessId": "1212", "DestinationPortName": "-", "SourceIsIpv6": "false", "DestinationIp": "173.194.216.153", "Initiated": "true", "SourcePortName": "-", "Image": "C:\\Users\\admin\\AppData\\Local\\Programs\\Python\\Python37\\pythonw.exe", "RuleName": "Usermode", "DestinationHostname": "-", "UtcTime": "2022-06-22 19:01:51.900", "User": "work\\admin", "DestinationPort": "443", "ProcessGuid": "5240FBE6-66C9-62B3-3B00-000000002400", "SourcePort": "49188", "Protocol": "tcp", "SourceHostname": "-", "SourceIp": "192.168.122.246", "DestinationIsIpv6": "false"}}, {"values": {"EventID": "3", "ProcessId": "1212", "DestinationPortName": "-", "Protocol": "tcp", "Initiated": "true", "DestinationIp": "173.194.216.153", "SourcePortName": "-", "Image": "C:\\Users\\admin\\AppData\\Local\\Programs\\Python\\Python37\\pythonw.exe", "RuleName": "Usermode", "DestinationHostname": "-", "UtcTime": "2022-06-22 19:01:52.211", "User": "work\\admin", "DestinationPort": "443", "ProcessGuid": "5240FBE6-66C9-62B3-3B00-000000002400", "SourcePort": "49189", "SourceIsIpv6": "false", "SourceHostname": "-", "SourceIp": "192.168.122.246", "DestinationIsIpv6": "false"}}, {"values": {"EventID": "3", "ProcessId": "1212", "DestinationPortName": "-", "Protocol": "tcp", "DestinationIp": "173.194.216.153", "Initiated": "true", "SourcePortName": "-", "Image": "C:\\Users\\admin\\AppData\\Local\\Programs\\Python\\Python37\\pythonw.exe", "RuleName": "Usermode", "DestinationHostname": "-", "UtcTime": "2022-06-22 19:01:53.264", "User": "work\\admin", "DestinationPort": "443", "ProcessGuid": "5240FBE6-66C9-62B3-3B00-000000002400", "SourcePort": "49190", "SourceIsIpv6": "false", "SourceHostname": "-", "SourceIp": "192.168.122.246", "DestinationIsIpv6": "false"}}, {"values": {"EventID": "3", "ProcessId": "1212", "DestinationPortName": "-", "SourceIsIpv6": "false", "DestinationIp": "173.194.216.153", "Initiated": "true", "SourcePortName": "-", "Image": "C:\\Users\\admin\\AppData\\Local\\Programs\\Python\\Python37\\pythonw.exe", "RuleName": "Usermode", "DestinationHostname": "-", "UtcTime": "2022-06-22 19:01:58.736", "User": "work\\admin", "DestinationPort": "443", "ProcessGuid": "5240FBE6-66C9-62B3-3B00-000000002400", "SourcePort": "49191", "Protocol": "tcp", "SourceHostname": "-", "SourceIp": "192.168.122.246", "DestinationIsIpv6": "false"}}, {"values": {"EventID": "3", "ProcessId": "1212", "DestinationPortName": "-", "SourceIsIpv6": "false", "DestinationIp": "173.194.216.153", "Initiated": "true", "SourcePortName": "-", "Image": "C:\\Users\\admin\\AppData\\Local\\Programs\\Python\\Python37\\pythonw.exe", "RuleName": "Usermode", "DestinationHostname": "-", "UtcTime": "2022-06-22 19:02:07.144", "User": "work\\admin", "DestinationPort": "443", "ProcessGuid": "5240FBE6-66C9-62B3-3B00-000000002400", "SourcePort": "49192", "Protocol": "tcp", "SourceHostname": "-", "SourceIp": "192.168.122.246", "DestinationIsIpv6": "false"}}, {"values": {"EventID": "3", "ProcessId": "1212", "DestinationPortName": "-", "Protocol": "tcp", "Initiated": "true", "DestinationIp": "173.194.216.153", "SourcePortName": "-", "Image": "C:\\Users\\admin\\AppData\\Local\\Programs\\Python\\Python37\\pythonw.exe", "RuleName": "Usermode", "DestinationHostname": "-", "UtcTime": "2022-06-22 19:02:07.342", "User": "work\\admin", "DestinationPort": "443", "ProcessGuid": "5240FBE6-66C9-62B3-3B00-000000002400", "SourcePort": "49193", "SourceIsIpv6": "false", "SourceHostname": "-", "SourceIp": "192.168.122.246", "DestinationIsIpv6": "false"}}, {"values": {"EventID": "3", "ProcessId": "1212", "DestinationPortName": "-", "SourceIsIpv6": "false", "DestinationIp": "173.194.216.153", "Initiated": "true", "SourcePortName": "-", "Image": "C:\\Users\\admin\\AppData\\Local\\Programs\\Python\\Python37\\pythonw.exe", "RuleName": "Usermode", "DestinationHostname": "-", "UtcTime": "2022-06-22 19:02:12.822", "User": "work\\admin", "DestinationPort": "443", "ProcessGuid": "5240FBE6-66C9-62B3-3B00-000000002400", "SourcePort": "49194", "Protocol": "tcp", "SourceHostname": "-", "SourceIp": "192.168.122.246", "DestinationIsIpv6": "false"}}, {"values": {"EventID": "3", "ProcessId": "1212", "DestinationPortName": "-", "Protocol": "tcp", "DestinationIp": "173.194.216.153", "Initiated": "true", "SourcePortName": "-", "Image": "C:\\Users\\admin\\AppData\\Local\\Programs\\Python\\Python37\\pythonw.exe", "RuleName": "Usermode", "DestinationHostname": "-", "UtcTime": "2022-06-22 19:02:18.106", "User": "work\\admin", "DestinationPort": "443", "ProcessGuid": "5240FBE6-66C9-62B3-3B00-000000002400", "SourcePort": "49197", "SourceIsIpv6": "false", "SourceHostname": "-", "SourceIp": "192.168.122.246", "DestinationIsIpv6": "false"}}, {"values": {"EventID": "3", "ProcessId": "1212", "DestinationPortName": "-", "Protocol": "tcp", "DestinationIp": "173.194.216.153", "Initiated": "true", "SourcePortName": "-", "Image": "C:\\Users\\admin\\AppData\\Local\\Programs\\Python\\Python37\\pythonw.exe", "RuleName": "Usermode", "DestinationHostname": "-", "UtcTime": "2022-06-22 19:02:18.294", "User": "work\\admin", "DestinationPort": "443", "ProcessGuid": "5240FBE6-66C9-62B3-3B00-000000002400", "SourcePort": "49198", "SourceIsIpv6": "false", "SourceHostname": "-", "SourceIp": "192.168.122.246", "DestinationIsIpv6": "false"}}, {"values": {"EventID": "3", "ProcessId": "1212", "DestinationPortName": "-", "SourceIsIpv6": "false", "DestinationIp": "173.194.216.153", "Initiated": "true", "SourcePortName": "-", "Image": "C:\\Users\\admin\\AppData\\Local\\Programs\\Python\\Python37\\pythonw.exe", "RuleName": "Usermode", "DestinationHostname": "-", "UtcTime": "2022-06-22 19:02:23.514", "User": "work\\admin", "DestinationPort": "443", "ProcessGuid": "5240FBE6-66C9-62B3-3B00-000000002400", "SourcePort": "49199", "Protocol": "tcp", "SourceHostname": "-", "SourceIp": "192.168.122.246", "DestinationIsIpv6": "false"}}, {"values": {"EventID": "3", "ProcessId": "1212", "DestinationPortName": "-", "SourceIsIpv6": "false", "DestinationIp": "255.255.255.255", "Initiated": "true", "SourcePortName": "-", "Image": "C:\\Users\\admin\\AppData\\Local\\Programs\\Python\\Python37\\pythonw.exe", "RuleName": "Usermode", "DestinationHostname": "-", "UtcTime": "2022-06-22 19:00:37.179", "User": "work\\admin", "DestinationPort": "12345", "ProcessGuid": "5240FBE6-66C9-62B3-3B00-000000002400", "SourcePort": "58066", "Protocol": "udp", "SourceHostname": "-", "SourceIp": "192.168.122.246", "DestinationIsIpv6": "false"}}, {"values": {"EventID": "3", "ProcessId": "1212", "DestinationPortName": "-", "Protocol": "tcp", "Initiated": "true", "DestinationIp": "173.194.216.153", "SourcePortName": "-", "Image": "C:\\Users\\admin\\AppData\\Local\\Programs\\Python\\Python37\\pythonw.exe", "RuleName": "Usermode", "DestinationHostname": "-", "UtcTime": "2022-06-22 19:00:52.459", "User": "work\\admin", "DestinationPort": "443", "ProcessGuid": "5240FBE6-66C9-62B3-3B00-000000002400", "SourcePort": "49169", "SourceIsIpv6": "false", "SourceHostname": "-", "SourceIp": "192.168.122.246", "DestinationIsIpv6": "false"}}, {"values": {"EventID": "3", "ProcessId": "1212", "DestinationPortName": "-", "SourceIsIpv6": "false", "DestinationIp": "173.194.216.153", "Initiated": "true", "SourcePortName": "-", "Image": "C:\\Users\\admin\\AppData\\Local\\Programs\\Python\\Python37\\pythonw.exe", "RuleName": "Usermode", "DestinationHostname": "-", "UtcTime": "2022-06-22 19:00:58.473", "User": "work\\admin", "DestinationPort": "443", "ProcessGuid": "5240FBE6-66C9-62B3-3B00-000000002400", "SourcePort": "49172", "Protocol": "tcp", "SourceHostname": "-", "SourceIp": "192.168.122.246", "DestinationIsIpv6": "false"}}, {"values": {"EventID": "3", "ProcessId": "1212", "DestinationPortName": "-", "SourceIsIpv6": "false", "Initiated": "true", "DestinationIp": "173.194.216.153", "SourcePortName": "-", "Image": "C:\\Users\\admin\\AppData\\Local\\Programs\\Python\\Python37\\pythonw.exe", "RuleName": "Usermode", "DestinationHostname": "-", "UtcTime": "2022-06-22 19:00:58.689", "User": "work\\admin", "DestinationPort": "443", "ProcessGuid": "5240FBE6-66C9-62B3-3B00-000000002400", "SourcePort": "49173", "Protocol": "tcp", "SourceHostname": "-", "SourceIp": "192.168.122.246", "DestinationIsIpv6": "false"}}, {"values": {"EventID": "3", "ProcessId": "1212", "DestinationPortName": "-", "SourceIsIpv6": "false", "DestinationIp": "173.194.216.153", "Initiated": "true", "SourcePortName": "-", "Image": "C:\\Users\\admin\\AppData\\Local\\Programs\\Python\\Python37\\pythonw.exe", "RuleName": "Usermode", "DestinationHostname": "-", "UtcTime": "2022-06-22 19:01:03.849", "User": "work\\admin", "DestinationPort": "443", "ProcessGuid": "5240FBE6-66C9-62B3-3B00-000000002400", "SourcePort": "49174", "Protocol": "tcp", "SourceHostname": "-", "SourceIp": "192.168.122.246", "DestinationIsIpv6": "false"}}, {"values": {"EventID": "3", "ProcessId": "1212", "DestinationPortName": "-", "Protocol": "tcp", "DestinationIp": "173.194.216.153", "Initiated": "true", "SourcePortName": "-", "Image": "C:\\Users\\admin\\AppData\\Local\\Programs\\Python\\Python37\\pythonw.exe", "RuleName": "Usermode", "DestinationHostname": "-", "UtcTime": "2022-06-22 19:01:09.137", "User": "work\\admin", "DestinationPort": "443", "ProcessGuid": "5240FBE6-66C9-62B3-3B00-000000002400", "SourcePort": "49175", "SourceIsIpv6": "false", "SourceHostname": "-", "SourceIp": "192.168.122.246", "DestinationIsIpv6": "false"}}, {"values": {"EventID": "3", "ProcessId": "1212", "DestinationPortName": "-", "SourceIsIpv6": "false", "DestinationIp": "173.194.216.153", "Initiated": "true", "SourcePortName": "-", "Image": "C:\\Users\\admin\\AppData\\Local\\Programs\\Python\\Python37\\pythonw.exe", "RuleName": "Usermode", "DestinationHostname": "-", "UtcTime": "2022-06-22 19:01:09.342", "User": "work\\admin", "DestinationPort": "443", "ProcessGuid": "5240FBE6-66C9-62B3-3B00-000000002400", "SourcePort": "49176", "Protocol": "tcp", "SourceHostname": "-", "SourceIp": "192.168.122.246", "DestinationIsIpv6": "false"}}, {"values": {"EventID": "3", "ProcessId": "1212", "DestinationPortName": "-", "Protocol": "tcp", "DestinationIp": "173.194.216.153", "Initiated": "true", "SourcePortName": "-", "Image": "C:\\Users\\admin\\AppData\\Local\\Programs\\Python\\Python37\\pythonw.exe", "RuleName": "Usermode", "DestinationHostname": "-", "UtcTime": "2022-06-22 19:01:14.501", "User": "work\\admin", "DestinationPort": "443", "ProcessGuid": "5240FBE6-66C9-62B3-3B00-000000002400", "SourcePort": "49178", "SourceIsIpv6": "false", "SourceHostname": "-", "SourceIp": "192.168.122.246", "DestinationIsIpv6": "false"}}, {"values": {"EventID": "3", "ProcessId": "1212", "DestinationPortName": "-", "Protocol": "tcp", "Initiated": "true", "DestinationIp": "173.194.216.153", "SourcePortName": "-", "Image": "C:\\Users\\admin\\AppData\\Local\\Programs\\Python\\Python37\\pythonw.exe", "RuleName": "Usermode", "DestinationHostname": "-", "UtcTime": "2022-06-22 19:01:19.838", "User": "work\\admin", "DestinationPort": "443", "ProcessGuid": "5240FBE6-66C9-62B3-3B00-000000002400", "SourcePort": "49179", "SourceIsIpv6": "false", "SourceHostname": "-", "SourceIp": "192.168.122.246", "DestinationIsIpv6": "false"}}, {"values": {"EventID": "3", "ProcessId": "1212", "DestinationPortName": "-", "SourceIsIpv6": "false", "Initiated": "true", "DestinationIp": "173.194.216.153", "SourcePortName": "-", "Image": "C:\\Users\\admin\\AppData\\Local\\Programs\\Python\\Python37\\pythonw.exe", "RuleName": "Usermode", "DestinationHostname": "-", "UtcTime": "2022-06-22 19:01:20.027", "User": "work\\admin", "DestinationPort": "443", "ProcessGuid": "5240FBE6-66C9-62B3-3B00-000000002400", "SourcePort": "49180", "Protocol": "tcp", "SourceHostname": "-", "SourceIp": "192.168.122.246", "DestinationIsIpv6": "false"}}, {"values": {"EventID": "3", "ProcessId": "1212", "DestinationPortName": "-", "SourceIsIpv6": "false", "DestinationIp": "173.194.216.153", "Initiated": "true", "SourcePortName": "-", "Image": "C:\\Users\\admin\\AppData\\Local\\Programs\\Python\\Python37\\pythonw.exe", "RuleName": "Usermode", "DestinationHostname": "-", "UtcTime": "2022-06-22 19:01:35.824", "User": "work\\admin", "DestinationPort": "443", "ProcessGuid": "5240FBE6-66C9-62B3-3B00-000000002400", "SourcePort": "49184", "Protocol": "tcp", "SourceHostname": "-", "SourceIp": "192.168.122.246", "DestinationIsIpv6": "false"}}, {"values": {"EventID": "3", "ProcessId": "1212", "DestinationPortName": "-", "SourceIsIpv6": "false", "Initiated": "true", "DestinationIp": "173.194.216.153", "SourcePortName": "-", "Image": "C:\\Users\\admin\\AppData\\Local\\Programs\\Python\\Python37\\pythonw.exe", "RuleName": "Usermode", "DestinationHostname": "-", "UtcTime": "2022-06-22 19:01:41.077", "User": "work\\admin", "DestinationPort": "443", "ProcessGuid": "5240FBE6-66C9-62B3-3B00-000000002400", "SourcePort": "49185", "Protocol": "tcp", "SourceHostname": "-", "SourceIp": "192.168.122.246", "DestinationIsIpv6": "false"}}, {"values": {"EventID": "3", "ProcessId": "1212", "DestinationPortName": "-", "Protocol": "tcp", "DestinationIp": "173.194.216.153", "Initiated": "true", "SourcePortName": "-", "Image": "C:\\Users\\admin\\AppData\\Local\\Programs\\Python\\Python37\\pythonw.exe", "RuleName": "Usermode", "DestinationHostname": "-", "UtcTime": "2022-06-22 19:01:41.285", "User": "work\\admin", "DestinationPort": "443", "ProcessGuid": "5240FBE6-66C9-62B3-3B00-000000002400", "SourcePort": "49186", "SourceIsIpv6": "false", "SourceHostname": "-", "SourceIp": "192.168.122.246", "DestinationIsIpv6": "false"}}, {"values": {"EventID": "3", "ProcessId": "1212", "DestinationPortName": "-", "Protocol": "tcp", "Initiated": "true", "DestinationIp": "173.194.216.153", "SourcePortName": "-", "Image": "C:\\Users\\admin\\AppData\\Local\\Programs\\Python\\Python37\\pythonw.exe", "RuleName": "Usermode", "DestinationHostname": "-", "UtcTime": "2022-06-22 19:01:46.529", "User": "work\\admin", "DestinationPort": "443", "ProcessGuid": "5240FBE6-66C9-62B3-3B00-000000002400", "SourcePort": "49187", "SourceIsIpv6": "false", "SourceHostname": "-", "SourceIp": "192.168.122.246", "DestinationIsIpv6": "false"}}, {"values": {"EventID": "3", "ProcessId": "1212", "DestinationPortName": "-", "Protocol": "tcp", "Initiated": "true", "DestinationIp": "173.194.216.153", "SourcePortName": "-", "Image": "C:\\Users\\admin\\AppData\\Local\\Programs\\Python\\Python37\\pythonw.exe", "RuleName": "Usermode", "DestinationHostname": "-", "UtcTime": "2022-06-22 19:01:51.900", "User": "work\\admin", "DestinationPort": "443", "ProcessGuid": "5240FBE6-66C9-62B3-3B00-000000002400", "SourcePort": "49188", "SourceIsIpv6": "false", "SourceHostname": "-", "SourceIp": "192.168.122.246", "DestinationIsIpv6": "false"}}, {"values": {"EventID": "3", "ProcessId": "1212", "DestinationPortName": "-", "Protocol": "tcp", "Initiated": "true", "DestinationIp": "173.194.216.153", "SourcePortName": "-", "Image": "C:\\Users\\admin\\AppData\\Local\\Programs\\Python\\Python37\\pythonw.exe", "RuleName": "Usermode", "DestinationHostname": "-", "UtcTime": "2022-06-22 19:01:58.736", "User": "work\\admin", "DestinationPort": "443", "ProcessGuid": "5240FBE6-66C9-62B3-3B00-000000002400", "SourcePort": "49191", "SourceIsIpv6": "false", "SourceHostname": "-", "SourceIp": "192.168.122.246", "DestinationIsIpv6": "false"}}, {"values": {"EventID": "3", "ProcessId": "1212", "DestinationPortName": "-", "Protocol": "tcp", "DestinationIp": "173.194.216.153", "Initiated": "true", "SourcePortName": "-", "Image": "C:\\Users\\admin\\AppData\\Local\\Programs\\Python\\Python37\\pythonw.exe", "RuleName": "Usermode", "DestinationHostname": "-", "UtcTime": "2022-06-22 19:02:07.144", "User": "work\\admin", "DestinationPort": "443", "ProcessGuid": "5240FBE6-66C9-62B3-3B00-000000002400", "SourcePort": "49192", "SourceIsIpv6": "false", "SourceHostname": "-", "SourceIp": "192.168.122.246", "DestinationIsIpv6": "false"}}, {"values": {"EventID": "3", "ProcessId": "1212", "DestinationPortName": "-", "Protocol": "tcp", "DestinationIp": "173.194.216.153", "Initiated": "true", "SourcePortName": "-", "Image": "C:\\Users\\admin\\AppData\\Local\\Programs\\Python\\Python37\\pythonw.exe", "RuleName": "Usermode", "DestinationHostname": "-", "UtcTime": "2022-06-22 19:02:07.342", "User": "work\\admin", "DestinationPort": "443", "ProcessGuid": "5240FBE6-66C9-62B3-3B00-000000002400", "SourcePort": "49193", "SourceIsIpv6": "false", "SourceHostname": "-", "SourceIp": "192.168.122.246", "DestinationIsIpv6": "false"}}, {"values": {"EventID": "3", "ProcessId": "1212", "DestinationPortName": "-", "Protocol": "tcp", "Initiated": "true", "DestinationIp": "173.194.216.153", "SourcePortName": "-", "Image": "C:\\Users\\admin\\AppData\\Local\\Programs\\Python\\Python37\\pythonw.exe", "RuleName": "Usermode", "DestinationHostname": "-", "UtcTime": "2022-06-22 19:02:12.822", "User": "work\\admin", "DestinationPort": "443", "ProcessGuid": "5240FBE6-66C9-62B3-3B00-000000002400", "SourcePort": "49194", "SourceIsIpv6": "false", "SourceHostname": "-", "SourceIp": "192.168.122.246", "DestinationIsIpv6": "false"}}, {"values": {"EventID": "3", "ProcessId": "1212", "DestinationPortName": "-", "Protocol": "tcp", "Initiated": "true", "DestinationIp": "173.194.216.153", "SourcePortName": "-", "Image": "C:\\Users\\admin\\AppData\\Local\\Programs\\Python\\Python37\\pythonw.exe", "RuleName": "Usermode", "DestinationHostname": "-", "UtcTime": "2022-06-22 19:02:18.106", "User": "work\\admin", "DestinationPort": "443", "ProcessGuid": "5240FBE6-66C9-62B3-3B00-000000002400", "SourcePort": "49197", "SourceIsIpv6": "false", "SourceHostname": "-", "SourceIp": "192.168.122.246", "DestinationIsIpv6": "false"}}, {"values": {"EventID": "3", "ProcessId": "1212", "DestinationPortName": "-", "SourceIsIpv6": "false", "Initiated": "true", "DestinationIp": "173.194.216.153", "SourcePortName": "-", "Image": "C:\\Users\\admin\\AppData\\Local\\Programs\\Python\\Python37\\pythonw.exe", "RuleName": "Usermode", "DestinationHostname": "-", "UtcTime": "2022-06-22 19:02:18.294", "User": "work\\admin", "DestinationPort": "443", "ProcessGuid": "5240FBE6-66C9-62B3-3B00-000000002400", "SourcePort": "49198", "Protocol": "tcp", "SourceHostname": "-", "SourceIp": "192.168.122.246", "DestinationIsIpv6": "false"}}, {"values": {"EventID": "3", "ProcessId": "1212", "DestinationPortName": "-", "SourceIsIpv6": "false", "Initiated": "true", "DestinationIp": "173.194.216.153", "SourcePortName": "-", "Image": "C:\\Users\\admin\\AppData\\Local\\Programs\\Python\\Python37\\pythonw.exe", "RuleName": "Usermode", "DestinationHostname": "-", "UtcTime": "2022-06-22 19:02:23.514", "User": "work\\admin", "DestinationPort": "443", "ProcessGuid": "5240FBE6-66C9-62B3-3B00-000000002400", "SourcePort": "49199", "Protocol": "tcp", "SourceHostname": "-", "SourceIp": "192.168.122.246", "DestinationIsIpv6": "false"}}], "rule_level": "high", "rule_description": "Adversaries may attempt to get a listing of services running on remote hosts, including those that may be vulnerable to remote software exploitation", "rule_author": "frack113", "rule_id": "e4d5f1be0673fa786cc8379c15338af08cdd11eed433bead9e801d6204d42a2d"}, {"rule_title": "Failed Code Integrity Checks", "rule_source": "Sigma Integrated Rule Set (GitHub)", "match_context": [{"values": {"EventID": "5038", "param1": "\\Device\\HarddiskVolume4\\Program Files (x86)\\sandbox\\driver\\sandbox-driver.sys"}}], "rule_level": "low", "rule_description": "Code integrity failures may indicate tampered executables.", "rule_author": "Thomas Patzke", "rule_id": "134564d292d785dff102940b8a1ee06dba2d462c5fb852124b3771a49d7885f1"}, {"rule_title": "Creation of an Executable by an Executable", "rule_source": "Sigma Integrated Rule Set (GitHub)", "match_context": [{"values": {"EventID": "11", "ProcessId": "1212", "Image": "C:\\Users\\admin\\AppData\\Local\\Programs\\Python\\Python37\\pythonw.exe", "ProcessGuid": "5240FBE6-66C9-62B3-3B00-000000002400", "CreationUtcTime": "2022-06-22 19:00:44.437", "UtcTime": "2022-06-22 19:00:44.437", "RuleName": "EXE", "TargetFilename": "C:\\Users\\admin\\AppData\\Local\\Temp\\frida-5c43b7c2d6bae8682000e8a8040b72ba\\frida-winjector-helper-32.exe"}}, {"values": {"EventID": "11", "ProcessId": "1212", "Image": "C:\\Users\\admin\\AppData\\Local\\Programs\\Python\\Python37\\pythonw.exe", "RuleName": "EXE", "CreationUtcTime": "2022-06-22 19:00:45.593", "UtcTime": "2022-06-22 19:00:45.609", "ProcessGuid": "5240FBE6-66C9-62B3-3B00-000000002400", "TargetFilename": "C:\\Users\\admin\\AppData\\Local\\Temp\\frida-5c43b7c2d6bae8682000e8a8040b72ba\\frida-winjector-helper-64.exe"}}, {"values": {"EventID": "11", "ProcessId": "1212", "Image": "C:\\Users\\admin\\AppData\\Local\\Programs\\Python\\Python37\\pythonw.exe", "ProcessGuid": "5240FBE6-66C9-62B3-3B00-000000002400", "CreationUtcTime": "2022-06-22 19:00:45.593", "UtcTime": "2022-06-22 19:00:45.609", "RuleName": "EXE", "TargetFilename": "C:\\Users\\admin\\AppData\\Local\\Temp\\frida-5c43b7c2d6bae8682000e8a8040b72ba\\frida-winjector-helper-64.exe"}}], "rule_level": "low", "rule_description": "Detects the creation of an executable by another executable", "rule_author": "frack113", "rule_id": "b5386a23355681c43cfbd2f2ccfe4b16ed45324d0d7b5583487a9f302ee1e427"}, {"rule_title": "Use Remove-Item to Delete File", "rule_source": "Sigma Integrated Rule Set (GitHub)", "match_context": [{"values": {"EventID": "4104", "ScriptBlockText": "Instance -Path \\\\.\\root\\cimv2:Win32_PnPEntity -Arguments $args\r\n}\r\n\r\n#Joebox\r\n\r\n#Creating Win32_DiskDrive fake class\r\n$newClass = New-Object System.Management.ManagementClass(\"root\\cimv2\", [String]::Empty, $null); \r\n$newClass[\"__CLASS\"] = \"Win32_DiskDrive\";\r\n$newClass.Qualifiers.Add(\"Static\", $true);\r\n\r\n$objWMi = get-wmiobject -computername localhost -Namespace root\\CIMV2 -Query \"Select * from Win32_DiskDrive\"\r\n\r\nif(-Not ($objWMi -is [array]))\r\n{\r\n\t$objWMi = @($objWMi)\r\n}\r\n\r\nforeach ($pr in $objWmi[0].Properties)\r\n{\r\n\t$newClass.Properties.Add($pr.Name, $pr.Type, $false)\t\r\n\tif($pr.Name -eq \"DeviceID\")\r\n\t{\r\n\t\t$newClass.Properties[$pr.Name].Qualifiers.Add(\"Key\", $true)\r\n\t}\r\n\t$newClass.Properties[$pr.Name].Qualifiers.Add(\"read\", $true)\r\n}\r\n\r\n$newClass.Put()\r\n\r\nforeach ($obj in $objWmi)\r\n{\t\r\n\t$args = @{}\r\n\tforeach ($pr in $obj.Properties)\r\n\t{\t\r\n\t\tif(($pr.Name -eq \"DeviceId\" -or $pr.Name -eq \"Caption\" -or $pr.Name -eq \"Model\" -or $pr.Name -eq \"PNPDeviceID\") -and ($pr.Value -match 'VBOX' -or $pr.Value -match 'VBox' -or $pr.Value -match 'VMWARE' -or $pr.Value -match 'VMware'))\r\n\t\t{\r\n\t\t\t$value = Get-RandomCharacters -length 8 -characters 'ABCDEFGHKLMNOPRSTUVWXYZ123456789_'\r\n\t\t\t$value = $pr.Value.replace(\"VBOX\", $value).replace(\"VBox\", $value).replace(\"VMWARE\", $value).replace(\"VMware Virtual disk\", $value).replace(\"VMware\", $value).replace(\"HARDDISK\", \"WDC\").replace(\"VIRTUAL_DISK\", $value)\r\n\t\t\t\t\r\n\t\t\t$args.add($pr.Name, $value)\r\n\t\t\r\n\t\t# Change disk size\r\n\t\t} elseif($pr.Name -eq \"Size\" -and $pr.Value -lt 200000000000)\r\n\t\t{\r\n\t\t\t$args.add($pr.Name, 412300001200)\r\n\t\t} elseif(-Not($pr.Name -eq \"Capabilities\"))\r\n\t\t{\r\n\t\t\t$args.add($pr.Name, $pr.Value)\r\n\t\t}\r\n\t}\r\n\t\r\n\tSet-WmiInstance -Path \\\\.\\root\\cimv2:Win32_DiskDrive -Arguments $args\r\n}\r\n\r\n#Joebox\r\n\r\n#Creating Win32_VideoController fake class\r\n$newClass = New-Object System.Management.ManagementClass(\"root\\cimv2\", [String]::Empty, $null); \r\n$newClass[\"__CLASS\"] = \"Win32_VideoController\";\r\n$newClass.Qualifiers.Add(\"Static\", $true);\r\n\r\n$objWMi = get-wmiobject -computername localhost -Namespace root\\CIMV2 -Query \"Select * from Win32_VideoController\"\r\n\r\nif(-Not ($objWMi -is [array]))\r\n{\r\n\t$objWMi = @($objWMi)\r\n}\r\n\r\nforeach ($pr in $objWmi[0].Properties)\r\n{\r\n\t$newClass.Properties.Add($pr.Name, $pr.Type, $false)\t\r\n\tif($pr.Name -eq \"DeviceID\")\r\n\t{\r\n\t\t$newClass.Properties[$pr.Name].Qualifiers.Add(\"Key\", $true)\r\n\t}\r\n\t$newClass.Properties[$pr.Name].Qualifiers.Add(\"read\", $true)\r\n}\r\n\r\n$newClass.Put()\r\n\r\nforeach ($obj in $objWmi)\r\n{\t\r\n\t$args = @{}\r\n\tforeach ($pr in $obj.Properties)\r\n\t{\t\r\n\t\tif(($pr.Name -eq \"Caption\" -or $pr.Name -eq \"Name\" -or $pr.Name -eq \"PNPDeviceID\" -or $pr.Name -eq \"AdapterCompatibility\" -or $pr.Name -eq \"Description\" -or $pr.Name -eq \"InfSection\" -or $pr.Name -eq \"VideoProcessor\") -and ($pr.Value -match 'VBOX' -or $pr.Value -match 'VBox' -or $pr.Value -match 'VMWARE' -or $pr.Value -match 'VirtualBox' -or $pr.Value -match 'VMware' -or $pr.Value -match 'Oracle Corporation' -or $pr.Value -match 'Microsoft Basic Display Adapter'))\r\n\t\t{\r\n\t\t\t$value = Get-RandomCharacters -length 8 -characters 'ABCDEFGHKLMNOPRSTUVWXYZ123456789_'\r\n\t\t\t$value = $pr.Value.replace(\"VBOX\", $value).replace(\"VBox\", $value).replace(\"VMWARE\", $value).replace(\"VMware\", $value).replace(\"VirtualBox\", $value).replace(\"Oracle Corporation\", $value).replace(\"Microsoft Basic Display Adapter\", $value)\r\n\t\t\t\t\r\n\t\t\t$args.add($pr.Name, $value)\r\n\t\t\r\n\r\n\t\t} elseif($pr.Name -eq \"DriverVersion\")\r\n\t\t{\r\n\t\t\t$value = Get-RandomCharacters -length 8 -characters '1234567890.'\r\n\t\t\t$args.add($pr.Name, $value)\r\n\t\t} elseif($pr.Name -eq \"AdapterRAM\" -and $pr.Value -lt 1000000000)\r\n\t\t{\r\n\t\t\t$args.add($pr.Name, 1073741824)\r\n\t\t} else\r\n\t\t{\r\n\t\t\t$args.add($pr.Name, $pr.Value)\r\n\t\t}\r\n\t}\r\n\t\r\n\tSet-WmiInstance -Path \\\\.\\root\\cimv2:Win32_VideoController -Arguments $args\r\n}\r\n\r\n#Joebox\r\n\r\n#Creating Win32_BaseBoard fake class\r\n$newClass = New-Object System.Management.ManagementClass(\"root\\cimv2\", [String]::Empty, $null); \r\n$newClass[\"__CLASS\"] = \"Win32_BaseBoard\";\r\n$newClass.Qualifiers.Add(\"Static\", $true)\r\n\r\n$objWMi = get-wmiobject -computername localhost -Namespace root\\CIMV2 -Query \"Select * from Win32_BaseBoard\"\r\n\r\nforeach ($obj in $objWmi)\r\n{\r\n\tforeach ($pr in $obj.Properties)\r\n\t{\r\n\t\tif($pr.Name -eq \"Name\")\r\n\t\t{\t$value = Get-RandomCharacters -length 10 -characters 'ABCDEFGHKLMNOPRSTUVWXYZ123456789'\r\n\r\n\t\t\t$newClass.Properties.Add($pr.Name, $value, $pr.Type)\r\n\t\t\t$newClass.Properties[$pr.Name].Qualifiers.Add(\"Key\", $true)\r\n\t\t} elseif($pr.Name -eq \"Product\" -or $pr.Name -eq \"Manufacturer\")\r\n\t\t{\r\n\t\t\t$value = Get-RandomCharacters -length 10 -characters 'ABCDEFGHKLMNOPRSTUVWXYZ123456789'\r\n\t\t\t$newClass.Properties.Add($pr.Name, $value, $pr.Type)\r\n\t\t} else\r\n\t\t{\r\n\t\t\t$newClass.Properties.Add($pr.Name, $pr.Value, $pr.Type)\r\n\t\t}\r\n\t}\r\n}\r\n\r\n$newClass.Put()\r\nSet-WmiInstance -Path \\\\.\\root\\cimv2:Win32_BaseBoard\r\n\r\n\r\n#Creating Win32_ComputerSystemProduct fake class\r\n$newClass = New-Object System.Management.ManagementClass(\"root\\cimv2\", [String]::Empty, $null); \r\n$newClass[\"__CLASS\"] = \"Win32_ComputerSystemProduct\";\r\n$newClass.Qualifiers.Add(\"Static\", $true)\r\n\r\n$objWMi = get-wmiobject -computername localhost -Namespace root\\CIMV2 -Query \"Select * from Win32_ComputerSystemProduct\"\r\n\r\nforeach ($obj in $objWmi)\r\n{\r\n\tforeach ($pr in $obj.Properties)\r\n\t{\r\n\t\tif($pr.Name -eq \"Name\")\r\n\t\t{\t\r\n\t\t\t$newClass.Properties.Add($pr.Name, $pr.$value, $pr.Type)\r\n\t\t\t$newClass.Properties[$pr.Name].Qualifiers.Add(\"Key\", $true)\r\n\t\t} elseif($pr.Name -eq \"IdentifyingNumber\")\r\n\t\t{\r\n\t\t\t$value = Get-RandomCharacters -length 6 -characters 'ABCDEFGHKLMNOPRSTUVWXYZ123456789'\r\n\t\t\t$newClass.Properties.Add($pr.Name, $value, $pr.Type)\r\n\t\t} else\r\n\t\t{\r\n\t\t\t$newClass.Properties.Add($pr.Name, $pr.Value, $pr.Type)\r\n\t\t}\r\n\t}\r\n}\r\n\r\n$newClass.Put()\r\nSet-WmiInstance -Path \\\\.\\root\\cimv2:Win32_ComputerSystemProduct\r\n\r\n\r\n\r\n#Creating Win32_LogicalDisk fake class\r\n$newClass = New-Object System.Management.ManagementClass(\"root\\cimv2\", [String]::Empty, $null); \r\n$newClass[\"__CLASS\"] = \"Win32_LogicalDisk\";\r\n$newClass.Qualifiers.Add(\"Static\", $true);\r\n\r\n$objWMi = get-wmiobject -computername localhost -Namespace root\\CIMV2 -Query \"Select * from Win32_LogicalDisk WHERE DriveType = 3\"\r\n\r\nif(-Not ($objWMi -is [array]))\r\n{\r\n\t$objWMi = @($objWMi)\r\n}\r\n\r\nforeach ($pr in $objWmi[0].Properties)\r\n{\r\n\t$newClass.Properties.Add($pr.Name, $pr.Type, $false)\t\r\n\tif($pr.Name -eq \"DeviceID\")\r\n\t{\r\n\t\t$newClass.Properties[$pr.Name].Qualifiers.Add(\"Key\", $true)\r\n\t}\r\n\t$newClass.Properties[$pr.Name].Qualifiers.Add(\"read\", $true)\r\n}\r\n\r\n$newClass.Put()\r\n\r\nforeach ($obj in $objWmi)\r\n{\t\r\n\t$args = @{}\r\n\tforeach ($pr in $obj.Properties)\r\n\t{\t\r\n\t\tif($pr.Name -eq \"Size\")\r\n\t\t{\r\n\t\t\t$args.add($pr.Name, \"223496729601\")\r\n\t\t} else\r\n\t\t{\r\n\t\t\t$args.add($pr.Name, $pr.Value)\r\n\t\t}\r\n\t}\r\n\t\r\n\tSet-WmiInstance -Path \\\\.\\root\\cimv2:Win32_LogicalDisk -Arguments $args\r\n}\r\n\r\n\r\n#Creating Win32_ComputerSystemProduct fake class\r\n$newClass = New-Object System.Management.ManagementClass(\"root\\cimv2\", [String]::Empty, $null); \r\n$newClass[\"__CLASS\"] = \"Win32_OperatingSystem\";\r\n$newClass.Qualifiers.Add(\"Static\", $true)\r\n\r\n$objWMi = get-wmiobject -computername localhost -Namespace root\\CIMV2 -Query \"Select * from Win32_OperatingSystem\"\r\n\r\n\r\nforeach ($obj in $objWmi)\r\n{\r\n\tforeach ($pr in $obj.Properties)\r\n\t{\r\n\t\tif($pr.Name -eq \"CreationClassName\")\r\n\t\t{\t\r\n\t\t\t$newClass.Properties.Add($pr.Name, $pr.$value, $pr.Type)\r\n\t\t\t$newClass.Properties[$pr.Name].Qualifiers.Add(\"Key\", $true)\r\n\t\t} elseif($pr.Name -eq \"LastBootUpTime\")\r\n\t\t{\r\n\t\t\t$d = [System.Management.ManagementDateTimeConverter]::ToDateTime($pr.Value)\r\n\t\t\t$d = $d.addDays(-10)\r\n\t\t\t$d = [System.Management.ManagementDateTimeConverter]::ToDmtfDateTime($d)\r\n\t\t\t\r\n\t\t\t$newClass.Properties.Add($pr.Name, $d, $pr.Type)\r\n\t\t\t\r\n\t\t} else\r\n\t\t{\r\n\t\t\t$newClass.Properties.Add($pr.Name, $pr.Value, $pr.Type)\r\n\t\t}\r\n\t}\r\n}\r\n\r\n$newClass.Put()\r\nSet-WmiInstance -Path \\\\.\\root\\cimv2:Win32_OperatingSystem\r\n\r\n\r\nfunction Delete() {\r\n    $Invocation = (Get-Variable MyInvocation -Scope 1).Value\r\n    $Path =  $Invocation.MyCommand.Path \r\n    Write-Host $Path\r\n    Remove-Item $Path -force\r\n} \r\n     \r\nDelete \r\n", "ScriptBlockId": "2b2b18d3-0dbe-457d-95e4-6d92ce934e7c", "MessageNumber": "\u0002", "MessageTotal": "\u0002", "Path": "C:\\Program Files (x86)\\Joebox\\unpack\\wmievasions.ps1"}}], "rule_level": "low", "rule_description": "Powershell Remove-Item  with -Path to delete a file or a folder with \"-Recurse\"", "rule_author": "frack113", "rule_id": "d9b2eb00753c3049fbb4ed4f7d88f29b65a0c50bec45ff4723b95bb637f8f83d"}], "meaningful_name": "f988cdf69822247eb38f7ef3afef5fbb39f506ca0730b3df815f42c40f67f31a.sample", "trid": [{"file_type": "Win16 NE executable (generic)", "probability": 38.3}, 