{"data": {"attributes": {"type_description": "Win32 EXE", "tlsh": "T11EC59D477C9950B9C0AAC138CA65D252763178A8073223E73F81B6BD3FB6BD41E79358", "vhash": "026076656d5d1554155az28!z", "type_tags": ["executable", "windows", "win32", "pe", "peexe"], "names": ["Excel", "Excel.exe", "NA_7a70c1a08b3481a185a0783ca.exe"], "signature_info": {"product": "Microsoft Office", "verified": "A certificate chain could not be built to a trusted root authority.", "description": "Microsoft Excel", "file version": "16.0.14326.20404", "signing date": "07:07 AM 07/26/2023", "x509": [{"name": "www.digicert.com", "algorithm": "sha256RSA", "valid from": "2023-06-26 00:00:00", "valid to": "2024-06-25 23:59:59", "serial number": "09 FC B7 40 3F FD 79 B6 8F E2 4F 74 80 5F 5D 00", "cert issuer": "DigiCert EV RSA CA G2", "thumbprint": "D87C4EF6C3FAA482A18BE6B0C923B8D65C5593A3", "valid_usage": "Server Auth, Client Auth"}], "original name": "Excel.exe", "copyright": "\u00a9 Microsoft Corporation. All rights reserved.", "internal name": "Excel"}, "last_modification_date": 1690355741, "type_tag": "peexe", "times_submitted": 2, "total_votes": {"harmless": 0, "malicious": 1}, "size": 2732712, "popular_threat_classification": {"suggested_threat_label": "trojan.rozena/cobaltstrike", "popular_threat_category": [{"count": 22, "value": "trojan"}], "popular_threat_name": [{"count": 4, "value": "rozena"}, {"count": 3, "value": "cobaltstrike"}, {"count": 2, "value": "wingo"}]}, "authentihash": "05679fa3c9ea3057f7f7c39963af28b87ecb670a782bcd98139c9f4138259221", "detectiteasy": {"filetype": "PE64", "values": [{"version": "1.15.0-X.XX.X", "type": "Compiler", "name": "Go"}, {"info": "PKCS #7", "version": "2.0", "type": "Sign tool", "name": "Windows Authenticode"}]}, "last_submission_date": 1690296552, "sigma_analysis_results": [{"rule_title": "Excel Network Connections", "rule_source": "Sigma Integrated Rule Set (GitHub)", "match_context": [{"values": {"EventID": "3", "ProcessId": "7736", "DestinationPortName": "-", "Protocol": "tcp", "DestinationIp": "51.222.196.75", "Initiated": "true", "SourcePortName": "-", "Image": "C:\\Users\\george\\Desktop\\Excel.exe", "ProcessGuid": "{C784477D-252A-64BE-4206-000000004400}", "DestinationHostname": "ip75.ip-51-222-196.net", "UtcTime": "1686816574", "User": "DESKTOP-B0T93D6\\george", "DestinationPort": "8080", "RuleName": "Usermode", "SourcePort": "49728", "SourceIsIpv6": "false", "DestinationIsIpv6": "false", "SourceIp": "192.168.2.9", "SourceHostname": "DESKTOP-B0T93D6.local"}}, {"values": {"EventID": "3", "ProcessId": "7736", "DestinationPortName": "http", "SourceIsIpv6": "false", "DestinationIp": "23.77.213.161", "Initiated": "true", "SourcePortName": "-", "Image": "C:\\Users\\george\\Desktop\\Excel.exe", "ProcessGuid": "{C784477D-252A-64BE-4206-000000004400}", "DestinationHostname": "a23-77-213-161.deploy.static.akamaitechnologies.com", "UtcTime": "1686816575", "User": "DESKTOP-B0T93D6\\george", "DestinationPort": "80", "RuleName": "Usermode", "SourcePort": "49729", "Protocol": "tcp", "SourceHostname": "DESKTOP-B0T93D6.local", "SourceIp": "192.168.2.9", "DestinationIsIpv6": "false"}}, {"values": {"EventID": "3", "ProcessId": "7736", "DestinationPortName": "http", "Protocol": "tcp", "DestinationIp": "23.77.213.161", "Initiated": "true", "SourcePortName": "-", "Image": "C:\\Users\\george\\Desktop\\Excel.exe", "RuleName": "Usermode", "DestinationHostname": "a23-77-213-161.deploy.static.akamaitechnologies.com", "UtcTime": "1686816575", "User": "DESKTOP-B0T93D6\\george", "DestinationPort": "80", "ProcessGuid": "{C784477D-252A-64BE-4206-000000004400}", "SourcePort": "49730", "SourceIsIpv6": "false", "SourceHostname": "DESKTOP-B0T93D6.local", "SourceIp": "192.168.2.9", "DestinationIsIpv6": "false"}}, {"values": {"EventID": "3", "ProcessId": "7736", "DestinationPortName": "-", "Protocol": "tcp", "Initiated": "true", "DestinationIp": "51.222.196.75", "SourcePortName": "-", "Image": "C:\\Users\\george\\Desktop\\Excel.exe", "ProcessGuid": "{C784477D-252A-64BE-4206-000000004400}", "DestinationHostname": "ip75.ip-51-222-196.net", "UtcTime": "1686816592", "User": "DESKTOP-B0T93D6\\george", "DestinationPort": "8080", "RuleName": "Usermode", "SourcePort": "49733", "SourceIsIpv6": "false", "SourceHostname": "DESKTOP-B0T93D6.local", "SourceIp": "192.168.2.9", "DestinationIsIpv6": "false"}}, {"values": {"EventID": "3", "ProcessId": "7736", "DestinationPortName": "-", "Protocol": "tcp", "DestinationIp": "51.222.196.75", "Initiated": "true", "SourcePortName": "-", "Image": "C:\\Users\\george\\Desktop\\Excel.exe", "RuleName": "Usermode", "DestinationHostname": "ip75.ip-51-222-196.net", "UtcTime": "1686816594", "User": "DESKTOP-B0T93D6\\george", "DestinationPort": "8080", "ProcessGuid": "{C784477D-252A-64BE-4206-000000004400}", "SourcePort": "49734", "SourceIsIpv6": "false", "SourceHostname": "DESKTOP-B0T93D6.local", "SourceIp": "192.168.2.9", "DestinationIsIpv6": "false"}}, {"values": {"EventID": "3", "ProcessId": "7736", "DestinationPortName": "-", "SourceIsIpv6": "false", "Initiated": "true", "DestinationIp": "51.222.196.75", "SourcePortName": "-", "Image": "C:\\Users\\george\\Desktop\\Excel.exe", "ProcessGuid": "{C784477D-252A-64BE-4206-000000004400}", "DestinationHostname": "ip75.ip-51-222-196.net", "UtcTime": "1686816596", "User": "DESKTOP-B0T93D6\\george", "DestinationPort": "8080", "RuleName": "Usermode", "SourcePort": "49736", "Protocol": "tcp", "SourceHostname": "DESKTOP-B0T93D6.local", "SourceIp": "192.168.2.9", "DestinationIsIpv6": "false"}}, {"values": {"EventID": "3", "ProcessId": "7736", "DestinationPortName": "-", "Protocol": "tcp", "Initiated": "true", "DestinationIp": "51.222.196.75", "SourcePortName": "-", "Image": "C:\\Users\\george\\Desktop\\Excel.exe", "RuleName": "Usermode", "DestinationHostname": "ip75.ip-51-222-196.net", "UtcTime": "1686816597", "User": "DESKTOP-B0T93D6\\george", "DestinationPort": "8080", "ProcessGuid": "{C784477D-252A-64BE-4206-000000004400}", "SourcePort": "49737", "SourceIsIpv6": "false", "DestinationIsIpv6": "false", "SourceIp": "192.168.2.9", "SourceHostname": "DESKTOP-B0T93D6.local"}}, {"values": {"EventID": "3", "ProcessId": "7736", "DestinationPortName": "-", "SourceIsIpv6": "false", "Initiated": "true", "DestinationIp": "51.222.196.75", "SourcePortName": "-", "Image": "C:\\Users\\george\\Desktop\\Excel.exe", "RuleName": "Usermode", "DestinationHostname": "ip75.ip-51-222-196.net", "UtcTime": "1686816599", "User": "DESKTOP-B0T93D6\\george", "DestinationPort": "8080", "ProcessGuid": "{C784477D-252A-64BE-4206-000000004400}", "SourcePort": "49738", "Protocol": "tcp", "DestinationIsIpv6": "false", "SourceIp": "192.168.2.9", "SourceHostname": "DESKTOP-B0T93D6.local"}}, {"values": {"EventID": "3", "ProcessId": "7736", "DestinationPortName": "-", "SourceIsIpv6": "false", "Initiated": "true", "DestinationIp": "51.222.196.75", "SourcePortName": "-", "Image": "C:\\Users\\george\\Desktop\\Excel.exe", "ProcessGuid": "{C784477D-252A-64BE-4206-000000004400}", "DestinationHostname": "ip75.ip-51-222-196.net", "UtcTime": "1686816600", "User": "DESKTOP-B0T93D6\\george", "DestinationPort": "8080", "RuleName": "Usermode", "SourcePort": "49739", "Protocol": "tcp", "DestinationIsIpv6": "false", "SourceIp": "192.168.2.9", "SourceHostname": "DESKTOP-B0T93D6.local"}}, {"values": {"EventID": "3", "ProcessId": "7736", "DestinationPortName": "-", "SourceIsIpv6": "false", "DestinationIp": "51.222.196.75", "Initiated": "true", "SourcePortName": "-", "Image": "C:\\Users\\george\\Desktop\\Excel.exe", "RuleName": "Usermode", "DestinationHostname": "ip75.ip-51-222-196.net", "UtcTime": "1686816602", "User": "DESKTOP-B0T93D6\\george", "DestinationPort": "8080", "ProcessGuid": "{C784477D-252A-64BE-4206-000000004400}", "SourcePort": "49740", "Protocol": "tcp", "DestinationIsIpv6": "false", "SourceIp": "192.168.2.9", "SourceHostname": "DESKTOP-B0T93D6.local"}}, {"values": {"EventID": "3", "ProcessId": "7736", "DestinationPortName": "-", "Protocol": "tcp", "Initiated": "true", "DestinationIp": "51.222.196.75", "SourcePortName": "-", "Image": "C:\\Users\\george\\Desktop\\Excel.exe", "ProcessGuid": "{C784477D-252A-64BE-4206-000000004400}", "DestinationHostname": "ip75.ip-51-222-196.net", "UtcTime": "1686816603", "User": "DESKTOP-B0T93D6\\george", "DestinationPort": "8080", "RuleName": "Usermode", "SourcePort": "49741", "SourceIsIpv6": "false", "SourceHostname": "DESKTOP-B0T93D6.local", "SourceIp": "192.168.2.9", "DestinationIsIpv6": "false"}}, {"values": {"EventID": "3", "ProcessId": "7736", "DestinationPortName": "-", "Protocol": "tcp", "Initiated": "true", "DestinationIp": "51.222.196.75", "SourcePortName": "-", "Image": "C:\\Users\\george\\Desktop\\Excel.exe", "RuleName": "Usermode", "DestinationHostname": "ip75.ip-51-222-196.net", "UtcTime": "1686816605", "User": "DESKTOP-B0T93D6\\george", "DestinationPort": "8080", "ProcessGuid": "{C784477D-252A-64BE-4206-000000004400}", "SourcePort": "49742", "SourceIsIpv6": "false", "SourceHostname": "DESKTOP-B0T93D6.local", "SourceIp": "192.168.2.9", "DestinationIsIpv6": "false"}}, {"values": {"EventID": "3", "ProcessId": "7736", "DestinationPortName": "-", "Protocol": "tcp", "Initiated": "true", "DestinationIp": "51.222.196.75", "SourcePortName": "-", "Image": "C:\\Users\\george\\Desktop\\Excel.exe", "RuleName": "Usermode", "DestinationHostname": "ip75.ip-51-222-196.net", "UtcTime": "1686816606", "User": "DESKTOP-B0T93D6\\george", "DestinationPort": "8080", "ProcessGuid": "{C784477D-252A-64BE-4206-000000004400}", "SourcePort": "49743", "SourceIsIpv6": "false", "SourceHostname": "DESKTOP-B0T93D6.local", "SourceIp": "192.168.2.9", "DestinationIsIpv6": "false"}}, {"values": {"EventID": "3", "ProcessId": "7736", "DestinationPortName": "-", "Protocol": "tcp", "DestinationIp": "51.222.196.75", "Initiated": "true", "SourcePortName": "-", "Image": "C:\\Users\\george\\Desktop\\Excel.exe", "ProcessGuid": "{C784477D-252A-64BE-4206-000000004400}", "DestinationHostname": "ip75.ip-51-222-196.net", "UtcTime": "1686816608", "User": "DESKTOP-B0T93D6\\george", "DestinationPort": "8080", "RuleName": "Usermode", "SourcePort": "49744", "SourceIsIpv6": "false", "DestinationIsIpv6": "false", "SourceIp": "192.168.2.9", "SourceHostname": "DESKTOP-B0T93D6.local"}}, {"values": {"EventID": "3", "ProcessId": "7736", "DestinationPortName": "-", "Protocol": "tcp", "Initiated": "true", "DestinationIp": "51.222.196.75", "SourcePortName": "-", "Image": "C:\\Users\\george\\Desktop\\Excel.exe", "ProcessGuid": "{C784477D-252A-64BE-4206-000000004400}", "DestinationHostname": "ip75.ip-51-222-196.net", "UtcTime": "1686816609", "User": "DESKTOP-B0T93D6\\george", "DestinationPort": "8080", "RuleName": "Usermode", "SourcePort": "49745", "SourceIsIpv6": "false", "DestinationIsIpv6": "false", "SourceIp": "192.168.2.9", "SourceHostname": "DESKTOP-B0T93D6.local"}}, {"values": {"EventID": "3", "ProcessId": "7736", "DestinationPortName": "-", "Protocol": "tcp", "Initiated": "true", "DestinationIp": "51.222.196.75", "SourcePortName": "-", "Image": "C:\\Users\\george\\Desktop\\Excel.exe", "ProcessGuid": "{C784477D-252A-64BE-4206-000000004400}", "DestinationHostname": "ip75.ip-51-222-196.net", "UtcTime": "1686816610", "User": "DESKTOP-B0T93D6\\george", "DestinationPort": "8080", "RuleName": "Usermode", "SourcePort": "49747", "SourceIsIpv6": "false", "DestinationIsIpv6": "false", "SourceIp": "192.168.2.9", "SourceHostname": "DESKTOP-B0T93D6.local"}}, {"values": {"EventID": "3", "ProcessId": "7736", "DestinationPortName": "-", "SourceIsIpv6": "false", "DestinationIp": "51.222.196.75", "Initiated": "true", "SourcePortName": "-", "Image": "C:\\Users\\george\\Desktop\\Excel.exe", "RuleName": "Usermode", "DestinationHostname": "ip75.ip-51-222-196.net", "UtcTime": "1686816612", "User": "DESKTOP-B0T93D6\\george", "DestinationPort": "8080", "ProcessGuid": "{C784477D-252A-64BE-4206-000000004400}", "SourcePort": "49748", "Protocol": "tcp", "DestinationIsIpv6": "false", "SourceIp": "192.168.2.9", "SourceHostname": "DESKTOP-B0T93D6.local"}}, {"values": {"EventID": "3", "ProcessId": "7736", "DestinationPortName": "-", "Protocol": "tcp", "Initiated": "true", "DestinationIp": "51.222.196.75", "SourcePortName": "-", "Image": "C:\\Users\\george\\Desktop\\Excel.exe", "ProcessGuid": "{C784477D-252A-64BE-4206-000000004400}", "DestinationHostname": "ip75.ip-51-222-196.net", "UtcTime": "1686816613", "User": "DESKTOP-B0T93D6\\george", "DestinationPort": "8080", "RuleName": "Usermode", "SourcePort": "49749", "SourceIsIpv6": "false", "SourceHostname": "DESKTOP-B0T93D6.local", "SourceIp": "192.168.2.9", "DestinationIsIpv6": "false"}}, {"values": {"EventID": "3", "ProcessId": "7736", "DestinationPortName": "-", "Protocol": "tcp", "Initiated": "true", "DestinationIp": "51.222.196.75", "SourcePortName": "-", "Image": "C:\\Users\\george\\Desktop\\Excel.exe", "RuleName": "Usermode", "DestinationHostname": "ip75.ip-51-222-196.net", "UtcTime": "1686816615", "User": "DESKTOP-B0T93D6\\george", "DestinationPort": "8080", "ProcessGuid": "{C784477D-252A-64BE-4206-000000004400}", "SourcePort": "49750", "SourceIsIpv6": "false", "DestinationIsIpv6": "false", "SourceIp": "192.168.2.9", "SourceHostname": "DESKTOP-B0T93D6.local"}}, {"values": {"EventID": "3", "ProcessId": "7736", "DestinationPortName": "-", "Protocol": "tcp", "DestinationIp": "51.222.196.75", "Initiated": "true", "SourcePortName": "-", "Image": "C:\\Users\\george\\Desktop\\Excel.exe", "ProcessGuid": "{C784477D-252A-64BE-4206-000000004400}", "DestinationHostname": "ip75.ip-51-222-196.net", "UtcTime": "1686816616", "User": "DESKTOP-B0T93D6\\george", "DestinationPort": "8080", "RuleName": "Usermode", "SourcePort": "49751", "SourceIsIpv6": "false", "DestinationIsIpv6": "false", "SourceIp": "192.168.2.9", "SourceHostname": "DESKTOP-B0T93D6.local"}}, {"values": {"EventID": "3", "ProcessId": "7736", "DestinationPortName": "-", "SourceIsIpv6": "false", "DestinationIp": "51.222.196.75", "Initiated": "true", "SourcePortName": "-", "Image": "C:\\Users\\george\\Desktop\\Excel.exe", "RuleName": "Usermode", "DestinationHostname": "ip75.ip-51-222-196.net", "UtcTime": "1686816618", "User": "DESKTOP-B0T93D6\\george", "DestinationPort": "8080", "ProcessGuid": "{C784477D-252A-64BE-4206-000000004400}", "SourcePort": "49752", "Protocol": "tcp", "SourceHostname": "DESKTOP-B0T93D6.local", "SourceIp": "192.168.2.9", "DestinationIsIpv6": "false"}}, {"values": {"EventID": "3", "ProcessId": "7736", "DestinationPortName": "-", "SourceIsIpv6": "false", "DestinationIp": "51.222.196.75", "Initiated": "true", "SourcePortName": "-", "Image": "C:\\Users\\george\\Desktop\\Excel.exe", "RuleName": "Usermode", "DestinationHostname": "ip75.ip-51-222-196.net", "UtcTime": "1686816619", "User": "DESKTOP-B0T93D6\\george", "DestinationPort": "8080", "ProcessGuid": "{C784477D-252A-64BE-4206-000000004400}", "SourcePort": "49753", "Protocol": "tcp", "SourceHostname": "DESKTOP-B0T93D6.local", "SourceIp": "192.168.2.9", "DestinationIsIpv6": "false"}}, {"values": {"EventID": "3", "ProcessId": "7736", "DestinationPortName": "-", "SourceIsIpv6": "false", "Initiated": "true", "DestinationIp": "51.222.196.75", "SourcePortName": "-", "Image": "C:\\Users\\george\\Desktop\\Excel.exe", "ProcessGuid": "{C784477D-252A-64BE-4206-000000004400}", "DestinationHostname": "ip75.ip-51-222-196.net", "UtcTime": "1686816621", "User": "DESKTOP-B0T93D6\\george", "DestinationPort": "8080", "RuleName": "Usermode", "SourcePort": "49754", "Protocol": "tcp", "DestinationIsIpv6": "false", "SourceIp": "192.168.2.9", "SourceHostname": "DESKTOP-B0T93D6.local"}}, {"values": {"EventID": "3", "ProcessId": "7736", "DestinationPortName": "-", "SourceIsIpv6": "false", "DestinationIp": "51.222.196.75", "Initiated": "true", "SourcePortName": "-", "Image": "C:\\Users\\george\\Desktop\\Excel.exe", "ProcessGuid": "{C784477D-252A-64BE-4206-000000004400}", "DestinationHostname": "ip75.ip-51-222-196.net", "UtcTime": "1686816622", "User": "DESKTOP-B0T93D6\\george", "DestinationPort": "8080", "RuleName": "Usermode", "SourcePort": "49755", "Protocol": "tcp", "SourceHostname": "DESKTOP-B0T93D6.local", "SourceIp": "192.168.2.9", "DestinationIsIpv6": "false"}}, {"values": {"EventID": "3", "ProcessId": "7736", "DestinationPortName": "-", "Protocol": "tcp", "DestinationIp": "51.222.196.75", "Initiated": "true", "SourcePortName": "-", "Image": "C:\\Users\\george\\Desktop\\Excel.exe", "ProcessGuid": "{C784477D-252A-64BE-4206-000000004400}", "DestinationHostname": "ip75.ip-51-222-196.net", "UtcTime": "1686816624", "User": "DESKTOP-B0T93D6\\george", "DestinationPort": "8080", "RuleName": "Usermode", "SourcePort": "49756", "SourceIsIpv6": "false", "DestinationIsIpv6": "false", "SourceIp": "192.168.2.9", "SourceHostname": "DESKTOP-B0T93D6.local"}}, {"values": {"EventID": "3", "ProcessId": "7736", "DestinationPortName": "-", "Protocol": "tcp", "Initiated": "true", "DestinationIp": "51.222.196.75", "SourcePortName": "-", "Image": "C:\\Users\\george\\Desktop\\Excel.exe", "ProcessGuid": "{C784477D-252A-64BE-4206-000000004400}", "DestinationHostname": "ip75.ip-51-222-196.net", "UtcTime": "1686816625", "User": "DESKTOP-B0T93D6\\george", "DestinationPort": "8080", "RuleName": "Usermode", "SourcePort": "49758", "SourceIsIpv6": "false", "DestinationIsIpv6": "false", "SourceIp": "192.168.2.9", "SourceHostname": "DESKTOP-B0T93D6.local"}}, {"values": {"EventID": "3", "ProcessId": "7736", "DestinationPortName": "-", "Protocol": "tcp", "DestinationIp": "51.222.196.75", "Initiated": "true", "SourcePortName": "-", "Image": "C:\\Users\\george\\Desktop\\Excel.exe", "RuleName": "Usermode", "DestinationHostname": "ip75.ip-51-222-196.net", "UtcTime": "1686816626", "User": "DESKTOP-B0T93D6\\george", "DestinationPort": "8080", "ProcessGuid": "{C784477D-252A-64BE-4206-000000004400}", "SourcePort": "49759", "SourceIsIpv6": "false", "SourceHostname": "DESKTOP-B0T93D6.local", "SourceIp": "192.168.2.9", "DestinationIsIpv6": "false"}}, {"values": {"EventID": "3", "ProcessId": "7736", "DestinationPortName": "-", "SourceIsIpv6": "false", "DestinationIp": "51.222.196.75", "Initiated": "true", "SourcePortName": "-", "Image": "C:\\Users\\george\\Desktop\\Excel.exe", "ProcessGuid": "{C784477D-252A-64BE-4206-000000004400}", "DestinationHostname": "ip75.ip-51-222-196.net", "UtcTime": "1686816628", "User": "DESKTOP-B0T93D6\\george", "DestinationPort": "8080", "RuleName": "Usermode", "SourcePort": "49760", "Protocol": "tcp", "DestinationIsIpv6": "false", "SourceIp": "192.168.2.9", "SourceHostname": "DESKTOP-B0T93D6.local"}}, {"values": {"EventID": "3", "ProcessId": "7736", "DestinationPortName": "-", "SourceIsIpv6": "false", "Initiated": "true", "DestinationIp": "51.222.196.75", "SourcePortName": "-", "Image": "C:\\Users\\george\\Desktop\\Excel.exe", "RuleName": "Usermode", "DestinationHostname": "ip75.ip-51-222-196.net", "UtcTime": "1686816629", "User": "DESKTOP-B0T93D6\\george", "DestinationPort": "8080", "ProcessGuid": "{C784477D-252A-64BE-4206-000000004400}", "SourcePort": "49761", "Protocol": "tcp", "DestinationIsIpv6": "false", "SourceIp": "192.168.2.9", "SourceHostname": "DESKTOP-B0T93D6.local"}}, {"values": {"EventID": "3", "ProcessId": "7736", "DestinationPortName": "-", "SourceIsIpv6": "false", "DestinationIp": "51.222.196.75", "Initiated": "true", "SourcePortName": "-", "Image": "C:\\Users\\george\\Desktop\\Excel.exe", "ProcessGuid": "{C784477D-252A-64BE-4206-000000004400}", "DestinationHostname": "ip75.ip-51-222-196.net", "UtcTime": "1686816631", "User": "DESKTOP-B0T93D6\\george", "DestinationPort": "8080", "RuleName": "Usermode", "SourcePort": "49762", "Protocol": "tcp", "DestinationIsIpv6": "false", "SourceIp": "192.168.2.9", "SourceHostname": "DESKTOP-B0T93D6.local"}}, {"values": {"EventID": "3", "ProcessId": "7736", "DestinationPortName": "-", "Protocol": "tcp", "DestinationIp": "51.222.196.75", "Initiated": "true", "SourcePortName": "-", "Image": "C:\\Users\\george\\Desktop\\Excel.exe", "RuleName": "Usermode", "DestinationHostname": "ip75.ip-51-222-196.net", "UtcTime": "1686816632", "User": "DESKTOP-B0T93D6\\george", "DestinationPort": "8080", "ProcessGuid": "{C784477D-252A-64BE-4206-000000004400}", "SourcePort": "49763", "SourceIsIpv6": "false", "DestinationIsIpv6": "false", "SourceIp": "192.168.2.9", "SourceHostname": "DESKTOP-B0T93D6.local"}}, {"values": {"EventID": "3", "ProcessId": "7736", "DestinationPortName": "-", "SourceIsIpv6": "false", "Initiated": "true", "DestinationIp": "51.222.196.75", "SourcePortName": "-", "Image": "C:\\Users\\george\\Desktop\\Excel.exe", "ProcessGuid": "{C784477D-252A-64BE-4206-000000004400}", "DestinationHostname": "ip75.ip-51-222-196.net", "UtcTime": "1686816634", "User": "DESKTOP-B0T93D6\\george", "DestinationPort": "8080", "RuleName": "Usermode", "SourcePort": "49765", "Protocol": "tcp", "DestinationIsIpv6": "false", "SourceIp": "192.168.2.9", "SourceHostname": "DESKTOP-B0T93D6.local"}}, {"values": {"EventID": "3", "ProcessId": "7736", "DestinationPortName": "-", "Protocol": "tcp", "Initiated": "true", "DestinationIp": "51.222.196.75", "SourcePortName": "-", "Image": "C:\\Users\\george\\Desktop\\Excel.exe", "RuleName": "Usermode", "DestinationHostname": "ip75.ip-51-222-196.net", "UtcTime": "1686816635", "User": "DESKTOP-B0T93D6\\george", "DestinationPort": "8080", "ProcessGuid": "{C784477D-252A-64BE-4206-000000004400}", "SourcePort": "49766", "SourceIsIpv6": "false", "SourceHostname": "DESKTOP-B0T93D6.local", "SourceIp": "192.168.2.9", "DestinationIsIpv6": "false"}}, {"values": {"EventID": "3", "ProcessId": "7736", "DestinationPortName": "-", "SourceIsIpv6": "false", "Initiated": "true", "DestinationIp": "51.222.196.75", "SourcePortName": "-", "Image": "C:\\Users\\george\\Desktop\\Excel.exe", "ProcessGuid": "{C784477D-252A-64BE-4206-000000004400}", "DestinationHostname": "ip75.ip-51-222-196.net", "UtcTime": "1686816637", "User": "DESKTOP-B0T93D6\\george", "DestinationPort": "8080", "RuleName": "Usermode", "SourcePort": "49767", "Protocol": "tcp", "DestinationIsIpv6": "false", "SourceIp": "192.168.2.9", "SourceHostname": "DESKTOP-B0T93D6.local"}}, {"values": {"EventID": "3", "ProcessId": "7736", "DestinationPortName": "-", "SourceIsIpv6": "false", "DestinationIp": "51.222.196.75", "Initiated": "true", "SourcePortName": "-", "Image": "C:\\Users\\george\\Desktop\\Excel.exe", "RuleName": "Usermode", "DestinationHostname": "ip75.ip-51-222-196.net", "UtcTime": "1686816638", "User": "DESKTOP-B0T93D6\\george", "DestinationPort": "8080", "ProcessGuid": "{C784477D-252A-64BE-4206-000000004400}", "SourcePort": "49769", "Protocol": "tcp", "SourceHostname": "DESKTOP-B0T93D6.local", "SourceIp": "192.168.2.9", "DestinationIsIpv6": "false"}}, {"values": {"EventID": "3", "ProcessId": "7736", "DestinationPortName": "-", "Protocol": "tcp", "DestinationIp": "51.222.196.75", "Initiated": "true", "SourcePortName": "-", "Image": "C:\\Users\\george\\Desktop\\Excel.exe", "RuleName": "Usermode", "DestinationHostname": "ip75.ip-51-222-196.net", "UtcTime": "1686816640", "User": "DESKTOP-B0T93D6\\george", "DestinationPort": "8080", "ProcessGuid": "{C784477D-252A-64BE-4206-000000004400}", "SourcePort": "49771", "SourceIsIpv6": "false", "SourceHostname": "DESKTOP-B0T93D6.local", "SourceIp": "192.168.2.9", "DestinationIsIpv6": "false"}}, {"values": {"EventID": "3", "ProcessId": "7736", "DestinationPortName": "-", "Protocol": "tcp", "DestinationIp": "51.222.196.75", "Initiated": "true", "SourcePortName": "-", "Image": "C:\\Users\\george\\Desktop\\Excel.exe", "ProcessGuid": "{C784477D-252A-64BE-4206-000000004400}", "DestinationHostname": "ip75.ip-51-222-196.net", "UtcTime": "1686816641", "User": "DESKTOP-B0T93D6\\george", "DestinationPort": "8080", "RuleName": "Usermode", "SourcePort": "49774", "SourceIsIpv6": "false", "SourceHostname": "DESKTOP-B0T93D6.local", "SourceIp": "192.168.2.9", "DestinationIsIpv6": "false"}}, {"values": {"EventID": "3", "ProcessId": "7736", "DestinationPortName": "-", "Protocol": "tcp", "DestinationIp": "51.222.196.75", "Initiated": "true", "SourcePortName": "-", "Image": "C:\\Users\\george\\Desktop\\Excel.exe", "ProcessGuid": "{C784477D-252A-64BE-4206-000000004400}", "DestinationHostname": "ip75.ip-51-222-196.net", "UtcTime": "1686816642", "User": "DESKTOP-B0T93D6\\george", "DestinationPort": "8080", "RuleName": "Usermode", "SourcePort": "49776", "SourceIsIpv6": "false", "SourceHostname": "DESKTOP-B0T93D6.local", "SourceIp": "192.168.2.9", "DestinationIsIpv6": "false"}}, {"values": {"EventID": "3", "ProcessId": "7736", "DestinationPortName": "-", "SourceIsIpv6": "false", "DestinationIp": "51.222.196.75", "Initiated": "true", "SourcePortName": "-", "Image": "C:\\Users\\george\\Desktop\\Excel.exe", "ProcessGuid": "{C784477D-252A-64BE-4206-000000004400}", "DestinationHostname": "ip75.ip-51-222-196.net", "UtcTime": "1686816644", "User": "DESKTOP-B0T93D6\\george", "DestinationPort": "8080", "RuleName": "Usermode", "SourcePort": "49778", "Protocol": "tcp", "SourceHostname": "DESKTOP-B0T93D6.local", "SourceIp": "192.168.2.9", "DestinationIsIpv6": "false"}}, {"values": {"EventID": "3", "ProcessId": "7736", "DestinationPortName": "-", "Protocol": "tcp", "DestinationIp": "51.222.196.75", "Initiated": "true", "SourcePortName": "-", "Image": "C:\\Users\\george\\Desktop\\Excel.exe", "ProcessGuid": "{C784477D-252A-64BE-4206-000000004400}", "DestinationHostname": "ip75.ip-51-222-196.net", "UtcTime": "1686816645", "User": "DESKTOP-B0T93D6\\george", "DestinationPort": "8080", "RuleName": "Usermode", "SourcePort": "49780", "SourceIsIpv6": "false", "DestinationIsIpv6": "false", "SourceIp": "192.168.2.9", "SourceHostname": "DESKTOP-B0T93D6.local"}}, {"values": {"EventID": "3", "ProcessId": "7736", "DestinationPortName": "-", "Protocol": "tcp", "Initiated": "true", "DestinationIp": "51.222.196.75", "SourcePortName": "-", "Image": "C:\\Users\\george\\Desktop\\Excel.exe", "RuleName": "Usermode", "DestinationHostname": "ip75.ip-51-222-196.net", "UtcTime": "1686816647", "User": "DESKTOP-B0T93D6\\george", "DestinationPort": "8080", "ProcessGuid": "{C784477D-252A-64BE-4206-000000004400}", "SourcePort": "49782", "SourceIsIpv6": "false", "DestinationIsIpv6": "false", "SourceIp": "192.168.2.9", "SourceHostname": "DESKTOP-B0T93D6.local"}}, {"values": {"EventID": "3", "ProcessId": "7736", "DestinationPortName": "-", "SourceIsIpv6": "false", "DestinationIp": "51.222.196.75", "Initiated": "true", "SourcePortName": "-", "Image": "C:\\Users\\george\\Desktop\\Excel.exe", "RuleName": "Usermode", "DestinationHostname": "ip75.ip-51-222-196.net", "UtcTime": "1686816648", "User": "DESKTOP-B0T93D6\\george", "DestinationPort": "8080", "ProcessGuid": "{C784477D-252A-64BE-4206-000000004400}", "SourcePort": "49785", "Protocol": "tcp", "DestinationIsIpv6": "false", "SourceIp": "192.168.2.9", "SourceHostname": "DESKTOP-B0T93D6.local"}}, {"values": {"EventID": "3", "ProcessId": "7736", "DestinationPortName": "-", "SourceIsIpv6": "false", "Initiated": "true", "DestinationIp": "51.222.196.75", "SourcePortName": "-", "Image": "C:\\Users\\george\\Desktop\\Excel.exe", "ProcessGuid": "{C784477D-252A-64BE-4206-000000004400}", "DestinationHostname": "ip75.ip-51-222-196.net", "UtcTime": "1686816650", "User": "DESKTOP-B0T93D6\\george", "DestinationPort": "8080", "RuleName": "Usermode", "SourcePort": "49786", "Protocol": "tcp", "DestinationIsIpv6": "false", "SourceIp": "192.168.2.9", "SourceHostname": "DESKTOP-B0T93D6.local"}}, {"values": {"EventID": "3", "ProcessId": "7736", "DestinationPortName": "-", "SourceIsIpv6": "false", "Initiated": "true", "DestinationIp": "51.222.196.75", "SourcePortName": "-", "Image": "C:\\Users\\george\\Desktop\\Excel.exe", "ProcessGuid": "{C784477D-252A-64BE-4206-000000004400}", "DestinationHostname": "ip75.ip-51-222-196.net", "UtcTime": "1686816651", "User": "DESKTOP-B0T93D6\\george", "DestinationPort": "8080", "RuleName": "Usermode", "SourcePort": "49787", "Protocol": "tcp", "SourceHostname": "DESKTOP-B0T93D6.local", "SourceIp": "192.168.2.9", "DestinationIsIpv6": "false"}}, {"values": {"EventID": "3", "ProcessId": "7736", "DestinationPortName": "-", "Protocol": "tcp", "DestinationIp": "51.222.196.75", "Initiated": "true", "SourcePortName": "-", "Image": "C:\\Users\\george\\Desktop\\Excel.exe", "ProcessGuid": "{C784477D-252A-64BE-4206-000000004400}", "DestinationHostname": "ip75.ip-51-222-196.net", "UtcTime": "1686816653", "User": "DESKTOP-B0T93D6\\george", "DestinationPort": "8080", "RuleName": "Usermode", "SourcePort": "49788", "SourceIsIpv6": "false", "DestinationIsIpv6": "false", "SourceIp": "192.168.2.9", "SourceHostname": "DESKTOP-B0T93D6.local"}}, {"values": {"EventID": "3", "ProcessId": "7736", "DestinationPortName": "-", "Protocol": "tcp", "Initiated": "true", "DestinationIp": "51.222.196.75", "SourcePortName": "-", "Image": "C:\\Users\\george\\Desktop\\Excel.exe", "RuleName": "Usermode", "DestinationHostname": "ip75.ip-51-222-196.net", "UtcTime": "1686816654", "User": "DESKTOP-B0T93D6\\george", "DestinationPort": "8080", "ProcessGuid": "{C784477D-252A-64BE-4206-000000004400}", "SourcePort": "49789", "SourceIsIpv6": "false", "SourceHostname": "DESKTOP-B0T93D6.local", "SourceIp": "192.168.2.9", "DestinationIsIpv6": "false"}}, {"values": {"EventID": "3", "ProcessId": "7736", "DestinationPortName": "-", "SourceIsIpv6": "false", "DestinationIp": "51.222.196.75", "Initiated": "true", "SourcePortName": "-", "Image": "C:\\Users\\george\\Desktop\\Excel.exe", "ProcessGuid": "{C784477D-252A-64BE-4206-000000004400}", "DestinationHostname": "ip75.ip-51-222-196.net", "UtcTime": "1686816655", "User": "DESKTOP-B0T93D6\\george", "DestinationPort": "8080", "RuleName": "Usermode", "SourcePort": "49790", "Protocol": "tcp", "SourceHostname": "DESKTOP-B0T93D6.local", "SourceIp": "192.168.2.9", "DestinationIsIpv6": "false"}}, {"values": {"EventID": "3", "ProcessId": "7736", "DestinationPortName": "-", "Protocol": "tcp", "Initiated": "true", "DestinationIp": "51.222.196.75", "SourcePortName": "-", "Image": "C:\\Users\\george\\Desktop\\Excel.exe", "ProcessGuid": "{C784477D-252A-64BE-4206-000000004400}", "DestinationHostname": "ip75.ip-51-222-196.net", "UtcTime": "1686816657", "User": "DESKTOP-B0T93D6\\george", "DestinationPort": "8080", "RuleName": "Usermode", "SourcePort": "49791", "SourceIsIpv6": "false", "DestinationIsIpv6": "false", "SourceIp": "192.168.2.9", "SourceHostname": "DESKTOP-B0T93D6.local"}}, {"values": {"EventID": "3", "ProcessId": "7736", "DestinationPortName": "-", "SourceIsIpv6": "false", "Initiated": "true", "DestinationIp": "51.222.196.75", "SourcePortName": "-", "Image": "C:\\Users\\george\\Desktop\\Excel.exe", "RuleName": "Usermode", "DestinationHostname": "ip75.ip-51-222-196.net", "UtcTime": "1686816658", "User": "DESKTOP-B0T93D6\\george", "DestinationPort": "8080", "ProcessGuid": "{C784477D-252A-64BE-4206-000000004400}", "SourcePort": "49792", "Protocol": "tcp", "DestinationIsIpv6": "false", "SourceIp": "192.168.2.9", "SourceHostname": "DESKTOP-B0T93D6.local"}}, 