{"data": {"attributes": {"type_description": "Win32 EXE", "tlsh": "T1BF764B07FCA600F9C2FEF1348251A726B97138D583317B835F949A561A65FE47A3E328", "vhash": "076057555d5d141az25!z", "type_tags": ["executable", "windows", "win32", "pe", "peexe"], "names": ["EXESMPS (48).exe"], "last_modification_date": 1668129346, "type_tag": "peexe", "times_submitted": 1, "total_votes": {"harmless": 0, "malicious": 0}, "size": 7512064, "popular_threat_classification": {"suggested_threat_label": "trojan.dominicus/wingo", "popular_threat_category": [{"count": 11, "value": "trojan"}, {"count": 2, "value": "hacktool"}], "popular_threat_name": [{"count": 3, "value": "dominicus"}, {"count": 2, "value": "wingo"}, {"count": 2, "value": "virtool"}]}, "authentihash": "b2e79b6aa2827fec74b0327d861ed8eedb7fc3320b948c91a2b97652336cdcc0", "last_submission_date": 1657246246, "sigma_analysis_results": [{"rule_title": "Python Initiated Connection", "rule_source": "Sigma Integrated Rule Set (GitHub)", "match_context": [{"values": {"EventID": "3", "ProcessId": "1284", "DestinationPortName": "-", "SourceIsIpv6": "false", "Initiated": "true", "DestinationIp": "255.255.255.255", "SourcePortName": "-", "Image": "C:\\Users\\admin\\AppData\\Local\\Programs\\Python\\Python37\\pythonw.exe", "ProcessGuid": "5240FBE6-25C0-62C7-3A00-000000002400", "DestinationHostname": "-", "UtcTime": "2022-07-07 18:28:28.505", "User": "work\\admin", "DestinationPort": "12345", "RuleName": "Usermode", "SourcePort": "55001", "Protocol": "udp", "SourceHostname": "-", "SourceIp": "192.168.122.246", "DestinationIsIpv6": "false"}}, {"values": {"EventID": "3", "ProcessId": "1284", "DestinationPortName": "-", "SourceIsIpv6": "false", "Initiated": "true", "DestinationIp": "74.125.31.153", "SourcePortName": "-", "Image": "C:\\Users\\admin\\AppData\\Local\\Programs\\Python\\Python37\\pythonw.exe", "ProcessGuid": "5240FBE6-25C0-62C7-3A00-000000002400", "DestinationHostname": "-", "UtcTime": "2022-07-07 18:28:38.640", "User": "work\\admin", "DestinationPort": "443", "RuleName": "Usermode", "SourcePort": "49169", "Protocol": "tcp", "SourceHostname": "-", "SourceIp": "192.168.122.246", "DestinationIsIpv6": "false"}}, {"values": {"EventID": "3", "ProcessId": "1284", "DestinationPortName": "-", "Protocol": "tcp", "Initiated": "true", "DestinationIp": "74.125.31.153", "SourcePortName": "-", "Image": "C:\\Users\\admin\\AppData\\Local\\Programs\\Python\\Python37\\pythonw.exe", "ProcessGuid": "5240FBE6-25C0-62C7-3A00-000000002400", "DestinationHostname": "-", "UtcTime": "2022-07-07 18:28:39.080", "User": "work\\admin", "DestinationPort": "443", "RuleName": "Usermode", "SourcePort": "49170", "SourceIsIpv6": "false", "SourceHostname": "-", "SourceIp": "192.168.122.246", "DestinationIsIpv6": "false"}}, {"values": {"EventID": "3", "ProcessId": "1284", "DestinationPortName": "-", "Protocol": "tcp", "Initiated": "true", "DestinationIp": "74.125.31.153", "SourcePortName": "-", "Image": "C:\\Users\\admin\\AppData\\Local\\Programs\\Python\\Python37\\pythonw.exe", "ProcessGuid": "5240FBE6-25C0-62C7-3A00-000000002400", "DestinationHostname": "-", "UtcTime": "2022-07-07 18:28:44.226", "User": "work\\admin", "DestinationPort": "443", "RuleName": "Usermode", "SourcePort": "49173", "SourceIsIpv6": "false", "SourceHostname": "-", "SourceIp": "192.168.122.246", "DestinationIsIpv6": "false"}}, {"values": {"EventID": "3", "ProcessId": "1284", "DestinationPortName": "-", "Protocol": "tcp", "Initiated": "true", "DestinationIp": "74.125.31.153", "SourcePortName": "-", "Image": "C:\\Users\\admin\\AppData\\Local\\Programs\\Python\\Python37\\pythonw.exe", "ProcessGuid": "5240FBE6-25C0-62C7-3A00-000000002400", "DestinationHostname": "-", "UtcTime": "2022-07-07 18:28:49.564", "User": "work\\admin", "DestinationPort": "443", "RuleName": "Usermode", "SourcePort": "49174", "SourceIsIpv6": "false", "SourceHostname": "-", "SourceIp": "192.168.122.246", "DestinationIsIpv6": "false"}}, {"values": {"EventID": "3", "ProcessId": "1284", "DestinationPortName": "-", "SourceIsIpv6": "false", "Initiated": "true", "DestinationIp": "74.125.31.153", "SourcePortName": "-", "Image": "C:\\Users\\admin\\AppData\\Local\\Programs\\Python\\Python37\\pythonw.exe", "ProcessGuid": "5240FBE6-25C0-62C7-3A00-000000002400", "DestinationHostname": "-", "UtcTime": "2022-07-07 18:28:49.848", "User": "work\\admin", "DestinationPort": "443", "RuleName": "Usermode", "SourcePort": "49175", "Protocol": "tcp", "SourceHostname": "-", "SourceIp": "192.168.122.246", "DestinationIsIpv6": "false"}}, {"values": {"EventID": "3", "ProcessId": "1284", "DestinationPortName": "-", "SourceIsIpv6": "false", "DestinationIp": "74.125.31.153", "Initiated": "true", "SourcePortName": "-", "Image": "C:\\Users\\admin\\AppData\\Local\\Programs\\Python\\Python37\\pythonw.exe", "ProcessGuid": "5240FBE6-25C0-62C7-3A00-000000002400", "DestinationHostname": "-", "UtcTime": "2022-07-07 18:28:55.046", "User": "work\\admin", "DestinationPort": "443", "RuleName": "Usermode", "SourcePort": "49177", "Protocol": "tcp", "SourceHostname": "-", "SourceIp": "192.168.122.246", "DestinationIsIpv6": "false"}}, {"values": {"EventID": "3", "ProcessId": "1284", "DestinationPortName": "-", "SourceIsIpv6": "false", "DestinationIp": "74.125.31.153", "Initiated": "true", "SourcePortName": "-", "Image": "C:\\Users\\admin\\AppData\\Local\\Programs\\Python\\Python37\\pythonw.exe", "ProcessGuid": "5240FBE6-25C0-62C7-3A00-000000002400", "DestinationHostname": "-", "UtcTime": "2022-07-07 18:29:00.412", "User": "work\\admin", "DestinationPort": "443", "RuleName": "Usermode", "SourcePort": "49180", "Protocol": "tcp", "SourceHostname": "-", "SourceIp": "192.168.122.246", "DestinationIsIpv6": "false"}}, {"values": {"EventID": "3", "ProcessId": "1284", "DestinationPortName": "-", "SourceIsIpv6": "false", "DestinationIp": "74.125.31.153", "Initiated": "true", "SourcePortName": "-", "Image": "C:\\Users\\admin\\AppData\\Local\\Programs\\Python\\Python37\\pythonw.exe", "ProcessGuid": "5240FBE6-25C0-62C7-3A00-000000002400", "DestinationHostname": "-", "UtcTime": "2022-07-07 18:29:00.825", "User": "work\\admin", "DestinationPort": "443", "RuleName": "Usermode", "SourcePort": "49181", "Protocol": "tcp", "SourceHostname": "-", "SourceIp": "192.168.122.246", "DestinationIsIpv6": "false"}}, {"values": {"EventID": "3", "ProcessId": "1284", "DestinationPortName": "-", "SourceIsIpv6": "false", "Initiated": "true", "DestinationIp": "74.125.31.153", "SourcePortName": "-", "Image": "C:\\Users\\admin\\AppData\\Local\\Programs\\Python\\Python37\\pythonw.exe", "ProcessGuid": "5240FBE6-25C0-62C7-3A00-000000002400", "DestinationHostname": "-", "UtcTime": "2022-07-07 18:29:05.990", "User": "work\\admin", "DestinationPort": "443", "RuleName": "Usermode", "SourcePort": "49183", "Protocol": "tcp", "SourceHostname": "-", "SourceIp": "192.168.122.246", "DestinationIsIpv6": "false"}}, {"values": {"EventID": "3", "ProcessId": "1284", "DestinationPortName": "-", "SourceIsIpv6": "false", "DestinationIp": "74.125.31.153", "Initiated": "true", "SourcePortName": "-", "Image": "C:\\Users\\admin\\AppData\\Local\\Programs\\Python\\Python37\\pythonw.exe", "ProcessGuid": "5240FBE6-25C0-62C7-3A00-000000002400", "DestinationHostname": "-", "UtcTime": "2022-07-07 18:29:11.536", "User": "work\\admin", "DestinationPort": "443", "RuleName": "Usermode", "SourcePort": "49184", "Protocol": "tcp", "SourceHostname": "-", "SourceIp": "192.168.122.246", "DestinationIsIpv6": "false"}}, {"values": {"EventID": "3", "ProcessId": "1284", "DestinationPortName": "-", "Protocol": "tcp", "DestinationIp": "74.125.31.153", "Initiated": "true", "SourcePortName": "-", "Image": "C:\\Users\\admin\\AppData\\Local\\Programs\\Python\\Python37\\pythonw.exe", "ProcessGuid": "5240FBE6-25C0-62C7-3A00-000000002400", "DestinationHostname": "-", "UtcTime": "2022-07-07 18:29:11.824", "User": "work\\admin", "DestinationPort": "443", "RuleName": "Usermode", "SourcePort": "49185", "SourceIsIpv6": "false", "SourceHostname": "-", "SourceIp": "192.168.122.246", "DestinationIsIpv6": "false"}}, {"values": {"EventID": "3", "ProcessId": "1284", "DestinationPortName": "-", "SourceIsIpv6": "false", "DestinationIp": "74.125.31.153", "Initiated": "true", "SourcePortName": "-", "Image": "C:\\Users\\admin\\AppData\\Local\\Programs\\Python\\Python37\\pythonw.exe", "ProcessGuid": "5240FBE6-25C0-62C7-3A00-000000002400", "DestinationHostname": "-", "UtcTime": "2022-07-07 18:29:16.986", "User": "work\\admin", "DestinationPort": "443", "RuleName": "Usermode", "SourcePort": "49187", "Protocol": "tcp", "SourceHostname": "-", "SourceIp": "192.168.122.246", "DestinationIsIpv6": "false"}}, {"values": {"EventID": "3", "ProcessId": "1284", "DestinationPortName": "-", "SourceIsIpv6": "false", "Initiated": "true", "DestinationIp": "74.125.31.153", "SourcePortName": "-", "Image": "C:\\Users\\admin\\AppData\\Local\\Programs\\Python\\Python37\\pythonw.exe", "ProcessGuid": "5240FBE6-25C0-62C7-3A00-000000002400", "DestinationHostname": "-", "UtcTime": "2022-07-07 18:29:22.343", "User": "work\\admin", "DestinationPort": "443", "RuleName": "Usermode", "SourcePort": "49189", "Protocol": "tcp", "SourceHostname": "-", "SourceIp": "192.168.122.246", "DestinationIsIpv6": "false"}}, {"values": {"EventID": "3", "ProcessId": "1284", "DestinationPortName": "-", "SourceIsIpv6": "false", "DestinationIp": "74.125.31.153", "Initiated": "true", "SourcePortName": "-", "Image": "C:\\Users\\admin\\AppData\\Local\\Programs\\Python\\Python37\\pythonw.exe", "ProcessGuid": "5240FBE6-25C0-62C7-3A00-000000002400", "DestinationHostname": "-", "UtcTime": "2022-07-07 18:29:22.724", "User": "work\\admin", "DestinationPort": "443", "RuleName": "Usermode", "SourcePort": "49190", "Protocol": "tcp", "SourceHostname": "-", "SourceIp": "192.168.122.246", "DestinationIsIpv6": "false"}}, {"values": {"EventID": "3", "ProcessId": "1284", "DestinationPortName": "-", "Protocol": "tcp", "Initiated": "true", "DestinationIp": "74.125.31.153", "SourcePortName": "-", "Image": "C:\\Users\\admin\\AppData\\Local\\Programs\\Python\\Python37\\pythonw.exe", "ProcessGuid": "5240FBE6-25C0-62C7-3A00-000000002400", "DestinationHostname": "-", "UtcTime": "2022-07-07 18:29:27.915", "User": "work\\admin", "DestinationPort": "443", "RuleName": "Usermode", "SourcePort": "49192", "SourceIsIpv6": "false", "SourceHostname": "-", "SourceIp": "192.168.122.246", "DestinationIsIpv6": "false"}}, {"values": {"EventID": "3", "ProcessId": "1284", "DestinationPortName": "-", "SourceIsIpv6": "false", "DestinationIp": "74.125.31.153", "Initiated": "true", "SourcePortName": "-", "Image": "C:\\Users\\admin\\AppData\\Local\\Programs\\Python\\Python37\\pythonw.exe", "ProcessGuid": "5240FBE6-25C0-62C7-3A00-000000002400", "DestinationHostname": "-", "UtcTime": "2022-07-07 18:29:33.272", "User": "work\\admin", "DestinationPort": "443", "RuleName": "Usermode", "SourcePort": "49193", "Protocol": "tcp", "SourceHostname": "-", "SourceIp": "192.168.122.246", "DestinationIsIpv6": "false"}}, {"values": {"EventID": "3", "ProcessId": "1284", "DestinationPortName": "-", "Protocol": "tcp", "DestinationIp": "74.125.31.153", "Initiated": "true", "SourcePortName": "-", "Image": "C:\\Users\\admin\\AppData\\Local\\Programs\\Python\\Python37\\pythonw.exe", "ProcessGuid": "5240FBE6-25C0-62C7-3A00-000000002400", "DestinationHostname": "-", "UtcTime": "2022-07-07 18:29:33.559", "User": "work\\admin", "DestinationPort": "443", "RuleName": "Usermode", "SourcePort": "49195", "SourceIsIpv6": "false", "SourceHostname": "-", "SourceIp": "192.168.122.246", "DestinationIsIpv6": "false"}}, {"values": {"EventID": "3", "ProcessId": "1284", "DestinationPortName": "-", "SourceIsIpv6": "false", "Initiated": "true", "DestinationIp": "74.125.31.153", "SourcePortName": "-", "Image": "C:\\Users\\admin\\AppData\\Local\\Programs\\Python\\Python37\\pythonw.exe", "ProcessGuid": "5240FBE6-25C0-62C7-3A00-000000002400", "DestinationHostname": "-", "UtcTime": "2022-07-07 18:29:38.732", "User": "work\\admin", "DestinationPort": "443", "RuleName": "Usermode", "SourcePort": "49197", "Protocol": "tcp", "SourceHostname": "-", "SourceIp": "192.168.122.246", "DestinationIsIpv6": "false"}}, {"values": {"EventID": "3", "ProcessId": "1284", "DestinationPortName": "-", "Protocol": "tcp", "Initiated": "true", "DestinationIp": "74.125.31.153", "SourcePortName": "-", "Image": "C:\\Users\\admin\\AppData\\Local\\Programs\\Python\\Python37\\pythonw.exe", "ProcessGuid": "5240FBE6-25C0-62C7-3A00-000000002400", "DestinationHostname": "-", "UtcTime": "2022-07-07 18:29:44.122", "User": "work\\admin", "DestinationPort": "443", "RuleName": "Usermode", "SourcePort": "49199", "SourceIsIpv6": "false", "SourceHostname": "-", "SourceIp": "192.168.122.246", "DestinationIsIpv6": "false"}}, {"values": {"EventID": "3", "ProcessId": "1284", "DestinationPortName": "-", "Protocol": "tcp", "DestinationIp": "74.125.31.153", "Initiated": "true", "SourcePortName": "-", "Image": "C:\\Users\\admin\\AppData\\Local\\Programs\\Python\\Python37\\pythonw.exe", "ProcessGuid": "5240FBE6-25C0-62C7-3A00-000000002400", "DestinationHostname": "-", "UtcTime": "2022-07-07 18:29:44.438", "User": "work\\admin", "DestinationPort": "443", "RuleName": "Usermode", "SourcePort": "49200", "SourceIsIpv6": "false", "SourceHostname": "-", "SourceIp": "192.168.122.246", "DestinationIsIpv6": "false"}}, {"values": {"EventID": "3", "ProcessId": "1284", "DestinationPortName": "-", "SourceIsIpv6": "false", "Initiated": "true", "DestinationIp": "74.125.31.153", "SourcePortName": "-", "Image": "C:\\Users\\admin\\AppData\\Local\\Programs\\Python\\Python37\\pythonw.exe", "ProcessGuid": "5240FBE6-25C0-62C7-3A00-000000002400", "DestinationHostname": "-", "UtcTime": "2022-07-07 18:29:45.504", "User": "work\\admin", "DestinationPort": "443", "RuleName": "Usermode", "SourcePort": "49201", "Protocol": "tcp", "SourceHostname": "-", "SourceIp": "192.168.122.246", "DestinationIsIpv6": "false"}}, {"values": {"EventID": "3", "ProcessId": "1284", "DestinationPortName": "-", "Protocol": "tcp", "DestinationIp": "74.125.31.153", "Initiated": "true", "SourcePortName": "-", "Image": "C:\\Users\\admin\\AppData\\Local\\Programs\\Python\\Python37\\pythonw.exe", "ProcessGuid": "5240FBE6-25C0-62C7-3A00-000000002400", "DestinationHostname": "-", "UtcTime": "2022-07-07 18:29:50.682", "User": "work\\admin", "DestinationPort": "443", "RuleName": "Usermode", "SourcePort": "49202", "SourceIsIpv6": "false", "SourceHostname": "-", "SourceIp": "192.168.122.246", "DestinationIsIpv6": "false"}}, {"values": {"EventID": "3", "ProcessId": "1284", "DestinationPortName": "-", "Protocol": "tcp", "Initiated": "true", "DestinationIp": "74.125.31.153", "SourcePortName": "-", "Image": "C:\\Users\\admin\\AppData\\Local\\Programs\\Python\\Python37\\pythonw.exe", "ProcessGuid": "5240FBE6-25C0-62C7-3A00-000000002400", "DestinationHostname": "-", "UtcTime": "2022-07-07 18:29:56.216", "User": "work\\admin", "DestinationPort": "443", "RuleName": "Usermode", "SourcePort": "49206", "SourceIsIpv6": "false", "SourceHostname": "-", "SourceIp": "192.168.122.246", "DestinationIsIpv6": "false"}}, {"values": {"EventID": "3", "ProcessId": "1284", "DestinationPortName": "-", "Protocol": "tcp", "DestinationIp": "74.125.31.153", "Initiated": "true", "SourcePortName": "-", "Image": "C:\\Users\\admin\\AppData\\Local\\Programs\\Python\\Python37\\pythonw.exe", "ProcessGuid": "5240FBE6-25C0-62C7-3A00-000000002400", "DestinationHostname": "-", "UtcTime": "2022-07-07 18:29:56.539", "User": "work\\admin", "DestinationPort": "443", "RuleName": "Usermode", "SourcePort": "49207", "SourceIsIpv6": "false", "SourceHostname": "-", "SourceIp": "192.168.122.246", "DestinationIsIpv6": "false"}}, {"values": {"EventID": "3", "ProcessId": "1284", "DestinationPortName": "-", "Protocol": "tcp", "Initiated": "true", "DestinationIp": "74.125.31.153", "SourcePortName": "-", "Image": "C:\\Users\\admin\\AppData\\Local\\Programs\\Python\\Python37\\pythonw.exe", "ProcessGuid": "5240FBE6-25C0-62C7-3A00-000000002400", "DestinationHostname": "-", "UtcTime": "2022-07-07 18:30:01.720", "User": "work\\admin", "DestinationPort": "443", "RuleName": "Usermode", "SourcePort": "49209", "SourceIsIpv6": "false", "SourceHostname": "-", "SourceIp": "192.168.122.246", "DestinationIsIpv6": "false"}}, {"values": {"EventID": "3", "ProcessId": "1284", "DestinationPortName": "-", "Protocol": "tcp", "DestinationIp": "74.125.31.153", "Initiated": "true", "SourcePortName": "-", "Image": "C:\\Users\\admin\\AppData\\Local\\Programs\\Python\\Python37\\pythonw.exe", "ProcessGuid": "5240FBE6-25C0-62C7-3A00-000000002400", "DestinationHostname": "-", "UtcTime": "2022-07-07 18:30:07.191", "User": "work\\admin", "DestinationPort": "443", "RuleName": "Usermode", "SourcePort": "49210", "SourceIsIpv6": "false", "SourceHostname": "-", "SourceIp": "192.168.122.246", "DestinationIsIpv6": "false"}}, {"values": {"EventID": "3", "ProcessId": "1284", "DestinationPortName": "-", "Protocol": "tcp", "Initiated": "true", "DestinationIp": "74.125.31.153", "SourcePortName": "-", "Image": "C:\\Users\\admin\\AppData\\Local\\Programs\\Python\\Python37\\pythonw.exe", "ProcessGuid": "5240FBE6-25C0-62C7-3A00-000000002400", "DestinationHostname": "-", "UtcTime": "2022-07-07 18:30:07.550", "User": "work\\admin", "DestinationPort": "443", "RuleName": "Usermode", "SourcePort": "49211", "SourceIsIpv6": "false", "SourceHostname": "-", "SourceIp": "192.168.122.246", "DestinationIsIpv6": "false"}}, {"values": {"EventID": "3", "ProcessId": "1284", "DestinationPortName": "-", "Protocol": "tcp", "Initiated": "true", "DestinationIp": "74.125.31.153", "SourcePortName": "-", "Image": "C:\\Users\\admin\\AppData\\Local\\Programs\\Python\\Python37\\pythonw.exe", "ProcessGuid": "5240FBE6-25C0-62C7-3A00-000000002400", "DestinationHostname": "-", "UtcTime": "2022-07-07 18:28:38.640", "User": "work\\admin", "DestinationPort": "443", "RuleName": "Usermode", "SourcePort": "49169", "SourceIsIpv6": "false", "SourceHostname": "-", "SourceIp": "192.168.122.246", "DestinationIsIpv6": "false"}}, {"values": {"EventID": "3", "ProcessId": "1284", "DestinationPortName": "-", "SourceIsIpv6": "false", "DestinationIp": "74.125.31.153", "Initiated": "true", "SourcePortName": "-", "Image": "C:\\Users\\admin\\AppData\\Local\\Programs\\Python\\Python37\\pythonw.exe", "ProcessGuid": "5240FBE6-25C0-62C7-3A00-000000002400", "DestinationHostname": "-", "UtcTime": "2022-07-07 18:28:39.080", "User": "work\\admin", "DestinationPort": "443", "RuleName": "Usermode", "SourcePort": "49170", "Protocol": "tcp", "SourceHostname": "-", "SourceIp": "192.168.122.246", "DestinationIsIpv6": "false"}}, {"values": {"EventID": "3", "ProcessId": "1284", "DestinationPortName": "-", "SourceIsIpv6": "false", "DestinationIp": "74.125.31.153", "Initiated": "true", "SourcePortName": "-", "Image": "C:\\Users\\admin\\AppData\\Local\\Programs\\Python\\Python37\\pythonw.exe", "ProcessGuid": "5240FBE6-25C0-62C7-3A00-000000002400", "DestinationHostname": "-", "UtcTime": "2022-07-07 18:28:44.226", "User": "work\\admin", "DestinationPort": "443", "RuleName": "Usermode", "SourcePort": "49173", "Protocol": "tcp", "SourceHostname": "-", "SourceIp": "192.168.122.246", "DestinationIsIpv6": "false"}}, {"values": {"EventID": "3", "ProcessId": "1284", "DestinationPortName": "-", "SourceIsIpv6": "false", "DestinationIp": "74.125.31.153", "Initiated": "true", "SourcePortName": "-", "Image": "C:\\Users\\admin\\AppData\\Local\\Programs\\Python\\Python37\\pythonw.exe", "ProcessGuid": "5240FBE6-25C0-62C7-3A00-000000002400", "DestinationHostname": "-", "UtcTime": "2022-07-07 18:28:49.564", "User": "work\\admin", "DestinationPort": "443", "RuleName": "Usermode", "SourcePort": "49174", "Protocol": "tcp", "SourceHostname": "-", "SourceIp": "192.168.122.246", "DestinationIsIpv6": "false"}}, {"values": {"EventID": "3", "ProcessId": "1284", "DestinationPortName": "-", "Protocol": "tcp", "DestinationIp": "74.125.31.153", "Initiated": "true", "SourcePortName": "-", "Image": "C:\\Users\\admin\\AppData\\Local\\Programs\\Python\\Python37\\pythonw.exe", "ProcessGuid": "5240FBE6-25C0-62C7-3A00-000000002400", "DestinationHostname": "-", "UtcTime": "2022-07-07 18:28:49.848", "User": "work\\admin", "DestinationPort": "443", "RuleName": "Usermode", "SourcePort": "49175", "SourceIsIpv6": "false", "SourceHostname": "-", "SourceIp": "192.168.122.246", "DestinationIsIpv6": "false"}}, {"values": {"EventID": "3", "ProcessId": "1284", "DestinationPortName": "-", "Protocol": "tcp", "DestinationIp": "74.125.31.153", "Initiated": "true", "SourcePortName": "-", "Image": "C:\\Users\\admin\\AppData\\Local\\Programs\\Python\\Python37\\pythonw.exe", "ProcessGuid": "5240FBE6-25C0-62C7-3A00-000000002400", "DestinationHostname": "-", "UtcTime": "2022-07-07 18:29:05.990", "User": "work\\admin", "DestinationPort": "443", "RuleName": "Usermode", "SourcePort": "49183", "SourceIsIpv6": "false", "SourceHostname": "-", "SourceIp": "192.168.122.246", "DestinationIsIpv6": "false"}}, {"values": {"EventID": "3", "ProcessId": "1284", "DestinationPortName": "-", "Protocol": "tcp", "DestinationIp": "74.125.31.153", "Initiated": "true", "SourcePortName": "-", "Image": "C:\\Users\\admin\\AppData\\Local\\Programs\\Python\\Python37\\pythonw.exe", "ProcessGuid": "5240FBE6-25C0-62C7-3A00-000000002400", "DestinationHostname": "-", "UtcTime": "2022-07-07 18:29:11.536", "User": "work\\admin", "DestinationPort": "443", "RuleName": "Usermode", "SourcePort": "49184", "SourceIsIpv6": "false", "SourceHostname": "-", "SourceIp": "192.168.122.246", "DestinationIsIpv6": "false"}}, {"values": {"EventID": "3", "ProcessId": "1284", "DestinationPortName": "-", "SourceIsIpv6": "false", "DestinationIp": "74.125.31.153", "Initiated": "true", "SourcePortName": "-", "Image": "C:\\Users\\admin\\AppData\\Local\\Programs\\Python\\Python37\\pythonw.exe", "ProcessGuid": "5240FBE6-25C0-62C7-3A00-000000002400", "DestinationHostname": "-", "UtcTime": "2022-07-07 18:29:11.824", "User": "work\\admin", "DestinationPort": "443", "RuleName": "Usermode", "SourcePort": "49185", "Protocol": "tcp", "SourceHostname": "-", "SourceIp": "192.168.122.246", "DestinationIsIpv6": "false"}}, {"values": {"EventID": "3", "ProcessId": "1284", "DestinationPortName": "-", "SourceIsIpv6": "false", "Initiated": "true", "DestinationIp": "74.125.31.153", "SourcePortName": "-", "Image": "C:\\Users\\admin\\AppData\\Local\\Programs\\Python\\Python37\\pythonw.exe", "ProcessGuid": "5240FBE6-25C0-62C7-3A00-000000002400", "DestinationHostname": "-", "UtcTime": "2022-07-07 18:29:16.986", "User": "work\\admin", "DestinationPort": "443", "RuleName": "Usermode", "SourcePort": "49187", "Protocol": "tcp", "SourceHostname": "-", "SourceIp": "192.168.122.246", "DestinationIsIpv6": "false"}}, {"values": {"EventID": "3", "ProcessId": "1284", "DestinationPortName": "-", "Protocol": "tcp", "DestinationIp": "74.125.31.153", "Initiated": "true", "SourcePortName": "-", "Image": "C:\\Users\\admin\\AppData\\Local\\Programs\\Python\\Python37\\pythonw.exe", "ProcessGuid": "5240FBE6-25C0-62C7-3A00-000000002400", "DestinationHostname": "-", "UtcTime": "2022-07-07 18:29:22.343", "User": "work\\admin", "DestinationPort": "443", "RuleName": "Usermode", "SourcePort": "49189", "SourceIsIpv6": "false", "SourceHostname": "-", "SourceIp": "192.168.122.246", "DestinationIsIpv6": "false"}}, {"values": {"EventID": "3", "ProcessId": "1284", "DestinationPortName": "-", "Protocol": "tcp", "DestinationIp": "74.125.31.153", "Initiated": "true", "SourcePortName": "-", "Image": "C:\\Users\\admin\\AppData\\Local\\Programs\\Python\\Python37\\pythonw.exe", "ProcessGuid": "5240FBE6-25C0-62C7-3A00-000000002400", "DestinationHostname": "-", "UtcTime": "2022-07-07 18:29:27.915", "User": "work\\admin", "DestinationPort": "443", "RuleName": "Usermode", "SourcePort": "49192", "SourceIsIpv6": "false", "SourceHostname": "-", "SourceIp": "192.168.122.246", "DestinationIsIpv6": "false"}}, {"values": {"EventID": "3", "ProcessId": "1284", "DestinationPortName": "-", "Protocol": "tcp", "Initiated": "true", "DestinationIp": "74.125.31.153", "SourcePortName": "-", "Image": "C:\\Users\\admin\\AppData\\Local\\Programs\\Python\\Python37\\pythonw.exe", "ProcessGuid": "5240FBE6-25C0-62C7-3A00-000000002400", "DestinationHostname": "-", "UtcTime": "2022-07-07 18:29:33.559", "User": "work\\admin", "DestinationPort": "443", "RuleName": "Usermode", "SourcePort": "49195", "SourceIsIpv6": "false", "SourceHostname": "-", "SourceIp": "192.168.122.246", "DestinationIsIpv6": "false"}}, {"values": {"EventID": "3", "ProcessId": "1284", "DestinationPortName": "-", "Protocol": "tcp", "DestinationIp": "74.125.31.153", "Initiated": "true", "SourcePortName": "-", "Image": "C:\\Users\\admin\\AppData\\Local\\Programs\\Python\\Python37\\pythonw.exe", "ProcessGuid": "5240FBE6-25C0-62C7-3A00-000000002400", "DestinationHostname": "-", "UtcTime": "2022-07-07 18:29:38.732", "User": "work\\admin", "DestinationPort": "443", "RuleName": "Usermode", "SourcePort": "49197", "SourceIsIpv6": "false", "SourceHostname": "-", "SourceIp": "192.168.122.246", "DestinationIsIpv6": "false"}}, {"values": {"EventID": "3", "ProcessId": "1284", "DestinationPortName": "-", "SourceIsIpv6": "false", "Initiated": "true", "DestinationIp": "74.125.31.153", "SourcePortName": "-", "Image": "C:\\Users\\admin\\AppData\\Local\\Programs\\Python\\Python37\\pythonw.exe", "ProcessGuid": "5240FBE6-25C0-62C7-3A00-000000002400", "DestinationHostname": "-", "UtcTime": "2022-07-07 18:29:44.122", "User": "work\\admin", "DestinationPort": "443", "RuleName": "Usermode", "SourcePort": "49199", "Protocol": "tcp", "SourceHostname": "-", "SourceIp": "192.168.122.246", "DestinationIsIpv6": "false"}}, {"values": {"EventID": "3", "ProcessId": "1284", "DestinationPortName": "-", "Protocol": "tcp", "Initiated": "true", "DestinationIp": "74.125.31.153", "SourcePortName": "-", "Image": "C:\\Users\\admin\\AppData\\Local\\Programs\\Python\\Python37\\pythonw.exe", "ProcessGuid": "5240FBE6-25C0-62C7-3A00-000000002400", "DestinationHostname": "-", "UtcTime": "2022-07-07 18:29:44.438", "User": "work\\admin", "DestinationPort": "443", "RuleName": "Usermode", "SourcePort": "49200", "SourceIsIpv6": "false", "SourceHostname": "-", "SourceIp": "192.168.122.246", "DestinationIsIpv6": "false"}}, {"values": {"EventID": "3", "ProcessId": "1284", "DestinationPortName": "-", "SourceIsIpv6": "false", "DestinationIp": "74.125.31.153", "Initiated": "true", "SourcePortName": "-", "Image": "C:\\Users\\admin\\AppData\\Local\\Programs\\Python\\Python37\\pythonw.exe", "ProcessGuid": "5240FBE6-25C0-62C7-3A00-000000002400", "DestinationHostname": "-", "UtcTime": "2022-07-07 18:29:45.504", "User": "work\\admin", "DestinationPort": "443", "RuleName": "Usermode", "SourcePort": "49201", "Protocol": "tcp", "SourceHostname": "-", "SourceIp": "192.168.122.246", "DestinationIsIpv6": "false"}}, {"values": {"EventID": "3", "ProcessId": "1284", "DestinationPortName": "-", "SourceIsIpv6": "false", "DestinationIp": "74.125.31.153", "Initiated": "true", "SourcePortName": "-", "Image": "C:\\Users\\admin\\AppData\\Local\\Programs\\Python\\Python37\\pythonw.exe", "ProcessGuid": "5240FBE6-25C0-62C7-3A00-000000002400", "DestinationHostname": "-", "UtcTime": "2022-07-07 18:29:50.682", "User": "work\\admin", "DestinationPort": "443", "RuleName": "Usermode", "SourcePort": "49202", "Protocol": "tcp", "SourceHostname": "-", "SourceIp": "192.168.122.246", "DestinationIsIpv6": "false"}}, {"values": {"EventID": "3", "ProcessId": "1284", "DestinationPortName": "-", "SourceIsIpv6": "false", "Initiated": "true", "DestinationIp": "74.125.31.153", "SourcePortName": "-", "Image": "C:\\Users\\admin\\AppData\\Local\\Programs\\Python\\Python37\\pythonw.exe", "ProcessGuid": "5240FBE6-25C0-62C7-3A00-000000002400", "DestinationHostname": "-", "UtcTime": "2022-07-07 18:29:56.216", "User": "work\\admin", "DestinationPort": "443", "RuleName": "Usermode", "SourcePort": "49206", "Protocol": "tcp", "SourceHostname": "-", "SourceIp": "192.168.122.246", "DestinationIsIpv6": "false"}}, {"values": {"EventID": "3", "ProcessId": "1284", "DestinationPortName": "-", "SourceIsIpv6": "false", "DestinationIp": "74.125.31.153", "Initiated": "true", "SourcePortName": "-", "Image": "C:\\Users\\admin\\AppData\\Local\\Programs\\Python\\Python37\\pythonw.exe", "ProcessGuid": "5240FBE6-25C0-62C7-3A00-000000002400", "DestinationHostname": "-", "UtcTime": "2022-07-07 18:29:56.539", "User": "work\\admin", "DestinationPort": "443", "RuleName": "Usermode", "SourcePort": "49207", "Protocol": "tcp", "SourceHostname": "-", "SourceIp": "192.168.122.246", "DestinationIsIpv6": "false"}}, {"values": {"EventID": "3", "ProcessId": "1284", "DestinationPortName": "-", "SourceIsIpv6": "false", "Initiated": "true", "DestinationIp": "74.125.31.153", "SourcePortName": "-", "Image": "C:\\Users\\admin\\AppData\\Local\\Programs\\Python\\Python37\\pythonw.exe", "ProcessGuid": "5240FBE6-25C0-62C7-3A00-000000002400", "DestinationHostname": "-", "UtcTime": "2022-07-07 18:30:01.720", "User": "work\\admin", "DestinationPort": "443", "RuleName": "Usermode", "SourcePort": "49209", "Protocol": "tcp", "SourceHostname": "-", "SourceIp": "192.168.122.246", "DestinationIsIpv6": "false"}}, {"values": {"EventID": "3", "ProcessId": "1284", "DestinationPortName": "-", "SourceIsIpv6": "false", "DestinationIp": "74.125.31.153", "Initiated": "true", "SourcePortName": "-", "Image": "C:\\Users\\admin\\AppData\\Local\\Programs\\Python\\Python37\\pythonw.exe", "ProcessGuid": "5240FBE6-25C0-62C7-3A00-000000002400", "DestinationHostname": "-", "UtcTime": "2022-07-07 18:30:07.191", "User": "work\\admin", "DestinationPort": "443", "RuleName": "Usermode", "SourcePort": "49210", "Protocol": "tcp", "SourceHostname": "-", "SourceIp": "192.168.122.246", "DestinationIsIpv6": "false"}}, {"values": {"EventID": "3", "ProcessId": "1284", "DestinationPortName": "-", "Protocol": "tcp", "DestinationIp": "74.125.31.153", "Initiated": "true", "SourcePortName": "-", "Image": "C:\\Users\\admin\\AppData\\Local\\Programs\\Python\\Python37\\pythonw.exe", "ProcessGuid": "5240FBE6-25C0-62C7-3A00-000000002400", "DestinationHostname": "-", "UtcTime": "2022-07-07 18:30:07.550", "User": "work\\admin", "DestinationPort": "443", "RuleName": "Usermode", "SourcePort": "49211", "SourceIsIpv6": "false", "SourceHostname": "-", "SourceIp": "192.168.122.246", "DestinationIsIpv6": "false"}}], "rule_level": "high", "rule_id": "e4d5f1be0673fa786cc8379c15338af08cdd11eed433bead9e801d6204d42a2d", "rule_author": "frack113", "rule_description": "Adversaries may attempt to get a listing of services running on remote hosts, including those that may be vulnerable to remote software exploitation"}, {"rule_title": "File deletion via CMD (via cmdline)", "rule_source": "SOC Prime Threat Detection Marketplace", "match_context": [{"values": {"TerminalSessionId": "0", "ProcessGuid": "C784477D-2421-629F-5405-000000001F00", "ProcessId": "4188", "Product": "Microsoft\u00ae Windows\u00ae Operating System", "Description": "Windows Command Processor", "Company": "Microsoft Corporation", "ParentProcessGuid": "C784477D-240B-629F-3905-000000001F00", "User": "NT AUTHORITY\\SYSTEM", "Hashes": "MD5=4E2ACF4F8A396486AB4268C94A6A245F,SHA256=9A7C58BD98D70631AA1473F7B57B426DB367D72429A5455B433A05EE251F3236,IMPHASH=8542FB14699D84D7E8DA92F66145C7FE", "OriginalFileName": "Cmd.Exe", "ParentImage": "C:\\Program Files\\rempl\\sedlauncher.exe", "FileVersion": "10.0.17134.1 (WinBuild.160101.0800)", "ParentProcessId": "3200", "CurrentDirectory": "C:\\Windows\\system32\\", "CommandLine": "C:\\Windows\\System32\\cmd.exe /c C:\\Windows\\System32\\ipconfig.exe /flushdns >C:\\Windows\\TEMP\\ipconfig.out 2>&1", "EventID": "1", "LogonGuid": "C784477D-2356-629F-E703-000000000000", "LogonId": "999", "Image": "C:\\Windows\\System32\\cmd.exe", "IntegrityLevel": "System", "ParentCommandLine": "\"C:\\Program Files\\rempl\\sedlauncher.exe\"", "UtcTime": "2022-06-07 10:10:41.737", "RuleName": "-"}}, {"values": {"TerminalSessionId": "0", "ProcessGuid": "C784477D-2421-629F-5705-000000001F00", "ProcessId": "4872", "Product": "Microsoft\u00ae Windows\u00ae Operating System", "Description": "Windows Command Processor", "Company": "Microsoft Corporation", "ParentProcessGuid": "C784477D-240B-629F-3905-000000001F00", "User": "NT AUTHORITY\\SYSTEM", "Hashes": "MD5=4E2ACF4F8A396486AB4268C94A6A245F,SHA256=9A7C58BD98D70631AA1473F7B57B426DB367D72429A5455B433A05EE251F3236,IMPHASH=8542FB14699D84D7E8DA92F66145C7FE", "OriginalFileName": "Cmd.Exe", "ParentImage": "C:\\Program Files\\rempl\\sedlauncher.exe", "FileVersion": "10.0.17134.1 (WinBuild.160101.0800)", "ParentProcessId": "3200", "CurrentDirectory": "C:\\Windows\\system32\\", "CommandLine": "C:\\Windows\\System32\\cmd.exe /c C:\\Windows\\System32\\netsh.exe interface ip delete arpcache >C:\\Windows\\TEMP\\ipconfig.out 2>&1", "EventID": "1", "LogonGuid": "C784477D-2356-629F-E703-000000000000", "LogonId": "999", "Image": "C:\\Windows\\System32\\cmd.exe", "IntegrityLevel": "System", "ParentCommandLine": "\"C:\\Program Files\\rempl\\sedlauncher.exe\"", "UtcTime": "2022-06-07 10:10:41.771", "RuleName": "-"}}, {"values": {"TerminalSessionId": "0", "ProcessGuid": "C784477D-2423-629F-6005-000000001F00", "ProcessId": "3540", "Product": "Microsoft\u00ae Windows\u00ae Operating System", "Description": "Windows Command Processor", "Company": "Microsoft Corporation", "ParentProcessGuid": "C784477D-240B-629F-3905-000000001F00", "User": "NT AUTHORITY\\SYSTEM", "Hashes": "MD5=4E2ACF4F8A396486AB4268C94A6A245F,SHA256=9A7C58BD98D70631AA1473F7B57B426DB367D72429A5455B433A05EE251F3236,IMPHASH=8542FB14699D84D7E8DA92F66145C7FE", "OriginalFileName": "Cmd.Exe", "ParentImage": "C:\\Program Files\\rempl\\sedlauncher.exe", "FileVersion": "10.0.17134.1 (WinBuild.160101.0800)", "ParentProcessId": "3200", "CurrentDirectory": "C:\\Windows\\system32\\", "CommandLine": "C:\\Windows\\system32\\cmd.exe /c C:\\Windows\\system32\\powercfg.exe /getactivescheme > C:\\Windows\\TEMP\\PowerPlan.log", "EventID": "1", "LogonGuid": "C784477D-2356-629F-E703-000000000000", "LogonId": "999", "Image": "C:\\Windows\\System32\\cmd.exe", "IntegrityLevel": "System", "ParentCommandLine": "\"C:\\Program Files\\rempl\\sedlauncher.exe\"", "UtcTime": "2022-06-07 10:10:43.488", "RuleName": "-"}}, {"values": {"TerminalSessionId": "0", "ProcessGuid": "C784477D-2423-629F-6305-000000001F00", "ProcessId": "3444", "Product": "Microsoft\u00ae Windows\u00ae Operating System", "Description": "Windows Command Processor", "Company": "Microsoft Corporation", "ParentProcessGuid": "C784477D-240B-629F-3905-000000001F00", "User": "NT AUTHORITY\\SYSTEM", "Hashes": "MD5=4E2ACF4F8A396486AB4268C94A6A245F,SHA256=9A7C58BD98D70631AA1473F7B57B426DB367D72429A5455B433A05EE251F3236,IMPHASH=8542FB14699D84D7E8DA92F66145C7FE", "OriginalFileName": "Cmd.Exe", "ParentImage": "C:\\Program Files\\rempl\\sedlauncher.exe", "FileVersion": "10.0.17134.1 (WinBuild.160101.0800)", "ParentProcessId": "3200", "CurrentDirectory": "C:\\Windows\\system32\\", "CommandLine": "C:\\Windows\\system32\\cmd.exe /c C:\\Windows\\system32\\powercfg.exe /query 381b4222-f694-41f0-9685-ff5bb260df2e > C:\\Windows\\TEMP\\HighPerformancePlan.log", "EventID": "1", "LogonGuid": "C784477D-2356-629F-E703-000000000000", "LogonId": "999", "Image": "C:\\Windows\\System32\\cmd.exe", "IntegrityLevel": "System", "ParentCommandLine": "\"C:\\Program Files\\rempl\\sedlauncher.exe\"", "UtcTime": "2022-06-07 10:10:43.542", "RuleName": "-"}}], "rule_level": "high", "rule_id": "f9333cf120369debd56e4e238fffa10bdb2a1497c11e08a082befd02f9f3bdf2", "rule_author": "Ariel Millahuel", "rule_description": "Detects \"cmd\" utilization to self-delete files in some critical Windows destinations."}, {"rule_title": "Failed Code Integrity Checks", "rule_source": "Sigma Integrated Rule Set (GitHub)", "match_context": [{"values": {"EventID": "5038", "param1": "\\Device\\HarddiskVolume4\\Program Files (x86)\\sandbox\\driver\\sandbox-driver.sys"}}], "rule_level": "low", "rule_id": "134564d292d785dff102940b8a1ee06dba2d462c5fb852124b3771a49d7885f1", "rule_author": "Thomas Patzke", "rule_description": "Code integrity failures may indicate tampered executables."}, {"rule_title": "Creation of an Executable by an Executable", "rule_source": "Sigma Integrated Rule Set (GitHub)", "match_context": [{"values": {"EventID": "11", "ProcessId": "1284", "Image": "C:\\Users\\admin\\AppData\\Local\\Programs\\Python\\Python37\\pythonw.exe", "RuleName": "EXE", "CreationUtcTime": "2022-07-07 18:28:35.546", "UtcTime": "2022-07-07 18:28:35.546", "ProcessGuid": "5240FBE6-25C0-62C7-3A00-000000002400", "TargetFilename": "C:\\Users\\admin\\AppData\\Local\\Temp\\frida-722da6f6fa8ca6cdd0c97cce65b205d7\\frida-winjector-helper-32.exe"}}, {"values": {"EventID": "11", "ProcessId": "1284", "Image": "C:\\Users\\admin\\AppData\\Local\\Programs\\Python\\Python37\\pythonw.exe", "RuleName": "EXE", "CreationUtcTime": "2022-07-07 18:28:36.609", "UtcTime": "2022-07-07 18:28:36.609", "ProcessGuid": "5240FBE6-25C0-62C7-3A00-000000002400", "TargetFilename": "C:\\Users\\admin\\AppData\\Local\\Temp\\frida-722da6f6fa8ca6cdd0c97cce65b205d7\\frida-winjector-helper-64.exe"}}, {"values": {"EventID": "11", "ProcessId": "1284", "Image": "C:\\Users\\admin\\AppData\\Local\\Programs\\Python\\Python37\\pythonw.exe", "ProcessGuid": "5240FBE6-25C0-62C7-3A00-000000002400", "CreationUtcTime": "2022-07-07 18:28:35.546", "UtcTime": "2022-07-07 18:28:35.546", "RuleName": "EXE", "TargetFilename": "C:\\Users\\admin\\AppData\\Local\\Temp\\frida-722da6f6fa8ca6cdd0c97cce65b205d7\\frida-winjector-helper-32.exe"}}, 