{"data": {"attributes": {"type_description": "Win32 EXE", "tlsh": "T119566B90FDDB50F9FA07253248A7627F273462099736DEC7C6409EA6FC27AD21933219", "vhash": "066057655d5d141az25!z", "type_tags": ["executable", "windows", "win32", "pe", "peexe"], "names": ["EXESMPS (57).exe", "HTTPSAgent_Win_386_Intel.exe"], "last_modification_date": 1668129348, "type_tag": "peexe", "times_submitted": 1, "total_votes": {"harmless": 0, "malicious": 0}, "size": 6440448, "popular_threat_classification": {"suggested_threat_label": "trojan.r002c0dfu22/virtool", "popular_threat_category": [{"count": 22, "value": "trojan"}, {"count": 3, "value": "hacktool"}], "popular_threat_name": [{"count": 2, "value": "r002c0dfu22"}, {"count": 2, "value": "virtool"}, {"count": 2, "value": "dominicus"}]}, "authentihash": "655ba456348d594a4d7eab10c5a1318b6784da29f4488507546d9a2f713b274d", "detectiteasy": {"filetype": "PE32", "values": [{"version": "1.x", "type": "Compiler", "name": "Go"}]}, "last_submission_date": 1656361445, "sigma_analysis_results": [{"rule_title": "Python Initiated Connection", "rule_source": "Sigma Integrated Rule Set (GitHub)", "match_context": [{"values": {"EventID": "3", "ProcessId": "1344", "DestinationPortName": "-", "SourceIsIpv6": "false", "Initiated": "true", "DestinationIp": "255.255.255.255", "SourcePortName": "-", "Image": "C:\\Users\\admin\\AppData\\Local\\Programs\\Python\\Python37\\pythonw.exe", "ProcessGuid": "5240FBE6-DA9F-62B9-3B00-000000002400", "DestinationHostname": "-", "UtcTime": "2022-06-27 16:28:27.954", "User": "work\\admin", "DestinationPort": "12345", "RuleName": "Usermode", "SourcePort": "58354", "Protocol": "udp", "SourceHostname": "-", "SourceIp": "192.168.122.10", "DestinationIsIpv6": "false"}}, {"values": {"EventID": "3", "ProcessId": "1344", "DestinationPortName": "-", "SourceIsIpv6": "false", "Initiated": "true", "DestinationIp": "74.125.196.153", "SourcePortName": "-", "Image": "C:\\Users\\admin\\AppData\\Local\\Programs\\Python\\Python37\\pythonw.exe", "ProcessGuid": "5240FBE6-DA9F-62B9-3B00-000000002400", "DestinationHostname": "-", "UtcTime": "2022-06-27 16:28:43.066", "User": "work\\admin", "DestinationPort": "443", "RuleName": "Usermode", "SourcePort": "49171", "Protocol": "tcp", "SourceHostname": "-", "SourceIp": "192.168.122.10", "DestinationIsIpv6": "false"}}, {"values": {"EventID": "3", "ProcessId": "1344", "DestinationPortName": "-", "SourceIsIpv6": "false", "DestinationIp": "74.125.196.153", "Initiated": "true", "SourcePortName": "-", "Image": "C:\\Users\\admin\\AppData\\Local\\Programs\\Python\\Python37\\pythonw.exe", "ProcessGuid": "5240FBE6-DA9F-62B9-3B00-000000002400", "DestinationHostname": "-", "UtcTime": "2022-06-27 16:28:48.548", "User": "work\\admin", "DestinationPort": "443", "RuleName": "Usermode", "SourcePort": "49174", "Protocol": "tcp", "SourceHostname": "-", "SourceIp": "192.168.122.10", "DestinationIsIpv6": "false"}}, {"values": {"EventID": "3", "ProcessId": "1344", "DestinationPortName": "-", "Protocol": "tcp", "Initiated": "true", "DestinationIp": "74.125.196.153", "SourcePortName": "-", "Image": "C:\\Users\\admin\\AppData\\Local\\Programs\\Python\\Python37\\pythonw.exe", "ProcessGuid": "5240FBE6-DA9F-62B9-3B00-000000002400", "DestinationHostname": "-", "UtcTime": "2022-06-27 16:28:48.751", "User": "work\\admin", "DestinationPort": "443", "RuleName": "Usermode", "SourcePort": "49175", "SourceIsIpv6": "false", "SourceHostname": "-", "SourceIp": "192.168.122.10", "DestinationIsIpv6": "false"}}, {"values": {"EventID": "3", "ProcessId": "1344", "DestinationPortName": "-", "SourceIsIpv6": "false", "DestinationIp": "74.125.196.153", "Initiated": "true", "SourcePortName": "-", "Image": "C:\\Users\\admin\\AppData\\Local\\Programs\\Python\\Python37\\pythonw.exe", "ProcessGuid": "5240FBE6-DA9F-62B9-3B00-000000002400", "DestinationHostname": "-", "UtcTime": "2022-06-27 16:28:53.934", "User": "work\\admin", "DestinationPort": "443", "RuleName": "Usermode", "SourcePort": "49177", "Protocol": "tcp", "SourceHostname": "-", "SourceIp": "192.168.122.10", "DestinationIsIpv6": "false"}}, {"values": {"EventID": "3", "ProcessId": "1344", "DestinationPortName": "-", "SourceIsIpv6": "false", "Initiated": "true", "DestinationIp": "74.125.196.153", "SourcePortName": "-", "Image": "C:\\Users\\admin\\AppData\\Local\\Programs\\Python\\Python37\\pythonw.exe", "ProcessGuid": "5240FBE6-DA9F-62B9-3B00-000000002400", "DestinationHostname": "-", "UtcTime": "2022-06-27 16:28:59.300", "User": "work\\admin", "DestinationPort": "443", "RuleName": "Usermode", "SourcePort": "49179", "Protocol": "tcp", "SourceHostname": "-", "SourceIp": "192.168.122.10", "DestinationIsIpv6": "false"}}, {"values": {"EventID": "3", "ProcessId": "1344", "DestinationPortName": "-", "Protocol": "tcp", "Initiated": "true", "DestinationIp": "74.125.196.153", "SourcePortName": "-", "Image": "C:\\Users\\admin\\AppData\\Local\\Programs\\Python\\Python37\\pythonw.exe", "ProcessGuid": "5240FBE6-DA9F-62B9-3B00-000000002400", "DestinationHostname": "-", "UtcTime": "2022-06-27 16:28:59.538", "User": "work\\admin", "DestinationPort": "443", "RuleName": "Usermode", "SourcePort": "49180", "SourceIsIpv6": "false", "SourceHostname": "-", "SourceIp": "192.168.122.10", "DestinationIsIpv6": "false"}}, {"values": {"EventID": "3", "ProcessId": "1344", "DestinationPortName": "-", "Protocol": "tcp", "DestinationIp": "74.125.196.153", "Initiated": "true", "SourcePortName": "-", "Image": "C:\\Users\\admin\\AppData\\Local\\Programs\\Python\\Python37\\pythonw.exe", "ProcessGuid": "5240FBE6-DA9F-62B9-3B00-000000002400", "DestinationHostname": "-", "UtcTime": "2022-06-27 16:29:04.715", "User": "work\\admin", "DestinationPort": "443", "RuleName": "Usermode", "SourcePort": "49182", "SourceIsIpv6": "false", "SourceHostname": "-", "SourceIp": "192.168.122.10", "DestinationIsIpv6": "false"}}, {"values": {"EventID": "3", "ProcessId": "1344", "DestinationPortName": "-", "SourceIsIpv6": "false", "Initiated": "true", "DestinationIp": "74.125.196.153", "SourcePortName": "-", "Image": "C:\\Users\\admin\\AppData\\Local\\Programs\\Python\\Python37\\pythonw.exe", "ProcessGuid": "5240FBE6-DA9F-62B9-3B00-000000002400", "DestinationHostname": "-", "UtcTime": "2022-06-27 16:29:10.039", "User": "work\\admin", "DestinationPort": "443", "RuleName": "Usermode", "SourcePort": "49184", "Protocol": "tcp", "SourceHostname": "-", "SourceIp": "192.168.122.10", "DestinationIsIpv6": "false"}}, {"values": {"EventID": "3", "ProcessId": "1344", "DestinationPortName": "-", "SourceIsIpv6": "false", "Initiated": "true", "DestinationIp": "74.125.196.153", "SourcePortName": "-", "Image": "C:\\Users\\admin\\AppData\\Local\\Programs\\Python\\Python37\\pythonw.exe", "ProcessGuid": "5240FBE6-DA9F-62B9-3B00-000000002400", "DestinationHostname": "-", "UtcTime": "2022-06-27 16:29:10.304", "User": "work\\admin", "DestinationPort": "443", "RuleName": "Usermode", "SourcePort": "49185", "Protocol": "tcp", "SourceHostname": "-", "SourceIp": "192.168.122.10", "DestinationIsIpv6": "false"}}, {"values": {"EventID": "3", "ProcessId": "1344", "DestinationPortName": "-", "SourceIsIpv6": "false", "DestinationIp": "74.125.196.153", "Initiated": "true", "SourcePortName": "-", "Image": "C:\\Users\\admin\\AppData\\Local\\Programs\\Python\\Python37\\pythonw.exe", "ProcessGuid": "5240FBE6-DA9F-62B9-3B00-000000002400", "DestinationHostname": "-", "UtcTime": "2022-06-27 16:29:15.470", "User": "work\\admin", "DestinationPort": "443", "RuleName": "Usermode", "SourcePort": "49187", "Protocol": "tcp", "SourceHostname": "-", "SourceIp": "192.168.122.10", "DestinationIsIpv6": "false"}}, {"values": {"EventID": "3", "ProcessId": "1344", "DestinationPortName": "-", "SourceIsIpv6": "false", "Initiated": "true", "DestinationIp": "74.125.196.153", "SourcePortName": "-", "Image": "C:\\Users\\admin\\AppData\\Local\\Programs\\Python\\Python37\\pythonw.exe", "ProcessGuid": "5240FBE6-DA9F-62B9-3B00-000000002400", "DestinationHostname": "-", "UtcTime": "2022-06-27 16:29:20.849", "User": "work\\admin", "DestinationPort": "443", "RuleName": "Usermode", "SourcePort": "49189", "Protocol": "tcp", "SourceHostname": "-", "SourceIp": "192.168.122.10", "DestinationIsIpv6": "false"}}, {"values": {"EventID": "3", "ProcessId": "1344", "DestinationPortName": "-", "Protocol": "tcp", "Initiated": "true", "DestinationIp": "74.125.196.153", "SourcePortName": "-", "Image": "C:\\Users\\admin\\AppData\\Local\\Programs\\Python\\Python37\\pythonw.exe", "ProcessGuid": "5240FBE6-DA9F-62B9-3B00-000000002400", "DestinationHostname": "-", "UtcTime": "2022-06-27 16:29:21.106", "User": "work\\admin", "DestinationPort": "443", "RuleName": "Usermode", "SourcePort": "49190", "SourceIsIpv6": "false", "SourceHostname": "-", "SourceIp": "192.168.122.10", "DestinationIsIpv6": "false"}}, {"values": {"EventID": "3", "ProcessId": "1344", "DestinationPortName": "-", "SourceIsIpv6": "false", "DestinationIp": "74.125.196.153", "Initiated": "true", "SourcePortName": "-", "Image": "C:\\Users\\admin\\AppData\\Local\\Programs\\Python\\Python37\\pythonw.exe", "ProcessGuid": "5240FBE6-DA9F-62B9-3B00-000000002400", "DestinationHostname": "-", "UtcTime": "2022-06-27 16:29:26.279", "User": "work\\admin", "DestinationPort": "443", "RuleName": "Usermode", "SourcePort": "49191", "Protocol": "tcp", "SourceHostname": "-", "SourceIp": "192.168.122.10", "DestinationIsIpv6": "false"}}, {"values": {"EventID": "3", "ProcessId": "1344", "DestinationPortName": "-", "SourceIsIpv6": "false", "DestinationIp": "74.125.196.153", "Initiated": "true", "SourcePortName": "-", "Image": "C:\\Users\\admin\\AppData\\Local\\Programs\\Python\\Python37\\pythonw.exe", "ProcessGuid": "5240FBE6-DA9F-62B9-3B00-000000002400", "DestinationHostname": "-", "UtcTime": "2022-06-27 16:29:31.654", "User": "work\\admin", "DestinationPort": "443", "RuleName": "Usermode", "SourcePort": "49193", "Protocol": "tcp", "SourceHostname": "-", "SourceIp": "192.168.122.10", "DestinationIsIpv6": "false"}}, {"values": {"EventID": "3", "ProcessId": "1344", "DestinationPortName": "-", "Protocol": "tcp", "Initiated": "true", "DestinationIp": "74.125.196.153", "SourcePortName": "-", "Image": "C:\\Users\\admin\\AppData\\Local\\Programs\\Python\\Python37\\pythonw.exe", "ProcessGuid": "5240FBE6-DA9F-62B9-3B00-000000002400", "DestinationHostname": "-", "UtcTime": "2022-06-27 16:29:31.917", "User": "work\\admin", "DestinationPort": "443", "RuleName": "Usermode", "SourcePort": "49194", "SourceIsIpv6": "false", "SourceHostname": "-", "SourceIp": "192.168.122.10", "DestinationIsIpv6": "false"}}, {"values": {"EventID": "3", "ProcessId": "1344", "DestinationPortName": "-", "SourceIsIpv6": "false", "Initiated": "true", "DestinationIp": "74.125.196.153", "SourcePortName": "-", "Image": "C:\\Users\\admin\\AppData\\Local\\Programs\\Python\\Python37\\pythonw.exe", "ProcessGuid": "5240FBE6-DA9F-62B9-3B00-000000002400", "DestinationHostname": "-", "UtcTime": "2022-06-27 16:29:37.255", "User": "work\\admin", "DestinationPort": "443", "RuleName": "Usermode", "SourcePort": "49196", "Protocol": "tcp", "SourceHostname": "-", "SourceIp": "192.168.122.10", "DestinationIsIpv6": "false"}}, {"values": {"EventID": "3", "ProcessId": "1344", "DestinationPortName": "-", "Protocol": "tcp", "Initiated": "true", "DestinationIp": "74.125.196.153", "SourcePortName": "-", "Image": "C:\\Users\\admin\\AppData\\Local\\Programs\\Python\\Python37\\pythonw.exe", "ProcessGuid": "5240FBE6-DA9F-62B9-3B00-000000002400", "DestinationHostname": "-", "UtcTime": "2022-06-27 16:29:42.608", "User": "work\\admin", "DestinationPort": "443", "RuleName": "Usermode", "SourcePort": "49199", "SourceIsIpv6": "false", "SourceHostname": "-", "SourceIp": "192.168.122.10", "DestinationIsIpv6": "false"}}, {"values": {"EventID": "3", "ProcessId": "1344", "DestinationPortName": "-", "Protocol": "tcp", "DestinationIp": "74.125.196.153", "Initiated": "true", "SourcePortName": "-", "Image": "C:\\Users\\admin\\AppData\\Local\\Programs\\Python\\Python37\\pythonw.exe", "ProcessGuid": "5240FBE6-DA9F-62B9-3B00-000000002400", "DestinationHostname": "-", "UtcTime": "2022-06-27 16:29:42.936", "User": "work\\admin", "DestinationPort": "443", "RuleName": "Usermode", "SourcePort": "49200", "SourceIsIpv6": "false", "SourceHostname": "-", "SourceIp": "192.168.122.10", "DestinationIsIpv6": "false"}}, {"values": {"EventID": "3", "ProcessId": "1344", "DestinationPortName": "-", "Protocol": "tcp", "DestinationIp": "74.125.196.153", "Initiated": "true", "SourcePortName": "-", "Image": "C:\\Users\\admin\\AppData\\Local\\Programs\\Python\\Python37\\pythonw.exe", "ProcessGuid": "5240FBE6-DA9F-62B9-3B00-000000002400", "DestinationHostname": "-", "UtcTime": "2022-06-27 16:29:44.255", "User": "work\\admin", "DestinationPort": "443", "RuleName": "Usermode", "SourcePort": "49201", "SourceIsIpv6": "false", "SourceHostname": "-", "SourceIp": "192.168.122.10", "DestinationIsIpv6": "false"}}, {"values": {"EventID": "3", "ProcessId": "1344", "DestinationPortName": "-", "Protocol": "tcp", "DestinationIp": "74.125.196.153", "Initiated": "true", "SourcePortName": "-", "Image": "C:\\Users\\admin\\AppData\\Local\\Programs\\Python\\Python37\\pythonw.exe", "ProcessGuid": "5240FBE6-DA9F-62B9-3B00-000000002400", "DestinationHostname": "-", "UtcTime": "2022-06-27 16:29:49.489", "User": "work\\admin", "DestinationPort": "443", "RuleName": "Usermode", "SourcePort": "49202", "SourceIsIpv6": "false", "SourceHostname": "-", "SourceIp": "192.168.122.10", "DestinationIsIpv6": "false"}}, {"values": {"EventID": "3", "ProcessId": "1344", "DestinationPortName": "-", "SourceIsIpv6": "false", "Initiated": "true", "DestinationIp": "74.125.196.153", "SourcePortName": "-", "Image": "C:\\Users\\admin\\AppData\\Local\\Programs\\Python\\Python37\\pythonw.exe", "ProcessGuid": "5240FBE6-DA9F-62B9-3B00-000000002400", "DestinationHostname": "-", "UtcTime": "2022-06-27 16:29:54.883", "User": "work\\admin", "DestinationPort": "443", "RuleName": "Usermode", "SourcePort": "49206", "Protocol": "tcp", "SourceHostname": "-", "SourceIp": "192.168.122.10", "DestinationIsIpv6": "false"}}, {"values": {"EventID": "3", "ProcessId": "1344", "DestinationPortName": "-", "SourceIsIpv6": "false", "DestinationIp": "74.125.196.153", "Initiated": "true", "SourcePortName": "-", "Image": "C:\\Users\\admin\\AppData\\Local\\Programs\\Python\\Python37\\pythonw.exe", "ProcessGuid": "5240FBE6-DA9F-62B9-3B00-000000002400", "DestinationHostname": "-", "UtcTime": "2022-06-27 16:29:55.261", "User": "work\\admin", "DestinationPort": "443", "RuleName": "Usermode", "SourcePort": "49207", "Protocol": "tcp", "SourceHostname": "-", "SourceIp": "192.168.122.10", "DestinationIsIpv6": "false"}}, {"values": {"EventID": "3", "ProcessId": "1344", "DestinationPortName": "-", "Protocol": "tcp", "Initiated": "true", "DestinationIp": "74.125.196.153", "SourcePortName": "-", "Image": "C:\\Users\\admin\\AppData\\Local\\Programs\\Python\\Python37\\pythonw.exe", "ProcessGuid": "5240FBE6-DA9F-62B9-3B00-000000002400", "DestinationHostname": "-", "UtcTime": "2022-06-27 16:30:00.429", "User": "work\\admin", "DestinationPort": "443", "RuleName": "Usermode", "SourcePort": "49208", "SourceIsIpv6": "false", "SourceHostname": "-", "SourceIp": "192.168.122.10", "DestinationIsIpv6": "false"}}, {"values": {"EventID": "3", "ProcessId": "1344", "DestinationPortName": "-", "Protocol": "tcp", "Initiated": "true", "DestinationIp": "74.125.196.153", "SourcePortName": "-", "Image": "C:\\Users\\admin\\AppData\\Local\\Programs\\Python\\Python37\\pythonw.exe", "ProcessGuid": "5240FBE6-DA9F-62B9-3B00-000000002400", "DestinationHostname": "-", "UtcTime": "2022-06-27 16:30:05.833", "User": "work\\admin", "DestinationPort": "443", "RuleName": "Usermode", "SourcePort": "49210", "SourceIsIpv6": "false", "SourceHostname": "-", "SourceIp": "192.168.122.10", "DestinationIsIpv6": "false"}}, {"values": {"EventID": "3", "ProcessId": "1344", "DestinationPortName": "-", "SourceIsIpv6": "false", "DestinationIp": "74.125.196.153", "Initiated": "true", "SourcePortName": "-", "Image": "C:\\Users\\admin\\AppData\\Local\\Programs\\Python\\Python37\\pythonw.exe", "ProcessGuid": "5240FBE6-DA9F-62B9-3B00-000000002400", "DestinationHostname": "-", "UtcTime": "2022-06-27 16:30:06.208", "User": "work\\admin", "DestinationPort": "443", "RuleName": "Usermode", "SourcePort": "49211", "Protocol": "tcp", "SourceHostname": "-", "SourceIp": "192.168.122.10", "DestinationIsIpv6": "false"}}, {"values": {"EventID": "3", "ProcessId": "1344", "DestinationPortName": "-", "Protocol": "udp", "DestinationIp": "255.255.255.255", "Initiated": "true", "SourcePortName": "-", "Image": "C:\\Users\\admin\\AppData\\Local\\Programs\\Python\\Python37\\pythonw.exe", "ProcessGuid": "5240FBE6-DA9F-62B9-3B00-000000002400", "DestinationHostname": "-", "UtcTime": "2022-06-27 16:28:27.954", "User": "work\\admin", "DestinationPort": "12345", "RuleName": "Usermode", "SourcePort": "58354", "SourceIsIpv6": "false", "SourceHostname": "-", "SourceIp": "192.168.122.10", "DestinationIsIpv6": "false"}}, {"values": {"EventID": "3", "ProcessId": "1344", "DestinationPortName": "-", "Protocol": "tcp", "DestinationIp": "74.125.196.153", "Initiated": "true", "SourcePortName": "-", "Image": "C:\\Users\\admin\\AppData\\Local\\Programs\\Python\\Python37\\pythonw.exe", "ProcessGuid": "5240FBE6-DA9F-62B9-3B00-000000002400", "DestinationHostname": "-", "UtcTime": "2022-06-27 16:28:43.066", "User": "work\\admin", "DestinationPort": "443", "RuleName": "Usermode", "SourcePort": "49171", "SourceIsIpv6": "false", "SourceHostname": "-", "SourceIp": "192.168.122.10", "DestinationIsIpv6": "false"}}, {"values": {"EventID": "3", "ProcessId": "1344", "DestinationPortName": "-", "SourceIsIpv6": "false", "Initiated": "true", "DestinationIp": "74.125.196.153", "SourcePortName": "-", "Image": "C:\\Users\\admin\\AppData\\Local\\Programs\\Python\\Python37\\pythonw.exe", "ProcessGuid": "5240FBE6-DA9F-62B9-3B00-000000002400", "DestinationHostname": "-", "UtcTime": "2022-06-27 16:28:48.548", "User": "work\\admin", "DestinationPort": "443", "RuleName": "Usermode", "SourcePort": "49174", "Protocol": "tcp", "SourceHostname": "-", "SourceIp": "192.168.122.10", "DestinationIsIpv6": "false"}}, {"values": {"EventID": "3", "ProcessId": "1344", "DestinationPortName": "-", "Protocol": "tcp", "DestinationIp": "74.125.196.153", "Initiated": "true", "SourcePortName": "-", "Image": "C:\\Users\\admin\\AppData\\Local\\Programs\\Python\\Python37\\pythonw.exe", "ProcessGuid": "5240FBE6-DA9F-62B9-3B00-000000002400", "DestinationHostname": "-", "UtcTime": "2022-06-27 16:28:48.751", "User": "work\\admin", "DestinationPort": "443", "RuleName": "Usermode", "SourcePort": "49175", "SourceIsIpv6": "false", "SourceHostname": "-", "SourceIp": "192.168.122.10", "DestinationIsIpv6": "false"}}, {"values": {"EventID": "3", "ProcessId": "1344", "DestinationPortName": "-", "SourceIsIpv6": "false", "Initiated": "true", "DestinationIp": "74.125.196.153", "SourcePortName": "-", "Image": "C:\\Users\\admin\\AppData\\Local\\Programs\\Python\\Python37\\pythonw.exe", "ProcessGuid": "5240FBE6-DA9F-62B9-3B00-000000002400", "DestinationHostname": "-", "UtcTime": "2022-06-27 16:28:53.934", "User": "work\\admin", "DestinationPort": "443", "RuleName": "Usermode", "SourcePort": "49177", "Protocol": "tcp", "SourceHostname": "-", "SourceIp": "192.168.122.10", "DestinationIsIpv6": "false"}}, {"values": {"EventID": "3", "ProcessId": "1344", "DestinationPortName": "-", "SourceIsIpv6": "false", "DestinationIp": "74.125.196.153", "Initiated": "true", "SourcePortName": "-", "Image": "C:\\Users\\admin\\AppData\\Local\\Programs\\Python\\Python37\\pythonw.exe", "ProcessGuid": "5240FBE6-DA9F-62B9-3B00-000000002400", "DestinationHostname": "-", "UtcTime": "2022-06-27 16:28:59.300", "User": "work\\admin", "DestinationPort": "443", "RuleName": "Usermode", "SourcePort": "49179", "Protocol": "tcp", "SourceHostname": "-", "SourceIp": "192.168.122.10", "DestinationIsIpv6": "false"}}, {"values": {"EventID": "3", "ProcessId": "1344", "DestinationPortName": "-", "SourceIsIpv6": "false", "Initiated": "true", "DestinationIp": "74.125.196.153", "SourcePortName": "-", "Image": "C:\\Users\\admin\\AppData\\Local\\Programs\\Python\\Python37\\pythonw.exe", "ProcessGuid": "5240FBE6-DA9F-62B9-3B00-000000002400", "DestinationHostname": "-", "UtcTime": "2022-06-27 16:29:04.715", "User": "work\\admin", "DestinationPort": "443", "RuleName": "Usermode", "SourcePort": "49182", "Protocol": "tcp", "SourceHostname": "-", "SourceIp": "192.168.122.10", "DestinationIsIpv6": "false"}}, {"values": {"EventID": "3", "ProcessId": "1344", "DestinationPortName": "-", "Protocol": "tcp", "DestinationIp": "74.125.196.153", "Initiated": "true", "SourcePortName": "-", "Image": "C:\\Users\\admin\\AppData\\Local\\Programs\\Python\\Python37\\pythonw.exe", "ProcessGuid": "5240FBE6-DA9F-62B9-3B00-000000002400", "DestinationHostname": "-", "UtcTime": "2022-06-27 16:29:10.039", "User": "work\\admin", "DestinationPort": "443", "RuleName": "Usermode", "SourcePort": "49184", "SourceIsIpv6": "false", "SourceHostname": "-", "SourceIp": "192.168.122.10", "DestinationIsIpv6": "false"}}, {"values": {"EventID": "3", "ProcessId": "1344", "DestinationPortName": "-", "Protocol": "tcp", "DestinationIp": "74.125.196.153", "Initiated": "true", "SourcePortName": "-", "Image": "C:\\Users\\admin\\AppData\\Local\\Programs\\Python\\Python37\\pythonw.exe", "ProcessGuid": "5240FBE6-DA9F-62B9-3B00-000000002400", "DestinationHostname": "-", "UtcTime": "2022-06-27 16:29:10.304", "User": "work\\admin", "DestinationPort": "443", "RuleName": "Usermode", "SourcePort": "49185", "SourceIsIpv6": "false", "SourceHostname": "-", "SourceIp": "192.168.122.10", "DestinationIsIpv6": "false"}}, {"values": {"EventID": "3", "ProcessId": "1344", "DestinationPortName": "-", "Protocol": "tcp", "Initiated": "true", "DestinationIp": "74.125.196.153", "SourcePortName": "-", "Image": "C:\\Users\\admin\\AppData\\Local\\Programs\\Python\\Python37\\pythonw.exe", "ProcessGuid": "5240FBE6-DA9F-62B9-3B00-000000002400", "DestinationHostname": "-", "UtcTime": "2022-06-27 16:29:15.470", "User": "work\\admin", "DestinationPort": "443", "RuleName": "Usermode", "SourcePort": "49187", "SourceIsIpv6": "false", "SourceHostname": "-", "SourceIp": "192.168.122.10", "DestinationIsIpv6": "false"}}, {"values": {"EventID": "3", "ProcessId": "1344", "DestinationPortName": "-", "SourceIsIpv6": "false", "DestinationIp": "74.125.196.153", "Initiated": "true", "SourcePortName": "-", "Image": "C:\\Users\\admin\\AppData\\Local\\Programs\\Python\\Python37\\pythonw.exe", "ProcessGuid": "5240FBE6-DA9F-62B9-3B00-000000002400", "DestinationHostname": "-", "UtcTime": "2022-06-27 16:29:20.849", "User": "work\\admin", "DestinationPort": "443", "RuleName": "Usermode", "SourcePort": "49189", "Protocol": "tcp", "SourceHostname": "-", "SourceIp": "192.168.122.10", "DestinationIsIpv6": "false"}}, {"values": {"EventID": "3", "ProcessId": "1344", "DestinationPortName": "-", "SourceIsIpv6": "false", "Initiated": "true", "DestinationIp": "74.125.196.153", "SourcePortName": "-", "Image": "C:\\Users\\admin\\AppData\\Local\\Programs\\Python\\Python37\\pythonw.exe", "ProcessGuid": "5240FBE6-DA9F-62B9-3B00-000000002400", "DestinationHostname": "-", "UtcTime": "2022-06-27 16:29:26.279", "User": "work\\admin", "DestinationPort": "443", "RuleName": "Usermode", "SourcePort": "49191", "Protocol": "tcp", "SourceHostname": "-", "SourceIp": "192.168.122.10", "DestinationIsIpv6": "false"}}, {"values": {"EventID": "3", "ProcessId": "1344", "DestinationPortName": "-", "SourceIsIpv6": "false", "Initiated": "true", "DestinationIp": "74.125.196.153", "SourcePortName": "-", "Image": "C:\\Users\\admin\\AppData\\Local\\Programs\\Python\\Python37\\pythonw.exe", "ProcessGuid": "5240FBE6-DA9F-62B9-3B00-000000002400", "DestinationHostname": "-", "UtcTime": "2022-06-27 16:29:31.654", "User": "work\\admin", "DestinationPort": "443", "RuleName": "Usermode", "SourcePort": "49193", "Protocol": "tcp", "SourceHostname": "-", "SourceIp": "192.168.122.10", "DestinationIsIpv6": "false"}}, {"values": {"EventID": "3", "ProcessId": "1344", "DestinationPortName": "-", "SourceIsIpv6": "false", "DestinationIp": "74.125.196.153", "Initiated": "true", "SourcePortName": "-", "Image": "C:\\Users\\admin\\AppData\\Local\\Programs\\Python\\Python37\\pythonw.exe", "ProcessGuid": "5240FBE6-DA9F-62B9-3B00-000000002400", "DestinationHostname": "-", "UtcTime": "2022-06-27 16:29:31.917", "User": "work\\admin", "DestinationPort": "443", "RuleName": "Usermode", "SourcePort": "49194", "Protocol": "tcp", "SourceHostname": "-", "SourceIp": "192.168.122.10", "DestinationIsIpv6": "false"}}, {"values": {"EventID": "3", "ProcessId": "1344", "DestinationPortName": "-", "Protocol": "tcp", "Initiated": "true", "DestinationIp": "74.125.196.153", "SourcePortName": "-", "Image": "C:\\Users\\admin\\AppData\\Local\\Programs\\Python\\Python37\\pythonw.exe", "ProcessGuid": "5240FBE6-DA9F-62B9-3B00-000000002400", "DestinationHostname": "-", "UtcTime": "2022-06-27 16:29:37.255", "User": "work\\admin", "DestinationPort": "443", "RuleName": "Usermode", "SourcePort": "49196", "SourceIsIpv6": "false", "SourceHostname": "-", "SourceIp": "192.168.122.10", "DestinationIsIpv6": "false"}}, {"values": {"EventID": "3", "ProcessId": "1344", "DestinationPortName": "-", "SourceIsIpv6": "false", "Initiated": "true", "DestinationIp": "74.125.196.153", "SourcePortName": "-", "Image": "C:\\Users\\admin\\AppData\\Local\\Programs\\Python\\Python37\\pythonw.exe", "ProcessGuid": "5240FBE6-DA9F-62B9-3B00-000000002400", "DestinationHostname": "-", "UtcTime": "2022-06-27 16:29:42.608", "User": "work\\admin", "DestinationPort": "443", "RuleName": "Usermode", "SourcePort": "49199", "Protocol": "tcp", "SourceHostname": "-", "SourceIp": "192.168.122.10", "DestinationIsIpv6": "false"}}, {"values": {"EventID": "3", "ProcessId": "1344", "DestinationPortName": "-", "SourceIsIpv6": "false", "DestinationIp": "74.125.196.153", "Initiated": "true", "SourcePortName": "-", "Image": "C:\\Users\\admin\\AppData\\Local\\Programs\\Python\\Python37\\pythonw.exe", "ProcessGuid": "5240FBE6-DA9F-62B9-3B00-000000002400", "DestinationHostname": "-", "UtcTime": "2022-06-27 16:29:42.936", "User": "work\\admin", "DestinationPort": "443", "RuleName": "Usermode", "SourcePort": "49200", "Protocol": "tcp", "SourceHostname": "-", "SourceIp": "192.168.122.10", "DestinationIsIpv6": "false"}}, {"values": {"EventID": "3", "ProcessId": "1344", "DestinationPortName": "-", "SourceIsIpv6": "false", "Initiated": "true", "DestinationIp": "74.125.196.153", "SourcePortName": "-", "Image": "C:\\Users\\admin\\AppData\\Local\\Programs\\Python\\Python37\\pythonw.exe", "ProcessGuid": "5240FBE6-DA9F-62B9-3B00-000000002400", "DestinationHostname": "-", "UtcTime": "2022-06-27 16:29:44.255", "User": "work\\admin", "DestinationPort": "443", "RuleName": "Usermode", "SourcePort": "49201", "Protocol": "tcp", "SourceHostname": "-", "SourceIp": "192.168.122.10", "DestinationIsIpv6": "false"}}, {"values": {"EventID": "3", "ProcessId": "1344", "DestinationPortName": "-", "SourceIsIpv6": "false", "DestinationIp": "74.125.196.153", "Initiated": "true", "SourcePortName": "-", "Image": "C:\\Users\\admin\\AppData\\Local\\Programs\\Python\\Python37\\pythonw.exe", "ProcessGuid": "5240FBE6-DA9F-62B9-3B00-000000002400", "DestinationHostname": "-", "UtcTime": "2022-06-27 16:29:49.489", "User": "work\\admin", "DestinationPort": "443", "RuleName": "Usermode", "SourcePort": "49202", "Protocol": "tcp", "SourceHostname": "-", "SourceIp": "192.168.122.10", "DestinationIsIpv6": "false"}}, {"values": {"EventID": "3", "ProcessId": "1344", "DestinationPortName": "-", "Protocol": "tcp", "Initiated": "true", "DestinationIp": "74.125.196.153", "SourcePortName": "-", "Image": "C:\\Users\\admin\\AppData\\Local\\Programs\\Python\\Python37\\pythonw.exe", "ProcessGuid": "5240FBE6-DA9F-62B9-3B00-000000002400", "DestinationHostname": "-", "UtcTime": "2022-06-27 16:29:54.883", "User": "work\\admin", "DestinationPort": "443", "RuleName": "Usermode", "SourcePort": "49206", "SourceIsIpv6": "false", "SourceHostname": "-", "SourceIp": "192.168.122.10", "DestinationIsIpv6": "false"}}, {"values": {"EventID": "3", "ProcessId": "1344", "DestinationPortName": "-", "SourceIsIpv6": "false", "Initiated": "true", "DestinationIp": "74.125.196.153", "SourcePortName": "-", "Image": "C:\\Users\\admin\\AppData\\Local\\Programs\\Python\\Python37\\pythonw.exe", "ProcessGuid": "5240FBE6-DA9F-62B9-3B00-000000002400", "DestinationHostname": "-", "UtcTime": "2022-06-27 16:29:55.261", "User": "work\\admin", "DestinationPort": "443", "RuleName": "Usermode", "SourcePort": "49207", "Protocol": "tcp", "SourceHostname": "-", "SourceIp": "192.168.122.10", "DestinationIsIpv6": "false"}}, {"values": {"EventID": "3", "ProcessId": "1344", "DestinationPortName": "-", "SourceIsIpv6": "false", "Initiated": "true", "DestinationIp": "74.125.196.153", "SourcePortName": "-", "Image": "C:\\Users\\admin\\AppData\\Local\\Programs\\Python\\Python37\\pythonw.exe", "ProcessGuid": "5240FBE6-DA9F-62B9-3B00-000000002400", "DestinationHostname": "-", "UtcTime": "2022-06-27 16:30:00.429", "User": "work\\admin", "DestinationPort": "443", "RuleName": "Usermode", "SourcePort": "49208", "Protocol": "tcp", "SourceHostname": "-", "SourceIp": "192.168.122.10", "DestinationIsIpv6": "false"}}, {"values": {"EventID": "3", "ProcessId": "1344", "DestinationPortName": "-", "SourceIsIpv6": "false", "Initiated": "true", "DestinationIp": "74.125.196.153", "SourcePortName": "-", "Image": "C:\\Users\\admin\\AppData\\Local\\Programs\\Python\\Python37\\pythonw.exe", "ProcessGuid": "5240FBE6-DA9F-62B9-3B00-000000002400", "DestinationHostname": "-", "UtcTime": "2022-06-27 16:30:05.833", "User": "work\\admin", "DestinationPort": "443", "RuleName": "Usermode", "SourcePort": "49210", "Protocol": "tcp", "SourceHostname": "-", "SourceIp": "192.168.122.10", "DestinationIsIpv6": "false"}}, {"values": {"EventID": "3", "ProcessId": "1344", "DestinationPortName": "-", "Protocol": "tcp", "Initiated": "true", "DestinationIp": "74.125.196.153", "SourcePortName": "-", "Image": "C:\\Users\\admin\\AppData\\Local\\Programs\\Python\\Python37\\pythonw.exe", "ProcessGuid": "5240FBE6-DA9F-62B9-3B00-000000002400", "DestinationHostname": "-", "UtcTime": "2022-06-27 16:30:06.208", "User": "work\\admin", "DestinationPort": "443", "RuleName": "Usermode", "SourcePort": "49211", "SourceIsIpv6": "false", "SourceHostname": "-", "SourceIp": "192.168.122.10", "DestinationIsIpv6": "false"}}], "rule_level": "high", "rule_id": "e4d5f1be0673fa786cc8379c15338af08cdd11eed433bead9e801d6204d42a2d", "rule_author": "frack113", "rule_description": "Adversaries may attempt to get a listing of services running on remote hosts, including those that may be vulnerable to remote software exploitation"}, {"rule_title": "File deletion via CMD (via cmdline)", "rule_source": "SOC Prime Threat Detection Marketplace", "match_context": [{"values": {"TerminalSessionId": "0", "ProcessGuid": "C784477D-0392-629F-5605-000000001F00", "ProcessId": "3536", "Product": "Microsoft\u00ae Windows\u00ae Operating System", "Description": "Windows Command Processor", "Company": "Microsoft Corporation", "ParentProcessGuid": "C784477D-0376-629F-3A05-000000001F00", "User": "NT AUTHORITY\\SYSTEM", "Hashes": "MD5=4E2ACF4F8A396486AB4268C94A6A245F,SHA256=9A7C58BD98D70631AA1473F7B57B426DB367D72429A5455B433A05EE251F3236,IMPHASH=8542FB14699D84D7E8DA92F66145C7FE", "OriginalFileName": "Cmd.Exe", "ParentImage": "C:\\Program Files\\rempl\\sedlauncher.exe", "FileVersion": "10.0.17134.1 (WinBuild.160101.0800)", "ParentProcessId": "5400", "CurrentDirectory": "C:\\Windows\\system32\\", "CommandLine": "C:\\Windows\\System32\\cmd.exe /c C:\\Windows\\System32\\ipconfig.exe /flushdns >C:\\Windows\\TEMP\\ipconfig.out 2>&1", "EventID": "1", "LogonGuid": "C784477D-02C1-629F-E703-000000000000", "LogonId": "999", "Image": "C:\\Windows\\System32\\cmd.exe", "IntegrityLevel": "System", "ParentCommandLine": "\"C:\\Program Files\\rempl\\sedlauncher.exe\"", "UtcTime": "2022-06-07 07:51:46.227", "RuleName": "-"}}, {"values": {"TerminalSessionId": "0", "ProcessGuid": "C784477D-0392-629F-5905-000000001F00", "ProcessId": "6368", "Product": "Microsoft\u00ae Windows\u00ae Operating System", "Description": "Windows Command Processor", "Company": "Microsoft Corporation", "ParentProcessGuid": "C784477D-0376-629F-3A05-000000001F00", "User": "NT AUTHORITY\\SYSTEM", "Hashes": "MD5=4E2ACF4F8A396486AB4268C94A6A245F,SHA256=9A7C58BD98D70631AA1473F7B57B426DB367D72429A5455B433A05EE251F3236,IMPHASH=8542FB14699D84D7E8DA92F66145C7FE", "OriginalFileName": "Cmd.Exe", "ParentImage": "C:\\Program Files\\rempl\\sedlauncher.exe", "FileVersion": "10.0.17134.1 (WinBuild.160101.0800)", "ParentProcessId": "5400", "CurrentDirectory": "C:\\Windows\\system32\\", "CommandLine": "C:\\Windows\\System32\\cmd.exe /c C:\\Windows\\System32\\netsh.exe interface ip delete arpcache >C:\\Windows\\TEMP\\ipconfig.out 2>&1", "EventID": "1", "LogonGuid": "C784477D-02C1-629F-E703-000000000000", "LogonId": "999", "Image": "C:\\Windows\\System32\\cmd.exe", "IntegrityLevel": "System", "ParentCommandLine": "\"C:\\Program Files\\rempl\\sedlauncher.exe\"", "UtcTime": "2022-06-07 07:51:46.262", "RuleName": "-"}}, {"values": {"TerminalSessionId": "0", "ProcessGuid": "C784477D-0393-629F-6205-000000001F00", "ProcessId": "1840", "Product": "Microsoft\u00ae Windows\u00ae Operating System", "Description": "Windows Command Processor", "Company": "Microsoft Corporation", "ParentProcessGuid": "C784477D-0376-629F-3A05-000000001F00", "User": "NT AUTHORITY\\SYSTEM", "Hashes": "MD5=4E2ACF4F8A396486AB4268C94A6A245F,SHA256=9A7C58BD98D70631AA1473F7B57B426DB367D72429A5455B433A05EE251F3236,IMPHASH=8542FB14699D84D7E8DA92F66145C7FE", "OriginalFileName": "Cmd.Exe", "ParentImage": "C:\\Program Files\\rempl\\sedlauncher.exe", "FileVersion": "10.0.17134.1 (WinBuild.160101.0800)", "ParentProcessId": "5400", "CurrentDirectory": "C:\\Windows\\system32\\", "CommandLine": "C:\\Windows\\system32\\cmd.exe /c C:\\Windows\\system32\\powercfg.exe /getactivescheme > C:\\Windows\\TEMP\\PowerPlan.log", "EventID": "1", "LogonGuid": "C784477D-02C1-629F-E703-000000000000", "LogonId": "999", "Image": "C:\\Windows\\System32\\cmd.exe", "IntegrityLevel": "System", "ParentCommandLine": "\"C:\\Program Files\\rempl\\sedlauncher.exe\"", "UtcTime": "2022-06-07 07:51:47.932", "RuleName": "-"}}, {"values": {"TerminalSessionId": "0", "ProcessGuid": "C784477D-0393-629F-6505-000000001F00", "ProcessId": "1576", "Product": "Microsoft\u00ae Windows\u00ae Operating System", "Description": "Windows Command Processor", "Company": "Microsoft Corporation", "ParentProcessGuid": "C784477D-0376-629F-3A05-000000001F00", "User": "NT AUTHORITY\\SYSTEM", "Hashes": "MD5=4E2ACF4F8A396486AB4268C94A6A245F,SHA256=9A7C58BD98D70631AA1473F7B57B426DB367D72429A5455B433A05EE251F3236,IMPHASH=8542FB14699D84D7E8DA92F66145C7FE", "OriginalFileName": "Cmd.Exe", "ParentImage": "C:\\Program Files\\rempl\\sedlauncher.exe", "FileVersion": "10.0.17134.1 (WinBuild.160101.0800)", "ParentProcessId": "5400", "CurrentDirectory": "C:\\Windows\\system32\\", "CommandLine": "C:\\Windows\\system32\\cmd.exe /c C:\\Windows\\system32\\powercfg.exe /query 381b4222-f694-41f0-9685-ff5bb260df2e > C:\\Windows\\TEMP\\HighPerformancePlan.log", "EventID": "1", "LogonGuid": "C784477D-02C1-629F-E703-000000000000", "LogonId": "999", "Image": "C:\\Windows\\System32\\cmd.exe", "IntegrityLevel": "System", "ParentCommandLine": "\"C:\\Program Files\\rempl\\sedlauncher.exe\"", "UtcTime": "2022-06-07 07:51:47.981", "RuleName": "-"}}], "rule_level": "high", "rule_id": "f9333cf120369debd56e4e238fffa10bdb2a1497c11e08a082befd02f9f3bdf2", "rule_author": "Ariel Millahuel", "rule_description": "Detects \"cmd\" utilization to self-delete files in some critical Windows destinations."}, {"rule_title": "Failed Code Integrity Checks", "rule_source": "Sigma Integrated Rule Set (GitHub)", "match_context": [{"values": {"EventID": "5038", "param1": "\\Device\\HarddiskVolume4\\Program Files (x86)\\sandbox\\driver\\sandbox-driver.sys"}}], "rule_level": "low", "rule_id": "134564d292d785dff102940b8a1ee06dba2d462c5fb852124b3771a49d7885f1", "rule_author": "Thomas Patzke", "rule_description": "Code integrity failures may indicate tampered executables."}, {"rule_title": "Creation of an Executable by an Executable", "rule_source": "Sigma Integrated Rule Set (GitHub)", "match_context": [{"values": {"EventID": "11", "ProcessId": "1344", "Image": "C:\\Users\\admin\\AppData\\Local\\Programs\\Python\\Python37\\pythonw.exe", "ProcessGuid": "5240FBE6-DA9F-62B9-3B00-000000002400", "CreationUtcTime": "2022-06-27 16:28:35.625", "UtcTime": "2022-06-27 16:28:35.625", "RuleName": "EXE", "TargetFilename": "C:\\Users\\admin\\AppData\\Local\\Temp\\frida-36c8f16ad479d53b1580f21152168671\\frida-winjector-helper-32.exe"}}, {"values": {"EventID": "11", "ProcessId": "1344", "TargetFilename": "C:\\Users\\admin\\AppData\\Local\\Temp\\frida-36c8f16ad479d53b1580f21152168671\\frida-winjector-helper-64.exe", "ProcessGuid": "5240FBE6-DA9F-62B9-3B00-000000002400", "CreationUtcTime": "2022-06-27 16:28:36.562", "UtcTime": "2022-06-27 16:28:36.578", "RuleName": "EXE", "Image": "C:\\Users\\admin\\AppData\\Local\\Programs\\Python\\Python37\\pythonw.exe"}}, 