{"data": {"attributes": {"type_description": "Win32 EXE", "tlsh": "T11854BF84ED76EFA3FC66E1BF4E72533B0E1A031A45344F81DB5C74198A2849E868BD71", "vhash": "0250775d651c0d5d1d1az201d=z", "type_tags": ["executable", "windows", "win32", "pe", "peexe"], "crowdsourced_yara_results": [{"description": "Detects different hacktools based on their imphash", "source": "https://github.com/Neo23x0/signature-base", "author": "Florian Roth", "ruleset_name": "gen_imphash_detection", "rule_name": "HKTL_Imphashes_Aug22_1", "ruleset_id": "000c8f1d6e"}, {"description": "Cobalt Strike's resources/artifact32{.dll,.exe,big.exe,big.dll,bigsvc.exe} signature for versions 3.14 to 4.x and resources/artifact32svc.exe for 3.14 to 4.x and resources/artifact32uac.dll for v3.14 and v4.0", "source": "https://github.com/chronicle/GCTI", "author": "gssincla@google.com", "ruleset_name": "CobaltStrike__Resources_Artifact32_and_Resources_Dropper_v1_45_to_v4_x", "rule_name": "CobaltStrike_Resources_Artifact32_v3_14_to_v4_x", "ruleset_id": "016b1e95cc"}, {"description": "CS shellcode variants", "source": "https://github.com/elastic/protections-artifacts", "author": "Elastic Security", "ruleset_name": "Windows_Trojan_CobaltStrike", "rule_name": "Windows_Trojan_CobaltStrike_1787eef5", "ruleset_id": "015f803ed4"}, {"ruleset_id": "015f803ed4", "rule_name": "Windows_Trojan_CobaltStrike_7f8da98a", "ruleset_name": "Windows_Trojan_CobaltStrike", "source": "https://github.com/elastic/protections-artifacts", "author": "Elastic Security"}], "creation_date": 1591661836, "names": ["beacon_wlan0.exe", "19f1ac569f0eeaf463b668616806a92ad876824d8d786eb703d26390f25e6ba8.exe", "07121299.exe"], "last_modification_date": 1689738279, "type_tag": "peexe", "times_submitted": 8, "total_votes": {"harmless": 0, "malicious": 0}, "size": 284672, "popular_threat_classification": {"suggested_threat_label": "trojan.cobaltstrike/rozena", "popular_threat_category": [{"count": 22, "value": "trojan"}], "popular_threat_name": [{"count": 14, "value": "cobaltstrike"}, {"count": 4, "value": "rozena"}, {"count": 3, "value": "cobalt"}]}, "authentihash": "12164332ceaff65683163bc31687d2d4e74c36a428fdb55a02423b93472bfc94", "detectiteasy": {"filetype": "PE32", "values": [{"type": "Compiler", "name": "MinGW"}, {"info": "GUI32", "version": "2.22", "type": "Linker", "name": "GNU linker ld (GNU Binutils)"}]}, "last_submission_date": 1688072762, "sigma_analysis_results": [{"rule_title": "Python Initiated Connection", "rule_source": "Sigma Integrated Rule Set (GitHub)", "match_context": [{"values": {"EventID": "3", "ProcessId": "600", "DestinationPortName": "-", "SourceIsIpv6": "false", "DestinationIp": "255.255.255.255", "Initiated": "true", "SourcePortName": "-", "Image": "C:\\Users\\admin\\AppData\\Local\\Programs\\Python\\Python37\\pythonw.exe", "ProcessGuid": "5240FBE6-A770-62B0-3B00-000000002400", "DestinationHostname": "-", "UtcTime": "2022-06-20 16:59:38.533", "User": "work\\admin", "DestinationPort": "12345", "RuleName": "Usermode", "SourcePort": "51382", "Protocol": "udp", "SourceHostname": "-", "SourceIp": "192.168.122.101", "DestinationIsIpv6": "false"}}, {"values": {"EventID": "3", "ProcessId": "600", "DestinationPortName": "-", "SourceIsIpv6": "false", "DestinationIp": "142.250.81.212", "Initiated": "true", "SourcePortName": "-", "Image": "C:\\Users\\admin\\AppData\\Local\\Programs\\Python\\Python37\\pythonw.exe", "ProcessGuid": "5240FBE6-A770-62B0-3B00-000000002400", "DestinationHostname": "-", "UtcTime": "2022-06-20 16:59:53.735", "User": "work\\admin", "DestinationPort": "443", "RuleName": "Usermode", "SourcePort": "49169", "Protocol": "tcp", "SourceHostname": "-", "SourceIp": "192.168.122.101", "DestinationIsIpv6": "false"}}, {"values": {"EventID": "3", "ProcessId": "600", "DestinationPortName": "-", "Protocol": "tcp", "DestinationIp": "142.250.81.212", "Initiated": "true", "SourcePortName": "-", "Image": "C:\\Users\\admin\\AppData\\Local\\Programs\\Python\\Python37\\pythonw.exe", "ProcessGuid": "5240FBE6-A770-62B0-3B00-000000002400", "DestinationHostname": "-", "UtcTime": "2022-06-20 16:59:59.434", "User": "work\\admin", "DestinationPort": "443", "RuleName": "Usermode", "SourcePort": "49173", "SourceIsIpv6": "false", "SourceHostname": "-", "SourceIp": "192.168.122.101", "DestinationIsIpv6": "false"}}, {"values": {"EventID": "3", "ProcessId": "600", "DestinationPortName": "-", "SourceIsIpv6": "false", "Initiated": "true", "DestinationIp": "142.250.81.212", "SourcePortName": "-", "Image": "C:\\Users\\admin\\AppData\\Local\\Programs\\Python\\Python37\\pythonw.exe", "ProcessGuid": "5240FBE6-A770-62B0-3B00-000000002400", "DestinationHostname": "-", "UtcTime": "2022-06-20 16:59:59.814", "User": "work\\admin", "DestinationPort": "443", "RuleName": "Usermode", "SourcePort": "49174", "Protocol": "tcp", "SourceHostname": "-", "SourceIp": "192.168.122.101", "DestinationIsIpv6": "false"}}, {"values": {"EventID": "3", "ProcessId": "600", "DestinationPortName": "-", "SourceIsIpv6": "false", "DestinationIp": "142.250.81.212", "Initiated": "true", "SourcePortName": "-", "Image": "C:\\Users\\admin\\AppData\\Local\\Programs\\Python\\Python37\\pythonw.exe", "ProcessGuid": "5240FBE6-A770-62B0-3B00-000000002400", "DestinationHostname": "-", "UtcTime": "2022-06-20 17:00:04.982", "User": "work\\admin", "DestinationPort": "443", "RuleName": "Usermode", "SourcePort": "49175", "Protocol": "tcp", "SourceHostname": "-", "SourceIp": "192.168.122.101", "DestinationIsIpv6": "false"}}, {"values": {"EventID": "3", "ProcessId": "600", "DestinationPortName": "-", "Protocol": "tcp", "Initiated": "true", "DestinationIp": "142.250.81.212", "SourcePortName": "-", "Image": "C:\\Users\\admin\\AppData\\Local\\Programs\\Python\\Python37\\pythonw.exe", "ProcessGuid": "5240FBE6-A770-62B0-3B00-000000002400", "DestinationHostname": "-", "UtcTime": "2022-06-20 17:00:10.405", "User": "work\\admin", "DestinationPort": "443", "RuleName": "Usermode", "SourcePort": "49177", "SourceIsIpv6": "false", "SourceHostname": "-", "SourceIp": "192.168.122.101", "DestinationIsIpv6": "false"}}, {"values": {"EventID": "3", "ProcessId": "600", "DestinationPortName": "-", "Protocol": "tcp", "Initiated": "true", "DestinationIp": "142.250.81.212", "SourcePortName": "-", "Image": "C:\\Users\\admin\\AppData\\Local\\Programs\\Python\\Python37\\pythonw.exe", "ProcessGuid": "5240FBE6-A770-62B0-3B00-000000002400", "DestinationHostname": "-", "UtcTime": "2022-06-20 17:00:10.751", "User": "work\\admin", "DestinationPort": "443", "RuleName": "Usermode", "SourcePort": "49178", "SourceIsIpv6": "false", "SourceHostname": "-", "SourceIp": "192.168.122.101", "DestinationIsIpv6": "false"}}, {"values": {"EventID": "3", "ProcessId": "600", "DestinationPortName": "-", "SourceIsIpv6": "false", "DestinationIp": "142.250.81.212", "Initiated": "true", "SourcePortName": "-", "Image": "C:\\Users\\admin\\AppData\\Local\\Programs\\Python\\Python37\\pythonw.exe", "ProcessGuid": "5240FBE6-A770-62B0-3B00-000000002400", "DestinationHostname": "-", "UtcTime": "2022-06-20 17:00:15.902", "User": "work\\admin", "DestinationPort": "443", "RuleName": "Usermode", "SourcePort": "49179", "Protocol": "tcp", "SourceHostname": "-", "SourceIp": "192.168.122.101", "DestinationIsIpv6": "false"}}, {"values": {"EventID": "3", "ProcessId": "600", "DestinationPortName": "-", "Protocol": "tcp", "DestinationIp": "142.250.81.212", "Initiated": "true", "SourcePortName": "-", "Image": "C:\\Users\\admin\\AppData\\Local\\Programs\\Python\\Python37\\pythonw.exe", "ProcessGuid": "5240FBE6-A770-62B0-3B00-000000002400", "DestinationHostname": "-", "UtcTime": "2022-06-20 17:00:21.330", "User": "work\\admin", "DestinationPort": "443", "RuleName": "Usermode", "SourcePort": "49180", "SourceIsIpv6": "false", "SourceHostname": "-", "SourceIp": "192.168.122.101", "DestinationIsIpv6": "false"}}, {"values": {"EventID": "3", "ProcessId": "600", "DestinationPortName": "-", "Protocol": "tcp", "Initiated": "true", "DestinationIp": "142.250.81.212", "SourcePortName": "-", "Image": "C:\\Users\\admin\\AppData\\Local\\Programs\\Python\\Python37\\pythonw.exe", "ProcessGuid": "5240FBE6-A770-62B0-3B00-000000002400", "DestinationHostname": "-", "UtcTime": "2022-06-20 17:00:21.686", "User": "work\\admin", "DestinationPort": "443", "RuleName": "Usermode", "SourcePort": "49181", "SourceIsIpv6": "false", "SourceHostname": "-", "SourceIp": "192.168.122.101", "DestinationIsIpv6": "false"}}, {"values": {"EventID": "3", "ProcessId": "600", "DestinationPortName": "-", "SourceIsIpv6": "false", "Initiated": "true", "DestinationIp": "142.250.81.212", "SourcePortName": "-", "Image": "C:\\Users\\admin\\AppData\\Local\\Programs\\Python\\Python37\\pythonw.exe", "ProcessGuid": "5240FBE6-A770-62B0-3B00-000000002400", "DestinationHostname": "-", "UtcTime": "2022-06-20 17:00:26.842", "User": "work\\admin", "DestinationPort": "443", "RuleName": "Usermode", "SourcePort": "49182", "Protocol": "tcp", "SourceHostname": "-", "SourceIp": "192.168.122.101", "DestinationIsIpv6": "false"}}, {"values": {"EventID": "3", "ProcessId": "600", "DestinationPortName": "-", "Protocol": "tcp", "Initiated": "true", "DestinationIp": "142.250.81.212", "SourcePortName": "-", "Image": "C:\\Users\\admin\\AppData\\Local\\Programs\\Python\\Python37\\pythonw.exe", "ProcessGuid": "5240FBE6-A770-62B0-3B00-000000002400", "DestinationHostname": "-", "UtcTime": "2022-06-20 17:00:32.290", "User": "work\\admin", "DestinationPort": "443", "RuleName": "Usermode", "SourcePort": "49183", "SourceIsIpv6": "false", "SourceHostname": "-", "SourceIp": "192.168.122.101", "DestinationIsIpv6": "false"}}, {"values": {"EventID": "3", "ProcessId": "600", "DestinationPortName": "-", "SourceIsIpv6": "false", "Initiated": "true", "DestinationIp": "142.250.81.212", "SourcePortName": "-", "Image": "C:\\Users\\admin\\AppData\\Local\\Programs\\Python\\Python37\\pythonw.exe", "ProcessGuid": "5240FBE6-A770-62B0-3B00-000000002400", "DestinationHostname": "-", "UtcTime": "2022-06-20 17:00:32.695", "User": "work\\admin", "DestinationPort": "443", "RuleName": "Usermode", "SourcePort": "49184", "Protocol": "tcp", "SourceHostname": "-", "SourceIp": "192.168.122.101", "DestinationIsIpv6": "false"}}, {"values": {"EventID": "3", "ProcessId": "600", "DestinationPortName": "-", "Protocol": "tcp", "DestinationIp": "142.250.81.212", "Initiated": "true", "SourcePortName": "-", "Image": "C:\\Users\\admin\\AppData\\Local\\Programs\\Python\\Python37\\pythonw.exe", "ProcessGuid": "5240FBE6-A770-62B0-3B00-000000002400", "DestinationHostname": "-", "UtcTime": "2022-06-20 17:00:37.874", "User": "work\\admin", "DestinationPort": "443", "RuleName": "Usermode", "SourcePort": "49185", "SourceIsIpv6": "false", "SourceHostname": "-", "SourceIp": "192.168.122.101", "DestinationIsIpv6": "false"}}, {"values": {"EventID": "3", "ProcessId": "600", "DestinationPortName": "-", "Protocol": "tcp", "DestinationIp": "142.250.81.212", "Initiated": "true", "SourcePortName": "-", "Image": "C:\\Users\\admin\\AppData\\Local\\Programs\\Python\\Python37\\pythonw.exe", "ProcessGuid": "5240FBE6-A770-62B0-3B00-000000002400", "DestinationHostname": "-", "UtcTime": "2022-06-20 17:00:43.425", "User": "work\\admin", "DestinationPort": "443", "RuleName": "Usermode", "SourcePort": "49186", "SourceIsIpv6": "false", "SourceHostname": "-", "SourceIp": "192.168.122.101", "DestinationIsIpv6": "false"}}, {"values": {"EventID": "3", "ProcessId": "600", "DestinationPortName": "-", "SourceIsIpv6": "false", "Initiated": "true", "DestinationIp": "142.250.81.212", "SourcePortName": "-", "Image": "C:\\Users\\admin\\AppData\\Local\\Programs\\Python\\Python37\\pythonw.exe", "ProcessGuid": "5240FBE6-A770-62B0-3B00-000000002400", "DestinationHostname": "-", "UtcTime": "2022-06-20 17:00:43.805", "User": "work\\admin", "DestinationPort": "443", "RuleName": "Usermode", "SourcePort": "49187", "Protocol": "tcp", "SourceHostname": "-", "SourceIp": "192.168.122.101", "DestinationIsIpv6": "false"}}, {"values": {"EventID": "3", "ProcessId": "600", "DestinationPortName": "-", "SourceIsIpv6": "false", "DestinationIp": "142.250.81.212", "Initiated": "true", "SourcePortName": "-", "Image": "C:\\Users\\admin\\AppData\\Local\\Programs\\Python\\Python37\\pythonw.exe", "ProcessGuid": "5240FBE6-A770-62B0-3B00-000000002400", "DestinationHostname": "-", "UtcTime": "2022-06-20 17:00:48.946", "User": "work\\admin", "DestinationPort": "443", "RuleName": "Usermode", "SourcePort": "49188", "Protocol": "tcp", "SourceHostname": "-", "SourceIp": "192.168.122.101", "DestinationIsIpv6": "false"}}, {"values": {"EventID": "3", "ProcessId": "600", "DestinationPortName": "-", "Protocol": "tcp", "Initiated": "true", "DestinationIp": "142.250.81.212", "SourcePortName": "-", "Image": "C:\\Users\\admin\\AppData\\Local\\Programs\\Python\\Python37\\pythonw.exe", "ProcessGuid": "5240FBE6-A770-62B0-3B00-000000002400", "DestinationHostname": "-", "UtcTime": "2022-06-20 17:00:54.425", "User": "work\\admin", "DestinationPort": "443", "RuleName": "Usermode", "SourcePort": "49189", "SourceIsIpv6": "false", "SourceHostname": "-", "SourceIp": "192.168.122.101", "DestinationIsIpv6": "false"}}, {"values": {"EventID": "3", "ProcessId": "600", "DestinationPortName": "-", "SourceIsIpv6": "false", "Initiated": "true", "DestinationIp": "142.250.81.212", "SourcePortName": "-", "Image": "C:\\Users\\admin\\AppData\\Local\\Programs\\Python\\Python37\\pythonw.exe", "ProcessGuid": "5240FBE6-A770-62B0-3B00-000000002400", "DestinationHostname": "-", "UtcTime": "2022-06-20 17:00:57.304", "User": "work\\admin", "DestinationPort": "443", "RuleName": "Usermode", "SourcePort": "49192", "Protocol": "tcp", "SourceHostname": "-", "SourceIp": "192.168.122.101", "DestinationIsIpv6": "false"}}, {"values": {"EventID": "3", "ProcessId": "600", "DestinationPortName": "-", "SourceIsIpv6": "false", "DestinationIp": "142.250.81.212", "Initiated": "true", "SourcePortName": "-", "Image": "C:\\Users\\admin\\AppData\\Local\\Programs\\Python\\Python37\\pythonw.exe", "ProcessGuid": "5240FBE6-A770-62B0-3B00-000000002400", "DestinationHostname": "-", "UtcTime": "2022-06-20 17:00:58.355", "User": "work\\admin", "DestinationPort": "443", "RuleName": "Usermode", "SourcePort": "49193", "Protocol": "tcp", "SourceHostname": "-", "SourceIp": "192.168.122.101", "DestinationIsIpv6": "false"}}, {"values": {"EventID": "3", "ProcessId": "600", "DestinationPortName": "-", "Protocol": "tcp", "DestinationIp": "142.250.81.212", "Initiated": "true", "SourcePortName": "-", "Image": "C:\\Users\\admin\\AppData\\Local\\Programs\\Python\\Python37\\pythonw.exe", "ProcessGuid": "5240FBE6-A770-62B0-3B00-000000002400", "DestinationHostname": "-", "UtcTime": "2022-06-20 17:01:03.550", "User": "work\\admin", "DestinationPort": "443", "RuleName": "Usermode", "SourcePort": "49194", "SourceIsIpv6": "false", "SourceHostname": "-", "SourceIp": "192.168.122.101", "DestinationIsIpv6": "false"}}, {"values": {"EventID": "3", "ProcessId": "600", "DestinationPortName": "-", "Protocol": "tcp", "DestinationIp": "142.250.81.212", "Initiated": "true", "SourcePortName": "-", "Image": "C:\\Users\\admin\\AppData\\Local\\Programs\\Python\\Python37\\pythonw.exe", "ProcessGuid": "5240FBE6-A770-62B0-3B00-000000002400", "DestinationHostname": "-", "UtcTime": "2022-06-20 17:01:09.108", "User": "work\\admin", "DestinationPort": "443", "RuleName": "Usermode", "SourcePort": "49195", "SourceIsIpv6": "false", "SourceHostname": "-", "SourceIp": "192.168.122.101", "DestinationIsIpv6": "false"}}, {"values": {"EventID": "3", "ProcessId": "600", "DestinationPortName": "-", "Protocol": "tcp", "DestinationIp": "142.250.81.212", "Initiated": "true", "SourcePortName": "-", "Image": "C:\\Users\\admin\\AppData\\Local\\Programs\\Python\\Python37\\pythonw.exe", "ProcessGuid": "5240FBE6-A770-62B0-3B00-000000002400", "DestinationHostname": "-", "UtcTime": "2022-06-20 17:01:09.554", "User": "work\\admin", "DestinationPort": "443", "RuleName": "Usermode", "SourcePort": "49196", "SourceIsIpv6": "false", "SourceHostname": "-", "SourceIp": "192.168.122.101", "DestinationIsIpv6": "false"}}, {"values": {"EventID": "3", "ProcessId": "600", "DestinationPortName": "-", "Protocol": "tcp", "Initiated": "true", "DestinationIp": "142.250.81.212", "SourcePortName": "-", "Image": "C:\\Users\\admin\\AppData\\Local\\Programs\\Python\\Python37\\pythonw.exe", "ProcessGuid": "5240FBE6-A770-62B0-3B00-000000002400", "DestinationHostname": "-", "UtcTime": "2022-06-20 17:01:14.787", "User": "work\\admin", "DestinationPort": "443", "RuleName": "Usermode", "SourcePort": "49197", "SourceIsIpv6": "false", "SourceHostname": "-", "SourceIp": "192.168.122.101", "DestinationIsIpv6": "false"}}, {"values": {"EventID": "3", "ProcessId": "600", "DestinationPortName": "-", "SourceIsIpv6": "false", "DestinationIp": "142.250.81.212", "Initiated": "true", "SourcePortName": "-", "Image": "C:\\Users\\admin\\AppData\\Local\\Programs\\Python\\Python37\\pythonw.exe", "ProcessGuid": "5240FBE6-A770-62B0-3B00-000000002400", "DestinationHostname": "-", "UtcTime": "2022-06-20 17:01:20.367", "User": "work\\admin", "DestinationPort": "443", "RuleName": "Usermode", "SourcePort": "49198", "Protocol": "tcp", "SourceHostname": "-", "SourceIp": "192.168.122.101", "DestinationIsIpv6": "false"}}, {"values": {"EventID": "3", "ProcessId": "600", "DestinationPortName": "-", "Protocol": "tcp", "DestinationIp": "142.250.81.212", "Initiated": "true", "SourcePortName": "-", "Image": "C:\\Users\\admin\\AppData\\Local\\Programs\\Python\\Python37\\pythonw.exe", "ProcessGuid": "5240FBE6-A770-62B0-3B00-000000002400", "DestinationHostname": "-", "UtcTime": "2022-06-20 17:01:20.844", "User": "work\\admin", "DestinationPort": "443", "RuleName": "Usermode", "SourcePort": "49199", "SourceIsIpv6": "false", "SourceHostname": "-", "SourceIp": "192.168.122.101", "DestinationIsIpv6": "false"}}, {"values": {"EventID": "3", "ProcessId": "600", "DestinationPortName": "-", "SourceIsIpv6": "false", "DestinationIp": "142.250.81.212", "Initiated": "true", "SourcePortName": "-", "Image": "C:\\Users\\admin\\AppData\\Local\\Programs\\Python\\Python37\\pythonw.exe", "ProcessGuid": "5240FBE6-A770-62B0-3B00-000000002400", "DestinationHostname": "-", "UtcTime": "2022-06-20 17:01:26.216", "User": "work\\admin", "DestinationPort": "443", "RuleName": "Usermode", "SourcePort": "49200", "Protocol": "tcp", "SourceHostname": "-", "SourceIp": "192.168.122.101", "DestinationIsIpv6": "false"}}, {"values": {"EventID": "3", "ProcessId": "600", "DestinationPortName": "-", "SourceIsIpv6": "false", "DestinationIp": "142.250.81.212", "Initiated": "true", "SourcePortName": "-", "Image": "C:\\Users\\admin\\AppData\\Local\\Programs\\Python\\Python37\\pythonw.exe", "ProcessGuid": "5240FBE6-A770-62B0-3B00-000000002400", "DestinationHostname": "-", "UtcTime": "2022-06-20 17:01:31.778", "User": "work\\admin", "DestinationPort": "443", "RuleName": "Usermode", "SourcePort": "49205", "Protocol": "tcp", "SourceHostname": "-", "SourceIp": "192.168.122.101", "DestinationIsIpv6": "false"}}, {"values": {"EventID": "3", "ProcessId": "600", "DestinationPortName": "-", "SourceIsIpv6": "false", "Initiated": "true", "DestinationIp": "142.250.81.212", "SourcePortName": "-", "Image": "C:\\Users\\admin\\AppData\\Local\\Programs\\Python\\Python37\\pythonw.exe", "ProcessGuid": "5240FBE6-A770-62B0-3B00-000000002400", "DestinationHostname": "-", "UtcTime": "2022-06-20 17:01:32.169", "User": "work\\admin", "DestinationPort": "443", "RuleName": "Usermode", "SourcePort": "49206", "Protocol": "tcp", "SourceHostname": "-", "SourceIp": "192.168.122.101", "DestinationIsIpv6": "false"}}, {"values": {"EventID": "3", "ProcessId": "600", "DestinationPortName": "-", "Protocol": "tcp", "Initiated": "true", "DestinationIp": "142.250.81.212", "SourcePortName": "-", "Image": "C:\\Users\\admin\\AppData\\Local\\Programs\\Python\\Python37\\pythonw.exe", "ProcessGuid": "5240FBE6-A770-62B0-3B00-000000002400", "DestinationHostname": "-", "UtcTime": "2022-06-20 17:01:37.345", "User": "work\\admin", "DestinationPort": "443", "RuleName": "Usermode", "SourcePort": "49207", "SourceIsIpv6": "false", "SourceHostname": "-", "SourceIp": "192.168.122.101", "DestinationIsIpv6": "false"}}, {"values": {"EventID": "3", "ProcessId": "600", "DestinationPortName": "-", "Protocol": "tcp", "Initiated": "true", "DestinationIp": "142.250.81.212", "SourcePortName": "-", "Image": "C:\\Users\\admin\\AppData\\Local\\Programs\\Python\\Python37\\pythonw.exe", "ProcessGuid": "5240FBE6-A770-62B0-3B00-000000002400", "DestinationHostname": "-", "UtcTime": "2022-06-20 17:01:42.775", "User": "work\\admin", "DestinationPort": "443", "RuleName": "Usermode", "SourcePort": "49208", "SourceIsIpv6": "false", "SourceHostname": "-", "SourceIp": "192.168.122.101", "DestinationIsIpv6": "false"}}, {"values": {"EventID": "3", "ProcessId": "600", "DestinationPortName": "-", "SourceIsIpv6": "false", "Initiated": "true", "DestinationIp": "142.250.81.212", "SourcePortName": "-", "Image": "C:\\Users\\admin\\AppData\\Local\\Programs\\Python\\Python37\\pythonw.exe", "ProcessGuid": "5240FBE6-A770-62B0-3B00-000000002400", "DestinationHostname": "-", "UtcTime": "2022-06-20 17:01:43.125", "User": "work\\admin", "DestinationPort": "443", "RuleName": "Usermode", "SourcePort": "49209", "Protocol": "tcp", "SourceHostname": "-", "SourceIp": "192.168.122.101", "DestinationIsIpv6": "false"}}, {"values": {"EventID": "3", "ProcessId": "600", "DestinationPortName": "-", "Protocol": "tcp", "DestinationIp": "172.253.63.153", "Initiated": "true", "SourcePortName": "-", "Image": "C:\\Users\\admin\\AppData\\Local\\Programs\\Python\\Python37\\pythonw.exe", "ProcessGuid": "5240FBE6-A770-62B0-3B00-000000002400", "DestinationHostname": "-", "UtcTime": "2022-06-20 17:01:48.316", "User": "work\\admin", "DestinationPort": "443", "RuleName": "Usermode", "SourcePort": "49212", "SourceIsIpv6": "false", "SourceHostname": "-", "SourceIp": "192.168.122.101", "DestinationIsIpv6": "false"}}], "rule_level": "high", "rule_id": "e4d5f1be0673fa786cc8379c15338af08cdd11eed433bead9e801d6204d42a2d", "rule_author": "frack113", "rule_description": "Adversaries may attempt to get a listing of services running on remote hosts, including those that may be vulnerable to remote software exploitation"}, {"rule_title": "Windows Hacktool Imphash", "rule_source": "Sigma Integrated Rule Set (GitHub)", "match_context": [{"values": {"TerminalSessionId": "1", "ProcessGuid": "C784477D-4CC7-62B1-7106-000000003000", "ProcessId": "5832", "Product": "-", "Description": "-", "Company": "-", "ParentProcessGuid": "C784477D-F617-629E-5406-000000003000", "User": "DESKTOP-B0T93D6\\george", "Hashes": "MD5=0BE1135AD4C034FBE0F5437AE386CAD2,SHA256=19F1AC569F0EEAF463B668616806A92AD876824D8D786EB703D26390F25E6BA8,IMPHASH=DC25EE78E2EF4D36FAA0BADF1E7461C9", "OriginalFileName": "-", "ParentImage": "C:\\Program Files (x86)\\Joebox\\control\\joeboxcontrol.exe", "FileVersion": "-", "ParentProcessId": "7684", "CurrentDirectory": "C:\\Users\\george\\Desktop\\", "CommandLine": "\"C:\\Users\\george\\Desktop\\beacon_wlan0.exe\" ", "EventID": "1", "LogonGuid": "C784477D-F4CB-629E-E0BD-030000000000", "LogonId": "245216", "Image": "C:\\Users\\george\\Desktop\\beacon_wlan0.exe", "IntegrityLevel": "High", "ParentCommandLine": "\"C:\\Program Files (x86)\\Joebox\\control\\joeboxcontrol.exe\"", "UtcTime": "2022-06-21 04:44:55.281", "RuleName": "-"}}], "rule_level": "high", "rule_id": "e5df091eea8e09dc9859059928ad9ae436f75c7bc67be324d1582e24fe627533", "rule_author": "Florian Roth", "rule_description": "Detects the use of Windows hacktools based on their import hash (imphash) even if the files have been renamed"}, {"rule_title": "File deletion via CMD (via cmdline)", "rule_source": "SOC Prime Threat Detection Marketplace", "match_context": [{"values": {"TerminalSessionId": "0", "ProcessGuid": "C784477D-F614-629E-E805-000000003000", "ProcessId": "4052", "Product": "Microsoft\u00ae Windows\u00ae Operating System", "Description": "Windows Command Processor", "Company": "Microsoft Corporation", "ParentProcessGuid": "C784477D-F5F3-629E-5605-000000003000", "User": "NT AUTHORITY\\SYSTEM", "Hashes": "MD5=4E2ACF4F8A396486AB4268C94A6A245F,SHA256=9A7C58BD98D70631AA1473F7B57B426DB367D72429A5455B433A05EE251F3236,IMPHASH=8542FB14699D84D7E8DA92F66145C7FE", "OriginalFileName": "Cmd.Exe", "ParentImage": "C:\\Program Files\\rempl\\sedlauncher.exe", "FileVersion": "10.0.17134.1 (WinBuild.160101.0800)", "ParentProcessId": "1172", "CurrentDirectory": "C:\\Windows\\system32\\", "CommandLine": "C:\\Windows\\System32\\cmd.exe /c C:\\Windows\\System32\\ipconfig.exe /flushdns >C:\\Windows\\TEMP\\ipconfig.out 2>&1", "EventID": "1", "LogonGuid": "C784477D-F4C5-629E-E703-000000000000", "LogonId": "999", "Image": "C:\\Windows\\System32\\cmd.exe", "IntegrityLevel": "System", "ParentCommandLine": "\"C:\\Program Files\\rempl\\sedlauncher.exe\"", "UtcTime": "2022-06-07 06:54:12.783", "RuleName": "-"}}, {"values": {"TerminalSessionId": "0", "ProcessGuid": "C784477D-F615-629E-1406-000000003000", "ProcessId": "6436", "Product": "Microsoft\u00ae Windows\u00ae Operating System", "Description": "Windows Command Processor", "Company": "Microsoft Corporation", "ParentProcessGuid": "C784477D-F5F3-629E-5605-000000003000", "User": "NT AUTHORITY\\SYSTEM", "Hashes": "MD5=4E2ACF4F8A396486AB4268C94A6A245F,SHA256=9A7C58BD98D70631AA1473F7B57B426DB367D72429A5455B433A05EE251F3236,IMPHASH=8542FB14699D84D7E8DA92F66145C7FE", "OriginalFileName": "Cmd.Exe", "ParentImage": "C:\\Program Files\\rempl\\sedlauncher.exe", "FileVersion": "10.0.17134.1 (WinBuild.160101.0800)", "ParentProcessId": "1172", "CurrentDirectory": "C:\\Windows\\system32\\", "CommandLine": "C:\\Windows\\System32\\cmd.exe /c C:\\Windows\\System32\\netsh.exe interface ip delete arpcache >C:\\Windows\\TEMP\\ipconfig.out 2>&1", "EventID": "1", "LogonGuid": "C784477D-F4C5-629E-E703-000000000000", "LogonId": "999", "Image": "C:\\Windows\\System32\\cmd.exe", "IntegrityLevel": "System", "ParentCommandLine": "\"C:\\Program Files\\rempl\\sedlauncher.exe\"", "UtcTime": "2022-06-07 06:54:13.183", "RuleName": "-"}}], "rule_level": "high", "rule_id": "f9333cf120369debd56e4e238fffa10bdb2a1497c11e08a082befd02f9f3bdf2", "rule_author": "Ariel Millahuel", "rule_description": "Detects \"cmd\" utilization to self-delete files in some critical Windows destinations."}, {"rule_title": "Change PowerShell Policies to an Insecure Level - PowerShell", "rule_source": "Sigma Integrated Rule Set (GitHub)", "match_context": [{"values": {"EventID": "4104", "ScriptBlockText": "f9c50298c31c4f832377cbc3805f78dcf568835d7138c21088e56a2c5768f935", "ScriptBlockId": "83ba64ba-4168-4806-8219-349b789415f0", "MessageNumber": "1", "Path": "", "MessageTotal": "1"}}], "rule_level": "medium", "rule_id": "5572c8188426269a10ccb41fc8e9c8445391ac38a0917621b0a1ee05ec99aac9", "rule_author": "frack113", "rule_description": "Detects use of Set-ExecutionPolicy to set insecure policies"}, {"rule_title": "Failed Code Integrity Checks", "rule_source": "Sigma Integrated Rule Set (GitHub)", "match_context": [{"values": {"EventID": "5038", "param1": "\\Device\\HarddiskVolume4\\Program Files (x86)\\sandbox\\driver\\sandbox-driver.sys"}}], "rule_level": "low", "rule_id": "134564d292d785dff102940b8a1ee06dba2d462c5fb852124b3771a49d7885f1", "rule_author": "Thomas Patzke", "rule_description": "Code integrity failures may indicate tampered executables."}, {"rule_title": "Suspicious Get-WmiObject", "rule_source": "Sigma Integrated Rule Set (GitHub)", "match_context": [{"values": {"EventID": "4104", "ScriptBlockText": "10050407a4d401ef56d5a9ece4ccb6f08bba5c1ff6dfd318e419c04a972ba748", "ScriptBlockId": "8fe3efbd-853a-44c8-a79e-7fae9a574596", "MessageNumber": "1", "MessageTotal": "1", "Path": ""}}, {"values": {"EventID": "4104", "ScriptBlockText": "10050407a4d401ef56d5a9ece4ccb6f08bba5c1ff6dfd318e419c04a972ba748", "ScriptBlockId": "667efede-0083-4509-b112-8287a2f25803", "MessageNumber": "1", "MessageTotal": "1", "Path": ""}}, {"values": {"EventID": "4104", "ScriptBlockText": "10050407a4d401ef56d5a9ece4ccb6f08bba5c1ff6dfd318e419c04a972ba748", "ScriptBlockId": "4a0b66fa-b2f1-4fb5-9a0e-a402ec92b474", "MessageNumber": "1", "MessageTotal": "1", "Path": ""}}, {"values": {"EventID": "4104", "ScriptBlockText": "10050407a4d401ef56d5a9ece4ccb6f08bba5c1ff6dfd318e419c04a972ba748", "ScriptBlockId": "14fd127e-f3a9-4ac0-9228-0963d661a09e", "MessageNumber": "1", "MessageTotal": "1", "Path": ""}}, {"values": {"EventID": "4104", "ScriptBlockId": "0425096d-a6cd-4556-90f8-946ad7751f3d", "ScriptBlockText": "10050407a4d401ef56d5a9ece4ccb6f08bba5c1ff6dfd318e419c04a972ba748", "MessageNumber": "1", "Path": "", "MessageTotal": "1"}}, {"values": {"EventID": "4104", "ScriptBlockText": "10050407a4d401ef56d5a9ece4ccb6f08bba5c1ff6dfd318e419c04a972ba748", "ScriptBlockId": "1d2ff35a-d448-4913-89b8-5f1bd32dc434", "MessageNumber": "1", "Path": "", "MessageTotal": "1"}}, {"values": {"EventID": "4104", "ScriptBlockText": "10050407a4d401ef56d5a9ece4ccb6f08bba5c1ff6dfd318e419c04a972ba748", "ScriptBlockId": "c4f82601-ce0e-40ee-944e-c2bcbf89895b", "MessageNumber": "1", "Path": "", "MessageTotal": "1"}}], "rule_level": "low", "rule_id": "1f7f8b1e9005dd4d64cb9d30ed53ee94f68fb96262fbd72f7a0266881149c79f", "rule_author": "frack113", "rule_description": "The infrastructure for management data and operations that enables local and remote management of Windows personal computers and servers"}, {"rule_title": "Creation of an Executable by an Executable", "rule_source": "Sigma Integrated Rule Set (GitHub)", "match_context": [{"values": {"EventID": "11", "ProcessId": "600", "Image": "C:\\Users\\admin\\AppData\\Local\\Programs\\Python\\Python37\\pythonw.exe", "RuleName": "EXE", "CreationUtcTime": "2022-06-20 16:59:46.109", "UtcTime": "2022-06-20 16:59:46.109", "ProcessGuid": "5240FBE6-A770-62B0-3B00-000000002400", "TargetFilename": "C:\\Users\\admin\\AppData\\Local\\Temp\\frida-ee35599be5f3569c26254a00ba1707db\\frida-winjector-helper-32.exe"}}, {"values": {"EventID": "11", "ProcessId": "600", "Image": "C:\\Users\\admin\\AppData\\Local\\Programs\\Python\\Python37\\pythonw.exe", "RuleName": "EXE", "CreationUtcTime": "2022-06-20 16:59:47.109", "UtcTime": "2022-06-20 16:59:47.109", "ProcessGuid": "5240FBE6-A770-62B0-3B00-000000002400", "TargetFilename": "C:\\Users\\admin\\AppData\\Local\\Temp\\frida-ee35599be5f3569c26254a00ba1707db\\frida-winjector-helper-64.exe"}}], "rule_level": "low", "rule_id": "b5386a23355681c43cfbd2f2ccfe4b16ed45324d0d7b5583487a9f302ee1e427", "rule_author": "frack113", "rule_description": "Detects the creation of an executable by another executable"}, {"rule_title": "Use Remove-Item to Delete File", "rule_source": "Sigma Integrated Rule Set (GitHub)", "match_context": [{"values": {"EventID": "4104", "ScriptBlockText": ", $value)\r\n\t\t\r\n\r\n\t\t} elseif($pr.Name -eq \"DriverVersion\")\r\n\t\t{\r\n\t\t\t$value = Get-RandomCharacters -length 8 -characters '1234567890.'\r\n\t\t\t$args.add($pr.Name, $value)\r\n\t\t} elseif($pr.Name -eq \"AdapterRAM\" -and $pr.Value -lt 1000000000)\r\n\t\t{\r\n\t\t\t$args.add($pr.Name, 1073741824)\r\n\t\t} else\r\n\t\t{\r\n\t\t\t$args.add($pr.Name, $pr.Value)\r\n\t\t}\r\n\t}\r\n\t\r\n\tSet-WmiInstance -Path \\\\.\\root\\cimv2:Win32_VideoController -Arguments $args\r\n}\r\n\r\n#Joebox\r\n\r\n#Creating Win32_BaseBoard fake class\r\n$newClass = New-Object System.Management.ManagementClass(\"root\\cimv2\", [String]::Empty, $null); \r\n$newClass[\"__CLASS\"] = \"Win32_BaseBoard\";\r\n$newClass.Qualifiers.Add(\"Static\", $true)\r\n\r\n$objWMi = get-wmiobject -computername localhost -Namespace root\\CIMV2 -Query \"Select * from Win32_BaseBoard\"\r\n\r\nforeach ($obj in $objWmi)\r\n{\r\n\tforeach ($pr in $obj.Properties)\r\n\t{\r\n\t\tif($pr.Name -eq \"Name\")\r\n\t\t{\t$value = Get-RandomCharacters -length 10 -characters 'ABCDEFGHKLMNOPRSTUVWXYZ123456789'\r\n\r\n\t\t\t$newClass.Properties.Add($pr.Name, $value, $pr.Type)\r\n\t\t\t$newClass.Properties[$pr.Name].Qualifiers.Add(\"Key\", $true)\r\n\t\t} elseif($pr.Name -eq \"Product\" -or $pr.Name -eq \"Manufacturer\")\r\n\t\t{\r\n\t\t\t$value = Get-RandomCharacters -length 10 -characters 'ABCDEFGHKLMNOPRSTUVWXYZ123456789'\r\n\t\t\t$newClass.Properties.Add($pr.Name, $value, $pr.Type)\r\n\t\t} else\r\n\t\t{\r\n\t\t\t$newClass.Properties.Add($pr.Name, $pr.Value, $pr.Type)\r\n\t\t}\r\n\t}\r\n}\r\n\r\n$newClass.Put()\r\nSet-WmiInstance -Path \\\\.\\root\\cimv2:Win32_BaseBoard\r\n\r\n\r\n#Creating Win32_ComputerSystemProduct fake class\r\n$newClass = New-Object System.Management.ManagementClass(\"root\\cimv2\", [String]::Empty, $null); \r\n$newClass[\"__CLASS\"] = \"Win32_ComputerSystemProduct\";\r\n$newClass.Qualifiers.Add(\"Static\", $true)\r\n\r\n$objWMi = get-wmiobject -computername localhost -Namespace root\\CIMV2 -Query \"Select * from Win32_ComputerSystemProduct\"\r\n\r\nforeach ($obj in $objWmi)\r\n{\r\n\tforeach ($pr in $obj.Properties)\r\n\t{\r\n\t\tif($pr.Name -eq \"Name\")\r\n\t\t{\t\r\n\t\t\t$newClass.Properties.Add($pr.Name, $pr.$value, $pr.Type)\r\n\t\t\t$newClass.Properties[$pr.Name].Qualifiers.Add(\"Key\", $true)\r\n\t\t} elseif($pr.Name -eq \"IdentifyingNumber\")\r\n\t\t{\r\n\t\t\t$value = Get-RandomCharacters -length 6 -characters 'ABCDEFGHKLMNOPRSTUVWXYZ123456789'\r\n\t\t\t$newClass.Properties.Add($pr.Name, $value, $pr.Type)\r\n\t\t} else\r\n\t\t{\r\n\t\t\t$newClass.Properties.Add($pr.Name, $pr.Value, $pr.Type)\r\n\t\t}\r\n\t}\r\n}\r\n\r\n$newClass.Put()\r\nSet-WmiInstance -Path \\\\.\\root\\cimv2:Win32_ComputerSystemProduct\r\n\r\n\r\n\r\n#Creating Win32_LogicalDisk fake class\r\n$newClass = New-Object System.Management.ManagementClass(\"root\\cimv2\", [String]::Empty, $null); \r\n$newClass[\"__CLASS\"] = \"Win32_LogicalDisk\";\r\n$newClass.Qualifiers.Add(\"Static\", $true);\r\n\r\n$objWMi = get-wmiobject -computername localhost -Namespace root\\CIMV2 -Query \"Select * from Win32_LogicalDisk WHERE DriveType = 3\"\r\n\r\nif(-Not ($objWMi -is [array]))\r\n{\r\n\t$objWMi = @($objWMi)\r\n}\r\n\r\nforeach ($pr in $objWmi[0].Properties)\r\n{\r\n\t$newClass.Properties.Add($pr.Name, $pr.Type, $false)\t\r\n\tif($pr.Name -eq \"DeviceID\")\r\n\t{\r\n\t\t$newClass.Properties[$pr.Name].Qualifiers.Add(\"Key\", $true)\r\n\t}\r\n\t$newClass.Properties[$pr.Name].Qualifiers.Add(\"read\", $true)\r\n}\r\n\r\n$newClass.Put()\r\n\r\nforeach ($obj in $objWmi)\r\n{\t\r\n\t$args = @{}\r\n\tforeach ($pr in $obj.Properties)\r\n\t{\t\r\n\t\tif($pr.Name -eq \"Size\")\r\n\t\t{\r\n\t\t\t$args.add($pr.Name, \"223496729601\")\r\n\t\t} else\r\n\t\t{\r\n\t\t\t$args.add($pr.Name, $pr.Value)\r\n\t\t}\r\n\t}\r\n\t\r\n\tSet-WmiInstance -Path \\\\.\\root\\cimv2:Win32_LogicalDisk -Arguments $args\r\n}\r\n\r\n\r\n#Creating Win32_ComputerSystemProduct fake class\r\n$newClass = New-Object System.Management.ManagementClass(\"root\\cimv2\", [String]::Empty, $null); \r\n$newClass[\"__CLASS\"] = \"Win32_OperatingSystem\";\r\n$newClass.Qualifiers.Add(\"Static\", $true)\r\n\r\n$objWMi = get-wmiobject -computername localhost -Namespace root\\CIMV2 -Query \"Select * from Win32_OperatingSystem\"\r\n\r\n\r\nforeach ($obj in $objWmi)\r\n{\r\n\tforeach ($pr in $obj.Properties)\r\n\t{\r\n\t\tif($pr.Name -eq \"CreationClassName\")\r\n\t\t{\t\r\n\t\t\t$newClass.Properties.Add($pr.Name, $pr.$value, $pr.Type)\r\n\t\t\t$newClass.Properties[$pr.Name].Qualifiers.Add(\"Key\", $true)\r\n\t\t} elseif($pr.Name -eq \"LastBootUpTime\")\r\n\t\t{\r\n\t\t\t$d = [System.Management.ManagementDateTimeConverter]::ToDateTime($pr.Value)\r\n\t\t\t$d = $d.addDays(-10)\r\n\t\t\t$d = [System.Management.ManagementDateTimeConverter]::ToDmtfDateTime($d)\r\n\t\t\t\r\n\t\t\t$newClass.Properties.Add($pr.Name, $d, $pr.Type)\r\n\t\t\t\r\n\t\t} else\r\n\t\t{\r\n\t\t\t$newClass.Properties.Add($pr.Name, $pr.Value, $pr.Type)\r\n\t\t}\r\n\t}\r\n}\r\n\r\n$newClass.Put()\r\nSet-WmiInstance -Path \\\\.\\root\\cimv2:Win32_OperatingSystem\r\n\r\n\r\nfunction Delete() {\r\n    $Invocation = (Get-Variable MyInvocation -Scope 1).Value\r\n    $Path =  $Invocation.MyCommand.Path \r\n    Write-Host $Path\r\n    Remove-Item $Path -force\r\n} \r\n     \r\nDelete \r\n", "ScriptBlockId": "cfc562d2-6e01-46d9-b59d-fd596944d79c", "MessageNumber": "\u0002", "MessageTotal": "\u0002", "Path": "C:\\Program Files (x86)\\Joebox\\unpack\\wmievasions.ps1"}}], "rule_level": "low", "rule_id": "d9b2eb00753c3049fbb4ed4f7d88f29b65a0c50bec45ff4723b95bb637f8f83d", "rule_author": "frack113", "rule_description": "Powershell Remove-Item  with -Path to delete a file or a folder with \"-Recurse\""}], "meaningful_name": "beacon_wlan0.exe", "crowdsourced_ids_stats": {"high": 1, "info": 2, "medium": 0, "low": 0}, "trid": [{"file_type": "Win32 Executable MS Visual C++ (generic)", "probability": 37.8}, 